1693320924.330		39727	17536	2503	2497	17191	15260	74	138	0	200
1693320924.521		15568	11946	137	2250	1235	13996	74	138	0	200
1693320924.715		43465	39005	152	4044	264	42626	74	138	0	200
1693320924.907		17201	14534	73	2309	285	16625	74	138	0	200
1693320925.096		38026	33110	190	4377	349	36932	74	138	0	200
1693320925.284		16173	14010	45	1974	144	15503	74	138	0	200
1693320925.466		8382	5964	84	2181	153	7841	74	138	0	200
1693320925.648		13958	11577	42	2156	183	13447	74	138	0	200
1693320925.827		20682	17850	56	2483	293	19908	74	138	0	200
1693320926.004		12599	10797	46	1616	140	12239	74	138	0	200
1693320926.178		30954	23536	103	7048	267	30229	74	138	0	200
1693320926.349		19205	16641	121	2303	140	18620	74	138	0	200
1693320926.520		13443	11414	75	1814	140	13080	74	138	0	200
1693320926.687		13136	11302	41	1670	123	12798	74	138	0	200
1693320926.853		15528	12724	114	2402	288	14942	74	138	0	200
1693320927.018		20668	18580	92	1877	119	20079	74	138	0	200
1693320927.181		23799	21617	45	1928	209	23334	74	138	0	200
1693320927.341		6841	5225	82	1402	132	6487	74	138	0	200
1693320927.500		17068	11363	142	5314	249	16331	74	138	0	200
1693320927.658		7529	5235	58	2091	145	7159	74	138	0	200
1693320927.812		8401	6347	55	1850	149	8020	74	138	0	200
1693320927.968		47203	40128	214	6472	389	46090	74	138	0	200
1693320928.120		13582	11530	75	1839	138	13212	74	138	0	200
1693320928.271		14287	11928	46	2173	140	13884	74	138	0	200
1693320928.421		19927	16616	110	3004	197	19345	74	138	0	200
1693320928.569		16223	14030	55	1987	151	15585	74	138	0	200
1693320928.716		14200	12141	55	1874	130	13831	74	138	0	200
1693320928.861		38730	33700	102	4596	332	37931	74	138	0	200
1693320929.006		43151	38279	110	4364	398	42286	74	138	0	200
1693320929.150		13940	11527	84	2176	153	13530	74	138	0	200
1693320929.292		13619	11759	40	1694	126	13253	74	138	0	200
1693320929.433		14450	12372	67	1880	131	14098	74	138	0	200
1693320929.572		15201	13117	43	1907	134	14860	74	138	0	200
1693320929.710		39344	34328	88	4583	345	38538	74	138	0	200
1693320929.849		12834	10853	43	1822	116	12492	74	138	0	200
1693320929.984		19165	15473	243	3178	271	18416	74	138	0	200
1693320930.120		14152	12043	42	1919	148	13812	74	138	0	200
1693320930.254		21106	18176	89	2658	183	20679	74	138	0	200
1693320930.388		13376	11369	45	1822	140	13044	74	138	0	200
1693320930.519		38371	34658	118	3333	262	37597	74	138	0	200
1693320930.652		18742	16361	67	2157	157	18170	74	138	0	200
1693320930.782		34132	29280	112	4381	359	33309	74	138	0	200
1693320930.912		17292	14731	63	2318	180	16727	74	138	0	200
1693320931.040		25271	17341	106	7457	367	24569	74	138	0	200
1693320931.167		13347	11446	85	1685	131	12861	74	138	0	200
1693320931.295		14903	12323	55	2355	170	14492	74	138	0	200
1693320931.421		24054	20570	142	3105	237	23358	74	138	0	200
1693320931.545		13859	11864	71	1774	150	13411	74	138	0	200
1693320931.671		17419	15161	106	1988	164	16869	74	138	0	200
1693320931.795		29244	24868	84	3977	315	28567	74	138	0	200
1693320931.917		21930	18131	112	3463	224	21334	74	138	0	200
1693320932.039		38744	32692	120	5776	156	38102	74	138	0	200
1693320932.161		14019	11804	71	1994	150	13570	74	138	0	200
1693320932.281		22543	17865	100	4376	202	21887	74	138	0	200
1693320932.400		19946	16873	95	2724	254	19324	74	138	0	200
1693320932.520		41038	34619	190	5876	353	40115	74	138	0	200
1693320932.639		14118	12272	38	1657	151	13810	74	138	0	200
1693320932.756		15470	12691	52	2574	153	15139	74	138	0	200
1693320932.873		13377	11090	76	2102	109	13021	74	138	0	200
1693320932.990		38568	33689	220	4255	404	37587	74	138	0	200
1693320933.106		13099	10967	49	1910	173	12660	74	138	0	200
1693320933.221		13537	11524	48	1850	115	13240	74	138	0	200
1693320933.336		15903	13869	54	1839	141	15558	74	138	0	200
1693320933.450		18264	15514	61	2531	158	17799	74	138	0	200
1693320933.563		41850	38250	116	3235	249	41186	74	138	0	200
1693320933.675		12956	11147	41	1644	124	12642	74	138	0	200
1693320933.788		14079	12128	83	1740	128	13718	74	138	0	200
1693320933.898		13950	11501	148	2152	149	13510	74	138	0	200
1693320934.010		20382	16614	74	3455	239	19807	74	138	0	200
1693320934.121		13732	11843	89	1658	142	13330	74	138	0	200
1693320934.229		14429	12142	69	2043	175	14016	74	138	0	200
1693320934.340		14435	12190	63	2036	146	14058	74	138	0	200
1693320934.448		14319	12000	83	2111	125	13949	74	138	0	200
1693320934.557		18280	15063	92	2931	194	17808	74	138	0	200
1693320934.663		13778	11655	89	1893	141	13404	74	138	0	200
1693320934.770		15084	12293	43	2545	203	14726	74	138	0	200
1693320934.877		13529	11563	95	1744	127	13140	74	138	0	200
1693320934.983		14105	11717	85	2141	162	13703	74	138	0	200
1693320935.090		16278	13253	82	2747	196	15755	74	138	0	200
1693320935.195		13838	11803	63	1827	145	13423	74	138	0	200
1693320935.299		19199	16262	86	2658	193	18640	74	138	0	200
1693320935.403		12482	10873	41	1452	116	12198	74	138	0	200
1693320935.508		15445	13457	106	1779	103	15058	74	138	0	200
1693320935.611		13770	11943	69	1628	130	13370	74	138	0	200
1693320935.713		6642	4708	70	1735	129	6297	74	138	0	200
1693320935.816		7898	5773	114	1882	129	7490	74	138	0	200
1693320935.918		6835	4952	53	1693	137	6509	74	138	0	200
1693320936.020		7574	5203	50	2124	197	7172	74	138	0	200
1693320936.122		7406	5830	40	1362	174	7044	74	138	0	200
1693320936.220		6999	5145	98	1623	133	6599	74	138	0	200
1693320936.322		12449	10639	31	1650	129	12149	74	138	0	200
1693320936.421		13499	11741	55	1572	131	13166	74	138	0	200
1693320936.521		14973	12171	119	2539	144	14571	74	138	0	200
1693320936.620		12902	10886	122	1734	160	12495	74	138	0	200
1693320936.718		12783	10934	43	1670	136	12461	74	138	0	200
1693320936.816		13345	11617	55	1551	122	13007	74	138	0	200
1693320936.913		13451	10889	54	2370	138	13101	74	138	0	200
1693320937.011		16525	14535	63	1786	141	16179	74	138	0	200
1693320937.109		21586	13855	69	7389	273	21058	74	138	0	200
1693320937.205		12555	10684	69	1674	128	12206	74	138	0	200
1693320937.300		13131	11052	47	1920	112	12793	74	138	0	200
1693320937.397		13942	11645	68	2083	146	13563	74	138	0	200
1693320937.492		13122	11082	50	1858	132	12776	74	138	0	200
1693320937.588		12886	11050	36	1629	171	12535	74	138	0	200
1693320937.683		13477	11478	47	1777	175	13097	74	138	0	200
1693320937.776		12933	11105	53	1649	126	12597	74	138	0	200
1693320937.871		12341	10564	65	1538	174	11947	74	138	0	200
1693320937.964		6985	5179	55	1604	147	6638	74	138	0	200
1693320938.059		8474	5585	45	2652	192	8077	74	138	0	200
1693320938.152		6982	4876	69	1866	171	6604	74	138	0	200
1693320938.244		7063	4987	43	1898	135	6698	74	138	0	200
1693320938.337		8130	5166	76	2728	160	7737	74	138	0	200
1693320938.429		8560	6304	74	1995	187	8100	74	138	0	200
1693320938.521		10927	7614	108	2954	251	10330	74	138	0	200
1693320938.612		13646	11461	49	1997	139	13282	74	138	0	200
1693320938.703		13498	11561	42	1766	129	13171	74	138	0	200
1693320938.794		14371	12021	49	2149	152	14013	74	138	0	200
1693320938.885		14551	12351	39	2007	154	14204	74	138	0	200
1693320938.975		15678	10773	44	4600	261	15192	74	138	0	200
1693320939.065		16994	13645	51	3155	143	16600	74	138	0	200
1693320939.154		13588	11235	46	2148	159	13223	74	138	0	200
1693320939.244		12932	11033	54	1699	146	12583	74	138	0	200
1693320939.332		14527	11864	100	2392	171	14026	74	138	0	200
1693320939.421		12527	10715	44	1629	139	12173	74	138	0	200
1693320939.510		15824	12338	77	3215	194	15389	74	138	0	200
1693320939.598		17041	13304	98	3084	555	16181	74	138	0	200
1693320939.685		14053	11718	48	2151	136	13742	74	138	0	200
1693320939.772		14462	12057	46	2221	138	14113	74	138	0	200
1693320939.860		18855	16893	84	1725	153	18451	74	138	0	200
1693320939.947		17535	15200	51	2110	174	17162	74	138	0	200
1693320940.033		14271	12098	64	1940	169	13839	74	138	0	200
1693320940.121		15655	11600	55	3618	382	14889	74	138	0	200
1693320940.206		13105	11196	37	1742	130	12774	74	138	0	200
1693320940.293		12774	10963	132	1518	161	12336	74	138	0	200
1693320940.379		13527	11460	38	1886	143	13199	74	138	0	200
1693320940.464		18365	14933	57	3173	202	17894	74	138	0	200
1693320940.548		17415	15284	121	1856	154	16938	74	138	0	200
1693320940.633		17431	15241	47	1952	191	16997	74	138	0	200
1693320940.719		13028	11203	58	1619	148	12674	74	138	0	200
1693320940.802		13374	11468	83	1691	132	13018	74	138	0	200
1693320940.887		11883	10120	87	1553	123	11506	74	138	0	200
1693320940.970		13301	11131	44	1967	159	12949	74	138	0	200
1693320941.055		13079	11229	65	1641	144	12705	74	138	0	200
1693320941.137		15144	12367	58	2565	154	14359	74	138	0	200
1693320941.221		14190	11769	52	2223	146	13734	74	138	0	200
1693320941.304		14377	12368	67	1807	135	14027	74	138	0	200
1693320941.386		13145	11242	41	1712	150	12790	74	138	0	200
1693320941.469		13820	11457	60	2167	136	13508	74	138	0	200
1693320941.552		13981	11803	44	1998	136	13637	74	138	0	200
1693320941.633		14465	12183	45	2000	237	14010	74	138	0	200
1693320941.715		14929	12305	70	2437	117	14529	74	138	0	200
1693320941.797		13205	11219	64	1791	131	12858	74	138	0	200
1693320941.878		17496	15113	94	2087	202	17029	74	138	0	200
1693320941.958		14125	11601	68	2337	119	13644	74	138	0	200
1693320942.040		14889	12445	68	2226	150	14498	74	138	0	200
1693320942.121		15854	12517	99	2608	630	14930	74	138	0	200
1693320942.201		12559	10723	50	1670	116	12241	74	138	0	200
1693320942.280		13488	11546	66	1724	152	13119	74	138	0	200
1693320942.360		13614	11472	111	1913	118	13219	74	138	0	200
1693320942.441		13635	11809	38	1653	135	13313	74	138	0	200
1693320942.520		12839	11042	52	1628	117	12500	74	138	0	200
1693320942.599		16995	14764	72	2019	140	16620	74	138	0	200
1693320942.679		13169	11412	42	1595	120	12864	74	138	0	200
1693320942.757		13749	11812	40	1780	117	13427	74	138	0	200
1693320942.837		14788	12548	36	2066	138	14459	74	138	0	200
1693320942.915		14436	12145	47	2123	121	14106	74	138	0	200
1693320942.994		13334	11478	70	1680	106	13014	74	138	0	200
1693320943.072		6713	4923	44	1624	122	6387	74	138	0	200
1693320943.150		16906	13888	56	2805	157	16550	74	138	0	200
1693320943.228		13933	11550	39	2205	139	13618	74	138	0	200
1693320943.305		13062	11138	97	1707	120	12675	74	138	0	200
1693320943.382		12760	10771	57	1800	132	12424	74	138	0	200
1693320943.460		13172	10809	49	2219	95	12857	74	138	0	200
1693320943.537		19647	11030	45	8463	109	19339	74	138	0	200
1693320943.614		13424	11588	47	1652	137	13096	74	138	0	200
1693320943.690		12988	10984	91	1783	130	12646	74	138	0	200
1693320943.767		12774	11049	42	1581	102	12480	74	138	0	200
1693320943.843		12567	10688	37	1730	112	12246	74	138	0	200
1693320943.918		6901	5053	67	1678	103	6541	74	138	0	200
1693320943.994		15266	12972	95	2071	128	14875	74	138	0	200
1693320944.071		17911	13029	71	4253	558	17151	74	138	0	200
1693320944.145		12933	11014	37	1756	126	12593	74	138	0	200
1693320944.221		13665	11697	83	1753	132	13317	74	138	0	200
1693320944.295		14196	11651	56	2331	158	13829	74	138	0	200
1693320944.371		15078	13210	63	1674	131	14721	74	138	0	200
1693320944.446		12692	11050	56	1485	101	12388	74	138	0	200
1693320944.521		12678	10789	74	1650	165	12314	74	138	0	200
1693320944.594		14055	12361	59	1499	136	13710	74	138	0	200
1693320944.669		12505	10635	43	1715	112	12209	74	138	0	200
1693320944.743		17338	13048	78	4084	128	17010	74	138	0	200
1693320944.818		14600	12676	73	1729	122	14258	74	138	0	200
1693320944.891		13399	11401	66	1823	109	13080	74	138	0	200
1693320944.965		14077	11765	35	2035	242	13640	74	138	0	200
1693320945.038		17172	14732	74	2205	161	16745	74	138	0	200
1693320945.111		14896	12708	68	1968	152	14537	74	138	0	200
1693320945.185		13175	11566	80	1389	140	12834	74	138	0	200
1693320945.258		14212	11900	50	2109	153	13864	74	138	0	200
1693320945.331		12543	10714	42	1664	123	12253	74	138	0	200
1693320945.402		13923	11829	67	1887	140	13565	74	138	0	200
1693320945.475		13801	11204	46	2371	180	13406	74	138	0	200
1693320945.548		12712	10750	56	1770	136	12369	74	138	0	200
1693320945.620		13865	11377	72	2246	170	13482	74	138	0	200
1693320945.692		13390	11229	87	1901	173	12962	74	138	0	200
1693320945.765		12699	10874	42	1698	85	12433	74	138	0	200
1693320945.836		12783	11079	39	1518	147	12459	74	138	0	200
1693320945.907		13818	11627	44	2008	139	13494	74	138	0	200
1693320945.979		13482	11434	62	1856	130	13148	74	138	0	200
1693320946.049		14425	12778	54	1463	130	13931	74	138	0	200
1693320946.121		7196	4903	58	2098	137	6823	74	138	0	200
1693320946.192		7276	5227	42	1871	136	6952	74	138	0	200
1693320946.263		8461	5910	42	2111	398	7831	74	138	0	200
1693320946.333		7514	5703	115	1550	146	7072	74	138	0	200
1693320946.404		6503	4702	33	1611	157	6165	74	138	0	200
1693320946.474		6770	4947	62	1635	126	6427	74	138	0	200
1693320946.543		6032	4579	39	1276	138	5694	74	138	0	200
1693320946.613		6722	4856	48	1695	123	6392	74	138	0	200
1693320946.684		7952	5552	45	2198	157	7572	74	138	0	200
1693320946.753		8335	6425	48	1721	141	7994	74	138	0	200
1693320946.823		8555	5148	207	3029	171	7988	74	138	0	200
1693320946.893		13064	11080	76	1734	174	12650	74	138	0	200
1693320946.963		13667	11297	36	2201	133	13331	74	138	0	200
1693320947.032		13030	11148	70	1681	131	12682	74	138	0	200
1693320947.100		14072	12144	85	1708	135	13686	74	138	0	200
1693320947.170		13455	11548	79	1711	117	13063	74	138	0	200
1693320947.246		14751	13185	105	1355	106	14134	74	138	0	200
1693320947.307		15261	12081	77	2794	309	14677	74	138	0	200
1693320947.375		17945	12219	153	5028	545	17032	74	138	0	200
1693320947.444		13951	12005	77	1745	124	13543	74	138	0	200
1693320947.511		16419	11299	54	4472	594	15581	74	138	0	200
1693320947.580		14088	10793	35	3116	144	13737	74	138	0	200
1693320947.649		13049	11105	84	1754	106	12702	74	138	0	200
1693320947.715		13330	10185	104	2862	179	12850	74	138	0	200
1693320947.784		13740	11968	75	1512	185	13269	74	138	0	200
1693320947.852		12874	10877	47	1813	137	12522	74	138	0	200
1693320947.919		13255	11107	67	1920	161	12850	74	138	0	200
1693320947.987		13544	11685	44	1645	170	13173	74	138	0	200
1693320948.053		7649	5518	100	1918	113	7268	74	138	0	200
1693320948.254		17286	15651	52	1394	189	16878	74	138	0	200
1693320948.121		151153	143867	48	7101	137	150795	74	138	0	200
1693320948.188		83715	82155	70	1412	78	83362	74	138	0	200
1693320948.322		8196	5856	33	2174	133	7871	74	138	0	200
1693320948.387		7662	5110	34	2383	135	7327	74	138	0	200
1693320948.454		7207	5388	88	1611	120	6811	74	138	0	200
1693320948.520		8373	5501	50	2628	194	7962	74	138	0	200
1693320948.586		7355	5205	43	1963	144	6975	74	138	0	200
1693320948.653		8121	5953	50	1970	148	7767	74	138	0	200
1693320948.719		7732	5950	81	1571	130	7369	74	138	0	200
1693320948.784		7384	5434	67	1750	133	7066	74	138	0	200
1693320948.850		6520	4788	66	1555	111	6199	74	138	0	200
1693320948.916		7060	4860	42	2009	149	6714	74	138	0	200
1693320948.982		6931	5171	42	1595	123	6637	74	138	0	200
1693320949.048		7842	5494	35	2192	121	7535	74	138	0	200
1693320949.113		6901	5028	86	1658	129	6496	74	138	0	200
1693320949.177		53556	51561	57	1823	115	53211	74	138	0	200
1693320949.242		6379	4471	45	1683	180	6000	74	138	0	200
1693320949.308		7940	5916	61	1790	173	7553	74	138	0	200
1693320949.372		6552	4836	58	1524	134	6201	74	138	0	200
1693320949.438		6586	4803	72	1597	114	6249	74	138	0	200
1693320949.501		6509	4766	82	1521	140	6109	74	138	0	200
1693320949.566		6782	4859	43	1737	143	6371	74	138	0	200
1693320949.630		13115	11159	65	1763	128	12784	74	138	0	200
1693320949.695		16042	12746	118	2991	187	15516	74	138	0	200
1693320949.759		12552	10905	59	1450	138	12209	74	138	0	200
1693320949.823		14379	12125	40	2080	134	14060	74	138	0	200
1693320949.887		11726	10076	38	1474	138	11410	74	138	0	200
1693320949.951		13159	11160	78	1771	150	12755	74	138	0	200
1693320950.015		13764	11561	58	2011	134	13423	74	138	0	200
1693320950.079		14084	11488	68	2354	174	13656	74	138	0	200
1693320950.141		97835	95846	36	1826	127	97514	74	138	0	200
1693320950.206		33537	31083	52	1938	464	32863	74	138	0	200
1693320950.268		7098	5003	73	1874	148	6736	74	138	0	200
1693320950.332		7586	4535	53	2833	165	7203	74	138	0	200
1693320950.395		6183	4503	63	1508	109	5850	74	138	0	200
1693320950.458		6745	5005	42	1530	168	6382	74	138	0	200
1693320950.521		6517	4710	46	1634	127	6156	74	138	0	200
1693320950.584		8208	5802	54	2249	103	7864	74	138	0	200
1693320950.646		7269	5257	63	1772	177	6880	74	138	0	200
1693320950.708		7272	5154	52	1930	136	6877	74	138	0	200
1693320950.770		13163	11300	66	1677	120	12821	74	138	0	200
1693320950.834		12815	10971	51	1664	129	12490	74	138	0	200
1693320950.896		13981	11776	42	2016	147	13622	74	138	0	200
1693320950.958		13058	11298	97	1533	130	12688	74	138	0	200
1693320951.020		13448	11447	56	1799	146	13129	74	138	0	200
1693320951.082		14015	11850	105	1932	128	13607	74	138	0	200
1693320951.144		86188	83925	68	2070	125	85823	74	138	0	200
1693320951.206		25323	22248	23	2168	884	24275	74	138	0	200
1693320951.268		6720	4347	50	2205	118	6380	74	138	0	200
1693320951.330		9239	6153	36	2860	190	8770	74	138	0	200
1693320951.391		6423	4775	60	1453	135	5902	74	138	0	200
1693320951.452		5872	4348	45	1349	130	5525	74	138	0	200
1693320951.513		13803	11391	57	2229	126	13483	74	138	0	200
1693320951.574		19106	11976	62	6900	168	18708	74	138	0	200
1693320951.636		12950	10953	42	1808	147	12567	74	138	0	200
1693320951.697		14331	12299	96	1805	131	13959	74	138	0	200
1693320951.757		13075	11388	38	1508	141	12794	74	138	0	200
1693320951.817		13605	11991	34	1449	131	13305	74	138	0	200
1693320951.878		13650	11898	45	1599	108	13327	74	138	0	200
1693320951.939		13362	11652	32	1530	148	13065	74	138	0	200
1693320952.000		13559	11757	48	1593	161	13190	74	138	0	200
1693320952.061		11065	9301	64	1579	121	10730	74	138	0	200
1693320952.120		14656	12094	85	2332	145	14235	74	138	0	200
1693320952.181		12388	10182	45	1995	166	11962	74	138	0	200
1693320952.240		12703	10962	41	1615	85	12450	74	138	0	200
1693320952.301		13707	11893	59	1608	147	13332	74	138	0	200
1693320952.360		13004	10843	96	1943	122	12580	74	138	0	200
1693320952.421		12567	11034	54	1377	102	12289	74	138	0	200
1693320952.481		12744	11091	61	1465	127	12432	74	138	0	200
1693320952.540		13359	11483	51	1668	157	13017	74	138	0	200
1693320952.601		15041	12910	40	1980	111	14650	74	138	0	200
1693320952.660		15578	12876	64	2445	193	15153	74	138	0	200
1693320952.719		13390	11624	56	1597	113	13042	74	138	0	200
1693320952.778		13188	11349	76	1646	117	12861	74	138	0	200
1693320952.838		14583	12208	78	2151	146	14206	74	138	0	200
1693320952.897		13387	11569	43	1645	130	13055	74	138	0	200
1693320952.955		13249	11412	45	1673	119	12954	74	138	0	200
1693320953.015		13415	10809	59	2412	135	13069	74	138	0	200
1693320953.074		12759	10918	53	1645	143	12421	74	138	0	200
1693320953.133		12978	11159	37	1660	122	12657	74	138	0	200
1693320953.192		12305	10318	51	1792	144	11986	74	138	0	200
1693320953.250		13235	11212	42	1858	123	12969	74	138	0	200
1693320953.308		13087	11293	62	1612	120	12768	74	138	0	200
1693320953.368		13383	10888	65	2242	188	13003	74	138	0	200
1693320953.426		13369	11796	44	1401	128	13039	74	138	0	200
1693320953.485		12668	10861	40	1646	121	12365	74	138	0	200
1693320953.543		13270	11344	55	1701	170	12881	74	138	0	200
1693320953.600		14204	10866	44	3160	134	13862	74	138	0	200
1693320953.659		12761	10898	47	1693	123	12431	74	138	0	200
1693320953.716		13815	11694	59	1886	176	13440	74	138	0	200
1693320953.774		17723	15363	74	2162	124	17395	74	138	0	200
1693320953.833		14222	12281	52	1779	110	13892	74	138	0	200
1693320953.890		13051	11199	47	1677	128	12727	74	138	0	200
1693320953.948		12860	11088	78	1566	128	12482	74	138	0	200
1693320954.006		13005	11334	58	1491	122	12704	74	138	0	200
1693320954.064		14309	12396	69	1653	191	13920	74	138	0	200
1693320954.121		12722	10972	83	1540	127	12385	74	138	0	200
1693320954.178		14161	12316	64	1671	110	13856	74	138	0	200
1693320954.236		15015	12888	38	1952	137	14692	74	138	0	200
1693320954.293		12506	10845	46	1492	123	12193	74	138	0	200
1693320954.349		13406	11646	45	1591	124	13110	74	138	0	200
1693320954.407		13539	11583	129	1678	149	13104	74	138	0	200
1693320954.464		13222	11341	59	1696	126	12874	74	138	0	200
1693320954.521		13239	11263	53	1776	147	12903	74	138	0	200
1693320954.578		14402	12573	34	1663	132	14120	74	138	0	200
1693320954.635		13950	12369	35	1416	130	13659	74	138	0	200
1693320954.691		12047	10335	71	1523	118	11696	74	138	0	200
1693320954.748		12734	10838	39	1717	140	12465	74	138	0	200
1693320954.804		13097	11346	59	1545	147	12748	74	138	0	200
1693320954.861		13208	11052	77	1979	100	12893	74	138	0	200
1693320954.916		12788	10742	41	1862	143	12427	74	138	0	200
1693320954.973		12972	11131	45	1657	139	12606	74	138	0	200
1693320955.030		12378	10545	56	1641	136	12053	74	138	0	200
1693320955.086		13657	11878	86	1540	153	13274	74	138	0	200
1693320955.142		12548	10838	40	1528	142	12233	74	138	0	200
1693320955.198		12489	10875	55	1445	114	12201	74	138	0	200
1693320955.253		11932	9789	82	1939	122	11630	74	138	0	200
1693320955.310		13619	11767	125	1589	138	13212	74	138	0	200
1693320955.365		13374	11357	58	1825	134	13061	74	138	0	200
1693320955.420		14714	12245	38	2260	171	14351	74	138	0	200
1693320955.477		14510	11889	34	2468	119	14232	74	138	0	200
1693320955.533		13269	11296	43	1794	136	12955	74	138	0	200
1693320955.588		14016	12284	64	1543	125	13674	74	138	0	200
1693320955.644		13349	11665	40	1509	135	13013	74	138	0	200
1693320955.699		13396	11547	38	1699	112	13096	74	138	0	200
1693320955.754		13586	11624	52	1781	129	13271	74	138	0	200
1693320955.809		13859	11459	76	2171	153	13504	74	138	0	200
1693320955.864		16139	11101	34	4842	162	15790	74	138	0	200
1693320955.920		12633	10937	66	1502	128	12298	74	138	0	200
1693320955.974		14071	12349	91	1510	121	13686	74	138	0	200
1693320956.030		12589	10629	35	1807	118	12308	74	138	0	200
1693320956.084		11084	9476	88	1391	129	10694	74	138	0	200
1693320956.138		12548	10819	33	1585	111	12281	74	138	0	200
1693320956.194		11882	10330	39	1419	94	11627	74	138	0	200
1693320956.249		12906	11256	73	1426	151	12551	74	138	0	200
1693320956.302		13024	11181	42	1631	170	12642	74	138	0	200
1693320956.358		13505	11992	80	1319	114	13175	74	138	0	200
1693320956.412		12436	10603	70	1599	164	12037	74	138	0	200
1693320956.466		12904	11194	44	1505	161	12547	74	138	0	200
1693320956.521		6948	5292	129	1416	111	6502	74	138	0	200
1693320956.575		12397	10514	36	1649	198	12020	74	138	0	200
1693320956.630		12941	11133	62	1633	113	12608	74	138	0	200
1693320956.684		13974	11972	46	1821	135	13624	74	138	0	200
1693320956.738		13931	11745	33	1984	169	13599	74	138	0	200
1693320956.792		13103	10670	69	2233	131	12697	74	138	0	200
1693320956.845		12894	11176	112	1489	117	12524	74	138	0	200
1693320956.900		12894	10981	175	1605	133	12406	74	138	0	200
1693320956.952		6646	4894	82	1516	154	6266	74	138	0	200
1693320957.007		7731	5546	61	1981	143	7379	74	138	0	200
1693320957.061		7057	5085	53	1716	203	6641	74	138	0	200
1693320957.113		6802	5026	106	1527	143	6369	74	138	0	200
1693320957.168		6447	4762	40	1516	129	6108	74	138	0	200
1693320957.220		6735	5275	43	1285	132	6426	74	138	0	200
1693320957.275		6839	5248	88	1340	163	6425	74	138	0	200
1693320957.328		6778	4789	38	1832	119	6425	74	138	0	200
1693320957.381		6663	4907	109	1519	128	6300	74	138	0	200
1693320957.435		6446	4713	54	1563	116	6090	74	138	0	200
1693320957.488		12899	11218	46	1543	92	12611	74	138	0	200
1693320957.541		13089	11230	64	1650	145	12720	74	138	0	200
1693320957.593		13274	11599	52	1474	149	12914	74	138	0	200
1693320957.647		12934	11331	39	1448	116	12652	74	138	0	200
1693320957.700		13140	11252	55	1668	165	12772	74	138	0	200
1693320957.753		13785	11747	62	1814	162	13410	74	138	0	200
1693320957.806		14125	11727	58	2207	133	13807	74	138	0	200
1693320957.857		14033	12013	71	1803	146	13675	74	138	0	200
1693320957.910		7524	5550	40	1735	199	7090	74	138	0	200
1693320957.964		6667	4922	40	1591	114	6370	74	138	0	200
1693320958.016		10278	8624	56	1451	147	9949	74	138	0	200
1693320958.068		12569	10731	44	1643	151	12205	74	138	0	200
1693320958.121		6543	4885	51	1488	119	6221	74	138	0	200
1693320958.172		6703	5171	71	1339	122	6367	74	138	0	200
1693320958.226		13800	11739	72	1857	132	13446	74	138	0	200
1693320958.277		12915	11068	75	1653	119	12549	74	138	0	200
1693320958.329		12654	10847	52	1612	143	12273	74	138	0	200
1693320958.382		6599	4775	60	1612	152	6215	74	138	0	200
1693320958.434		12976	11295	47	1511	123	12648	74	138	0	200
1693320958.486		13089	11374	76	1503	136	12732	74	138	0	200
1693320958.538		6969	5306	68	1475	120	6583	74	138	0	200
1693320958.590		13458	11604	40	1696	118	13125	74	138	0	200
1693320958.641		6816	5042	46	1595	133	6485	74	138	0	200
1693320958.694		13604	11634	76	1742	152	13198	74	138	0	200
1693320958.745		7193	5227	39	1798	129	6876	74	138	0	200
1693320958.797		12879	11209	71	1455	144	12466	74	138	0	200
1693320958.848		14356	12402	42	1779	133	14016	74	138	0	200
1693320958.900		7203	5487	56	1541	119	6869	74	138	0	200
1693320958.952		12935	11134	66	1587	148	12571	74	138	0	200
1693320959.002		13473	11481	88	1785	119	13110	74	138	0	200
1693320959.054		10949	9174	45	1599	131	10608	74	138	0	200
1693320959.106		14000	11752	51	2044	153	13648	74	138	0	200
1693320959.156		6466	4900	70	1366	130	6115	74	138	0	200
1693320959.209		6442	4467	53	1818	104	6141	74	138	0	200
1693320959.260		15154	13182	40	1788	144	14830	74	138	0	200
1693320959.311		12790	11072	43	1553	122	12480	74	138	0	200
1693320959.362		8189	6325	90	1646	128	7766	74	138	0	200
1693320959.413		7260	5095	60	1951	154	6889	74	138	0	200
1693320959.464		6426	4823	85	1372	146	6049	74	138	0	200
1693320959.515		6871	5246	46	1451	128	6565	74	138	0	200
1693320959.565		8261	6300	75	1763	123	7889	74	138	0	200
1693320959.616		7475	5571	79	1663	162	7071	74	138	0	200
1693320959.667		6790	4777	42	1842	129	6466	74	138	0	200
1693320959.718		8394	6169	38	2051	136	8053	74	138	0	200
1693320959.767		6387	4782	40	1431	134	6083	74	138	0	200
1693320959.819		6898	5238	40	1473	147	6563	74	138	0	200
1693320959.869		6321	4602	92	1501	126	5984	74	138	0	200
1693320959.919		6357	4827	47	1379	104	5920	74	138	0	200
1693320959.969		5610	3989	60	1472	89	5245	74	138	0	200
1693320960.020		6887	4652	58	2052	125	6538	74	138	0	200
1693320960.071		6288	4391	132	1660	105	5925	74	138	0	200
1693320960.120		7104	5439	53	1462	150	6734	74	138	0	200
1693320960.170		6268	4507	117	1513	131	5894	74	138	0	200
1693320960.220		6413	4687	47	1572	107	6074	74	138	0	200
1693320960.271		12848	11147	122	1462	117	12416	74	138	0	200
1693320960.321		13323	11597	36	1561	129	13038	74	138	0	200
1693320960.371		12448	10525	45	1752	126	12182	74	138	0	200
1693320960.420		9572	8118	31	1335	88	9387	74	138	0	200
1693320960.471		13066	11191	47	1684	144	12633	74	138	0	200
1693320960.521		10642	8992	40	1491	119	10399	74	138	0	200
1693320960.570		13859	12432	40	1260	127	13464	74	138	0	200
1693320960.621		12554	10631	38	1721	164	12189	74	138	0	200
1693320960.670		13200	11281	36	1739	144	12876	74	138	0	200
1693320960.720		12736	11069	84	1467	116	12403	74	138	0	200
1693320960.769		12593	10932	59	1475	127	12258	74	138	0	200
1693320960.819		12910	11144	38	1590	138	12581	74	138	0	200
1693320960.868		13480	11661	56	1636	127	13160	74	138	0	200
1693320960.918		13552	11942	49	1424	137	13251	74	138	0	200
1693320960.966		10528	9006	34	1374	114	10290	74	138	0	200
1693320961.016		13114	11462	62	1479	111	12863	74	138	0	200
1693320961.066		13043	11245	35	1636	127	12761	74	138	0	200
1693320961.114		12504	10857	50	1457	140	12190	74	138	0	200
1693320961.164		12710	11119	38	1451	102	12458	74	138	0	200
1693320961.213		13191	11479	36	1543	133	12923	74	138	0	200
1693320961.261		12216	10709	51	1350	106	11942	74	138	0	200
1693320961.310		12269	10230	34	1887	118	12008	74	138	0	200
1693320961.360		13331	11297	36	1865	133	13034	74	138	0	200
1693320961.408		13686	12006	62	1495	123	13201	74	138	0	200
1693320961.458		12716	11034	33	1522	127	12399	74	138	0	200
1693320961.507		13332	11333	61	1815	123	13019	74	138	0	200
1693320961.556		12444	10883	46	1411	104	12164	74	138	0	200
1693320961.604		12596	11084	57	1370	85	12303	74	138	0	200
1693320961.652		14284	12077	33	2028	146	13852	74	138	0	200
1693320961.701		13280	11499	41	1613	127	12950	74	138	0	200
1693320961.750		12580	10787	49	1596	148	12239	74	138	0	200
1693320961.799		11747	10084	52	1500	111	11492	74	138	0	200
1693320961.847		12599	10793	51	1639	116	12275	74	138	0	200
1693320961.896		10917	9295	31	1487	104	10653	74	138	0	200
1693320961.944		11952	10227	30	1532	163	11642	74	138	0	200
1693320961.992		11887	10327	45	1407	108	11626	74	138	0	200
1693320962.040		13097	10558	47	2389	103	12825	74	138	0	200
1693320962.089		12575	10327	40	2076	132	12272	74	138	0	200
1693320962.137		12779	11046	40	1561	132	12458	74	138	0	200
1693320962.185		10707	8868	25	1740	74	10528	74	138	0	200
1693320962.233		10526	8754	77	1562	133	10220	74	138	0	200
1693320962.281		12522	10852	42	1513	115	12232	74	138	0	200
1693320962.329		12492	10874	34	1466	118	12225	74	138	0	200
1693320962.377		13785	12140	37	1453	155	13460	74	138	0	200
1693320962.425		13956	12368	37	1431	120	13640	74	138	0	200
1693320962.473		14196	12634	36	1418	108	13940	74	138	0	200
1693320962.521		11891	10294	65	1411	121	11610	74	138	0	200
1693320962.569		12878	11346	48	1369	115	12607	74	138	0	200
1693320962.617		12271	10742	60	1340	129	11834	74	138	0	200
1693320962.664		13566	11872	38	1514	142	13295	74	138	0	200
1693320962.712		13035	11473	58	1361	143	12622	74	138	0	200
1693320962.760		10707	9118	50	1434	105	10422	74	138	0	200
1693320962.806		11615	9934	81	1479	121	11317	74	138	0	200
1693320962.854		11504	9864	37	1483	120	11213	74	138	0	200
1693320962.901		13329	11695	83	1455	96	13022	74	138	0	200
1693320962.950		12941	10973	42	1810	116	12676	74	138	0	200
1693320962.997		11726	10353	103	1162	108	11407	74	138	0	200
1693320963.044		10952	9742	65	1040	105	10667	74	138	0	200
1693320963.091		12828	11091	36	1554	147	12522	74	138	0	200
1693320963.139		11197	9753	41	1308	95	10942	74	138	0	200
1693320963.186		13100	10908	63	2016	113	12781	74	138	0	200
1693320963.232		13679	11122	49	2349	159	13262	74	138	0	200
1693320963.280		11084	9549	41	1375	119	10779	74	138	0	200
1693320963.326		12687	10807	77	1679	124	12323	74	138	0	200
1693320963.374		12394	10689	81	1483	141	12051	74	138	0	200
1693320963.421		12750	10963	39	1635	113	12417	74	138	0	200
1693320963.467		12996	11302	32	1579	83	12755	74	138	0	200
1693320963.515		11759	10229	44	1372	114	11485	74	138	0	200
1693320963.562		12303	10846	38	1339	80	11971	74	138	0	200
1693320963.609		13239	11684	56	1422	77	12998	74	138	0	200
1693320963.656		12738	11179	44	1383	132	12446	74	138	0	200
1693320963.701		12938	11243	62	1486	147	12590	74	138	0	200
1693320963.749		13365	11692	57	1487	129	13038	74	138	0	200
1693320963.795		12194	10533	41	1505	115	11929	74	138	0	200
1693320963.842		11591	9753	60	1643	135	11302	74	138	0	200
1693320963.889		10522	9297	45	1077	103	10308	74	138	0	200
1693320963.935		11541	9997	35	1404	105	11292	74	138	0	200
1693320963.982		12797	11261	75	1304	157	12436	74	138	0	200
1693320964.027		12163	10679	44	1343	97	11931	74	138	0	200
1693320964.074		11985	10348	51	1425	161	11604	74	138	0	200
1693320964.121		12493	10805	32	1517	139	12188	74	138	0	200
1693320964.167		11942	10451	62	1328	101	11641	74	138	0	200
1693320964.213		12314	10834	56	1327	97	12036	74	138	0	200
1693320964.259		11361	9819	55	1377	110	11077	74	138	0	200
1693320964.306		12400	10650	61	1599	90	12117	74	138	0	200
1693320964.352		12476	11070	42	1242	122	12189	74	138	0	200
1693320964.398		12505	11052	52	1313	88	12150	74	138	0	200
1693320964.444		12025	10452	50	1407	116	11734	74	138	0	200
1693320964.490		12767	11156	57	1434	120	12471	74	138	0	200
1693320964.536		12811	11226	54	1407	124	12497	74	138	0	200
1693320964.581		12273	10595	32	1524	122	12000	74	138	0	200
1693320964.628		14263	10841	67	3205	150	13934	74	138	0	200
1693320964.674		11999	10378	32	1471	118	11722	74	138	0	200
1693320964.719		12226	10739	72	1297	118	11941	74	138	0	200
1693320964.766		11874	10501	60	1198	115	11626	74	138	0	200
1693320964.811		12552	10548	32	1852	120	12259	74	138	0	200
1693320964.856		12229	10645	38	1461	85	12021	74	138	0	200
1693320964.903		12136	10488	64	1450	134	11810	74	138	0	200
1693320964.947		12094	10006	33	1939	116	11867	74	138	0	200
1693320964.994		12124	10450	32	1494	148	11834	74	138	0	200
1693320965.040		11305	9890	68	1217	130	11020	74	138	0	200
1693320965.084		13016	11263	35	1580	138	12728	74	138	0	200
1693320965.130		11314	9722	35	1459	98	11096	74	138	0	200
1693320965.176		10923	9529	34	1260	100	10708	74	138	0	200
1693320965.221		11923	10088	68	1648	119	11635	74	138	0	200
1693320965.267		12079	10389	55	1499	136	11762	74	138	0	200
1693320965.312		12658	10711	80	1732	135	12312	74	138	0	200
1693320965.357		12356	10772	46	1426	112	12090	74	138	0	200
1693320965.402		11727	9989	36	1585	117	11484	74	138	0	200
1693320965.447		12259	10613	51	1457	138	11942	74	138	0	200
1693320965.493		11198	9636	52	1415	95	10977	74	138	0	200
1693320965.538		10120	8656	38	1321	105	9875	74	138	0	200
1693320965.583		10711	8964	67	1545	135	10399	74	138	0	200
1693320965.628		12797	11023	33	1574	167	12465	74	138	0	200
1693320965.672		12426	10815	88	1432	91	12094	74	138	0	200
1693320965.718		12490	10616	58	1619	197	12129	74	138	0	200
1693320965.762		11964	10242	47	1536	139	11652	74	138	0	200
1693320965.808		11466	9948	32	1377	109	11221	74	138	0	200
1693320965.852		11845	10204	38	1477	126	11561	74	138	0	200
1693320965.898		13213	11261	75	1576	301	12649	74	138	0	200
1693320965.942		11917	10157	39	1597	124	11630	74	138	0	200
1693320965.987		12058	10632	36	1238	152	11755	74	138	0	200
1693320966.031		12285	10582	40	1544	119	11976	74	138	0	200
1693320966.076		12955	10680	44	2106	125	12651	74	138	0	200
1693320966.120		18203	10817	34	7219	133	17915	74	138	0	200
1693320966.165		12298	10672	38	1497	91	12029	74	138	0	200
1693320966.210		12385	10636	107	1522	120	12012	74	138	0	200
1693320966.255		12113	10657	38	1270	148	11723	74	138	0	200
1693320966.299		12679	11096	60	1400	123	12312	74	138	0	200
1693320966.344		13114	11366	39	1575	134	12810	74	138	0	200
1693320966.388		12599	11046	37	1401	115	12311	74	138	0	200
1693320966.432		12693	10788	100	1663	142	12307	74	138	0	200
1693320966.477		12217	10780	81	1263	93	11940	74	138	0	200
1693320966.521		9903	8677	28	1116	82	9702	74	138	0	200
1693320966.564		9478	7732	45	1607	94	9265	74	138	0	200
1693320966.610		11173	9193	36	1839	105	10959	74	138	0	200
1693320966.654		12604	10884	63	1515	142	12289	74	138	0	200
1693320966.698		12465	10854	31	1461	119	12155	74	138	0	200
1693320966.742		11233	9803	38	1298	94	10991	74	138	0	200
1693320966.786		11528	9914	74	1406	134	11226	74	138	0	200
1693320966.830		12625	10917	42	1544	122	12338	74	138	0	200
1693320966.874		12192	10660	47	1388	97	11942	74	138	0	200
1693320966.917		11843	10151	38	1498	156	11547	74	138	0	200
1693320966.962		11854	10338	39	1341	136	11550	74	138	0	200
1693320967.006		12036	10444	40	1436	116	11796	74	138	0	200
1693320967.050		12013	10351	28	1530	104	11812	74	138	0	200
1693320967.094		12835	11096	59	1538	142	12484	74	138	0	200
1693320967.138		12725	11092	65	1417	151	12380	74	138	0	200
1693320967.181		6455	4830	62	1427	136	6121	74	138	0	200
1693320967.225		6740	4924	41	1634	141	6380	74	138	0	200
1693320967.269		6756	4977	68	1568	143	6349	74	138	0	200
1693320967.312		6670	4940	54	1521	155	6331	74	138	0	200
1693320967.356		6369	4793	31	1406	139	6075	74	138	0	200
1693320967.400		6410	4732	84	1479	115	6044	74	138	0	200
1693320967.443		6990	5215	137	1498	140	6531	74	138	0	200
1693320967.487		6229	4641	57	1420	111	5896	74	138	0	200
1693320967.529		6111	4442	58	1475	136	5781	74	138	0	200
1693320967.574		6377	4451	50	1747	129	6064	74	138	0	200
1693320967.616		5983	4389	82	1396	116	5642	74	138	0	200
1693320967.660		7027	4618	52	2241	116	6706	74	138	0	200
1693320967.704		6613	5131	41	1312	129	6275	74	138	0	200
1693320967.746		6261	4564	43	1525	129	5940	74	138	0	200
1693320967.790		6438	4849	45	1428	116	6082	74	138	0	200
1693320967.834		12700	10822	65	1692	121	12373	74	138	0	200
1693320967.877		12582	10659	42	1751	130	12274	74	138	0	200
1693320967.919		12352	10659	44	1532	117	12057	74	138	0	200
1693320967.963		12629	11052	45	1420	112	12353	74	138	0	200
1693320968.005		13218	11476	46	1569	127	12941	74	138	0	200
1693320968.049		13361	11655	72	1524	110	13032	74	138	0	200
1693320968.092		12564	10779	60	1577	148	12228	74	138	0	200
1693320968.135		13234	11515	80	1485	154	12873	74	138	0	200
1693320968.177		15941	14166	42	1623	110	15640	74	138	0	200
1693320968.221		5984	4516	60	1278	130	5684	74	138	0	200
1693320968.264		12792	10560	89	1994	149	12422	74	138	0	200
1693320968.306		14322	10895	59	3216	152	13986	74	138	0	200
1693320968.350		13220	11403	69	1614	134	12905	74	138	0	200
1693320968.393		12097	10617	43	1318	119	11802	74	138	0	200
1693320968.436		13524	11807	46	1569	102	13230	74	138	0	200
1693320968.478		13200	11575	46	1452	127	12885	74	138	0	200
1693320968.521		13232	11502	76	1507	147	12887	74	138	0	200
1693320968.564		12854	11253	42	1448	111	12558	74	138	0	200
1693320968.605		12697	11151	89	1338	119	12380	74	138	0	200
1693320968.648		12909	11330	69	1379	131	12572	74	138	0	200
1693320968.691		13003	10894	46	1943	120	12703	74	138	0	200
1693320968.734		13559	11743	36	1491	289	13090	74	138	0	200
1693320968.777		13024	10819	117	1965	123	12639	74	138	0	200
1693320968.818		16694	15197	108	1254	135	16300	74	138	0	200
1693320968.862		13057	11121	80	1692	164	12593	74	138	0	200
1693320968.903		12620	10811	98	1575	136	12235	74	138	0	200
1693320968.947		12657	10737	128	1637	155	12239	74	138	0	200
1693320968.988		12291	10490	41	1612	148	11970	74	138	0	200
1693320969.030		12060	10441	75	1411	133	11735	74	138	0	200
1693320969.074		12282	10668	39	1452	123	11998	74	138	0	200
1693320969.115		12901	11350	70	1357	124	12579	74	138	0	200
1693320969.158		12708	11090	49	1449	120	12413	74	138	0	200
1693320969.200		12827	11228	49	1434	116	12493	74	138	0	200
1693320969.242		12476	10801	136	1411	128	12097	74	138	0	200
1693320969.284		12736	11282	40	1280	134	12437	74	138	0	200
1693320969.327		15118	11147	70	3750	151	14748	74	138	0	200
1693320969.369		13387	11628	59	1563	137	13064	74	138	0	200
1693320969.411		12125	10429	53	1503	140	11796	74	138	0	200
1693320969.453		13724	12110	71	1448	95	13434	74	138	0	200
1693320969.495		14374	12606	32	1614	122	14117	74	138	0	200
1693320969.537		12203	10681	49	1353	120	11903	74	138	0	200
1693320969.579		12770	11200	75	1401	94	12508	74	138	0	200
1693320969.621		12567	10954	53	1444	116	12272	74	138	0	200
1693320969.663		13725	11841	76	1662	146	13332	74	138	0	200
1693320969.703		13253	10832	83	2199	139	12869	74	138	0	200
1693320969.746		12441	10703	56	1536	146	12107	74	138	0	200
1693320969.788		12458	10969	46	1306	137	12128	74	138	0	200
1693320969.830		13072	11067	63	1780	162	12711	74	138	0	200
1693320969.870		12186	10644	63	1368	111	11889	74	138	0	200
1693320969.913		12980	10676	70	2090	144	12604	74	138	0	200
1693320969.955		14648	12671	34	1813	130	14348	74	138	0	200
1693320969.996		12517	10761	42	1569	145	12187	74	138	0	200
1693320970.038		12982	10989	56	1799	138	12628	74	138	0	200
1693320970.079		7456	5699	63	1579	115	7115	74	138	0	200
1693320970.121		6573	4766	88	1579	140	6166	74	138	0	200
1693320970.164		7283	5557	42	1564	120	6951	74	138	0	200
1693320970.204		6593	4844	46	1563	140	6190	74	138	0	200
1693320970.245		6473	4725	41	1557	150	6135	74	138	0	200
1693320970.287		7160	5000	76	1933	151	6772	74	138	0	200
1693320970.328		9544	4957	42	4384	161	9210	74	138	0	200
1693320970.370		6439	4915	42	1335	147	6103	74	138	0	200
1693320970.410		7083	5226	49	1645	163	6701	74	138	0	200
1693320970.452		6825	5090	58	1547	130	6486	74	138	0	200
1693320970.493		7177	4867	50	2122	138	6817	74	138	0	200
1693320970.534		6347	4554	92	1531	170	5918	74	138	0	200
1693320970.575		6621	4874	81	1527	139	6249	74	138	0	200
1693320970.616		6922	4779	91	1902	150	6524	74	138	0	200
1693320970.657		6546	4745	55	1606	140	6185	74	138	0	200
1693320970.700		7468	5608	42	1659	159	7023	74	138	0	200
1693320970.741		6698	5242	93	1232	131	6346	74	138	0	200
1693320970.782		6364	4777	50	1407	130	5963	74	138	0	200
1693320970.823		7536	5321	38	2020	157	7235	74	138	0	200
1693320970.863		6283	4758	42	1345	138	5971	74	138	0	200
1693320970.904		6817	5010	64	1620	123	6451	74	138	0	200
1693320970.946		6329	5040	45	1127	117	6019	74	138	0	200
1693320970.987		6207	4444	42	1524	197	5827	74	138	0	200
1693320971.028		6838	4813	52	1831	142	6477	74	138	0	200
1693320971.068		6211	4533	46	1568	64	5960	74	138	0	200
1693320971.109		5309	3876	37	1273	123	4999	74	138	0	200
1693320971.149		23658	11371	26	12084	177	23302	74	138	0	200
1693320971.191		6558	5094	47	1280	137	5893	74	138	0	200
1693320971.232		6829	4893	41	1735	160	6482	74	138	0	200
1693320971.271		12483	10874	45	1423	141	11979	74	138	0	200
1693320971.313		12168	10647	53	1363	105	11885	74	138	0	200
1693320971.354		12308	10557	31	1557	163	12014	74	138	0	200
1693320971.394		12552	10875	59	1476	142	12237	74	138	0	200
1693320971.434		12004	10511	39	1331	123	11733	74	138	0	200
1693320971.476		13290	11578	25	1537	150	13028	74	138	0	200
1693320971.516		13293	11267	73	1818	135	12904	74	138	0	200
1693320971.556		12929	10926	46	1827	130	12600	74	138	0	200
1693320971.596		12445	10716	47	1540	142	12086	74	138	0	200
1693320971.638		12952	11147	50	1591	164	12545	74	138	0	200
1693320971.678		13149	11247	48	1738	116	12789	74	138	0	200
1693320971.717		9178	7596	36	1372	174	8785	74	138	0	200
1693320971.759		12536	11017	60	1347	112	12203	74	138	0	200
1693320971.799		12117	10515	46	1438	118	11833	74	138	0	200
1693320971.840		15310	11829	74	3260	147	14982	74	138	0	200
1693320971.880		12708	11127	70	1371	140	12366	74	138	0	200
1693320971.919		13335	11004	54	2150	127	13026	74	138	0	200
1693320971.960		13356	11824	38	1390	104	13089	74	138	0	200
1693320972.001		12898	10981	46	1730	141	12488	74	138	0	200
1693320972.041		12667	10978	33	1542	114	12291	74	138	0	200
1693320972.081		12296	10514	56	1557	169	11898	74	138	0	200
1693320972.121		11794	10377	53	1247	117	11471	74	138	0	200
1693320972.161		13000	11210	81	1606	103	12708	74	138	0	200
1693320972.201		12813	10996	63	1576	178	12396	74	138	0	200
1693320972.241		6501	4925	54	1391	131	5899	74	138	0	200
1693320972.281		13498	11686	41	1628	143	13165	74	138	0	200
1693320972.322		14633	10443	39	4015	136	14334	74	138	0	200
1693320972.361		12099	10449	28	1484	138	11800	74	138	0	200
1693320972.400		12429	10660	85	1540	144	12050	74	138	0	200
1693320972.441		13328	11455	49	1667	157	12996	74	138	0	200
1693320972.481		13040	11364	55	1464	157	12674	74	138	0	200
1693320972.521		12038	10556	49	1308	125	11777	74	138	0	200
1693320972.560		12560	10870	48	1514	128	12138	74	138	0	200
1693320972.601		11784	9887	38	1724	135	11432	74	138	0	200
1693320972.641		12956	10971	35	1825	125	12664	74	138	0	200
1693320972.680		13369	11706	43	1492	128	13057	74	138	0	200
1693320972.719		13401	11557	103	1601	140	12986	74	138	0	200
1693320972.760		11897	10481	51	1264	101	11623	74	138	0	200
1693320972.800		11662	10213	57	1240	152	11249	74	138	0	200
1693320972.838		12479	10978	34	1349	118	12197	74	138	0	200
1693320972.878		12412	10725	46	1534	107	12156	74	138	0	200
1693320972.919		12358	10722	40	1469	127	11979	74	138	0	200
1693320972.957		13465	11737	57	1536	135	13048	74	138	0	200
1693320972.998		13133	11695	31	1313	94	12878	74	138	0	200
1693320973.037		12159	10878	46	1133	102	11914	74	138	0	200
1693320973.077		11495	9615	37	1687	156	11168	74	138	0	200
1693320973.115		12946	10972	43	1807	124	12657	74	138	0	200
1693320973.156		13126	11490	82	1421	133	12778	74	138	0	200
1693320973.195		12305	10740	39	1398	128	12005	74	138	0	200
1693320973.234		11407	9645	73	1571	118	11108	74	138	0	200
1693320973.274		5637	3940	57	1517	123	5340	74	138	0	200
1693320973.313		12655	11001	48	1479	127	12364	74	138	0	200
1693320973.352		10697	9113	39	1438	107	10444	74	138	0	200
1693320973.392		12144	10602	42	1371	129	11864	74	138	0	200
1693320973.431		13130	11445	72	1481	132	12719	74	138	0	200
1693320973.470		13482	11828	74	1466	114	13013	74	138	0	200
1693320973.509		13599	11940	69	1456	134	13199	74	138	0	200
1693320973.549		11453	9823	70	1437	123	11151	74	138	0	200
1693320973.588		12801	11134	36	1535	96	12543	74	138	0	200
1693320973.626		13980	11998	54	1774	154	13608	74	138	0	200
1693320973.666		12964	11327	42	1463	132	12635	74	138	0	200
1693320973.706		12819	11231	41	1415	132	12488	74	138	0	200
1693320973.745		12934	11184	43	1574	133	12400	74	138	0	200
1693320973.784		12423	10769	59	1454	141	12041	74	138	0	200
1693320973.823		11544	9882	38	1497	127	11271	74	138	0	200
1693320973.862		12079	10519	70	1353	137	11764	74	138	0	200
1693320973.901		13536	11659	62	1640	175	13159	74	138	0	200
1693320973.940		13043	11266	40	1633	104	12782	74	138	0	200
1693320973.979		13785	11997	69	1589	130	13429	74	138	0	200
1693320974.018		12966	11230	84	1517	135	12603	74	138	0	200
1693320974.055		13847	11600	49	1899	299	13332	74	138	0	200
1693320974.095		13611	11892	70	1510	139	13237	74	138	0	200
1693320974.133		11636	9999	59	1455	123	11321	74	138	0	200
1693320974.173		12782	11078	47	1488	169	12406	74	138	0	200
1693320974.212		12909	11247	80	1445	137	12511	74	138	0	200
1693320974.250		12039	10319	55	1514	151	11696	74	138	0	200
1693320974.288		12648	10781	34	1701	132	12332	74	138	0	200
1693320974.328		12853	11149	48	1518	138	12520	74	138	0	200
1693320974.367		12166	10511	41	1463	151	11850	74	138	0	200
1693320974.405		13116	11242	62	1712	100	12807	74	138	0	200
1693320974.444		12554	10875	49	1504	126	12244	74	138	0	200
1693320974.483		12585	10970	46	1449	120	12283	74	138	0	200
1693320974.521		12780	11136	72	1460	112	12470	74	138	0	200
1693320974.560		13224	11395	40	1664	125	12863	74	138	0	200
1693320974.597		14239	11919	42	2135	143	13914	74	138	0	200
1693320974.637		12749	10931	43	1618	157	12402	74	138	0	200
1693320974.675		13164	11206	148	1676	134	12691	74	138	0	200
1693320974.713		12697	10866	105	1585	141	12234	74	138	0	200
1693320974.751		12782	10975	48	1604	155	12436	74	138	0	200
1693320974.791		6132	4475	40	1469	148	5807	74	138	0	200
1693320974.829		13288	11540	60	1567	121	12960	74	138	0	200
1693320974.867		12189	10475	38	1549	127	11910	74	138	0	200
1693320974.906		12606	10839	60	1604	103	12357	74	138	0	200
1693320974.944		12888	11193	45	1514	136	12564	74	138	0	200
1693320974.981		12492	11034	54	1274	130	12152	74	138	0	200
1693320975.021		12464	10865	46	1435	118	12168	74	138	0	200
1693320975.059		13033	11321	60	1541	111	12730	74	138	0	200
1693320975.097		12632	10904	43	1542	143	12280	74	138	0	200
1693320975.136		12733	11018	47	1528	140	12342	74	138	0	200
1693320975.174		12590	10780	38	1632	140	12286	74	138	0	200
1693320975.211		13425	11464	79	1759	123	13072	74	138	0	200
1693320975.250		12575	10861	49	1512	153	12250	74	138	0	200
1693320975.287		6652	4849	38	1637	128	6310	74	138	0	200
1693320975.325		13808	11911	38	1728	131	13273	74	138	0	200
1693320975.363		12926	11134	65	1603	124	12604	74	138	0	200
1693320975.401		12147	10562	61	1401	123	11835	74	138	0	200
1693320975.439		12278	10840	42	1278	118	11970	74	138	0	200
1693320975.478		13823	11720	104	1835	164	13456	74	138	0	200
1693320975.516		13136	11455	52	1508	121	12787	74	138	0	200
1693320975.553		11672	10145	40	1367	120	11396	74	138	0	200
1693320975.591		15877	10703	118	4901	155	15472	74	138	0	200
1693320975.630		12954	11387	106	1318	143	12539	74	138	0	200
1693320975.669		13430	11773	44	1475	138	13112	74	138	0	200
1693320975.706		13282	11761	66	1323	132	12943	74	138	0	200
1693320975.744		13186	11488	52	1500	146	12846	74	138	0	200
1693320975.782		11718	10145	33	1430	110	11460	74	138	0	200
1693320975.819		11884	10269	36	1446	133	11501	74	138	0	200
1693320975.856		12226	10800	36	1281	109	11939	74	138	0	200
1693320975.894		14659	12753	78	1696	132	14316	74	138	0	200
1693320975.933		13670	12102	41	1396	131	13348	74	138	0	200
1693320975.971		12939	10971	94	1746	128	12510	74	138	0	200
1693320976.008		15754	14194	50	1388	122	15454	74	138	0	200
1693320976.045		11032	9265	67	1551	149	10715	74	138	0	200
1693320976.083		12646	10773	39	1697	137	12307	74	138	0	200
1693320976.121		12844	10870	49	1811	114	12496	74	138	0	200
1693320976.159		15370	10724	42	4458	146	15031	74	138	0	200
1693320976.196		13120	11489	133	1375	123	12698	74	138	0	200
1693320976.234		12205	10687	71	1315	132	11881	74	138	0	200
1693320976.270		11996	10499	44	1300	153	11680	74	138	0	200
1693320976.308		12863	11365	92	1303	103	12517	74	138	0	200
1693320976.345		12306	10712	79	1378	137	11972	74	138	0	200
1693320976.384		13045	11320	60	1516	149	12708	74	138	0	200
1693320976.421		13433	10946	32	1905	550	12675	74	138	0	200
1693320976.459		13166	11144	46	1850	126	12795	74	138	0	200
1693320976.495		11037	9369	40	1483	145	10697	74	138	0	200
1693320976.534		12334	10315	38	1810	171	11984	74	138	0	200
1693320976.570		11768	10209	50	1410	99	11508	74	138	0	200
1693320976.607		13092	10155	31	2777	129	12810	74	138	0	200
1693320976.645		12801	11259	81	1329	132	12467	74	138	0	200
1693320976.683		14732	12951	46	1574	161	14378	74	138	0	200
1693320976.720		13584	11221	50	2135	178	13201	74	138	0	200
1693320976.758		12524	10957	53	1384	130	12056	74	138	0	200
1693320976.795		12649	10723	46	1717	163	12326	74	138	0	200
1693320976.832		12661	11119	68	1347	127	12345	74	138	0	200
1693320976.869		12671	11022	39	1476	134	12352	74	138	0	200
1693320976.905		12659	10731	52	1740	136	12338	74	138	0	200
1693320976.943		13514	10457	38	2877	142	13171	74	138	0	200
1693320976.981		12863	11070	56	1560	177	12503	74	138	0	200
1693320977.018		12600	10979	43	1468	110	12319	74	138	0	200
1693320977.055		12334	10660	46	1474	154	12027	74	138	0	200
1693320977.091		13610	11375	51	2067	117	13216	74	138	0	200
1693320977.129		11862	10146	68	1565	83	11587	74	138	0	200
1693320977.166		19277	11771	47	7321	138	18928	74	138	0	200
1693320977.203		11994	10362	91	1404	137	11647	74	138	0	200
1693320977.240		12706	11031	55	1513	107	12423	74	138	0	200
1693320977.276		6604	4858	58	1537	151	6208	74	138	0	200
1693320977.314		11201	9568	69	1440	124	10674	74	138	0	200
1693320977.351		13098	11168	77	1338	515	12362	74	138	0	200
1693320977.388		12977	11103	62	1683	129	12637	74	138	0	200
1693320977.424		12341	10631	78	1518	114	12028	74	138	0	200
1693320977.461		13220	11258	46	1750	166	12864	74	138	0	200
1693320977.498		10220	8425	81	1586	128	9844	74	138	0	200
1693320977.535		7475	5810	57	1438	170	7076	74	138	0	200
1693320977.572		12610	10806	48	1616	140	12265	74	138	0	200
1693320977.608		7513	5666	33	1681	133	7176	74	138	0	200
1693320977.644		112055	109456	44	2474	81	111767	74	138	0	200
1693320977.681		74963	72527	36	2178	222	74518	74	138	0	200
1693320977.719		37663	34773	35	2805	50	37409	74	138	0	200
1693320977.755		7248	5283	61	1767	137	6956	74	138	0	200
1693320977.791		7097	5444	46	1473	134	6705	74	138	0	200
1693320977.828		7943	5716	50	2021	156	7580	74	138	0	200
1693320977.865		9578	8020	59	1336	163	9208	74	138	0	200
1693320977.902		7481	5515	51	1774	141	7143	74	138	0	200
1693320977.938		7127	5252	84	1661	130	6761	74	138	0	200
1693320977.975		6452	4687	64	1528	173	6094	74	138	0	200
1693320978.012		7219	5370	63	1652	134	6891	74	138	0	200
1693320978.048		6847	4925	115	1679	128	6465	74	138	0	200
1693320978.084		10617	8252	93	2107	165	10172	74	138	0	200
1693320978.120		6421	4747	42	1486	146	6070	74	138	0	200
1693320978.157		6421	4684	31	1589	117	6139	74	138	0	200
1693320978.194		7628	5444	57	1957	170	7249	74	138	0	200
1693320978.231		6854	5205	72	1440	137	6485	74	138	0	200
1693320978.267		8601	5929	88	2448	136	8203	74	138	0	200
1693320978.303		9148	6945	61	2000	142	8572	74	138	0	200
1693320978.339		8358	6290	56	1833	179	7968	74	138	0	200
1693320978.375		8955	5281	40	3510	124	8610	74	138	0	200
1693320978.412		6802	5103	58	1446	195	6400	74	138	0	200
1693320978.448		10573	5569	53	4758	193	10151	74	138	0	200
1693320978.485		6335	4797	52	1383	103	6042	74	138	0	200
1693320978.520		6732	4919	40	1642	131	6440	74	138	0	200
1693320978.557		6563	4751	59	1619	134	6230	74	138	0	200
1693320978.594		12452	10804	43	1478	127	12152	74	138	0	200
1693320978.702		65974	64076	50	1698	150	65521	74	138	0	200
1693320978.629		139160	137693	165	1172	130	138750	74	138	0	200
1693320978.666		103193	100537	31	2536	89	102834	74	138	0	200
1693320978.738		31760	27976	33	3644	107	31471	74	138	0	200
1693320978.774		6128	4599	48	1365	116	5791	74	138	0	200
1693320978.811		6583	4869	55	1533	126	6242	74	138	0	200
1693320978.847		6275	4708	113	1299	155	5864	74	138	0	200
1693320978.883		9220	5199	69	3774	178	8826	74	138	0	200
1693320978.919		8339	6697	47	1470	125	8029	74	138	0	200
1693320978.954		9257	7424	30	1652	151	8929	74	138	0	200
1693320978.991		24323	4909	48	19153	213	23903	74	138	0	200
1693320979.026		14886	11355	60	3323	148	14513	74	138	0	200
1693320979.063		6574	4768	81	1603	122	6196	74	138	0	200
1693320979.099		6991	4990	44	1819	138	6599	74	138	0	200
1693320979.134		6913	5173	30	1601	109	6655	74	138	0	200
1693320979.171		12752	11174	60	1391	127	12434	74	138	0	200
1693320979.205		6599	4857	47	1565	130	6271	74	138	0	200
1693320979.242		12179	10487	85	1477	130	11827	74	138	0	200
1693320979.278		7432	4753	69	2455	155	7055	74	138	0	200
1693320979.313		6305	4716	44	1418	127	5957	74	138	0	200
1693320979.350		14453	11468	58	2812	115	14133	74	138	0	200
1693320979.386		12780	10938	33	1647	162	12445	74	138	0	200
1693320979.421		14807	11610	62	2988	147	14430	74	138	0	200
1693320979.457		13682	7854	54	5648	126	13357	74	138	0	200
1693320979.493		12393	10697	48	1454	194	11983	74	138	0	200
1693320979.529		18022	15212	115	2564	131	17598	74	138	0	200
1693320979.564		12928	11285	72	1431	140	12597	74	138	0	200
1693320979.600		18288	13027	270	4657	334	17505	74	138	0	200
1693320979.671		88067	85241	60	2572	194	87665	74	138	0	200
1693320979.706		52533	50492	19	1774	248	52105	74	138	0	200
1693320979.743		16388	14170	28	1878	312	15912	74	138	0	200
1693320979.636		124767	120099	31	4530	107	124474	74	138	0	200
1693320979.777		6498	4859	47	1485	107	6201	74	138	0	200
1693320979.814		6406	4787	32	1477	110	6118	74	138	0	200
1693320979.848		6597	4945	72	1417	163	6222	74	138	0	200
1693320979.885		6596	4858	43	1533	162	6268	74	138	0	200
1693320979.919		6601	5202	57	1217	125	6261	74	138	0	200
1693320979.957		7330	5534	45	1618	133	6965	74	138	0	200
1693320979.991		6290	4789	33	1349	119	5997	74	138	0	200
1693320980.026		6785	4938	58	1663	126	6467	74	138	0	200
1693320980.062		6335	4816	45	1326	148	5984	74	138	0	200
1693320980.097		6497	4643	41	1683	130	6188	74	138	0	200
1693320980.133		6240	4560	41	1525	114	5945	74	138	0	200
1693320980.168		5659	4239	65	1259	96	5367	74	138	0	200
1693320980.203		11324	9760	33	1447	84	11108	74	138	0	200
1693320980.238		13053	11583	39	1298	133	12765	74	138	0	200
1693320980.273		11912	10156	63	1564	129	11616	74	138	0	200
1693320980.310		6068	4623	48	1284	113	5769	74	138	0	200
1693320980.344		11245	9595	82	1426	142	10887	74	138	0	200
1693320980.379		12459	10855	48	1431	125	12154	74	138	0	200
1693320980.415		13744	11088	35	2201	420	13148	74	138	0	200
1693320980.451		13945	11292	144	2360	149	13507	74	138	0	200
1693320980.486		9816	8180	38	1479	119	9517	74	138	0	200
1693320980.521		12124	10558	80	1374	112	11790	74	138	0	200
1693320980.555		11351	9928	56	1255	112	11097	74	138	0	200
1693320980.592		9029	7568	28	1312	121	8777	74	138	0	200
1693320980.627		114732	40580	42	73868	242	114351	74	138	0	200
1693320980.697		48454	46336	46	1958	114	48158	74	138	0	200
1693320980.662		84218	81448	70	2217	483	83503	74	138	0	200
1693320980.731		15060	13102	37	1824	97	14793	74	138	0	200
1693320980.767		6697	4756	79	1650	212	6253	74	138	0	200
1693320980.802		6726	5012	60	1485	169	6301	74	138	0	200
1693320980.836		6028	4510	39	1388	91	5756	74	138	0	200
1693320980.871		7012	5359	33	1444	176	6664	74	138	0	200
1693320980.907		7025	4790	39	1619	577	6270	74	138	0	200
1693320980.942		7087	5345	33	1584	125	6778	74	138	0	200
1693320980.977		6514	4901	52	1413	148	6176	74	138	0	200
1693320981.012		6719	4993	49	1536	141	6374	74	138	0	200
1693320981.047		6422	4712	44	1553	113	6101	74	138	0	200
1693320981.082		6257	4542	55	1461	199	5867	74	138	0	200
1693320981.116		6728	5001	76	1479	172	6304	74	138	0	200
1693320981.152		6566	4955	42	1459	110	6246	74	138	0	200
1693320981.187		6489	4850	38	1459	142	6159	74	138	0	200
1693320981.221		6149	4436	79	1480	154	5781	74	138	0	200
1693320981.256		6142	4427	39	1564	112	5767	74	138	0	200
1693320981.291		5317	4080	37	1061	139	4984	74	138	0	200
1693320981.326		5375	4047	48	1174	106	5016	74	138	0	200
1693320981.361		4864	3460	33	1262	109	4617	74	138	0	200
1693320981.394		6167	4633	49	1318	167	5799	74	138	0	200
1693320981.430		7201	5733	48	1286	134	6871	74	138	0	200
1693320981.464		7460	5174	41	2084	161	7111	74	138	0	200
1693320981.499		6520	4801	42	1497	180	6093	74	138	0	200
1693320981.534		6456	4913	79	1367	97	6121	74	138	0	200
1693320981.568		7032	4673	89	2149	121	6577	74	138	0	200
1693320981.604		5644	4015	79	1413	137	5315	74	138	0	200
1693320981.637		5738	4001	38	1599	100	5481	74	138	0	200
1693320981.673		5117	3692	57	1275	93	4882	74	138	0	200
1693320981.707		5677	4187	52	1281	157	5368	74	138	0	200
1693320981.742		6018	4542	32	1290	154	5675	74	138	0	200
1693320981.777		8984	7442	39	1386	117	8688	74	138	0	200
1693320981.811		12506	10939	72	1369	126	12172	74	138	0	200
1693320981.846		9949	8302	39	1503	105	9663	74	138	0	200
1693320981.880		12542	11024	32	1381	105	12241	74	138	0	200
1693320981.914		11336	9670	101	1420	145	10941	74	138	0	200
1693320981.948		13186	10802	61	2195	128	12872	74	138	0	200
1693320981.984		11988	10368	62	1443	115	11704	74	138	0	200
1693320982.018		11921	10326	24	1407	164	11653	74	138	0	200
1693320982.051		12602	10310	63	2121	108	12293	74	138	0	200
1693320982.086		11513	9983	73	1363	94	11227	74	138	0	200
1693320982.121		11434	10114	44	1165	111	11215	74	138	0	200
1693320982.155		11009	9604	67	1243	95	10776	74	138	0	200
1693320982.189		10314	8688	33	1498	95	10099	74	138	0	200
1693320982.224		10163	7782	31	2250	100	9966	74	138	0	200
1693320982.259		10662	9480	31	1047	104	10455	74	138	0	200
1693320982.292		11974	10529	39	1296	110	11727	74	138	0	200
1693320982.327		11134	9709	41	1270	114	10891	74	138	0	200
1693320982.361		11526	9946	36	1448	96	11285	74	138	0	200
1693320982.395		11908	10202	60	1540	106	11617	74	138	0	200
1693320982.430		10264	8698	36	1393	137	9976	74	138	0	200
1693320982.463		11294	9705	94	1365	130	10962	74	138	0	200
1693320982.498		13107	11387	55	1544	121	12786	74	138	0	200
1693320982.532		12667	10882	60	1592	133	12305	74	138	0	200
1693320982.566		12529	10911	46	1458	114	12235	74	138	0	200
1693320982.601		12179	10487	54	1513	125	11777	74	138	0	200
1693320982.634		8753	7238	27	1352	136	8493	74	138	0	200
1693320982.669		12606	11037	38	1398	133	12339	74	138	0	200
1693320982.703		11990	10509	43	1339	99	11460	74	138	0	200
1693320982.736		12335	10736	41	1419	139	12032	74	138	0	200
1693320982.771		14014	12201	62	1584	167	13663	74	138	0	200
1693320982.805		12757	11044	55	1520	138	12198	74	138	0	200
1693320982.839		12707	11104	60	1408	135	12258	74	138	0	200
1693320982.874		10259	8767	39	1349	104	10014	74	138	0	200
1693320982.908		10779	8919	51	1699	110	10518	74	138	0	200
1693320982.942		11385	9453	47	1744	141	11101	74	138	0	200
1693320982.976		12963	11462	40	1351	110	12712	74	138	0	200
1693320983.009		11422	10173	43	1131	75	11110	74	138	0	200
1693320983.043		10473	8777	28	1554	114	10257	74	138	0	200
1693320983.077		11936	10346	69	1384	137	11591	74	138	0	200
1693320983.111		11367	9918	28	1310	111	11124	74	138	0	200
1693320983.145		11216	9245	38	1819	114	10976	74	138	0	200
1693320983.179		11306	9751	52	1402	101	11051	74	138	0	200
1693320983.213		12168	10366	55	1597	150	11797	74	138	0	200
1693320983.247		11646	10021	33	1476	116	11392	74	138	0	200
1693320983.281		11413	9924	41	1338	110	11151	74	138	0	200
1693320983.314		6259	4993	37	1113	116	5996	74	138	0	200
1693320983.348		12364	10696	43	1493	132	12030	74	138	0	200
1693320983.382		12363	10553	78	1603	129	12006	74	138	0	200
1693320983.415		9897	8650	59	1089	99	9612	74	138	0	200
1693320983.449		12350	10490	46	1711	103	12080	74	138	0	200
1693320983.483		11993	10445	67	1365	116	11630	74	138	0	200
1693320983.517		6377	4633	42	1578	124	6074	74	138	0	200
1693320983.551		12934	11365	76	1368	125	12420	74	138	0	200
1693320983.583		11632	10028	38	1441	125	11349	74	138	0	200
1693320983.618		8261	6830	36	1292	103	7890	74	138	0	200
1693320983.652		10552	9034	32	1389	97	10309	74	138	0	200
1693320983.685		13313	10816	34	2354	109	13068	74	138	0	200
1693320983.718		12798	11215	58	1393	132	12443	74	138	0	200
1693320983.753		13676	11910	42	1594	130	13341	74	138	0	200
1693320983.786		12775	11237	31	1403	104	12434	74	138	0	200
1693320983.820		11899	10360	68	1321	150	11586	74	138	0	200
1693320983.853		12406	10630	34	1616	126	12128	74	138	0	200
1693320983.886		6324	4507	44	1637	136	6020	74	138	0	200
1693320983.920		12623	10738	91	1649	145	12253	74	138	0	200
1693320983.954		12310	10776	45	1391	98	12029	74	138	0	200
1693320983.987		12221	10541	33	1547	100	11988	74	138	0	200
1693320984.021		11880	10301	38	1428	113	11633	74	138	0	200
1693320984.053		10436	8995	27	1307	107	10224	74	138	0	200
1693320984.088		10136	8428	28	1593	87	9871	74	138	0	200
1693320984.121		9657	8331	59	1172	95	9438	74	138	0	200
1693320984.155		9326	7638	30	1550	108	9116	74	138	0	200
1693320984.187		10176	8767	19	1305	85	10001	74	138	0	200
1693320984.220		12746	10919	29	1671	127	12493	74	138	0	200
1693320984.255		12265	10506	27	1620	112	12018	74	138	0	200
1693320984.288		10598	9078	33	1375	112	10326	74	138	0	200
