2023-08-29 14:55:22,768 [INFO] root tankworker.py:153	Log file created
2023-08-29 14:55:22,769 [INFO] root tankworker.py:157	Logging handler <FileHandler /var/loadtest/tank_errors.log (WARNING)> added
2023-08-29 14:55:22,770 [INFO] root tankworker.py:157	Logging handler <StreamHandler <stdout> (INFO)> added
2023-08-29 14:55:22,771 [INFO] root tankworker.py:157	Logging handler <StreamHandler <stderr> (NOTSET)> added
2023-08-29 14:55:22,804 [INFO] root tankworker.py:69	Created a folder for the test. /var/loadtest/logs/2023-08-29_14-55-22.625381
2023-08-29 14:55:22,810 [INFO] yandextank.core.tankcore tankcore.py:254	Configuring plugins...
2023-08-29 14:55:22,810 [INFO] yandextank.core.tankcore tankcore.py:205	Loading plugins...
2023-08-29 14:55:22,811 [INFO] yandextank.core.tankcore tankcore.py:215	Trying to import module: autostop
2023-08-29 14:55:22,812 [INFO] yandextank.core.tankcore tankcore.py:216	Path: yandextank.plugins.Autostop
2023-08-29 14:55:22,813 [INFO] yandextank.core.tankcore tankcore.py:215	Trying to import module: console
2023-08-29 14:55:22,814 [INFO] yandextank.core.tankcore tankcore.py:216	Path: yandextank.plugins.Console
2023-08-29 14:55:22,815 [INFO] yandextank.core.tankcore tankcore.py:215	Trying to import module: json_report
2023-08-29 14:55:22,816 [INFO] yandextank.core.tankcore tankcore.py:216	Path: yandextank.plugins.JsonReport
2023-08-29 14:55:22,819 [INFO] yandextank.core.tankcore tankcore.py:215	Trying to import module: phantom
2023-08-29 14:55:22,820 [INFO] yandextank.core.tankcore tankcore.py:216	Path: yandextank.plugins.Phantom
2023-08-29 14:55:22,821 [INFO] yandextank.core.tankcore tankcore.py:215	Trying to import module: rcheck
2023-08-29 14:55:22,822 [INFO] yandextank.core.tankcore tankcore.py:216	Path: yandextank.plugins.ResourceCheck
2023-08-29 14:55:22,822 [INFO] yandextank.core.tankcore tankcore.py:215	Trying to import module: shellexec
2023-08-29 14:55:22,823 [INFO] yandextank.core.tankcore tankcore.py:216	Path: yandextank.plugins.ShellExec
2023-08-29 14:55:22,824 [INFO] yandextank.core.tankcore tankcore.py:215	Trying to import module: rcassert
2023-08-29 14:55:22,825 [INFO] yandextank.core.tankcore tankcore.py:216	Path: yandextank.plugins.RCAssert
2023-08-29 14:55:22,826 [INFO] yandextank.core.tankcore tankcore.py:215	Trying to import module: overload
2023-08-29 14:55:22,826 [INFO] yandextank.core.tankcore tankcore.py:216	Path: yandextank.plugins.DataUploader
2023-08-29 14:55:22,868 [INFO] yandextank.common.util util.py:578	Testing connection to resolved address 192.168.65.2 and port 8080
2023-08-29 14:55:22,882 [INFO] yandextank.plugins.Phantom.utils utils.py:277	Resolved host.docker.internal into 192.168.65.2:8080
2023-08-29 14:55:22,883 [INFO] yandextank.stepper.main main.py:197	Configuring StepperWrapper...
2023-08-29 14:55:22,886 [INFO] yandextank.stepper.main main.py:251	Using cached stpd-file: /var/loadtest/logs/_92b860d5b1b303c28f25be687787e189.stpd
2023-08-29 14:55:22,890 [INFO] yandextank.stepper.main main.py:254	rps_schedule is set. Overriding cached instances param from config: 1000
2023-08-29 14:55:22,907 [INFO] yandextank.core.tankcore tankcore.py:268	Preparing test...
2023-08-29 14:55:22,976 [INFO] yandextank.common.interfaces plugin.py:38	Checking tank resources...
2023-08-29 14:55:23,059 [INFO] root plugin.py:585	Using OVERLOAD backend
2023-08-29 14:55:23,062 [INFO] yandextank.plugins.DataUploader.plugin plugin.py:703	Read authentication token from token.txt, token length is 32 bytes
2023-08-29 14:55:23,108 [INFO] yandextank.plugins.DataUploader.client client.py:81	Proxy not set
2023-08-29 14:55:23,110 [INFO] yandextank.plugins.DataUploader.plugin plugin.py:728	Detected target: host.docker.internal
2023-08-29 14:55:23,715 [INFO] yandextank.plugins.DataUploader.plugin plugin.py:877	Job created: 638430
2023-08-29 14:55:23,846 [INFO] yandextank.plugins.DataUploader.plugin plugin.py:547	Locking targets: ['host.docker.internal']
2023-08-29 14:55:23,848 [INFO] yandextank.plugins.DataUploader.plugin plugin.py:549	Locked targets: ['host.docker.internal']
2023-08-29 14:55:24,189 [INFO] yandextank.core.tankcore tankcore.py:278	Starting test...
2023-08-29 14:55:24,206 [INFO] yandextank.aggregator.tank_aggregator tank_aggregator.py:65	using verbose histogram
2023-08-29 14:55:24,233 [INFO] yandextank.core.tankcore tankcore.py:285	Plugin plugin_autostop required 0.000018 seconds to start
2023-08-29 14:55:24,235 [INFO] yandextank.core.tankcore tankcore.py:285	Plugin plugin_console required 0.000008 seconds to start
2023-08-29 14:55:24,236 [INFO] yandextank.core.tankcore tankcore.py:285	Plugin plugin_json_report required 0.000013 seconds to start
2023-08-29 14:55:24,260 [INFO] yandextank.core.tankcore tankcore.py:285	Plugin plugin_phantom required 0.021599 seconds to start
2023-08-29 14:55:24,262 [INFO] yandextank.core.tankcore tankcore.py:285	Plugin plugin_rcheck required 0.000015 seconds to start
2023-08-29 14:55:24,263 [INFO] yandextank.core.tankcore tankcore.py:285	Plugin plugin_shellexec required 0.000018 seconds to start
2023-08-29 14:55:24,264 [INFO] yandextank.core.tankcore tankcore.py:285	Plugin plugin_rcassert required 0.000013 seconds to start
2023-08-29 14:55:24,266 [INFO] yandextank.plugins.DataUploader.plugin plugin.py:456	Status sender thread started
2023-08-29 14:55:24,269 [INFO] yandextank.plugins.DataUploader.plugin plugin.py:475	Data Uploader thread started
2023-08-29 14:55:24,272 [INFO] yandextank.plugins.DataUploader.plugin plugin.py:475	Monitoring Uploader thread started
2023-08-29 14:55:24,273 [INFO] yandextank.plugins.DataUploader.plugin plugin.py:360	Web link: https://overload.yandex.net/638430
2023-08-29 14:55:24,468 [INFO] yandextank.core.tankcore tankcore.py:285	Plugin plugin_overload required 0.203285 seconds to start
2023-08-29 14:55:24,471 [INFO] yandextank.core.tankcore tankcore.py:294	Waiting for test to finish...
2023-08-29 14:55:24,472 [INFO] yandextank.core.tankcore tankcore.py:295	Artifacts dir: /var/loadtest/logs/2023-08-29_14-55-22.625381
2023-08-29 14:56:24,478 [INFO] yandextank.plugins.Phantom.plugin plugin.py:155	Phantom done its work with exit code: 0
2023-08-29 14:56:24,481 [INFO] yandextank.core.tankcore tankcore.py:331	Finishing test...
2023-08-29 14:56:24,484 [INFO] yandextank.core.tankcore tankcore.py:334	Stopping load generator and aggregator
2023-08-29 14:56:24,485 [INFO] yandextank.aggregator.tank_aggregator tank_aggregator.py:126	Closing stats reader
2023-08-29 14:56:24,485 [INFO] yandextank.aggregator.tank_aggregator tank_aggregator.py:129	Waiting for gun drain to finish
2023-08-29 14:56:25,141 [INFO] yandextank.aggregator.tank_aggregator tank_aggregator.py:131	Waiting for stats drain to finish
2023-08-29 14:56:25,271 [INFO] yandextank.aggregator.tank_aggregator tank_aggregator.py:133	Collecting remaining data
2023-08-29 14:56:25,290 [INFO] yandextank.aggregator.tank_aggregator tank_aggregator.py:111	Timestamps without stats:
2023-08-29 14:56:25,300 [INFO] yandextank.aggregator.tank_aggregator tank_aggregator.py:113	1693320983
2023-08-29 14:56:25,313 [INFO] yandextank.aggregator.tank_aggregator tank_aggregator.py:113	1693320984
2023-08-29 14:56:25,321 [INFO] yandextank.core.tankcore tankcore.py:338	Stopping monitoring
2023-08-29 14:56:26,037 [INFO] yandextank.plugins.DataUploader.plugin plugin.py:540	Unlocking targets: ['host.docker.internal']
2023-08-29 14:56:26,046 [INFO] yandextank.plugins.DataUploader.plugin plugin.py:542	host.docker.internal
2023-08-29 14:56:26,049 [INFO] yandextank.core.tankcore tankcore.py:361	Post-processing test...
2023-08-29 14:56:26,057 [INFO] yandextank.plugins.DataUploader.plugin plugin.py:412	Waiting for sender threads to join.
2023-08-29 14:56:26,058 [INFO] yandextank.plugins.DataUploader.plugin plugin.py:480	Monitoring Uploader queue returned None
2023-08-29 14:56:26,059 [INFO] yandextank.plugins.DataUploader.plugin plugin.py:480	Data Uploader queue returned None
2023-08-29 14:56:26,061 [INFO] yandextank.plugins.DataUploader.plugin plugin.py:500	Closing Monitoring Uploader thread
2023-08-29 14:56:26,062 [INFO] yandextank.plugins.DataUploader.plugin plugin.py:500	Closing Data Uploader thread
2023-08-29 14:56:26,066 [INFO] yandextank.plugins.DataUploader.plugin plugin.py:418	Web link: https://overload.yandex.net/638430
2023-08-29 14:56:26,231 [INFO] yandextank.common.util util.py:816	Trying to clean up
2023-08-29 14:56:26,234 [INFO] yandextank.core.tankcore tankcore.py:562	Cleaning up plugin plugin_autostop
2023-08-29 14:56:26,235 [INFO] yandextank.core.tankcore tankcore.py:562	Cleaning up plugin plugin_console
2023-08-29 14:56:26,236 [INFO] yandextank.core.tankcore tankcore.py:562	Cleaning up plugin plugin_json_report
2023-08-29 14:56:26,237 [INFO] yandextank.core.tankcore tankcore.py:562	Cleaning up plugin plugin_phantom
2023-08-29 14:56:26,238 [INFO] yandextank.core.tankcore tankcore.py:562	Cleaning up plugin plugin_rcheck
2023-08-29 14:56:26,239 [INFO] yandextank.core.tankcore tankcore.py:562	Cleaning up plugin plugin_shellexec
2023-08-29 14:56:26,240 [INFO] yandextank.core.tankcore tankcore.py:562	Cleaning up plugin plugin_rcassert
2023-08-29 14:56:26,241 [INFO] yandextank.core.tankcore tankcore.py:562	Cleaning up plugin plugin_overload
2023-08-29 14:56:26,241 [INFO] yandextank.plugins.DataUploader.plugin plugin.py:540	Unlocking targets: ['host.docker.internal']
2023-08-29 14:56:26,242 [INFO] yandextank.plugins.DataUploader.plugin plugin.py:542	host.docker.internal
2023-08-29 14:56:26,425 [INFO] yandextank.core.tankcore tankcore.py:630	Releasing lock: /var/lock/lunapark_8w2wtqz7.lock
2023-08-29 14:56:26,459 [INFO] yandextank.core.tankcore tankcore.py:405	Artifacts dir: /var/loadtest/logs/2023-08-29_14-55-22.625381
2023-08-29 14:56:26,463 [INFO] yandextank.core.tankcore tankcore.py:461	File not found to collect: validation_error.yaml
2023-08-29 14:56:26,465 [INFO] yandextank.core.tankcore tankcore.py:466	File already exists: /var/loadtest/logs/2023-08-29_14-55-22.625381/answ_aryiezjj.log
2023-08-29 14:56:26,468 [INFO] yandextank.core.tankcore tankcore.py:466	File already exists: /var/loadtest/logs/2023-08-29_14-55-22.625381/phout_2y7hzozj.log
2023-08-29 14:56:26,471 [INFO] yandextank.core.tankcore tankcore.py:466	File already exists: /var/loadtest/logs/2023-08-29_14-55-22.625381/phantom_stat_eo8hbcwg.log
2023-08-29 14:56:26,473 [INFO] yandextank.core.tankcore tankcore.py:466	File already exists: /var/loadtest/logs/2023-08-29_14-55-22.625381/phantom_tc_h3729.log
2023-08-29 14:56:26,474 [INFO] yandextank.core.tankcore tankcore.py:466	File already exists: /var/loadtest/logs/2023-08-29_14-55-22.625381/phantom__173t4t7.conf
2023-08-29 14:56:26,475 [INFO] yandextank.core.tankcore tankcore.py:466	File already exists: /var/loadtest/logs/2023-08-29_14-55-22.625381/phantom_stdout_stderr_mmtnu9ri.log
