"2023-08-29 13:47:45.871 +0000" : {
  "main_scheduler" : {
    "bqs" : {
      "00056" : {
        "mmconts" : [0, 282, 335],
        "acts" : [344, 336],
        "tstate" : { "idle" : 972691, "run" : 48636, "locked" : 2201, "mmap" : 0 }
      },
      "00057" : {
        "mmconts" : [0, 283, 335],
        "acts" : [8, 7],
        "tstate" : { "idle" : 709476, "run" : 42521, "locked" : 2216, "mmap" : 267985 }
      },
      "00058" : {
        "mmconts" : [0, 284, 335],
        "acts" : [338, 331],
        "tstate" : { "idle" : 932916, "run" : 86224, "locked" : 1260, "mmap" : 613 }
      }
    }
  },
  "benchmark_io" : {
    "simple_times" : {
      "mcount" : {
        "mcount" : { "104 -- 167" : 1, "10 -- 16" : 4 }
      }
    },
    "stream_method" : {
      "conns" : [5, 4],
      "in" : [690, 665],
      "out" : [370, 356],
      "mmtasks" : [0, 0, 1],
      "load" : 0.316,
      "mcount" : {
        "mcount" : { "Success" : 5 }
      },
      "http_proto0" : {
        "mcount" : {
          "mcount" : { "OK" : 5 }
        }
      },
      "source_log" : {
        "delta" : [0, 0, 8686]
      },
      "loggers" : {
        "brief_logger" : {
          "records" : [5, 4],
          "out" : [301, 287]
        }
      }
    }
  }
},
"2023-08-29 13:47:46.864 +0000" : {
  "main_scheduler" : {
    "bqs" : {
      "00056" : {
        "mmconts" : [335, 335, 335],
        "acts" : [9, 9],
        "tstate" : { "idle" : 970736, "run" : 18540, "locked" : 0, "mmap" : 0 }
      },
      "00057" : {
        "mmconts" : [335, 335, 335],
        "acts" : [9, 9],
        "tstate" : { "idle" : 980514, "run" : 6638, "locked" : 0, "mmap" : 0 }
      },
      "00058" : {
        "mmconts" : [335, 335, 335],
        "acts" : [0, 0],
        "tstate" : { "idle" : 986007, "run" : 1084, "locked" : 0, "mmap" : 0 }
      }
    }
  },
  "benchmark_io" : {
    "simple_times" : {
      "mcount" : {
        "mcount" : { "65 -- 104" : 1, "25 -- 41" : 1, "16 -- 25" : 2, "10 -- 16" : 2 }
      }
    },
    "stream_method" : {
      "conns" : [6, 6],
      "in" : [828, 840],
      "out" : [444, 450],
      "mmtasks" : [0, 0, 1],
      "load" : 0.021,
      "mcount" : {
        "mcount" : { "Success" : 6 }
      },
      "http_proto0" : {
        "mcount" : {
          "mcount" : { "OK" : 6 }
        }
      },
      "source_log" : {
        "delta" : [0, 0, 0]
      },
      "loggers" : {
        "brief_logger" : {
          "records" : [6, 6],
          "out" : [354, 360]
        }
      }
    }
  }
},
"2023-08-29 13:47:47.864 +0000" : {
  "main_scheduler" : {
    "bqs" : {
      "00056" : {
        "mmconts" : [335, 335, 335],
        "acts" : [5, 5],
        "tstate" : { "idle" : 993987, "run" : 5761, "locked" : 0, "mmap" : 0 }
      },
      "00057" : {
        "mmconts" : [335, 335, 335],
        "acts" : [1, 1],
        "tstate" : { "idle" : 997430, "run" : 2295, "locked" : 0, "mmap" : 0 }
      },
      "00058" : {
        "mmconts" : [335, 335, 335],
        "acts" : [16, 16],
        "tstate" : { "idle" : 986941, "run" : 12776, "locked" : 0, "mmap" : 0 }
      }
    }
  },
  "benchmark_io" : {
    "simple_times" : {
      "mcount" : {
        "mcount" : { "41 -- 65" : 1, "25 -- 41" : 4, "10 -- 16" : 1 }
      }
    },
    "stream_method" : {
      "conns" : [6, 6],
      "in" : [828, 828],
      "out" : [444, 444],
      "mmtasks" : [0, 0, 1],
      "load" : 0.022,
      "mcount" : {
        "mcount" : { "Success" : 6 }
      },
      "http_proto0" : {
        "mcount" : {
          "mcount" : { "OK" : 6 }
        }
      },
      "source_log" : {
        "delta" : [0, 0, 0]
      },
      "loggers" : {
        "brief_logger" : {
          "records" : [6, 6],
          "out" : [357, 357]
        }
      }
    }
  }
},
"2023-08-29 13:47:48.864 +0000" : {
  "main_scheduler" : {
    "bqs" : {
      "00056" : {
        "mmconts" : [335, 335, 335],
        "acts" : [8, 8],
        "tstate" : { "idle" : 994238, "run" : 5319, "locked" : 0, "mmap" : 0 }
      },
      "00057" : {
        "mmconts" : [335, 335, 335],
        "acts" : [10, 10],
        "tstate" : { "idle" : 994324, "run" : 5359, "locked" : 0, "mmap" : 0 }
      },
      "00058" : {
        "mmconts" : [335, 335, 335],
        "acts" : [7, 7],
        "tstate" : { "idle" : 993765, "run" : 5926, "locked" : 0, "mmap" : 0 }
      }
    }
  },
  "benchmark_io" : {
    "simple_times" : {
      "mcount" : {
        "mcount" : { "16 -- 25" : 2, "10 -- 16" : 5 }
      }
    },
    "stream_method" : {
      "conns" : [7, 7],
      "in" : [966, 966],
      "out" : [518, 518],
      "mmtasks" : [0, 0, 1],
      "load" : 0.028,
      "mcount" : {
        "mcount" : { "Success" : 7 }
      },
      "http_proto0" : {
        "mcount" : {
          "mcount" : { "OK" : 7 }
        }
      },
      "source_log" : {
        "delta" : [0, 0, 0]
      },
      "loggers" : {
        "brief_logger" : {
          "records" : [7, 7],
          "out" : [414, 414]
        }
      }
    }
  }
},
"2023-08-29 13:47:49.864 +0000" : {
  "main_scheduler" : {
    "bqs" : {
      "00056" : {
        "mmconts" : [335, 335, 335],
        "acts" : [8, 7],
        "tstate" : { "idle" : 992429, "run" : 7750, "locked" : 0, "mmap" : 0 }
      },
      "00057" : {
        "mmconts" : [335, 335, 335],
        "acts" : [7, 6],
        "tstate" : { "idle" : 994918, "run" : 5136, "locked" : 0, "mmap" : 0 }
      },
      "00058" : {
        "mmconts" : [335, 335, 335],
        "acts" : [10, 9],
        "tstate" : { "idle" : 994631, "run" : 5416, "locked" : 0, "mmap" : 0 }
      }
    }
  },
  "benchmark_io" : {
    "simple_times" : {
      "mcount" : {
        "mcount" : { "25 -- 41" : 2, "16 -- 25" : 2, "10 -- 16" : 3 }
      }
    },
    "stream_method" : {
      "conns" : [7, 6],
      "in" : [966, 965],
      "out" : [518, 517],
      "mmtasks" : [0, 0, 1],
      "load" : 0.028,
      "mcount" : {
        "mcount" : { "Success" : 7 }
      },
      "http_proto0" : {
        "mcount" : {
          "mcount" : { "OK" : 7 }
        }
      },
      "source_log" : {
        "delta" : [0, 0, 0]
      },
      "loggers" : {
        "brief_logger" : {
          "records" : [7, 7],
          "out" : [416, 416]
        }
      }
    }
  }
},
"2023-08-29 13:47:50.863 +0000" : {
  "main_scheduler" : {
    "bqs" : {
      "00056" : {
        "mmconts" : [335, 335, 335],
        "acts" : [11, 11],
        "tstate" : { "idle" : 992926, "run" : 6371, "locked" : 0, "mmap" : 0 }
      },
      "00057" : {
        "mmconts" : [335, 335, 335],
        "acts" : [7, 7],
        "tstate" : { "idle" : 994815, "run" : 4483, "locked" : 0, "mmap" : 0 }
      },
      "00058" : {
        "mmconts" : [335, 335, 335],
        "acts" : [7, 7],
        "tstate" : { "idle" : 993698, "run" : 5600, "locked" : 0, "mmap" : 0 }
      }
    }
  },
  "benchmark_io" : {
    "simple_times" : {
      "mcount" : {
        "mcount" : { "41 -- 65" : 1, "25 -- 41" : 2, "16 -- 25" : 3, "10 -- 16" : 1 }
      }
    },
    "stream_method" : {
      "conns" : [7, 7],
      "in" : [966, 966],
      "out" : [518, 518],
      "mmtasks" : [0, 0, 1],
      "load" : 0.024,
      "mcount" : {
        "mcount" : { "Success" : 7 }
      },
      "http_proto0" : {
        "mcount" : {
          "mcount" : { "OK" : 7 }
        }
      },
      "source_log" : {
        "delta" : [0, 0, 0]
      },
      "loggers" : {
        "brief_logger" : {
          "records" : [7, 7],
          "out" : [415, 415]
        }
      }
    }
  }
},
"2023-08-29 13:47:51.864 +0000" : {
  "main_scheduler" : {
    "bqs" : {
      "00056" : {
        "mmconts" : [335, 335, 335],
        "acts" : [8, 7],
        "tstate" : { "idle" : 995763, "run" : 5239, "locked" : 0, "mmap" : 0 }
      },
      "00057" : {
        "mmconts" : [335, 335, 335],
        "acts" : [10, 9],
        "tstate" : { "idle" : 996139, "run" : 4863, "locked" : 0, "mmap" : 0 }
      },
      "00058" : {
        "mmconts" : [335, 335, 335],
        "acts" : [10, 9],
        "tstate" : { "idle" : 995770, "run" : 5232, "locked" : 0, "mmap" : 0 }
      }
    }
  },
  "benchmark_io" : {
    "simple_times" : {
      "mcount" : {
        "mcount" : { "16 -- 25" : 1, "10 -- 16" : 2, "6 -- 10" : 5 }
      }
    },
    "stream_method" : {
      "conns" : [8, 7],
      "in" : [1104, 1102],
      "out" : [592, 591],
      "mmtasks" : [0, 0, 1],
      "load" : 0.039,
      "mcount" : {
        "mcount" : { "Success" : 8 }
      },
      "http_proto0" : {
        "mcount" : {
          "mcount" : { "OK" : 8 }
        }
      },
      "source_log" : {
        "delta" : [0, 0, 0]
      },
      "loggers" : {
        "brief_logger" : {
          "records" : [8, 7],
          "out" : [457, 456]
        }
      }
    }
  }
},
"2023-08-29 13:47:52.864 +0000" : {
  "main_scheduler" : {
    "bqs" : {
      "00056" : {
        "mmconts" : [334, 334, 335],
        "acts" : [11, 11],
        "tstate" : { "idle" : 992979, "run" : 6838, "locked" : 0, "mmap" : 0 }
      },
      "00057" : {
        "mmconts" : [333, 334, 335],
        "acts" : [10, 10],
        "tstate" : { "idle" : 985971, "run" : 13776, "locked" : 0, "mmap" : 98 }
      },
      "00058" : {
        "mmconts" : [334, 334, 335],
        "acts" : [7, 7],
        "tstate" : { "idle" : 995756, "run" : 4090, "locked" : 0, "mmap" : 0 }
      }
    }
  },
  "benchmark_io" : {
    "simple_times" : {
      "mcount" : {
        "mcount" : { "16 -- 25" : 2, "10 -- 16" : 3, "6 -- 10" : 3 }
      }
    },
    "stream_method" : {
      "conns" : [8, 8],
      "in" : [1104, 1104],
      "out" : [592, 592],
      "mmtasks" : [0, 0, 1],
      "load" : 0.037,
      "mcount" : {
        "mcount" : { "Success" : 8 }
      },
      "http_proto0" : {
        "mcount" : {
          "mcount" : { "OK" : 8 }
        }
      },
      "source_log" : {
        "delta" : [0, 0, 0]
      },
      "loggers" : {
        "brief_logger" : {
          "records" : [8, 8],
          "out" : [462, 462]
        }
      }
    }
  }
},
"2023-08-29 13:47:53.864 +0000" : {
  "main_scheduler" : {
    "bqs" : {
      "00056" : {
        "mmconts" : [330, 331, 334],
        "acts" : [14, 14],
        "tstate" : { "idle" : 988839, "run" : 10989, "locked" : 0, "mmap" : 0 }
      },
      "00057" : {
        "mmconts" : [329, 331, 333],
        "acts" : [13, 13],
        "tstate" : { "idle" : 992008, "run" : 7790, "locked" : 0, "mmap" : 0 }
      },
      "00058" : {
        "mmconts" : [334, 334, 334],
        "acts" : [1, 1],
        "tstate" : { "idle" : 998036, "run" : 1760, "locked" : 0, "mmap" : 0 }
      }
    }
  },
  "benchmark_io" : {
    "simple_times" : {
      "mcount" : {
        "mcount" : { "25 -- 41" : 2, "16 -- 25" : 3, "10 -- 16" : 3 }
      }
    },
    "stream_method" : {
      "conns" : [8, 8],
      "in" : [1104, 1104],
      "out" : [592, 592],
      "mmtasks" : [0, 0, 1],
      "load" : 0.025,
      "mcount" : {
        "mcount" : { "Success" : 8 }
      },
      "http_proto0" : {
        "mcount" : {
          "mcount" : { "OK" : 8 }
        }
      },
      "source_log" : {
        "delta" : [0, 0, 0]
      },
      "loggers" : {
        "brief_logger" : {
          "records" : [8, 8],
          "out" : [474, 474]
        }
      }
    }
  }
},
"2023-08-29 13:47:54.863 +0000" : {
  "main_scheduler" : {
    "bqs" : {
      "00056" : {
        "mmconts" : [328, 328, 330],
        "acts" : [8, 8],
        "tstate" : { "idle" : 995084, "run" : 4409, "locked" : 0, "mmap" : 0 }
      },
      "00057" : {
        "mmconts" : [327, 327, 329],
        "acts" : [7, 7],
        "tstate" : { "idle" : 995560, "run" : 3940, "locked" : 0, "mmap" : 0 }
      },
      "00058" : {
        "mmconts" : [329, 332, 334],
        "acts" : [16, 16],
        "tstate" : { "idle" : 992799, "run" : 6704, "locked" : 0, "mmap" : 0 }
      }
    }
  },
  "benchmark_io" : {
    "simple_times" : {
      "mcount" : {
        "mcount" : { "16 -- 25" : 3, "10 -- 16" : 6 }
      }
    },
    "stream_method" : {
      "conns" : [9, 9],
      "in" : [1242, 1242],
      "out" : [666, 666],
      "mmtasks" : [0, 0, 1],
      "load" : 0.024,
      "mcount" : {
        "mcount" : { "Success" : 9 }
      },
      "http_proto0" : {
        "mcount" : {
          "mcount" : { "OK" : 9 }
        }
      },
      "source_log" : {
        "delta" : [0, 0, 0]
      },
      "loggers" : {
        "brief_logger" : {
          "records" : [9, 9],
          "out" : [529, 529]
        }
      }
    }
  }
},
"2023-08-29 13:47:55.864 +0000" : {
  "main_scheduler" : {
    "bqs" : {
      "00056" : {
        "mmconts" : [325, 326, 328],
        "acts" : [11, 10],
        "tstate" : { "idle" : 993139, "run" : 7743, "locked" : 0, "mmap" : 0 }
      },
      "00057" : {
        "mmconts" : [324, 326, 327],
        "acts" : [10, 9],
        "tstate" : { "idle" : 995270, "run" : 5606, "locked" : 0, "mmap" : 0 }
      },
      "00058" : {
        "mmconts" : [325, 326, 329],
        "acts" : [13, 12],
        "tstate" : { "idle" : 994738, "run" : 6136, "locked" : 0, "mmap" : 0 }
      }
    }
  },
  "benchmark_io" : {
    "simple_times" : {
      "mcount" : {
        "mcount" : { "25 -- 41" : 1, "16 -- 25" : 2, "10 -- 16" : 7 }
      }
    },
    "stream_method" : {
      "conns" : [10, 9],
      "in" : [1380, 1378],
      "out" : [740, 739],
      "mmtasks" : [0, 0, 1],
      "load" : 0.023,
      "mcount" : {
        "mcount" : { "Success" : 10 }
      },
      "http_proto0" : {
        "mcount" : {
          "mcount" : { "OK" : 10 }
        }
      },
      "source_log" : {
        "delta" : [0, 0, 0]
      },
      "loggers" : {
        "brief_logger" : {
          "records" : [10, 9],
          "out" : [589, 588]
        }
      }
    }
  }
},
"2023-08-29 13:47:56.864 +0000" : {
  "main_scheduler" : {
    "bqs" : {
      "00056" : {
        "mmconts" : [322, 323, 325],
        "acts" : [11, 11],
        "tstate" : { "idle" : 994293, "run" : 5186, "locked" : 0, "mmap" : 0 }
      },
      "00057" : {
        "mmconts" : [321, 322, 324],
        "acts" : [10, 10],
        "tstate" : { "idle" : 995349, "run" : 4140, "locked" : 0, "mmap" : 0 }
      },
      "00058" : {
        "mmconts" : [322, 323, 325],
        "acts" : [11, 11],
        "tstate" : { "idle" : 994850, "run" : 4641, "locked" : 0, "mmap" : 0 }
      }
    }
  },
  "benchmark_io" : {
    "simple_times" : {
      "mcount" : {
        "mcount" : { "10 -- 16" : 8, "6 -- 10" : 1 }
      }
    },
    "stream_method" : {
      "conns" : [9, 9],
      "in" : [1242, 1242],
      "out" : [666, 666],
      "mmtasks" : [0, 0, 1],
      "load" : 0.026,
      "mcount" : {
        "mcount" : { "Success" : 9 }
      },
      "http_proto0" : {
        "mcount" : {
          "mcount" : { "OK" : 9 }
        }
      },
      "source_log" : {
        "delta" : [0, 0, 0]
      },
      "loggers" : {
        "brief_logger" : {
          "records" : [9, 9],
          "out" : [527, 527]
        }
      }
    }
  }
},
"2023-08-29 13:47:57.864 +0000" : {
  "main_scheduler" : {
    "bqs" : {
      "00056" : {
        "mmconts" : [318, 320, 322],
        "acts" : [14, 14],
        "tstate" : { "idle" : 991450, "run" : 8430, "locked" : 0, "mmap" : 0 }
      },
      "00057" : {
        "mmconts" : [318, 319, 321],
        "acts" : [10, 10],
        "tstate" : { "idle" : 995510, "run" : 4357, "locked" : 0, "mmap" : 0 }
      },
      "00058" : {
        "mmconts" : [318, 319, 322],
        "acts" : [12, 12],
        "tstate" : { "idle" : 994054, "run" : 5811, "locked" : 0, "mmap" : 0 }
      }
    }
  },
  "benchmark_io" : {
    "simple_times" : {
      "mcount" : {
        "mcount" : { "16 -- 25" : 4, "10 -- 16" : 7 }
      }
    },
    "stream_method" : {
      "conns" : [11, 11],
      "in" : [1518, 1518],
      "out" : [814, 814],
      "mmtasks" : [0, 0, 1],
      "load" : 0.024,
      "mcount" : {
        "mcount" : { "Success" : 11 }
      },
      "http_proto0" : {
        "mcount" : {
          "mcount" : { "OK" : 11 }
        }
      },
      "source_log" : {
        "delta" : [0, 0, 0]
      },
      "loggers" : {
        "brief_logger" : {
          "records" : [11, 11],
          "out" : [647, 647]
        }
      }
    }
  }
},
"2023-08-29 13:47:58.863 +0000" : {
  "main_scheduler" : {
    "bqs" : {
      "00056" : {
        "mmconts" : [315, 316, 318],
        "acts" : [11, 11],
        "tstate" : { "idle" : 993402, "run" : 6274, "locked" : 0, "mmap" : 0 }
      },
      "00057" : {
        "mmconts" : [314, 316, 318],
        "acts" : [13, 13],
        "tstate" : { "idle" : 993750, "run" : 5944, "locked" : 0, "mmap" : 0 }
      },
      "00058" : {
        "mmconts" : [315, 316, 318],
        "acts" : [10, 10],
        "tstate" : { "idle" : 995117, "run" : 4576, "locked" : 0, "mmap" : 0 }
      }
    }
  },
  "benchmark_io" : {
    "simple_times" : {
      "mcount" : {
        "mcount" : { "16 -- 25" : 2, "10 -- 16" : 8 }
      }
    },
    "stream_method" : {
      "conns" : [10, 10],
      "in" : [1380, 1380],
      "out" : [740, 740],
      "mmtasks" : [0, 0, 1],
      "load" : 0.027,
      "mcount" : {
        "mcount" : { "Success" : 10 }
      },
      "http_proto0" : {
        "mcount" : {
          "mcount" : { "OK" : 10 }
        }
      },
      "source_log" : {
        "delta" : [0, 0, 0]
      },
      "loggers" : {
        "brief_logger" : {
          "records" : [10, 10],
          "out" : [590, 590]
        }
      }
    }
  }
},
"2023-08-29 13:47:59.864 +0000" : {
  "main_scheduler" : {
    "bqs" : {
      "00056" : {
        "mmconts" : [311, 313, 315],
        "acts" : [14, 13],
        "tstate" : { "idle" : 993333, "run" : 7073, "locked" : 0, "mmap" : 0 }
      },
      "00057" : {
        "mmconts" : [311, 312, 314],
        "acts" : [10, 9],
        "tstate" : { "idle" : 995441, "run" : 4950, "locked" : 0, "mmap" : 0 }
      },
      "00058" : {
        "mmconts" : [311, 312, 315],
        "acts" : [13, 12],
        "tstate" : { "idle" : 994013, "run" : 6378, "locked" : 0, "mmap" : 0 }
      }
    }
  },
  "benchmark_io" : {
    "simple_times" : {
      "mcount" : {
        "mcount" : { "10 -- 16" : 11 }
      }
    },
    "stream_method" : {
      "conns" : [11, 10],
      "in" : [1518, 1517],
      "out" : [814, 813],
      "mmtasks" : [0, 0, 1],
      "load" : 0.025,
      "mcount" : {
        "mcount" : { "Success" : 11 }
      },
      "http_proto0" : {
        "mcount" : {
          "mcount" : { "OK" : 11 }
        }
      },
      "source_log" : {
        "delta" : [0, 0, 0]
      },
      "loggers" : {
        "brief_logger" : {
          "records" : [11, 10],
          "out" : [650, 649]
        }
      }
    }
  }
},
"2023-08-29 13:48:00.863 +0000" : {
  "main_scheduler" : {
    "bqs" : {
      "00056" : {
        "mmconts" : [307, 309, 311],
        "acts" : [14, 14],
        "tstate" : { "idle" : 992811, "run" : 6858, "locked" : 0, "mmap" : 0 }
      },
      "00057" : {
        "mmconts" : [307, 308, 311],
        "acts" : [13, 13],
        "tstate" : { "idle" : 994084, "run" : 5591, "locked" : 0, "mmap" : 0 }
      },
      "00058" : {
        "mmconts" : [307, 309, 311],
        "acts" : [13, 13],
        "tstate" : { "idle" : 993810, "run" : 5865, "locked" : 0, "mmap" : 0 }
      }
    }
  },
  "benchmark_io" : {
    "simple_times" : {
      "mcount" : {
        "mcount" : { "16 -- 25" : 1, "10 -- 16" : 11 }
      }
    },
    "stream_method" : {
      "conns" : [12, 12],
      "in" : [1656, 1656],
      "out" : [888, 888],
      "mmtasks" : [0, 0, 1],
      "load" : 0.024,
      "mcount" : {
        "mcount" : { "Success" : 12 }
      },
      "http_proto0" : {
        "mcount" : {
          "mcount" : { "OK" : 12 }
        }
      },
      "source_log" : {
        "delta" : [0, 0, 0]
      },
      "loggers" : {
        "brief_logger" : {
          "records" : [12, 12],
          "out" : [705, 705]
        }
      }
    }
  }
},
"2023-08-29 13:48:01.864 +0000" : {
  "main_scheduler" : {
    "bqs" : {
      "00056" : {
        "mmconts" : [303, 305, 307],
        "acts" : [14, 13],
        "tstate" : { "idle" : 992870, "run" : 7652, "locked" : 0, "mmap" : 0 }
      },
      "00057" : {
        "mmconts" : [303, 304, 307],
        "acts" : [13, 12],
        "tstate" : { "idle" : 995273, "run" : 5245, "locked" : 0, "mmap" : 0 }
      },
      "00058" : {
        "mmconts" : [303, 305, 307],
        "acts" : [13, 12],
        "tstate" : { "idle" : 995201, "run" : 5318, "locked" : 0, "mmap" : 0 }
      }
    }
  },
  "benchmark_io" : {
    "simple_times" : {
      "mcount" : {
        "mcount" : { "10 -- 16" : 9, "6 -- 10" : 3 }
      }
    },
    "stream_method" : {
      "conns" : [12, 11],
      "in" : [1656, 1655],
      "out" : [888, 887],
      "mmtasks" : [0, 0, 1],
      "load" : 0.029,
      "mcount" : {
        "mcount" : { "Success" : 12 }
      },
      "http_proto0" : {
        "mcount" : {
          "mcount" : { "OK" : 12 }
        }
      },
      "source_log" : {
        "delta" : [0, 0, 0]
      },
      "loggers" : {
        "brief_logger" : {
          "records" : [12, 11],
          "out" : [697, 696]
        }
      }
    }
  }
},
"2023-08-29 13:48:02.864 +0000" : {
  "main_scheduler" : {
    "bqs" : {
      "00056" : {
        "mmconts" : [299, 301, 303],
        "acts" : [14, 14],
        "tstate" : { "idle" : 992942, "run" : 6610, "locked" : 0, "mmap" : 0 }
      },
      "00057" : {
        "mmconts" : [299, 300, 303],
        "acts" : [13, 13],
        "tstate" : { "idle" : 994462, "run" : 5086, "locked" : 0, "mmap" : 0 }
      },
      "00058" : {
        "mmconts" : [299, 301, 303],
        "acts" : [13, 13],
        "tstate" : { "idle" : 993938, "run" : 5609, "locked" : 0, "mmap" : 0 }
      }
    }
  },
  "benchmark_io" : {
    "simple_times" : {
      "mcount" : {
        "mcount" : { "10 -- 16" : 3, "6 -- 10" : 9 }
      }
    },
    "stream_method" : {
      "conns" : [12, 12],
      "in" : [1656, 1656],
      "out" : [888, 888],
      "mmtasks" : [0, 0, 1],
      "load" : 0.038,
      "mcount" : {
        "mcount" : { "Success" : 12 }
      },
      "http_proto0" : {
        "mcount" : {
          "mcount" : { "OK" : 12 }
        }
      },
      "source_log" : {
        "delta" : [0, 0, 0]
      },
      "loggers" : {
        "brief_logger" : {
          "records" : [12, 12],
          "out" : [681, 681]
        }
      }
    }
  }
},
"2023-08-29 13:48:03.864 +0000" : {
  "main_scheduler" : {
    "bqs" : {
      "00056" : {
        "mmconts" : [295, 297, 299],
        "acts" : [14, 13],
        "tstate" : { "idle" : 994135, "run" : 6024, "locked" : 0, "mmap" : 0 }
      },
      "00057" : {
        "mmconts" : [294, 296, 299],
        "acts" : [16, 15],
        "tstate" : { "idle" : 993756, "run" : 6406, "locked" : 0, "mmap" : 0 }
      },
      "00058" : {
        "mmconts" : [295, 296, 299],
        "acts" : [13, 12],
        "tstate" : { "idle" : 994914, "run" : 5248, "locked" : 0, "mmap" : 0 }
      }
    }
  },
  "benchmark_io" : {
    "simple_times" : {
      "mcount" : {
        "mcount" : { "10 -- 16" : 13 }
      }
    },
    "stream_method" : {
      "conns" : [13, 12],
      "in" : [1794, 1793],
      "out" : [962, 961],
      "mmtasks" : [0, 0, 1],
      "load" : 0.024,
      "mcount" : {
        "mcount" : { "Success" : 13 }
      },
      "http_proto0" : {
        "mcount" : {
          "mcount" : { "OK" : 13 }
        }
      },
      "source_log" : {
        "delta" : [0, 0, 0]
      },
      "loggers" : {
        "brief_logger" : {
          "records" : [13, 12],
          "out" : [768, 767]
        }
      }
    }
  }
},
"2023-08-29 13:48:04.864 +0000" : {
  "main_scheduler" : {
    "bqs" : {
      "00056" : {
        "mmconts" : [291, 292, 295],
        "acts" : [14, 13],
        "tstate" : { "idle" : 993871, "run" : 6583, "locked" : 0, "mmap" : 0 }
      },
      "00057" : {
        "mmconts" : [290, 292, 294],
        "acts" : [13, 12],
        "tstate" : { "idle" : 994790, "run" : 5666, "locked" : 0, "mmap" : 0 }
      },
      "00058" : {
        "mmconts" : [290, 292, 295],
        "acts" : [16, 15],
        "tstate" : { "idle" : 993249, "run" : 7207, "locked" : 0, "mmap" : 0 }
      }
    }
  },
  "benchmark_io" : {
    "simple_times" : {
      "mcount" : {
        "mcount" : { "16 -- 25" : 2, "10 -- 16" : 11 }
      }
    },
    "stream_method" : {
      "conns" : [13, 12],
      "in" : [1794, 1793],
      "out" : [962, 961],
      "mmtasks" : [0, 0, 1],
      "load" : 0.024,
      "mcount" : {
        "mcount" : { "Success" : 13 }
      },
      "http_proto0" : {
        "mcount" : {
          "mcount" : { "OK" : 13 }
        }
      },
      "source_log" : {
        "delta" : [0, 0, 0]
      },
      "loggers" : {
        "brief_logger" : {
          "records" : [13, 12],
          "out" : [761, 760]
        }
      }
    }
  }
},
"2023-08-29 13:48:05.864 +0000" : {
  "main_scheduler" : {
    "bqs" : {
      "00056" : {
        "mmconts" : [286, 288, 291],
        "acts" : [17, 17],
        "tstate" : { "idle" : 992660, "run" : 6843, "locked" : 0, "mmap" : 0 }
      },
      "00057" : {
        "mmconts" : [286, 287, 290],
        "acts" : [13, 13],
        "tstate" : { "idle" : 994009, "run" : 5491, "locked" : 0, "mmap" : 0 }
      },
      "00058" : {
        "mmconts" : [286, 288, 290],
        "acts" : [13, 13],
        "tstate" : { "idle" : 994196, "run" : 5304, "locked" : 0, "mmap" : 0 }
      }
    }
  },
  "benchmark_io" : {
    "simple_times" : {
      "mcount" : {
        "mcount" : { "10 -- 16" : 11, "6 -- 10" : 2 }
      }
    },
    "stream_method" : {
      "conns" : [13, 13],
      "in" : [1794, 1794],
      "out" : [962, 962],
      "mmtasks" : [0, 0, 1],
      "load" : 0.029,
      "mcount" : {
        "mcount" : { "Success" : 13 }
      },
      "http_proto0" : {
        "mcount" : {
          "mcount" : { "OK" : 13 }
        }
      },
      "source_log" : {
        "delta" : [0, 0, 0]
      },
      "loggers" : {
        "brief_logger" : {
          "records" : [13, 13],
          "out" : [760, 760]
        }
      }
    }
  }
},
"2023-08-29 13:48:06.863 +0000" : {
  "main_scheduler" : {
    "bqs" : {
      "00056" : {
        "mmconts" : [282, 283, 286],
        "acts" : [14, 14],
        "tstate" : { "idle" : 993353, "run" : 6199, "locked" : 0, "mmap" : 0 }
      },
      "00057" : {
        "mmconts" : [281, 283, 286],
        "acts" : [16, 16],
        "tstate" : { "idle" : 993091, "run" : 6460, "locked" : 0, "mmap" : 0 }
      },
      "00058" : {
        "mmconts" : [281, 283, 286],
        "acts" : [16, 16],
        "tstate" : { "idle" : 992749, "run" : 6802, "locked" : 0, "mmap" : 0 }
      }
    }
  },
  "benchmark_io" : {
    "simple_times" : {
      "mcount" : {
        "mcount" : { "10 -- 16" : 12, "6 -- 10" : 2 }
      }
    },
    "stream_method" : {
      "conns" : [14, 14],
      "in" : [1932, 1932],
      "out" : [1036, 1036],
      "mmtasks" : [0, 0, 1],
      "load" : 0.027,
      "mcount" : {
        "mcount" : { "Success" : 14 }
      },
      "http_proto0" : {
        "mcount" : {
          "mcount" : { "OK" : 14 }
        }
      },
      "source_log" : {
        "delta" : [0, 0, 0]
      },
      "loggers" : {
        "brief_logger" : {
          "records" : [14, 14],
          "out" : [820, 820]
        }
      }
    }
  }
},
"2023-08-29 13:48:07.864 +0000" : {
  "main_scheduler" : {
    "bqs" : {
      "00056" : {
        "mmconts" : [277, 279, 282],
        "acts" : [17, 16],
        "tstate" : { "idle" : 993405, "run" : 6958, "locked" : 0, "mmap" : 0 }
      },
      "00057" : {
        "mmconts" : [276, 278, 281],
        "acts" : [16, 15],
        "tstate" : { "idle" : 993977, "run" : 6388, "locked" : 0, "mmap" : 0 }
      },
      "00058" : {
        "mmconts" : [276, 278, 281],
        "acts" : [16, 15],
        "tstate" : { "idle" : 994275, "run" : 6090, "locked" : 0, "mmap" : 0 }
      }
    }
  },
  "benchmark_io" : {
    "simple_times" : {
      "mcount" : {
        "mcount" : { "10 -- 16" : 13, "6 -- 10" : 2 }
      }
    },
    "stream_method" : {
      "conns" : [15, 14],
      "in" : [2070, 2069],
      "out" : [1110, 1109],
      "mmtasks" : [0, 0, 1],
      "load" : 0.024,
      "mcount" : {
        "mcount" : { "Success" : 15 }
      },
      "http_proto0" : {
        "mcount" : {
          "mcount" : { "OK" : 15 }
        }
      },
      "source_log" : {
        "delta" : [0, 0, 0]
      },
      "loggers" : {
        "brief_logger" : {
          "records" : [15, 14],
          "out" : [874, 873]
        }
      }
    }
  }
},
"2023-08-29 13:48:08.864 +0000" : {
  "main_scheduler" : {
    "bqs" : {
      "00056" : {
        "mmconts" : [272, 274, 277],
        "acts" : [17, 16],
        "tstate" : { "idle" : 993479, "run" : 6852, "locked" : 0, "mmap" : 0 }
      },
      "00057" : {
        "mmconts" : [271, 273, 276],
        "acts" : [16, 15],
        "tstate" : { "idle" : 994264, "run" : 6076, "locked" : 0, "mmap" : 0 }
      },
      "00058" : {
        "mmconts" : [272, 274, 276],
        "acts" : [14, 13],
        "tstate" : { "idle" : 995130, "run" : 5210, "locked" : 0, "mmap" : 0 }
      }
    }
  },
  "benchmark_io" : {
    "simple_times" : {
      "mcount" : {
        "mcount" : { "10 -- 16" : 14 }
      }
    },
    "stream_method" : {
      "conns" : [14, 13],
      "in" : [1932, 1931],
      "out" : [1036, 1035],
      "mmtasks" : [0, 0, 1],
      "load" : 0.024,
      "mcount" : {
        "mcount" : { "Success" : 14 }
      },
      "http_proto0" : {
        "mcount" : {
          "mcount" : { "OK" : 14 }
        }
      },
      "source_log" : {
        "delta" : [0, 0, 0]
      },
      "loggers" : {
        "brief_logger" : {
          "records" : [14, 13],
          "out" : [820, 819]
        }
      }
    }
  }
},
"2023-08-29 13:48:09.864 +0000" : {
  "main_scheduler" : {
    "bqs" : {
      "00056" : {
        "mmconts" : [267, 269, 272],
        "acts" : [17, 16],
        "tstate" : { "idle" : 993376, "run" : 6694, "locked" : 0, "mmap" : 0 }
      },
      "00057" : {
        "mmconts" : [266, 268, 271],
        "acts" : [16, 15],
        "tstate" : { "idle" : 993891, "run" : 6169, "locked" : 0, "mmap" : 0 }
      },
      "00058" : {
        "mmconts" : [266, 269, 272],
        "acts" : [18, 17],
        "tstate" : { "idle" : 992517, "run" : 7543, "locked" : 0, "mmap" : 0 }
      }
    }
  },
  "benchmark_io" : {
    "simple_times" : {
      "mcount" : {
        "mcount" : { "10 -- 16" : 14, "6 -- 10" : 2 }
      }
    },
    "stream_method" : {
      "conns" : [16, 15],
      "in" : [2208, 2207],
      "out" : [1184, 1183],
      "mmtasks" : [0, 0, 1],
      "load" : 0.025,
      "mcount" : {
        "mcount" : { "Success" : 16 }
      },
      "http_proto0" : {
        "mcount" : {
          "mcount" : { "OK" : 16 }
        }
      },
      "source_log" : {
        "delta" : [0, 0, 0]
      },
      "loggers" : {
        "brief_logger" : {
          "records" : [16, 15],
          "out" : [931, 930]
        }
      }
    }
  }
},
"2023-08-29 13:48:10.863 +0000" : {
  "main_scheduler" : {
    "bqs" : {
      "00056" : {
        "mmconts" : [262, 264, 267],
        "acts" : [17, 17],
        "tstate" : { "idle" : 992047, "run" : 7222, "locked" : 0, "mmap" : 0 }
      },
      "00057" : {
        "mmconts" : [261, 263, 266],
        "acts" : [16, 16],
        "tstate" : { "idle" : 992824, "run" : 6445, "locked" : 0, "mmap" : 0 }
      },
      "00058" : {
        "mmconts" : [261, 263, 266],
        "acts" : [16, 16],
        "tstate" : { "idle" : 993252, "run" : 6017, "locked" : 0, "mmap" : 0 }
      }
    }
  },
  "benchmark_io" : {
    "simple_times" : {
      "mcount" : {
        "mcount" : { "10 -- 16" : 13, "6 -- 10" : 2 }
      }
    },
    "stream_method" : {
      "conns" : [15, 15],
      "in" : [2070, 2071],
      "out" : [1110, 1110],
      "mmtasks" : [0, 0, 1],
      "load" : 0.024,
      "mcount" : {
        "mcount" : { "Success" : 15 }
      },
      "http_proto0" : {
        "mcount" : {
          "mcount" : { "OK" : 15 }
        }
      },
      "source_log" : {
        "delta" : [0, 0, 0]
      },
      "loggers" : {
        "brief_logger" : {
          "records" : [15, 15],
          "out" : [870, 870]
        }
      }
    }
  }
},
"2023-08-29 13:48:11.864 +0000" : {
  "main_scheduler" : {
    "bqs" : {
      "00056" : {
        "mmconts" : [256, 258, 262],
        "acts" : [20, 19],
        "tstate" : { "idle" : 992204, "run" : 9010, "locked" : 0, "mmap" : 0 }
      },
      "00057" : {
        "mmconts" : [255, 258, 261],
        "acts" : [19, 18],
        "tstate" : { "idle" : 993339, "run" : 7874, "locked" : 0, "mmap" : 0 }
      },
      "00058" : {
        "mmconts" : [257, 258, 261],
        "acts" : [13, 12],
        "tstate" : { "idle" : 995457, "run" : 5756, "locked" : 0, "mmap" : 0 }
      }
    }
  },
  "benchmark_io" : {
    "simple_times" : {
      "mcount" : {
        "mcount" : { "10 -- 16" : 11, "6 -- 10" : 5 }
      }
    },
    "stream_method" : {
      "conns" : [16, 15],
      "in" : [2208, 2205],
      "out" : [1184, 1182],
      "mmtasks" : [0, 0, 1],
      "load" : 0.027,
      "mcount" : {
        "mcount" : { "Success" : 16 }
      },
      "http_proto0" : {
        "mcount" : {
          "mcount" : { "OK" : 16 }
        }
      },
      "source_log" : {
        "delta" : [0, 0, 0]
      },
      "loggers" : {
        "brief_logger" : {
          "records" : [16, 15],
          "out" : [925, 923]
        }
      }
    }
  }
},
"2023-08-29 13:48:12.864 +0000" : {
  "main_scheduler" : {
    "bqs" : {
      "00056" : {
        "mmconts" : [247, 251, 256],
        "acts" : [29, 29],
        "tstate" : { "idle" : 987069, "run" : 12787, "locked" : 0, "mmap" : 0 }
      },
      "00057" : {
        "mmconts" : [247, 251, 255],
        "acts" : [25, 25],
        "tstate" : { "idle" : 990458, "run" : 9399, "locked" : 0, "mmap" : 0 }
      },
      "00058" : {
        "mmconts" : [257, 257, 257],
        "acts" : [1, 1],
        "tstate" : { "idle" : 998544, "run" : 1313, "locked" : 0, "mmap" : 0 }
      }
    }
  },
  "benchmark_io" : {
    "simple_times" : {
      "mcount" : {
        "mcount" : { "10 -- 16" : 7, "6 -- 10" : 8, "4 -- 6" : 2 }
      }
    },
    "stream_method" : {
      "conns" : [17, 17],
      "in" : [2346, 2346],
      "out" : [1258, 1258],
      "mmtasks" : [0, 0, 1],
      "load" : 0.040,
      "mcount" : {
        "mcount" : { "Success" : 17 }
      },
      "http_proto0" : {
        "mcount" : {
          "mcount" : { "OK" : 17 }
        }
      },
      "source_log" : {
        "delta" : [0, 0, 0]
      },
      "loggers" : {
        "brief_logger" : {
          "records" : [17, 17],
          "out" : [970, 970]
        }
      }
    }
  }
},
"2023-08-29 13:48:13.864 +0000" : {
  "main_scheduler" : {
    "bqs" : {
      "00056" : {
        "mmconts" : [239, 243, 247],
        "acts" : [26, 26],
        "tstate" : { "idle" : 988960, "run" : 10718, "locked" : 0, "mmap" : 0 }
      },
      "00057" : {
        "mmconts" : [238, 242, 247],
        "acts" : [28, 28],
        "tstate" : { "idle" : 988855, "run" : 10822, "locked" : 0, "mmap" : 0 }
      },
      "00058" : {
        "mmconts" : [257, 257, 257],
        "acts" : [1, 1],
        "tstate" : { "idle" : 998195, "run" : 1482, "locked" : 0, "mmap" : 0 }
      }
    }
  },
  "benchmark_io" : {
    "simple_times" : {
      "mcount" : {
        "mcount" : { "10 -- 16" : 12, "6 -- 10" : 5 }
      }
    },
    "stream_method" : {
      "conns" : [17, 17],
      "in" : [2346, 2346],
      "out" : [1258, 1258],
      "mmtasks" : [0, 0, 1],
      "load" : 0.033,
      "mcount" : {
        "mcount" : { "Success" : 17 }
      },
      "http_proto0" : {
        "mcount" : {
          "mcount" : { "OK" : 17 }
        }
      },
      "source_log" : {
        "delta" : [0, 0, 0]
      },
      "loggers" : {
        "brief_logger" : {
          "records" : [17, 17],
          "out" : [983, 983]
        }
      }
    }
  }
},
"2023-08-29 13:48:14.863 +0000" : {
  "main_scheduler" : {
    "bqs" : {
      "00056" : {
        "mmconts" : [230, 234, 239],
        "acts" : [29, 29],
        "tstate" : { "idle" : 988716, "run" : 10574, "locked" : 0, "mmap" : 0 }
      },
      "00057" : {
        "mmconts" : [230, 234, 238],
        "acts" : [25, 25],
        "tstate" : { "idle" : 990985, "run" : 8308, "locked" : 0, "mmap" : 0 }
      },
      "00058" : {
        "mmconts" : [257, 257, 257],
        "acts" : [1, 1],
        "tstate" : { "idle" : 997947, "run" : 1346, "locked" : 0, "mmap" : 0 }
      }
    }
  },
  "benchmark_io" : {
    "simple_times" : {
      "mcount" : {
        "mcount" : { "16 -- 25" : 1, "10 -- 16" : 13, "6 -- 10" : 2, "4 -- 6" : 1 }
      }
    },
    "stream_method" : {
      "conns" : [17, 17],
      "in" : [2346, 2347],
      "out" : [1258, 1258],
      "mmtasks" : [0, 0, 1],
      "load" : 0.025,
      "mcount" : {
        "mcount" : { "Success" : 17 }
      },
      "http_proto0" : {
        "mcount" : {
          "mcount" : { "OK" : 17 }
        }
      },
      "source_log" : {
        "delta" : [0, 0, 0]
      },
      "loggers" : {
        "brief_logger" : {
          "records" : [17, 17],
          "out" : [987, 987]
        }
      }
    }
  }
},
"2023-08-29 13:48:15.864 +0000" : {
  "main_scheduler" : {
    "bqs" : {
      "00056" : {
        "mmconts" : [225, 226, 230],
        "acts" : [17, 16],
        "tstate" : { "idle" : 994014, "run" : 6704, "locked" : 0, "mmap" : 0 }
      },
      "00057" : {
        "mmconts" : [217, 224, 230],
        "acts" : [40, 39],
        "tstate" : { "idle" : 986815, "run" : 13899, "locked" : 0, "mmap" : 0 }
      },
      "00058" : {
        "mmconts" : [257, 257, 257],
        "acts" : [1, 0],
        "tstate" : { "idle" : 999169, "run" : 1545, "locked" : 0, "mmap" : 0 }
      }
    }
  },
  "benchmark_io" : {
    "simple_times" : {
      "mcount" : {
        "mcount" : { "10 -- 16" : 13, "6 -- 10" : 5 }
      }
    },
    "stream_method" : {
      "conns" : [18, 17],
      "in" : [2484, 2482],
      "out" : [1332, 1331],
      "mmtasks" : [0, 0, 1],
      "load" : 0.023,
      "mcount" : {
        "mcount" : { "Success" : 18 }
      },
      "http_proto0" : {
        "mcount" : {
          "mcount" : { "OK" : 18 }
        }
      },
      "source_log" : {
        "delta" : [0, 0, 0]
      },
      "loggers" : {
        "brief_logger" : {
          "records" : [18, 17],
          "out" : [1042, 1041]
        }
      }
    }
  }
},
"2023-08-29 13:48:16.864 +0000" : {
  "main_scheduler" : {
    "bqs" : {
      "00056" : {
        "mmconts" : [222, 224, 225],
        "acts" : [11, 10],
        "tstate" : { "idle" : 995732, "run" : 4484, "locked" : 0, "mmap" : 0 }
      },
      "00057" : {
        "mmconts" : [202, 208, 217],
        "acts" : [46, 45],
        "tstate" : { "idle" : 984042, "run" : 16176, "locked" : 0, "mmap" : 0 }
      },
      "00058" : {
        "mmconts" : [257, 257, 257],
        "acts" : [1, 0],
        "tstate" : { "idle" : 998925, "run" : 1293, "locked" : 0, "mmap" : 0 }
      }
    }
  },
  "benchmark_io" : {
    "simple_times" : {
      "mcount" : {
        "mcount" : { "10 -- 16" : 14, "6 -- 10" : 4 }
      }
    },
    "stream_method" : {
      "conns" : [18, 17],
      "in" : [2484, 2483],
      "out" : [1332, 1331],
      "mmtasks" : [0, 0, 1],
      "load" : 0.024,
      "mcount" : {
        "mcount" : { "Success" : 18 }
      },
      "http_proto0" : {
        "mcount" : {
          "mcount" : { "OK" : 18 }
        }
      },
      "source_log" : {
        "delta" : [0, 0, 0]
      },
      "loggers" : {
        "brief_logger" : {
          "records" : [18, 17],
          "out" : [1044, 1043]
        }
      }
    }
  }
},
"2023-08-29 13:48:17.864 +0000" : {
  "main_scheduler" : {
    "bqs" : {
      "00056" : {
        "mmconts" : [204, 213, 222],
        "acts" : [56, 56],
        "tstate" : { "idle" : 980442, "run" : 18993, "locked" : 0, "mmap" : 0 }
      },
      "00057" : {
        "mmconts" : [202, 202, 202],
        "acts" : [1, 1],
        "tstate" : { "idle" : 998243, "run" : 1198, "locked" : 0, "mmap" : 0 }
      },
      "00058" : {
        "mmconts" : [257, 257, 257],
        "acts" : [1, 1],
        "tstate" : { "idle" : 998123, "run" : 1318, "locked" : 0, "mmap" : 0 }
      }
    }
  },
  "benchmark_io" : {
    "simple_times" : {
      "mcount" : {
        "mcount" : { "10 -- 16" : 10, "6 -- 10" : 8 }
      }
    },
    "stream_method" : {
      "conns" : [18, 18],
      "in" : [2484, 2485],
      "out" : [1332, 1332],
      "mmtasks" : [0, 0, 1],
      "load" : 0.023,
      "mcount" : {
        "mcount" : { "Success" : 18 }
      },
      "http_proto0" : {
        "mcount" : {
          "mcount" : { "OK" : 18 }
        }
      },
      "source_log" : {
        "delta" : [0, 0, 0]
      },
      "loggers" : {
        "brief_logger" : {
          "records" : [18, 18],
          "out" : [1032, 1032]
        }
      }
    }
  }
},
"2023-08-29 13:48:18.864 +0000" : {
  "main_scheduler" : {
    "bqs" : {
      "00056" : {
        "mmconts" : [194, 198, 204],
        "acts" : [32, 32],
        "tstate" : { "idle" : 988276, "run" : 11626, "locked" : 0, "mmap" : 0 }
      },
      "00057" : {
        "mmconts" : [193, 197, 202],
        "acts" : [28, 28],
        "tstate" : { "idle" : 989701, "run" : 10194, "locked" : 0, "mmap" : 0 }
      },
      "00058" : {
        "mmconts" : [257, 257, 257],
        "acts" : [1, 1],
        "tstate" : { "idle" : 998553, "run" : 1342, "locked" : 0, "mmap" : 0 }
      }
    }
  },
  "benchmark_io" : {
    "simple_times" : {
      "mcount" : {
        "mcount" : { "10 -- 16" : 15, "6 -- 10" : 4 }
      }
    },
    "stream_method" : {
      "conns" : [19, 19],
      "in" : [2622, 2622],
      "out" : [1406, 1406],
      "mmtasks" : [0, 0, 1],
      "load" : 0.027,
      "mcount" : {
        "mcount" : { "Success" : 19 }
      },
      "http_proto0" : {
        "mcount" : {
          "mcount" : { "OK" : 19 }
        }
      },
      "source_log" : {
        "delta" : [0, 0, 0]
      },
      "loggers" : {
        "brief_logger" : {
          "records" : [19, 19],
          "out" : [1099, 1099]
        }
      }
    }
  }
},
"2023-08-29 13:48:19.863 +0000" : {
  "main_scheduler" : {
    "bqs" : {
      "00056" : {
        "mmconts" : [184, 188, 194],
        "acts" : [32, 32],
        "tstate" : { "idle" : 987982, "run" : 11952, "locked" : 0, "mmap" : 0 }
      },
      "00057" : {
        "mmconts" : [183, 188, 193],
        "acts" : [31, 31],
        "tstate" : { "idle" : 989576, "run" : 10356, "locked" : 0, "mmap" : 0 }
      },
      "00058" : {
        "mmconts" : [257, 257, 257],
        "acts" : [1, 1],
        "tstate" : { "idle" : 998683, "run" : 1249, "locked" : 0, "mmap" : 0 }
      }
    }
  },
  "benchmark_io" : {
    "simple_times" : {
      "mcount" : {
        "mcount" : { "10 -- 16" : 13, "6 -- 10" : 7 }
      }
    },
    "stream_method" : {
      "conns" : [20, 20],
      "in" : [2760, 2760],
      "out" : [1480, 1480],
      "mmtasks" : [0, 0, 1],
      "load" : 0.026,
      "mcount" : {
        "mcount" : { "Success" : 20 }
      },
      "http_proto0" : {
        "mcount" : {
          "mcount" : { "OK" : 20 }
        }
      },
      "source_log" : {
        "delta" : [0, 0, 0]
      },
      "loggers" : {
        "brief_logger" : {
          "records" : [20, 20],
          "out" : [1157, 1157]
        }
      }
    }
  }
},
"2023-08-29 13:48:20.863 +0000" : {
  "main_scheduler" : {
    "bqs" : {
      "00056" : {
        "mmconts" : [178, 179, 184],
        "acts" : [20, 20],
        "tstate" : { "idle" : 992635, "run" : 7225, "locked" : 0, "mmap" : 0 }
      },
      "00057" : {
        "mmconts" : [177, 179, 183],
        "acts" : [19, 19],
        "tstate" : { "idle" : 993347, "run" : 6515, "locked" : 0, "mmap" : 0 }
      },
      "00058" : {
        "mmconts" : [250, 255, 257],
        "acts" : [23, 23],
        "tstate" : { "idle" : 992040, "run" : 7822, "locked" : 0, "mmap" : 0 }
      }
    }
  },
  "benchmark_io" : {
    "simple_times" : {
      "mcount" : {
        "mcount" : { "10 -- 16" : 11, "6 -- 10" : 8 }
      }
    },
    "stream_method" : {
      "conns" : [19, 19],
      "in" : [2622, 2622],
      "out" : [1406, 1406],
      "mmtasks" : [0, 0, 1],
      "load" : 0.025,
      "mcount" : {
        "mcount" : { "Success" : 19 }
      },
      "http_proto0" : {
        "mcount" : {
          "mcount" : { "OK" : 19 }
        }
      },
      "source_log" : {
        "delta" : [0, 0, 0]
      },
      "loggers" : {
        "brief_logger" : {
          "records" : [19, 19],
          "out" : [1088, 1088]
        }
      }
    }
  }
},
"2023-08-29 13:48:21.863 +0000" : {
  "main_scheduler" : {
    "bqs" : {
      "00056" : {
        "mmconts" : [178, 178, 178],
        "acts" : [2, 2],
        "tstate" : { "idle" : 997727, "run" : 2204, "locked" : 0, "mmap" : 0 }
      },
      "00057" : {
        "mmconts" : [177, 177, 177],
        "acts" : [1, 1],
        "tstate" : { "idle" : 998299, "run" : 1630, "locked" : 0, "mmap" : 0 }
      },
      "00058" : {
        "mmconts" : [229, 239, 250],
        "acts" : [63, 63],
        "tstate" : { "idle" : 980208, "run" : 19721, "locked" : 0, "mmap" : 0 }
      }
    }
  },
  "benchmark_io" : {
    "simple_times" : {
      "mcount" : {
        "mcount" : { "10 -- 16" : 11, "6 -- 10" : 9, "4 -- 6" : 1 }
      }
    },
    "stream_method" : {
      "conns" : [21, 21],
      "in" : [2898, 2898],
      "out" : [1554, 1554],
      "mmtasks" : [0, 0, 1],
      "load" : 0.024,
      "mcount" : {
        "mcount" : { "Success" : 21 }
      },
      "http_proto0" : {
        "mcount" : {
          "mcount" : { "OK" : 21 }
        }
      },
      "source_log" : {
        "delta" : [0, 0, 0]
      },
      "loggers" : {
        "brief_logger" : {
          "records" : [21, 20],
          "out" : [1201, 1200]
        }
      }
    }
  }
},
"2023-08-29 13:48:22.864 +0000" : {
  "main_scheduler" : {
    "bqs" : {
      "00056" : {
        "mmconts" : [177, 177, 178],
        "acts" : [5, 4],
        "tstate" : { "idle" : 997166, "run" : 3124, "locked" : 0, "mmap" : 0 }
      },
      "00057" : {
        "mmconts" : [177, 177, 177],
        "acts" : [1, 0],
        "tstate" : { "idle" : 999036, "run" : 1256, "locked" : 0, "mmap" : 0 }
      },
      "00058" : {
        "mmconts" : [210, 219, 229],
        "acts" : [58, 57],
        "tstate" : { "idle" : 981024, "run" : 19269, "locked" : 0, "mmap" : 0 }
      }
    }
  },
  "benchmark_io" : {
    "simple_times" : {
      "mcount" : {
        "mcount" : { "10 -- 16" : 17, "6 -- 10" : 2, "4 -- 6" : 1 }
      }
    },
    "stream_method" : {
      "conns" : [20, 19],
      "in" : [2760, 2759],
      "out" : [1480, 1479],
      "mmtasks" : [0, 0, 1],
      "load" : 0.026,
      "mcount" : {
        "mcount" : { "Success" : 20 }
      },
      "http_proto0" : {
        "mcount" : {
          "mcount" : { "OK" : 20 }
        }
      },
      "source_log" : {
        "delta" : [0, 0, 0]
      },
      "loggers" : {
        "brief_logger" : {
          "records" : [20, 19],
          "out" : [1165, 1164]
        }
      }
    }
  }
},
"2023-08-29 13:48:23.863 +0000" : {
  "main_scheduler" : {
    "bqs" : {
      "00056" : {
        "mmconts" : [177, 177, 177],
        "acts" : [2, 2],
        "tstate" : { "idle" : 997585, "run" : 2326, "locked" : 0, "mmap" : 0 }
      },
      "00057" : {
        "mmconts" : [177, 177, 177],
        "acts" : [1, 1],
        "tstate" : { "idle" : 998621, "run" : 1298, "locked" : 0, "mmap" : 0 }
      },
      "00058" : {
        "mmconts" : [189, 199, 210],
        "acts" : [64, 64],
        "tstate" : { "idle" : 974860, "run" : 25058, "locked" : 0, "mmap" : 0 }
      }
    }
  },
  "benchmark_io" : {
    "simple_times" : {
      "mcount" : {
        "mcount" : { "10 -- 16" : 1, "6 -- 10" : 13, "4 -- 6" : 7 }
      }
    },
    "stream_method" : {
      "conns" : [21, 21],
      "in" : [2898, 2898],
      "out" : [1554, 1554],
      "mmtasks" : [0, 0, 1],
      "load" : 0.049,
      "mcount" : {
        "mcount" : { "Success" : 21 }
      },
      "http_proto0" : {
        "mcount" : {
          "mcount" : { "OK" : 21 }
        }
      },
      "source_log" : {
        "delta" : [0, 0, 0]
      },
      "loggers" : {
        "brief_logger" : {
          "records" : [21, 21],
          "out" : [1179, 1179]
        }
      }
    }
  }
},
"2023-08-29 13:48:24.864 +0000" : {
  "main_scheduler" : {
    "bqs" : {
      "00056" : {
        "mmconts" : [174, 176, 177],
        "acts" : [11, 10],
        "tstate" : { "idle" : 995559, "run" : 5067, "locked" : 0, "mmap" : 0 }
      },
      "00057" : {
        "mmconts" : [174, 176, 177],
        "acts" : [10, 9],
        "tstate" : { "idle" : 996567, "run" : 4051, "locked" : 0, "mmap" : 0 }
      },
      "00058" : {
        "mmconts" : [173, 179, 189],
        "acts" : [49, 48],
        "tstate" : { "idle" : 984714, "run" : 15904, "locked" : 0, "mmap" : 0 }
      }
    }
  },
  "benchmark_io" : {
    "simple_times" : {
      "mcount" : {
        "mcount" : { "10 -- 16" : 10, "6 -- 10" : 12 }
      }
    },
    "stream_method" : {
      "conns" : [22, 21],
      "in" : [3036, 3034],
      "out" : [1628, 1627],
      "mmtasks" : [0, 0, 1],
      "load" : 0.026,
      "mcount" : {
        "mcount" : { "Success" : 22 }
      },
      "http_proto0" : {
        "mcount" : {
          "mcount" : { "OK" : 22 }
        }
      },
      "source_log" : {
        "delta" : [0, 0, 0]
      },
      "loggers" : {
        "brief_logger" : {
          "records" : [22, 21],
          "out" : [1254, 1253]
        }
      }
    }
  }
},
"2023-08-29 13:48:25.864 +0000" : {
  "main_scheduler" : {
    "bqs" : {
      "00056" : {
        "mmconts" : [167, 170, 174],
        "acts" : [23, 23],
        "tstate" : { "idle" : 991582, "run" : 7809, "locked" : 0, "mmap" : 100 }
      },
      "00057" : {
        "mmconts" : [166, 170, 174],
        "acts" : [25, 25],
        "tstate" : { "idle" : 991644, "run" : 7750, "locked" : 0, "mmap" : 97 }
      },
      "00058" : {
        "mmconts" : [166, 169, 173],
        "acts" : [22, 22],
        "tstate" : { "idle" : 991761, "run" : 7621, "locked" : 0, "mmap" : 110 }
      }
    }
  },
  "benchmark_io" : {
    "simple_times" : {
      "mcount" : {
        "mcount" : { "10 -- 16" : 12, "6 -- 10" : 10 }
      }
    },
    "stream_method" : {
      "conns" : [22, 22],
      "in" : [3036, 3037],
      "out" : [1628, 1628],
      "mmtasks" : [0, 0, 1],
      "load" : 0.023,
      "mcount" : {
        "mcount" : { "Success" : 22 }
      },
      "http_proto0" : {
        "mcount" : {
          "mcount" : { "OK" : 22 }
        }
      },
      "source_log" : {
        "delta" : [0, 0, 0]
      },
      "loggers" : {
        "brief_logger" : {
          "records" : [22, 22],
          "out" : [1261, 1261]
        }
      }
    }
  }
},
"2023-08-29 13:48:26.864 +0000" : {
  "main_scheduler" : {
    "bqs" : {
      "00056" : {
        "mmconts" : [160, 163, 167],
        "acts" : [23, 22],
        "tstate" : { "idle" : 991759, "run" : 8101, "locked" : 0, "mmap" : 516 }
      },
      "00057" : {
        "mmconts" : [159, 162, 166],
        "acts" : [22, 21],
        "tstate" : { "idle" : 991827, "run" : 8003, "locked" : 0, "mmap" : 546 }
      },
      "00058" : {
        "mmconts" : [158, 162, 166],
        "acts" : [25, 24],
        "tstate" : { "idle" : 991503, "run" : 8298, "locked" : 0, "mmap" : 574 }
      }
    }
  },
  "benchmark_io" : {
    "simple_times" : {
      "mcount" : {
        "mcount" : { "10 -- 16" : 13, "6 -- 10" : 9 }
      }
    },
    "stream_method" : {
      "conns" : [22, 21],
      "in" : [3036, 3034],
      "out" : [1628, 1627],
      "mmtasks" : [0, 0, 1],
      "load" : 0.023,
      "mcount" : {
        "mcount" : { "Success" : 22 }
      },
      "http_proto0" : {
        "mcount" : {
          "mcount" : { "OK" : 22 }
        }
      },
      "source_log" : {
        "delta" : [0, 0, 0]
      },
      "loggers" : {
        "brief_logger" : {
          "records" : [22, 21],
          "out" : [1263, 1262]
        }
      }
    }
  }
},
"2023-08-29 13:48:27.863 +0000" : {
  "main_scheduler" : {
    "bqs" : {
      "00056" : {
        "mmconts" : [152, 155, 160],
        "acts" : [26, 26],
        "tstate" : { "idle" : 989723, "run" : 9191, "locked" : 0, "mmap" : 620 }
      },
      "00057" : {
        "mmconts" : [151, 155, 159],
        "acts" : [25, 25],
        "tstate" : { "idle" : 990345, "run" : 8526, "locked" : 0, "mmap" : 664 }
      },
      "00058" : {
        "mmconts" : [151, 154, 158],
        "acts" : [22, 22],
        "tstate" : { "idle" : 991341, "run" : 7710, "locked" : 0, "mmap" : 484 }
      }
    }
  },
  "benchmark_io" : {
    "simple_times" : {
      "mcount" : {
        "mcount" : { "10 -- 16" : 17, "6 -- 10" : 6 }
      }
    },
    "stream_method" : {
      "conns" : [23, 23],
      "in" : [3174, 3175],
      "out" : [1702, 1702],
      "mmtasks" : [0, 0, 1],
      "load" : 0.023,
      "mcount" : {
        "mcount" : { "Success" : 23 }
      },
      "http_proto0" : {
        "mcount" : {
          "mcount" : { "OK" : 23 }
        }
      },
      "source_log" : {
        "delta" : [0, 0, 0]
      },
      "loggers" : {
        "brief_logger" : {
          "records" : [23, 23],
          "out" : [1327, 1327]
        }
      }
    }
  }
},
"2023-08-29 13:48:28.863 +0000" : {
  "main_scheduler" : {
    "bqs" : {
      "00056" : {
        "mmconts" : [144, 148, 152],
        "acts" : [26, 26],
        "tstate" : { "idle" : 990613, "run" : 8726, "locked" : 0, "mmap" : 540 }
      },
      "00057" : {
        "mmconts" : [144, 147, 151],
        "acts" : [22, 22],
        "tstate" : { "idle" : 991579, "run" : 7793, "locked" : 0, "mmap" : 509 }
      },
      "00058" : {
        "mmconts" : [143, 146, 151],
        "acts" : [25, 25],
        "tstate" : { "idle" : 990861, "run" : 8452, "locked" : 0, "mmap" : 568 }
      }
    }
  },
  "benchmark_io" : {
    "simple_times" : {
      "mcount" : {
        "mcount" : { "10 -- 16" : 14, "6 -- 10" : 9 }
      }
    },
    "stream_method" : {
      "conns" : [23, 23],
      "in" : [3174, 3174],
      "out" : [1702, 1702],
      "mmtasks" : [0, 0, 1],
      "load" : 0.025,
      "mcount" : {
        "mcount" : { "Success" : 23 }
      },
      "http_proto0" : {
        "mcount" : {
          "mcount" : { "OK" : 23 }
        }
      },
      "source_log" : {
        "delta" : [0, 0, 0]
      },
      "loggers" : {
        "brief_logger" : {
          "records" : [23, 22],
          "out" : [1320, 1319]
        }
      }
    }
  }
},
"2023-08-29 13:48:29.864 +0000" : {
  "main_scheduler" : {
    "bqs" : {
      "00056" : {
        "mmconts" : [137, 140, 144],
        "acts" : [23, 22],
        "tstate" : { "idle" : 992231, "run" : 8026, "locked" : 0, "mmap" : 513 }
      },
      "00057" : {
        "mmconts" : [136, 139, 144],
        "acts" : [26, 25],
        "tstate" : { "idle" : 991360, "run" : 8765, "locked" : 0, "mmap" : 644 }
      },
      "00058" : {
        "mmconts" : [135, 139, 143],
        "acts" : [25, 24],
        "tstate" : { "idle" : 991312, "run" : 8821, "locked" : 0, "mmap" : 636 }
      }
    }
  },
  "benchmark_io" : {
    "simple_times" : {
      "mcount" : {
        "mcount" : { "10 -- 16" : 11, "6 -- 10" : 12 }
      }
    },
    "stream_method" : {
      "conns" : [23, 22],
      "in" : [3174, 3171],
      "out" : [1702, 1700],
      "mmtasks" : [0, 0, 1],
      "load" : 0.024,
      "mcount" : {
        "mcount" : { "Success" : 23 }
      },
      "http_proto0" : {
        "mcount" : {
          "mcount" : { "OK" : 23 }
        }
      },
      "source_log" : {
        "delta" : [0, 0, 0]
      },
      "loggers" : {
        "brief_logger" : {
          "records" : [23, 22],
          "out" : [1310, 1308]
        }
      }
    }
  }
},
"2023-08-29 13:48:30.864 +0000" : {
  "main_scheduler" : {
    "bqs" : {
      "00056" : {
        "mmconts" : [129, 133, 137],
        "acts" : [26, 26],
        "tstate" : { "idle" : 989862, "run" : 8838, "locked" : 0, "mmap" : 767 }
      },
      "00057" : {
        "mmconts" : [128, 131, 136],
        "acts" : [24, 24],
        "tstate" : { "idle" : 990761, "run" : 8085, "locked" : 0, "mmap" : 623 }
      },
      "00058" : {
        "mmconts" : [127, 131, 135],
        "acts" : [25, 25],
        "tstate" : { "idle" : 989561, "run" : 9273, "locked" : 0, "mmap" : 635 }
      }
    }
  },
  "benchmark_io" : {
    "simple_times" : {
      "mcount" : {
        "mcount" : { "10 -- 16" : 12, "6 -- 10" : 11, "4 -- 6" : 1 }
      }
    },
    "stream_method" : {
      "conns" : [24, 24],
      "in" : [3312, 3313],
      "out" : [1776, 1776],
      "mmtasks" : [0, 0, 1],
      "load" : 0.023,
      "mcount" : {
        "mcount" : { "Success" : 24 }
      },
      "http_proto0" : {
        "mcount" : {
          "mcount" : { "OK" : 24 }
        }
      },
      "source_log" : {
        "delta" : [0, 0, 0]
      },
      "loggers" : {
        "brief_logger" : {
          "records" : [24, 24],
          "out" : [1375, 1375]
        }
      }
    }
  }
},
"2023-08-29 13:48:31.864 +0000" : {
  "main_scheduler" : {
    "bqs" : {
      "00056" : {
        "mmconts" : [120, 124, 129],
        "acts" : [29, 29],
        "tstate" : { "idle" : 989422, "run" : 9816, "locked" : 0, "mmap" : 689 }
      },
      "00057" : {
        "mmconts" : [120, 123, 128],
        "acts" : [25, 25],
        "tstate" : { "idle" : 991007, "run" : 8347, "locked" : 0, "mmap" : 569 }
      },
      "00058" : {
        "mmconts" : [119, 123, 127],
        "acts" : [25, 25],
        "tstate" : { "idle" : 990610, "run" : 8709, "locked" : 0, "mmap" : 604 }
      }
    }
  },
  "benchmark_io" : {
    "simple_times" : {
      "mcount" : {
        "mcount" : { "16 -- 25" : 1, "10 -- 16" : 13, "6 -- 10" : 9, "4 -- 6" : 2 }
      }
    },
    "stream_method" : {
      "conns" : [25, 25],
      "in" : [3450, 3450],
      "out" : [1850, 1850],
      "mmtasks" : [0, 0, 1],
      "load" : 0.024,
      "mcount" : {
        "mcount" : { "Success" : 25 }
      },
      "http_proto0" : {
        "mcount" : {
          "mcount" : { "OK" : 25 }
        }
      },
      "source_log" : {
        "delta" : [0, 0, 0]
      },
      "loggers" : {
        "brief_logger" : {
          "records" : [25, 25],
          "out" : [1434, 1434]
        }
      }
    }
  }
},
"2023-08-29 13:48:32.863 +0000" : {
  "main_scheduler" : {
    "bqs" : {
      "00056" : {
        "mmconts" : [113, 116, 120],
        "acts" : [23, 23],
        "tstate" : { "idle" : 991390, "run" : 7965, "locked" : 0, "mmap" : 601 }
      },
      "00057" : {
        "mmconts" : [111, 115, 120],
        "acts" : [28, 28],
        "tstate" : { "idle" : 990104, "run" : 9190, "locked" : 0, "mmap" : 665 }
      },
      "00058" : {
        "mmconts" : [111, 115, 119],
        "acts" : [26, 26],
        "tstate" : { "idle" : 990456, "run" : 8863, "locked" : 0, "mmap" : 640 }
      }
    }
  },
  "benchmark_io" : {
    "simple_times" : {
      "mcount" : {
        "mcount" : { "10 -- 16" : 11, "6 -- 10" : 13 }
      }
    },
    "stream_method" : {
      "conns" : [24, 24],
      "in" : [3312, 3312],
      "out" : [1776, 1776],
      "mmtasks" : [0, 0, 1],
      "load" : 0.026,
      "mcount" : {
        "mcount" : { "Success" : 24 }
      },
      "http_proto0" : {
        "mcount" : {
          "mcount" : { "OK" : 24 }
        }
      },
      "source_log" : {
        "delta" : [0, 0, 0]
      },
      "loggers" : {
        "brief_logger" : {
          "records" : [24, 23],
          "out" : [1367, 1366]
        }
      }
    }
  }
},
"2023-08-29 13:48:33.864 +0000" : {
  "main_scheduler" : {
    "bqs" : {
      "00056" : {
        "mmconts" : [103, 107, 113],
        "acts" : [32, 31],
        "tstate" : { "idle" : 986383, "run" : 12989, "locked" : 0, "mmap" : 786 }
      },
      "00057" : {
        "mmconts" : [103, 107, 111],
        "acts" : [25, 24],
        "tstate" : { "idle" : 990271, "run" : 9214, "locked" : 0, "mmap" : 668 }
      },
      "00058" : {
        "mmconts" : [103, 106, 111],
        "acts" : [24, 23],
        "tstate" : { "idle" : 990258, "run" : 9273, "locked" : 0, "mmap" : 622 }
      }
    }
  },
  "benchmark_io" : {
    "simple_times" : {
      "mcount" : {
        "mcount" : { "10 -- 16" : 9, "6 -- 10" : 14, "4 -- 6" : 3 }
      }
    },
    "stream_method" : {
      "conns" : [26, 25],
      "in" : [3588, 3587],
      "out" : [1924, 1923],
      "mmtasks" : [0, 0, 1],
      "load" : 0.035,
      "mcount" : {
        "mcount" : { "Success" : 26 }
      },
      "http_proto0" : {
        "mcount" : {
          "mcount" : { "OK" : 26 }
        }
      },
      "source_log" : {
        "delta" : [0, 0, 0]
      },
      "loggers" : {
        "brief_logger" : {
          "records" : [26, 26],
          "out" : [1479, 1479]
        }
      }
    }
  }
},
"2023-08-29 13:48:34.864 +0000" : {
  "main_scheduler" : {
    "bqs" : {
      "00056" : {
        "mmconts" : [95, 98, 103],
        "acts" : [26, 26],
        "tstate" : { "idle" : 989838, "run" : 9475, "locked" : 0, "mmap" : 578 }
      },
      "00057" : {
        "mmconts" : [94, 99, 103],
        "acts" : [28, 28],
        "tstate" : { "idle" : 988749, "run" : 10456, "locked" : 0, "mmap" : 687 }
      },
      "00058" : {
        "mmconts" : [95, 98, 103],
        "acts" : [25, 25],
        "tstate" : { "idle" : 990649, "run" : 8674, "locked" : 0, "mmap" : 569 }
      }
    }
  },
  "benchmark_io" : {
    "simple_times" : {
      "mcount" : {
        "mcount" : { "10 -- 16" : 5, "6 -- 10" : 13, "4 -- 6" : 7 }
      }
    },
    "stream_method" : {
      "conns" : [25, 25],
      "in" : [3450, 3450],
      "out" : [1850, 1850],
      "mmtasks" : [0, 0, 1],
      "load" : 0.034,
      "mcount" : {
        "mcount" : { "Success" : 25 }
      },
      "http_proto0" : {
        "mcount" : {
          "mcount" : { "OK" : 25 }
        }
      },
      "source_log" : {
        "delta" : [0, 0, 0]
      },
      "loggers" : {
        "brief_logger" : {
          "records" : [25, 25],
          "out" : [1407, 1407]
        }
      }
    }
  }
},
"2023-08-29 13:48:35.864 +0000" : {
  "main_scheduler" : {
    "bqs" : {
      "00056" : {
        "mmconts" : [86, 90, 95],
        "acts" : [29, 28],
        "tstate" : { "idle" : 989719, "run" : 10296, "locked" : 0, "mmap" : 620 }
      },
      "00057" : {
        "mmconts" : [86, 90, 94],
        "acts" : [25, 24],
        "tstate" : { "idle" : 991624, "run" : 8409, "locked" : 0, "mmap" : 606 }
      },
      "00058" : {
        "mmconts" : [86, 89, 95],
        "acts" : [29, 28],
        "tstate" : { "idle" : 987468, "run" : 12476, "locked" : 0, "mmap" : 696 }
      }
    }
  },
  "benchmark_io" : {
    "simple_times" : {
      "mcount" : {
        "mcount" : { "10 -- 16" : 13, "6 -- 10" : 13 }
      }
    },
    "stream_method" : {
      "conns" : [26, 25],
      "in" : [3588, 3585],
      "out" : [1924, 1922],
      "mmtasks" : [0, 0, 1],
      "load" : 0.023,
      "mcount" : {
        "mcount" : { "Success" : 26 }
      },
      "http_proto0" : {
        "mcount" : {
          "mcount" : { "OK" : 26 }
        }
      },
      "source_log" : {
        "delta" : [0, 0, 0]
      },
      "loggers" : {
        "brief_logger" : {
          "records" : [26, 25],
          "out" : [1483, 1481]
        }
      }
    }
  }
},
"2023-08-29 13:48:36.863 +0000" : {
  "main_scheduler" : {
    "bqs" : {
      "00056" : {
        "mmconts" : [77, 81, 86],
        "acts" : [29, 29],
        "tstate" : { "idle" : 988319, "run" : 10258, "locked" : 0, "mmap" : 744 }
      },
      "00057" : {
        "mmconts" : [77, 81, 86],
        "acts" : [28, 28],
        "tstate" : { "idle" : 989884, "run" : 8766, "locked" : 0, "mmap" : 666 }
      },
      "00058" : {
        "mmconts" : [77, 81, 86],
        "acts" : [27, 27],
        "tstate" : { "idle" : 989297, "run" : 9287, "locked" : 0, "mmap" : 731 }
      }
    }
  },
  "benchmark_io" : {
    "simple_times" : {
      "mcount" : {
        "mcount" : { "10 -- 16" : 18, "6 -- 10" : 9 }
      }
    },
    "stream_method" : {
      "conns" : [27, 27],
      "in" : [3726, 3728],
      "out" : [1998, 1999],
      "mmtasks" : [0, 0, 1],
      "load" : 0.022,
      "mcount" : {
        "mcount" : { "Success" : 27 }
      },
      "http_proto0" : {
        "mcount" : {
          "mcount" : { "OK" : 27 }
        }
      },
      "source_log" : {
        "delta" : [0, 0, 0]
      },
      "loggers" : {
        "brief_logger" : {
          "records" : [27, 27],
          "out" : [1554, 1555]
        }
      }
    }
  }
},
"2023-08-29 13:48:37.863 +0000" : {
  "main_scheduler" : {
    "bqs" : {
      "00056" : {
        "mmconts" : [68, 72, 77],
        "acts" : [29, 29],
        "tstate" : { "idle" : 990014, "run" : 9243, "locked" : 0, "mmap" : 630 }
      },
      "00057" : {
        "mmconts" : [69, 72, 77],
        "acts" : [27, 27],
        "tstate" : { "idle" : 991093, "run" : 8152, "locked" : 0, "mmap" : 645 }
      },
      "00058" : {
        "mmconts" : [68, 72, 77],
        "acts" : [28, 28],
        "tstate" : { "idle" : 990672, "run" : 8558, "locked" : 0, "mmap" : 660 }
      }
    }
  },
  "benchmark_io" : {
    "simple_times" : {
      "mcount" : {
        "mcount" : { "10 -- 16" : 12, "6 -- 10" : 14 }
      }
    },
    "stream_method" : {
      "conns" : [27, 27],
      "in" : [3588, 3588],
      "out" : [1998, 1998],
      "mmtasks" : [0, 0, 1],
      "load" : 0.022,
      "mcount" : {
        "mcount" : { "Success" : 26 }
      },
      "http_proto0" : {
        "mcount" : {
          "mcount" : { "OK" : 26 }
        }
      },
      "source_log" : {
        "delta" : [0, 0, 0]
      },
      "loggers" : {
        "brief_logger" : {
          "records" : [27, 26],
          "out" : [1485, 1484]
        }
      }
    }
  }
},
"2023-08-29 13:48:38.864 +0000" : {
  "main_scheduler" : {
    "bqs" : {
      "00056" : {
        "mmconts" : [59, 63, 68],
        "acts" : [29, 28],
        "tstate" : { "idle" : 990403, "run" : 9900, "locked" : 0, "mmap" : 670 }
      },
      "00057" : {
        "mmconts" : [59, 63, 69],
        "acts" : [29, 28],
        "tstate" : { "idle" : 990839, "run" : 9438, "locked" : 0, "mmap" : 696 }
      },
      "00058" : {
        "mmconts" : [59, 63, 68],
        "acts" : [28, 27],
        "tstate" : { "idle" : 991184, "run" : 9163, "locked" : 0, "mmap" : 626 }
      }
    }
  },
  "benchmark_io" : {
    "simple_times" : {
      "mcount" : {
        "mcount" : { "10 -- 16" : 18, "6 -- 10" : 10 }
      }
    },
    "stream_method" : {
      "conns" : [27, 26],
      "in" : [3864, 3860],
      "out" : [1998, 1996],
      "mmtasks" : [0, 0, 1],
      "load" : 0.023,
      "mcount" : {
        "mcount" : { "Success" : 28 }
      },
      "http_proto0" : {
        "mcount" : {
          "mcount" : { "OK" : 28 }
        }
      },
      "source_log" : {
        "delta" : [0, 0, 0]
      },
      "loggers" : {
        "brief_logger" : {
          "records" : [27, 26],
          "out" : [1608, 1606]
        }
      }
    }
  }
},
"2023-08-29 13:48:39.864 +0000" : {
  "main_scheduler" : {
    "bqs" : {
      "00056" : {
        "mmconts" : [50, 54, 59],
        "acts" : [29, 29],
        "tstate" : { "idle" : 989425, "run" : 9569, "locked" : 0, "mmap" : 768 }
      },
      "00057" : {
        "mmconts" : [50, 54, 59],
        "acts" : [28, 28],
        "tstate" : { "idle" : 990373, "run" : 8753, "locked" : 0, "mmap" : 657 }
      },
      "00058" : {
        "mmconts" : [49, 54, 59],
        "acts" : [31, 31],
        "tstate" : { "idle" : 989102, "run" : 9939, "locked" : 0, "mmap" : 742 }
      }
    }
  },
  "benchmark_io" : {
    "simple_times" : {
      "mcount" : {
        "mcount" : { "10 -- 16" : 16, "6 -- 10" : 10, "4 -- 6" : 2 }
      }
    },
    "stream_method" : {
      "conns" : [28, 28],
      "in" : [3864, 3864],
      "out" : [2072, 2072],
      "mmtasks" : [0, 0, 1],
      "load" : 0.024,
      "mcount" : {
        "mcount" : { "Success" : 28 }
      },
      "http_proto0" : {
        "mcount" : {
          "mcount" : { "OK" : 28 }
        }
      },
      "source_log" : {
        "delta" : [0, 0, 0]
      },
      "loggers" : {
        "brief_logger" : {
          "records" : [28, 28],
          "out" : [1602, 1602]
        }
      }
    }
  }
},
"2023-08-29 13:48:40.863 +0000" : {
  "main_scheduler" : {
    "bqs" : {
      "00056" : {
        "mmconts" : [40, 45, 50],
        "acts" : [32, 32],
        "tstate" : { "idle" : 987842, "run" : 10558, "locked" : 0, "mmap" : 718 }
      },
      "00057" : {
        "mmconts" : [41, 45, 50],
        "acts" : [28, 28],
        "tstate" : { "idle" : 989768, "run" : 8672, "locked" : 0, "mmap" : 657 }
      },
      "00058" : {
        "mmconts" : [40, 44, 49],
        "acts" : [28, 28],
        "tstate" : { "idle" : 989594, "run" : 8765, "locked" : 0, "mmap" : 738 }
      }
    }
  },
  "benchmark_io" : {
    "simple_times" : {
      "mcount" : {
        "mcount" : { "10 -- 16" : 14, "6 -- 10" : 12, "4 -- 6" : 2 }
      }
    },
    "stream_method" : {
      "conns" : [28, 28],
      "in" : [3864, 3867],
      "out" : [2072, 2073],
      "mmtasks" : [0, 0, 1],
      "load" : 0.025,
      "mcount" : {
        "mcount" : { "Success" : 28 }
      },
      "http_proto0" : {
        "mcount" : {
          "mcount" : { "OK" : 28 }
        }
      },
      "source_log" : {
        "delta" : [0, 0, 0]
      },
      "loggers" : {
        "brief_logger" : {
          "records" : [28, 28],
          "out" : [1601, 1602]
        }
      }
    }
  }
},
"2023-08-29 13:48:41.863 +0000" : {
  "main_scheduler" : {
    "bqs" : {
      "00056" : {
        "mmconts" : [31, 35, 40],
        "acts" : [29, 28],
        "tstate" : { "idle" : 987671, "run" : 11782, "locked" : 0, "mmap" : 727 }
      },
      "00057" : {
        "mmconts" : [31, 36, 41],
        "acts" : [31, 30],
        "tstate" : { "idle" : 986885, "run" : 12537, "locked" : 0, "mmap" : 755 }
      },
      "00058" : {
        "mmconts" : [31, 35, 40],
        "acts" : [29, 28],
        "tstate" : { "idle" : 987214, "run" : 12153, "locked" : 0, "mmap" : 810 }
      }
    }
  },
  "benchmark_io" : {
    "simple_times" : {
      "mcount" : {
        "mcount" : { "16 -- 25" : 1, "10 -- 16" : 18, "6 -- 10" : 8, "4 -- 6" : 1 }
      }
    },
    "stream_method" : {
      "conns" : [28, 27],
      "in" : [3864, 3863],
      "out" : [2072, 2071],
      "mmtasks" : [0, 0, 1],
      "load" : 0.026,
      "mcount" : {
        "mcount" : { "Success" : 28 }
      },
      "http_proto0" : {
        "mcount" : {
          "mcount" : { "OK" : 28 }
        }
      },
      "source_log" : {
        "delta" : [0, 0, 0]
      },
      "loggers" : {
        "brief_logger" : {
          "records" : [28, 27],
          "out" : [1615, 1614]
        }
      }
    }
  }
},
"2023-08-29 13:48:42.863 +0000" : {
  "main_scheduler" : {
    "bqs" : {
      "00056" : {
        "mmconts" : [21, 26, 31],
        "acts" : [32, 31],
        "tstate" : { "idle" : 988156, "run" : 11175, "locked" : 0, "mmap" : 721 }
      },
      "00057" : {
        "mmconts" : [22, 26, 31],
        "acts" : [29, 28],
        "tstate" : { "idle" : 990498, "run" : 8909, "locked" : 0, "mmap" : 646 }
      },
      "00058" : {
        "mmconts" : [21, 25, 31],
        "acts" : [30, 29],
        "tstate" : { "idle" : 989230, "run" : 10111, "locked" : 0, "mmap" : 713 }
      }
    }
  },
  "benchmark_io" : {
    "simple_times" : {
      "mcount" : {
        "mcount" : { "10 -- 16" : 18, "6 -- 10" : 11 }
      }
    },
    "stream_method" : {
      "conns" : [29, 28],
      "in" : [4002, 4001],
      "out" : [2146, 2145],
      "mmtasks" : [0, 0, 1],
      "load" : 0.025,
      "mcount" : {
        "mcount" : { "Success" : 29 }
      },
      "http_proto0" : {
        "mcount" : {
          "mcount" : { "OK" : 29 }
        }
      },
      "source_log" : {
        "delta" : [0, 0, 0]
      },
      "loggers" : {
        "brief_logger" : {
          "records" : [29, 28],
          "out" : [1668, 1667]
        }
      }
    }
  }
},
"2023-08-29 13:48:43.863 +0000" : {
  "main_scheduler" : {
    "bqs" : {
      "00056" : {
        "mmconts" : [12, 16, 21],
        "acts" : [29, 29],
        "tstate" : { "idle" : 988896, "run" : 10134, "locked" : 0, "mmap" : 707 }
      },
      "00057" : {
        "mmconts" : [11, 16, 22],
        "acts" : [33, 33],
        "tstate" : { "idle" : 986096, "run" : 12790, "locked" : 0, "mmap" : 852 }
      },
      "00058" : {
        "mmconts" : [11, 16, 21],
        "acts" : [31, 31],
        "tstate" : { "idle" : 986850, "run" : 12167, "locked" : 0, "mmap" : 720 }
      }
    }
  },
  "benchmark_io" : {
    "simple_times" : {
      "mcount" : {
        "mcount" : { "10 -- 16" : 14, "6 -- 10" : 9, "4 -- 6" : 7 }
      }
    },
    "stream_method" : {
      "conns" : [30, 30],
      "in" : [4140, 4141],
      "out" : [2220, 2220],
      "mmtasks" : [0, 0, 1],
      "load" : 0.037,
      "mcount" : {
        "mcount" : { "Success" : 30 }
      },
      "http_proto0" : {
        "mcount" : {
          "mcount" : { "OK" : 30 }
        }
      },
      "source_log" : {
        "delta" : [0, 0, 0]
      },
      "loggers" : {
        "brief_logger" : {
          "records" : [30, 30],
          "out" : [1721, 1721]
        }
      }
    }
  }
},
"2023-08-29 13:48:44.833 +0000" : {
  "main_scheduler" : {
    "bqs" : {
      "00056" : {
        "mmconts" : [2, 7, 12],
        "acts" : [31, 31],
        "tstate" : { "idle" : 956731, "run" : 11959, "locked" : 0, "mmap" : 920 }
      },
      "00057" : {
        "mmconts" : [1, 6, 11],
        "acts" : [29, 29],
        "tstate" : { "idle" : 959194, "run" : 9659, "locked" : 0, "mmap" : 763 }
      },
      "00058" : {
        "mmconts" : [1, 5, 11],
        "acts" : [31, 31],
        "tstate" : { "idle" : 958120, "run" : 10725, "locked" : 0, "mmap" : 771 }
      }
    }
  },
  "benchmark_io" : {
    "simple_times" : {
      "mcount" : {
        "mcount" : { "10 -- 16" : 10, "6 -- 10" : 6, "4 -- 6" : 13 }
      }
    },
    "stream_method" : {
      "conns" : [29, 29],
      "in" : [4002, 4127],
      "out" : [2146, 2213],
      "mmtasks" : [0, 0, 1],
      "load" : 0.036,
      "mcount" : {
        "mcount" : { "Success" : 29 }
      },
      "http_proto0" : {
        "mcount" : {
          "mcount" : { "OK" : 29 }
        }
      },
      "source_log" : {
        "delta" : [0, 0, 0]
      },
      "loggers" : {
        "brief_logger" : {
          "records" : [29, 29],
          "out" : [1647, 1698]
        }
      }
    }
  }
}