1693316864.867		141373	13862	2131	70161	55219	80549	74	138	0	200
1693316865.059		15535	11004	79	4158	294	15004	74	138	0	200
1693316865.252		13972	11524	80	2225	143	13572	74	138	0	200
1693316865.444		13761	11461	46	2056	198	13331	74	138	0	200
1693316865.633		13339	10962	42	2147	188	12944	74	138	0	200
1693316865.824		70075	63899	126	5761	289	69250	74	138	0	200
1693316866.004		18448	15212	50	3039	147	18020	74	138	0	200
1693316866.185		10407	6426	133	3659	189	9677	74	138	0	200
1693316866.364		17419	11747	90	5415	167	16954	74	138	0	200
1693316866.541		13873	11495	30	2249	99	13590	74	138	0	200
1693316866.715		36632	31895	118	4401	218	35796	74	138	0	200
1693316866.887		39632	34121	99	5237	175	38791	74	138	0	200
1693316867.056		33313	30775	63	2361	114	32784	74	138	0	200
1693316867.225		37237	31706	129	5065	337	36326	74	138	0	200
1693316867.390		30712	27781	152	2643	136	30149	74	138	0	200
1693316867.555		52248	39645	176	11895	532	50863	74	138	0	200
1693316867.718		12707	10485	82	2051	89	12358	74	138	0	200
1693316867.878		14121	11847	64	2093	117	13781	74	138	0	200
1693316868.037		15608	13274	56	2143	135	15072	74	138	0	200
1693316868.194		13359	10922	55	2276	106	13035	74	138	0	200
1693316868.349		13437	10895	49	2348	145	13104	74	138	0	200
1693316868.505		21865	13914	75	7577	299	21122	74	138	0	200
1693316868.657		18190	15588	35	2460	107	17745	74	138	0	200
1693316868.807		14606	11781	113	2555	157	14187	74	138	0	200
1693316868.958		14427	12221	49	2056	101	13882	74	138	0	200
1693316869.107		21638	14293	144	6962	239	20903	74	138	0	200
1693316869.254		33730	28276	152	4975	327	32906	74	138	0	200
1693316869.398		15301	12346	54	2753	148	14765	74	138	0	200
1693316869.544		32783	27277	120	5065	321	31986	74	138	0	200
1693316869.686		17472	14901	33	2350	188	17027	74	138	0	200
1693316869.829		13134	10807	60	2112	155	12742	74	138	0	200
1693316869.970		17471	14547	106	2686	132	17063	74	138	0	200
1693316870.110		21532	17769	86	3361	316	20938	74	138	0	200
1693316870.248		42134	37084	111	4631	308	41187	74	138	0	200
1693316870.385		29710	27393	60	2151	106	29272	74	138	0	200
1693316870.522		15129	12593	81	2325	130	14709	74	138	0	200
1693316870.657		30800	27284	79	2822	615	29790	74	138	0	200
1693316870.791		18081	14769	85	3059	168	17580	74	138	0	200
1693316870.924		14246	11631	59	2439	117	13903	74	138	0	200
1693316871.057		6904	4918	37	1847	102	6605	74	138	0	200
1693316871.189		7154	4924	70	2058	102	6837	74	138	0	200
1693316871.318		14616	10174	107	4219	116	14052	74	138	0	200
1693316871.449		16371	8269	80	7884	138	15722	74	138	0	200
1693316871.577		7299	4988	51	2136	124	6970	74	138	0	200
1693316871.704		7524	5275	33	2077	139	7193	74	138	0	200
1693316871.832		7322	4999	64	2128	131	6958	74	138	0	200
1693316871.958		6970	4789	40	2042	99	6683	74	138	0	200
1693316872.083		12648	10372	53	2107	116	12312	74	138	0	200
1693316872.208		7302	5233	81	1860	128	6908	74	138	0	200
1693316872.332		9601	7506	47	1921	127	8897	74	138	0	200
1693316872.454		15672	10119	121	5126	306	14849	74	138	0	200
1693316872.577		21550	18867	91	2499	93	20956	74	138	0	200
1693316872.698		14157	11571	50	2394	142	13763	74	138	0	200
1693316872.818		20439	17249	85	2966	139	19912	74	138	0	200
1693316872.938		24736	20008	139	4284	305	23981	74	138	0	200
1693316873.058		27217	21900	129	4871	317	26542	74	138	0	200
1693316873.176		19751	17250	36	2364	101	19318	74	138	0	200
1693316873.294		14658	12577	49	1940	92	14229	74	138	0	200
1693316873.411		15014	11911	83	2916	104	14726	74	138	0	200
1693316873.527		17517	13976	75	3305	161	17104	74	138	0	200
1693316873.643		38688	31654	250	6553	231	37771	74	138	0	200
1693316873.758		15038	12350	46	2484	158	14583	74	138	0	200
1693316873.873		13034	10630	45	2272	87	12749	74	138	0	200
1693316873.987		18384	15006	47	3201	130	17971	74	138	0	200
1693316874.099		13354	11203	38	1949	164	12933	74	138	0	200
1693316874.213		13417	11408	44	1869	96	13152	74	138	0	200
1693316874.324		16350	14271	63	1887	129	16017	74	138	0	200
1693316874.436		13585	11444	47	1977	117	13253	74	138	0	200
1693316874.546		12577	10551	47	1843	136	12257	74	138	0	200
1693316874.658		24080	14411	98	9434	137	23483	74	138	0	200
1693316874.767		13396	11164	60	2057	115	13037	74	138	0	200
1693316874.877		13615	11024	36	2415	140	13237	74	138	0	200
1693316874.985		16313	13415	47	2717	134	15939	74	138	0	200
1693316875.094		13804	10149	84	3379	192	13333	74	138	0	200
1693316875.201		36048	33761	55	2097	135	35543	74	138	0	200
1693316875.307		14029	11770	57	2054	148	13677	74	138	0	200
1693316875.415		13759	11584	51	2032	92	13448	74	138	0	200
1693316875.521		15067	12373	69	2474	151	14727	74	138	0	200
1693316875.627		12992	10003	68	2773	148	12662	74	138	0	200
1693316875.732		13071	10998	63	1917	93	12759	74	138	0	200
1693316875.837		18384	15305	143	2740	196	17776	74	138	0	200
1693316875.941		6630	4925	46	1561	98	6205	74	138	0	200
1693316876.045		12937	10779	67	1979	112	12610	74	138	0	200
1693316876.148		13986	11363	41	2448	134	13663	74	138	0	200
1693316876.251		13247	11037	67	1995	148	12867	74	138	0	200
1693316876.352		13066	10893	63	1994	116	12754	74	138	0	200
1693316876.455		13023	10930	29	1899	165	12709	74	138	0	200
1693316876.557		13399	11142	36	2101	120	13109	74	138	0	200
1693316876.659		12829	10787	32	1883	127	12545	74	138	0	200
1693316876.758		13430	11173	58	2075	124	13104	74	138	0	200
1693316876.858		17957	15051	68	2690	148	17519	74	138	0	200
1693316876.957		21603	18067	113	3247	176	21063	74	138	0	200
1693316877.058		12672	10531	52	1941	148	12351	74	138	0	200
1693316877.157		17702	15224	38	2315	125	17278	74	138	0	200
1693316877.255		13669	11572	37	1966	94	13320	74	138	0	200
1693316877.352		11487	9242	40	2088	117	11133	74	138	0	200
1693316877.451		12235	9880	62	2181	112	11921	74	138	0	200
1693316877.549		18025	15112	91	2702	120	17661	74	138	0	200
1693316877.646		12851	10715	31	1994	111	12579	74	138	0	200
1693316877.742		12996	10490	30	2308	168	12662	74	138	0	200
1693316877.838		16149	13772	48	2204	125	15750	74	138	0	200
1693316877.934		12485	10432	45	1880	128	12169	74	138	0	200
1693316878.030		13047	11069	38	1811	129	12723	74	138	0	200
1693316878.125		13321	11051	38	2096	136	13012	74	138	0	200
1693316878.219		13447	11083	291	1899	174	12837	74	138	0	200
1693316878.314		13562	11474	48	1901	139	13206	74	138	0	200
1693316878.407		12787	10454	28	2209	96	12555	74	138	0	200
1693316878.502		12554	10393	35	1999	127	12257	74	138	0	200
1693316878.596		18665	14029	62	4458	116	18223	74	138	0	200
1693316878.688		17475	13684	76	3561	154	16875	74	138	0	200
1693316878.781		13256	10914	92	2080	170	12828	74	138	0	200
1693316878.874		14352	11282	44	2895	131	14007	74	138	0	200
1693316878.966		15463	13185	86	2086	106	15127	74	138	0	200
1693316879.058		13746	10901	49	2545	251	13296	74	138	0	200
1693316879.149		13396	11036	71	2184	105	13083	74	138	0	200
1693316879.240		13988	11653	52	2132	151	13553	74	138	0	200
1693316879.331		13521	11658	47	1673	143	13192	74	138	0	200
1693316879.422		12778	10638	111	1901	128	12400	74	138	0	200
1693316879.512		13854	11253	39	2452	110	13545	74	138	0	200
1693316879.602		12604	10516	47	1906	135	12255	74	138	0	200
1693316879.690		15044	12475	56	2367	146	14667	74	138	0	200
1693316879.781		13725	11499	48	2053	125	13401	74	138	0	200
1693316879.870		12719	10609	61	1930	119	12402	74	138	0	200
1693316879.958		13971	11612	92	2157	110	13614	74	138	0	200
1693316880.047		16816	14151	52	2515	98	16540	74	138	0	200
1693316880.135		11561	8763	63	2605	130	11276	74	138	0	200
1693316880.222		14410	11970	61	2253	126	14072	74	138	0	200
1693316880.310		13674	10920	80	2553	121	13294	74	138	0	200
1693316880.398		12868	10770	41	1860	197	12505	74	138	0	200
1693316880.485		12719	10679	72	1859	109	12352	74	138	0	200
1693316880.571		12539	10208	39	2204	88	12284	74	138	0	200
1693316880.657		12386	10188	70	1997	131	11992	74	138	0	200
1693316880.743		12819	10532	31	2116	140	12488	74	138	0	200
1693316880.829		12916	10692	51	2040	133	12595	74	138	0	200
1693316880.915		13279	10876	37	2237	129	12955	74	138	0	200
1693316881.001		11884	9937	42	1785	120	11581	74	138	0	200
1693316881.086		12289	10462	38	1690	99	11997	74	138	0	200
1693316881.170		12153	10157	67	1805	124	11760	74	138	0	200
1693316881.256		12425	10186	57	2076	106	12128	74	138	0	200
1693316881.340		12830	10491	65	2119	155	12460	74	138	0	200
1693316881.423		13924	11880	41	1870	133	13621	74	138	0	200
1693316881.508		12804	10830	36	1819	119	12504	74	138	0	200
1693316881.591		12408	10454	59	1771	124	12091	74	138	0	200
1693316881.675		7337	5133	51	2026	127	7005	74	138	0	200
1693316881.757		6973	4979	53	1824	117	6640	74	138	0	200
1693316881.841		7010	4677	67	2105	161	6635	74	138	0	200
1693316881.924		7018	4919	60	1899	140	6673	74	138	0	200
1693316882.006		7689	5589	57	1904	139	7338	74	138	0	200
1693316882.088		7045	4764	97	2083	101	6693	74	138	0	200
1693316882.171		6850	4543	48	2098	161	6480	74	138	0	200
1693316882.252		12526	10362	60	1965	139	12186	74	138	0	200
1693316882.334		7866	5478	41	2227	120	7509	74	138	0	200
1693316882.415		6897	4814	63	1911	109	6545	74	138	0	200
1693316882.496		7101	5250	53	1668	130	6779	74	138	0	200
1693316882.577		6757	4901	60	1648	148	6420	74	138	0	200
1693316882.658		7203	5104	42	1926	131	6904	74	138	0	200
1693316882.738		14434	12137	32	2077	188	14052	74	138	0	200
1693316882.817		16116	13867	39	2103	107	15834	74	138	0	200
1693316882.898		12644	10502	36	1972	134	12328	74	138	0	200
1693316882.978		13143	11173	51	1806	113	12827	74	138	0	200
1693316883.057		12866	10828	100	1836	102	12520	74	138	0	200
1693316883.137		12471	10493	61	1776	141	12125	74	138	0	200
1693316883.215		13231	11368	45	1690	128	12930	74	138	0	200
1693316883.295		13728	11428	51	2131	118	13439	74	138	0	200
1693316883.374		14061	12040	45	1766	210	13689	74	138	0	200
1693316883.453		13007	11079	131	1655	142	12597	74	138	0	200
1693316883.530		13048	11361	37	1568	82	12823	74	138	0	200
1693316883.608		12959	11078	41	1691	149	12633	74	138	0	200
1693316883.687		13729	11520	33	2050	126	13427	74	138	0	200
1693316883.765		14523	12479	93	1847	104	14174	74	138	0	200
1693316883.842		14388	11622	32	2595	139	14065	74	138	0	200
1693316883.919		13964	11629	44	2148	143	13629	74	138	0	200
1693316883.997		11814	9770	34	1917	93	11581	74	138	0	200
1693316884.074		12700	10133	51	2363	153	12375	74	138	0	200
1693316884.150		16042	13455	52	2362	173	15624	74	138	0	200
1693316884.227		12962	10975	30	1838	119	12711	74	138	0	200
1693316884.304		12513	10623	82	1660	148	12141	74	138	0	200
1693316884.379		13863	11673	35	2058	97	13594	74	138	0	200
1693316884.456		12122	9803	54	2138	127	11832	74	138	0	200
1693316884.532		12601	9787	98	2534	182	12173	74	138	0	200
1693316884.608		17613	14123	48	3249	193	17206	74	138	0	200
1693316884.683		19185	15467	297	3256	165	18566	74	138	0	200
1693316884.757		13717	11892	44	1702	79	13440	74	138	0	200
1693316884.833		13865	11663	49	2054	99	13575	74	138	0	200
1693316884.908		12925	10500	43	2279	103	12673	74	138	0	200
1693316884.983		13406	11559	42	1672	133	13109	74	138	0	200
1693316885.058		13031	10815	53	1993	170	12651	74	138	0	200
1693316885.132		6890	5054	38	1704	94	6577	74	138	0	200
1693316885.206		12024	10093	55	1735	141	11703	74	138	0	200
1693316885.281		13157	10563	38	2402	154	12796	74	138	0	200
1693316885.355		7102	4952	44	1993	113	6791	74	138	0	200
1693316885.428		12356	10292	74	1785	205	11664	74	138	0	200
1693316885.502		12783	10455	45	2147	136	12426	74	138	0	200
1693316885.575		12100	10069	32	1897	102	11841	74	138	0	200
1693316885.648		12305	10234	41	1910	120	12010	74	138	0	200
1693316885.722		13894	11743	46	1984	121	13556	74	138	0	200
1693316885.795		13129	11125	61	1823	120	12797	74	138	0	200
1693316885.868		13403	11294	53	1916	140	12968	74	138	0	200
1693316885.939		12420	10223	42	2036	119	12067	74	138	0	200
1693316886.013		13506	10881	58	2427	140	13151	74	138	0	200
1693316886.085		12429	10306	177	1809	137	11977	74	138	0	200
1693316886.157		12812	10755	41	1886	130	12488	74	138	0	200
1693316886.229		11708	9865	33	1706	104	11455	74	138	0	200
1693316886.301		12798	10838	52	1799	109	12508	74	138	0	200
1693316886.372		14391	12177	39	2011	164	14011	74	138	0	200
1693316886.444		12903	10719	31	2053	100	12639	74	138	0	200
1693316886.516		7346	5450	37	1708	151	7031	74	138	0	200
1693316886.587		8491	6513	39	1826	113	8156	74	138	0	200
1693316886.658		12548	10341	63	2033	111	12232	74	138	0	200
1693316886.728		13333	11059	39	2076	159	12973	74	138	0	200
1693316886.800		12971	10845	38	1956	132	12623	74	138	0	200
1693316886.870		12659	10408	38	2123	90	12413	74	138	0	200
1693316886.941		13288	11208	77	1877	126	12947	74	138	0	200
1693316887.011		12820	10738	91	1880	111	12443	74	138	0	200
1693316887.081		15096	12566	45	2407	78	14841	74	138	0	200
1693316887.151		9955	7965	62	1820	108	9695	74	138	0	200
1693316887.221		11334	8738	55	2419	122	11056	74	138	0	200
1693316887.291		12993	11024	32	1830	107	12749	74	138	0	200
1693316887.361		12617	10552	60	1861	144	12319	74	138	0	200
1693316887.430		13669	11913	48	1605	103	13412	74	138	0	200
1693316887.500		10957	9009	25	1818	105	10726	74	138	0	200
1693316887.569		13789	11671	50	1902	166	13330	74	138	0	200
1693316887.638		12320	10122	29	2048	121	12030	74	138	0	200
1693316887.706		11862	9314	59	2362	127	11585	74	138	0	200
1693316887.776		8059	5675	46	2205	133	7697	74	138	0	200
1693316887.844		13903	11975	38	1748	142	13582	74	138	0	200
1693316887.913		13774	11771	87	1731	185	13375	74	138	0	200
1693316887.981		10738	8742	62	1812	122	10471	74	138	0	200
1693316888.049		11742	9691	30	1894	127	11465	74	138	0	200
1693316888.118		13004	11015	78	1793	118	12700	74	138	0	200
1693316888.186		14430	12172	44	2098	116	14170	74	138	0	200
1693316888.253		11107	9219	42	1728	118	10825	74	138	0	200
1693316888.321		10594	8912	35	1549	98	10367	74	138	0	200
1693316888.389		14264	11955	53	2118	138	13932	74	138	0	200
1693316888.456		11909	9413	55	2329	112	11657	74	138	0	200
1693316888.523		13161	10181	38	2800	142	12889	74	138	0	200
1693316888.591		12493	10540	42	1768	143	12154	74	138	0	200
1693316888.658		13155	10881	44	2116	114	12692	74	138	0	200
1693316888.724		14966	12272	68	2487	139	14669	74	138	0	200
1693316888.791		14140	12018	64	1916	142	13782	74	138	0	200
1693316888.859		12877	10696	48	2010	123	12550	74	138	0	200
1693316888.925		13835	11878	40	1817	100	13585	74	138	0	200
1693316888.992		10703	8868	33	1695	107	10466	74	138	0	200
1693316889.058		11165	9108	36	1903	118	10897	74	138	0	200
1693316889.124		10061	8218	42	1691	110	9803	74	138	0	200
1693316889.190		11951	10005	40	1781	125	11623	74	138	0	200
1693316889.256		10461	8638	27	1684	112	10207	74	138	0	200
1693316889.322		12271	10530	30	1616	95	12048	74	138	0	200
1693316889.388		14820	12543	51	2068	158	14428	74	138	0	200
1693316889.454		9330	7497	41	1649	143	9007	74	138	0	200
1693316889.519		11461	9236	48	2052	125	11150	74	138	0	200
1693316889.585		11301	9110	51	2007	133	10983	74	138	0	200
1693316889.650		11180	8987	51	2022	120	10878	74	138	0	200
1693316889.715		13216	11113	34	1970	99	12950	74	138	0	200
1693316889.780		15990	13782	37	1916	255	15550	74	138	0	200
1693316889.844		14264	11734	49	2348	133	13724	74	138	0	200
1693316889.909		13608	11606	55	1845	102	13331	74	138	0	200
1693316889.974		10889	9108	70	1601	110	10638	74	138	0	200
1693316890.038		9574	7727	33	1727	87	9351	74	138	0	200
1693316890.104		9938	7813	37	2020	68	9757	74	138	0	200
1693316890.168		13958	11565	36	2228	129	13664	74	138	0	200
1693316890.232		13479	11496	72	1783	128	13019	74	138	0	200
1693316890.296		13407	11435	46	1787	139	13089	74	138	0	200
1693316890.359		14438	11940	69	2292	137	14040	74	138	0	200
1693316890.423		14132	12010	35	1970	117	13827	74	138	0	200
1693316890.488		10462	8701	33	1634	94	10255	74	138	0	200
1693316890.552		10544	8737	36	1651	120	10232	74	138	0	200
1693316890.616		11231	9004	40	2089	98	10985	74	138	0	200
1693316890.679		11271	8918	80	2133	140	10893	74	138	0	200
1693316890.743		14905	11797	47	2877	184	14560	74	138	0	200
1693316890.806		13373	11519	51	1666	137	13028	74	138	0	200
1693316890.868		14297	12094	33	2022	148	13967	74	138	0	200
1693316890.931		12393	10463	36	1753	141	12080	74	138	0	200
1693316890.995		9798	7989	33	1683	93	9602	74	138	0	200
1693316891.058		11315	9144	63	1980	128	11029	74	138	0	200
1693316891.120		10168	8157	74	1798	139	9869	74	138	0	200
1693316891.183		11169	9006	72	1982	109	10878	74	138	0	200
1693316891.246		12776	9836	130	2657	153	12364	74	138	0	200
1693316891.307		10959	8477	32	2086	364	10459	74	138	0	200
1693316891.370		13579	11695	68	1659	157	13222	74	138	0	200
1693316891.432		13752	11696	49	1943	64	13510	74	138	0	200
1693316891.494		12672	10380	32	2120	140	12402	74	138	0	200
1693316891.556		10116	8309	34	1668	105	9890	74	138	0	200
1693316891.619		10739	8857	36	1743	103	10525	74	138	0	200
1693316891.681		13405	11277	52	1916	160	13084	74	138	0	200
1693316891.743		8014	5481	47	2316	170	7607	74	138	0	200
1693316891.805		7265	5208	73	1837	147	6894	74	138	0	200
1693316891.866		7703	5748	67	1799	89	6787	74	138	0	200
1693316891.927		12639	10568	40	1911	120	12312	74	138	0	200
1693316891.989		12053	10168	39	1752	94	11786	74	138	0	200
1693316892.050		7119	5080	118	1794	127	6711	74	138	0	200
1693316892.111		6277	4338	64	1721	154	5939	74	138	0	200
1693316892.173		11760	9956	42	1641	121	11479	74	138	0	200
1693316892.234		13219	10999	65	2033	122	12925	74	138	0	200
1693316892.295		13858	11681	45	1995	137	13526	74	138	0	200
1693316892.355		13123	11042	86	1878	117	12776	74	138	0	200
1693316892.415		12559	10595	72	1761	131	12191	74	138	0	200
1693316892.477		5610	3615	32	1875	88	5325	74	138	0	200
1693316892.537		6972	4835	34	1894	209	6541	74	138	0	200
1693316892.598		7105	5010	65	1899	131	6766	74	138	0	200
1693316892.657		6871	4719	44	1977	131	6568	74	138	0	200
1693316892.718		7186	5026	55	1951	154	6791	74	138	0	200
1693316892.778		6864	4841	34	1868	121	6545	74	138	0	200
1693316892.838		7217	5329	40	1730	118	6825	74	138	0	200
1693316892.898		7872	5732	82	1915	143	7485	74	138	0	200
1693316892.958		6769	4816	100	1723	130	6329	74	138	0	200
1693316893.018		6494	4560	66	1744	124	6184	74	138	0	200
1693316893.078		6547	4582	40	1831	94	6282	74	138	0	200
1693316893.138		6525	4744	45	1598	138	6141	74	138	0	200
1693316893.196		12699	10776	77	1723	123	12356	74	138	0	200
1693316893.257		12680	10788	35	1734	123	12418	74	138	0	200
1693316893.315		13418	11276	50	1971	121	13115	74	138	0	200
1693316893.375		11080	8847	37	1437	759	10174	74	138	0	200
1693316893.433		13241	11447	47	1664	83	12651	74	138	0	200
1693316893.492		12781	10719	69	1861	132	12457	74	138	0	200
1693316893.552		12739	10881	43	1722	93	12228	74	138	0	200
1693316893.611		12419	10541	66	1698	114	12142	74	138	0	200
1693316893.670		12912	10807	52	1977	76	12662	74	138	0	200
1693316893.729		11976	10151	47	1664	114	11709	74	138	0	200
1693316893.788		13818	10755	35	2888	140	13543	74	138	0	200
1693316893.846		13057	11173	36	1761	87	12816	74	138	0	200
1693316893.905		15790	13847	65	1749	129	15464	74	138	0	200
1693316893.963		12683	10300	36	2185	162	12357	74	138	0	200
1693316894.022		12266	10424	21	1723	98	12082	74	138	0	200
1693316894.080		13002	11175	41	1629	157	12682	74	138	0	200
1693316894.138		6212	4385	307	1429	91	5689	74	138	0	200
1693316894.196		13505	11483	31	1855	136	13261	74	138	0	200
1693316894.254		14808	12799	77	1825	107	14543	74	138	0	200
1693316894.312		21483	19481	56	1841	105	21238	74	138	0	200
1693316894.369		7165	5178	40	1809	138	6839	74	138	0	200
1693316894.428		13526	11433	39	1903	151	13179	74	138	0	200
1693316894.485		12587	10708	37	1743	99	12378	74	138	0	200
1693316894.543		9694	7846	33	1704	111	9453	74	138	0	200
1693316894.601		11287	9424	39	1733	91	11008	74	138	0	200
1693316894.658		10640	9014	37	1456	133	10381	74	138	0	200
1693316894.714		10629	8756	43	1695	135	10377	74	138	0	200
1693316894.773		14672	12177	61	2296	138	14345	74	138	0	200
1693316894.830		13322	11574	53	1620	75	12639	74	138	0	200
1693316894.887		13258	11252	56	1790	160	12914	74	138	0	200
1693316894.944		12777	11072	34	1568	103	12493	74	138	0	200
1693316895.000		9438	7780	42	1520	96	9206	74	138	0	200
1693316895.058		10194	8257	62	1771	104	9911	74	138	0	200
1693316895.115		9668	7745	39	1779	105	9429	74	138	0	200
1693316895.172		12246	10645	47	1469	85	11999	74	138	0	200
1693316895.228		10066	8202	85	1673	106	9773	74	138	0	200
1693316895.285		10608	8267	37	2225	79	10408	74	138	0	200
1693316895.341		13485	11278	31	2024	152	13181	74	138	0	200
1693316895.398		11376	9753	55	1455	113	11117	74	138	0	200
1693316895.454		13382	11549	39	1681	113	13076	74	138	0	200
1693316895.511		9519	7820	51	1538	110	9285	74	138	0	200
1693316895.567		10570	8741	52	1652	125	10253	74	138	0	200
1693316895.623		11116	9209	38	1741	128	10853	74	138	0	200
1693316895.679		13942	11202	49	2543	148	13665	74	138	0	200
1693316895.735		13434	11589	53	1672	120	13112	74	138	0	200
1693316895.791		13835	11462	39	2207	127	13528	74	138	0	200
1693316895.847		13207	11054	41	1973	139	12892	74	138	0	200
1693316895.902		13255	11420	53	1665	117	12903	74	138	0	200
1693316895.958		13650	11595	47	1865	143	13140	74	138	0	200
1693316896.014		9126	7075	21	1930	100	8938	74	138	0	200
1693316896.070		11039	9079	46	1808	106	10813	74	138	0	200
1693316896.125		11362	9238	61	1919	144	11055	74	138	0	200
1693316896.181		9238	7294	33	1814	97	9006	74	138	0	200
1693316896.235		10613	8697	34	1734	148	10343	74	138	0	200
1693316896.290		13076	11219	50	1687	120	12702	74	138	0	200
1693316896.346		14964	11843	32	2941	148	14671	74	138	0	200
1693316896.402		12756	10665	46	1906	139	12419	74	138	0	200
1693316896.457		13657	11749	42	1720	146	13342	74	138	0	200
1693316896.511		12105	10486	53	1445	121	11801	74	138	0	200
1693316896.566		9379	7765	25	1482	107	9173	74	138	0	200
1693316896.621		9329	7641	60	1513	115	9040	74	138	0	200
1693316896.676		12829	10768	37	1894	130	12586	74	138	0	200
1693316896.730		11164	8810	55	2185	114	10906	74	138	0	200
1693316896.786		13941	11759	54	2017	111	13621	74	138	0	200
1693316896.840		13612	11863	40	1645	64	13393	74	138	0	200
1693316896.895		13364	11468	66	1718	112	13025	74	138	0	200
1693316896.948		13481	11616	39	1732	94	13084	74	138	0	200
1693316897.004		12198	10251	30	1810	107	11904	74	138	0	200
1693316897.058		9831	8027	62	1609	133	9554	74	138	0	200
1693316897.111		8843	6945	82	1715	101	8547	74	138	0	200
1693316897.167		10208	8067	118	1919	104	9886	74	138	0	200
1693316897.221		10148	7539	84	2387	138	9824	74	138	0	200
1693316897.275		13332	11279	44	1914	95	13098	74	138	0	200
1693316897.329		12342	10464	43	1714	121	12059	74	138	0	200
1693316897.383		9956	8043	50	1771	92	9724	74	138	0	200
1693316897.437		13220	11254	45	1808	113	12962	74	138	0	200
1693316897.489		13053	11273	39	1648	93	12798	74	138	0	200
1693316897.543		9373	7812	29	1435	97	9184	74	138	0	200
1693316897.598		11842	10109	71	1585	77	11537	74	138	0	200
1693316897.651		9777	8300	45	1352	80	9589	74	138	0	200
1693316897.705		9579	7748	32	1722	77	9366	74	138	0	200
1693316897.757		12823	10664	92	1975	92	12539	74	138	0	200
1693316897.812		12830	10782	35	1899	114	12606	74	138	0	200
1693316897.865		13420	11569	57	1662	132	13090	74	138	0	200
1693316897.917		13370	11796	41	1410	123	12849	74	138	0	200
1693316897.972		13842	12085	60	1580	117	13309	74	138	0	200
1693316898.024		8614	7210	29	1308	67	8447	74	138	0	200
1693316898.078		9306	7562	39	1601	104	9048	74	138	0	200
1693316898.131		12589	10893	41	1552	103	12334	74	138	0	200
1693316898.183		10611	8895	52	1482	182	10303	74	138	0	200
1693316898.237		12198	9931	114	2056	97	11876	74	138	0	200
1693316898.290		10346	8134	37	2032	143	10051	74	138	0	200
1693316898.342		12871	11015	41	1691	124	12531	74	138	0	200
1693316898.394		13267	11443	39	1647	138	12961	74	138	0	200
1693316898.447		12702	10837	46	1721	98	12442	74	138	0	200
1693316898.501		11575	9872	39	1523	141	11253	74	138	0	200
1693316898.553		11495	9507	23	1869	96	11290	74	138	0	200
1693316898.606		8923	6973	44	1775	131	8634	74	138	0	200
1693316898.658		11891	9997	35	1722	137	11618	74	138	0	200
1693316898.710		12598	10796	38	1634	130	12345	74	138	0	200
1693316898.763		7662	5686	46	1868	62	7215	74	138	0	200
1693316898.815		12732	10716	67	1835	114	12463	74	138	0	200
1693316898.867		13272	11158	54	1940	120	12972	74	138	0	200
1693316898.919		12905	10818	51	1892	144	12554	74	138	0	200
1693316898.971		13261	11376	63	1734	88	12963	74	138	0	200
1693316899.023		12119	10308	69	1617	125	11813	74	138	0	200
1693316899.074		11781	10038	38	1581	124	11384	74	138	0	200
1693316899.126		10989	9440	51	1425	73	10698	74	138	0	200
1693316899.179		9093	7149	155	1709	80	8761	74	138	0	200
1693316899.230		6762	4855	80	1708	119	6388	74	138	0	200
1693316899.283		12558	10333	88	2004	133	12206	74	138	0	200
1693316899.334		12734	10463	50	2088	133	12394	74	138	0	200
1693316899.386		9450	7717	29	1601	103	9233	74	138	0	200
1693316899.437		9750	7962	35	1652	101	9530	74	138	0	200
1693316899.488		13067	11397	27	1502	141	12635	74	138	0	200
1693316899.540		9030	7468	46	1413	103	8814	74	138	0	200
1693316899.591		12338	10466	90	1670	112	12030	74	138	0	200
1693316899.643		9128	7522	31	1454	121	8875	74	138	0	200
1693316899.693		9111	7440	32	1533	106	8900	74	138	0	200
1693316899.746		13678	11147	29	2374	128	13430	74	138	0	200
1693316899.797		13089	11061	101	1806	121	12769	74	138	0	200
1693316899.847		13633	11517	68	1918	130	13309	74	138	0	200
1693316899.899		12685	10848	72	1647	118	12340	74	138	0	200
1693316899.950		9624	7870	40	1594	120	9343	74	138	0	200
1693316900.000		12832	10878	28	1827	99	12622	74	138	0	200
1693316900.051		8454	6773	29	1521	131	8217	74	138	0	200
1693316900.102		10866	9098	26	1632	110	10632	74	138	0	200
1693316900.153		8896	7296	34	1478	88	8644	74	138	0	200
1693316900.203		9520	7939	32	1483	66	9308	74	138	0	200
1693316900.255		9059	7356	26	1580	97	8867	74	138	0	200
1693316900.304		8668	6984	24	1555	105	8453	74	138	0	200
1693316900.356		12028	10045	58	1792	133	11727	74	138	0	200
1693316900.406		9350	7741	33	1480	96	9109	74	138	0	200
1693316900.456		12021	10103	74	1694	150	11693	74	138	0	200
1693316900.507		12872	11241	48	1477	106	12492	74	138	0	200
1693316900.558		11847	9827	98	1780	142	11519	74	138	0	200
1693316900.608		11845	9834	64	1824	123	11508	74	138	0	200
1693316900.658		10360	8702	54	1493	111	10088	74	138	0	200
1693316900.708		9580	7990	33	1442	115	9340	74	138	0	200
1693316900.757		14060	12013	37	1888	122	13758	74	138	0	200
1693316900.808		13069	11028	39	1886	116	12773	74	138	0	200
1693316900.859		13790	11890	55	1719	126	13488	74	138	0	200
1693316900.908		13416	11489	30	1777	120	13131	74	138	0	200
1693316900.957		13489	11273	57	1966	193	13019	74	138	0	200
1693316901.008		6118	4317	55	1641	105	5823	74	138	0	200
1693316901.058		9067	7388	34	1549	96	8856	74	138	0	200
1693316901.107		9813	8246	33	1453	81	9606	74	138	0	200
1693316901.157		9642	7665	25	1849	103	9418	74	138	0	200
1693316901.208		12154	10343	38	1679	94	11843	74	138	0	200
1693316901.257		9541	7841	57	1562	81	9316	74	138	0	200
1693316901.306		9429	7688	48	1607	86	9195	74	138	0	200
1693316901.355		12390	10425	27	1792	146	12111	74	138	0	200
1693316901.405		12925	10850	60	1896	119	12611	74	138	0	200
1693316901.455		12524	10664	38	1720	102	12283	74	138	0	200
1693316901.504		13261	11470	29	1626	136	12787	74	138	0	200
1693316901.552		9634	8115	33	1381	105	9414	74	138	0	200
1693316901.603		9068	7495	81	1408	84	8837	74	138	0	200
1693316901.652		9068	7560	24	1393	91	8886	74	138	0	200
1693316901.701		9266	7395	49	1712	110	9010	74	138	0	200
1693316901.749		13135	11030	68	1935	102	12823	74	138	0	200
1693316901.799		12953	11225	57	1595	76	12738	74	138	0	200
1693316901.847		12961	11342	71	1384	164	12633	74	138	0	200
1693316901.897		13370	11222	39	1794	315	12885	74	138	0	200
1693316901.946		12578	10630	36	1785	127	12255	74	138	0	200
1693316901.995		13396	11711	29	1533	123	12997	74	138	0	200
1693316902.044		9323	7641	42	1549	91	9112	74	138	0	200
1693316902.093		12110	10114	42	1836	118	11783	74	138	0	200
1693316902.141		8263	6567	26	1551	119	8013	74	138	0	200
1693316902.190		12224	10342	47	1708	127	11921	74	138	0	200
1693316902.239		12242	9745	64	2285	148	11908	74	138	0	200
1693316902.287		12279	10273	51	1815	140	11975	74	138	0	200
1693316902.336		10756	9060	70	1516	110	10474	74	138	0	200
1693316902.383		11501	9672	56	1635	138	11179	74	138	0	200
1693316902.432		6096	4052	31	1881	132	5827	74	138	0	200
1693316902.481		12705	10705	72	1801	127	12311	74	138	0	200
1693316902.529		13178	11199	38	1819	122	12909	74	138	0	200
1693316902.578		12361	10542	39	1693	87	12113	74	138	0	200
1693316902.626		12220	10382	46	1649	143	11877	74	138	0	200
1693316902.674		12397	10485	38	1776	98	12136	74	138	0	200
1693316902.722		12832	10766	69	1857	140	12477	74	138	0	200
1693316902.770		13576	11285	45	2110	136	13244	74	138	0	200
1693316902.818		13716	11560	55	1966	135	13379	74	138	0	200
1693316902.866		7927	5864	62	1843	158	7542	74	138	0	200
1693316902.914		7022	5058	54	1738	172	6651	74	138	0	200
1693316902.962		7479	5782	56	1532	109	7153	74	138	0	200
1693316903.010		7271	5184	42	1931	114	6922	74	138	0	200
1693316903.058		6650	4685	66	1742	157	6255	74	138	0	200
1693316903.106		6362	4482	40	1719	121	6044	74	138	0	200
1693316903.154		6568	4587	91	1754	136	6182	74	138	0	200
1693316903.201		6211	4288	70	1746	107	5892	74	138	0	200
1693316903.249		6527	4868	58	1496	105	5947	74	138	0	200
1693316903.297		6195	4294	45	1729	127	5895	74	138	0	200
1693316903.344		7122	4877	45	2033	167	6762	74	138	0	200
1693316903.392		8713	6422	103	2002	186	8201	74	138	0	200
1693316903.439		7010	4843	42	1979	146	6649	74	138	0	200
1693316903.486		6215	4418	54	1649	94	5937	74	138	0	200
1693316903.534		6557	4683	46	1692	136	6198	74	138	0	200
1693316903.581		6517	4785	51	1553	128	6175	74	138	0	200
1693316903.628		6369	4450	63	1731	125	6051	74	138	0	200
1693316903.676		5289	3655	34	1474	126	5018	74	138	0	200
1693316903.723		5855	3885	22	1823	125	5624	74	138	0	200
1693316903.769		6855	4677	52	1993	133	6480	74	138	0	200
1693316903.817		15138	11276	49	3707	106	14898	74	138	0	200
1693316903.864		7430	5417	80	1823	110	6993	74	138	0	200
1693316903.910		13901	11817	54	1891	139	13527	74	138	0	200
1693316903.958		13255	11100	24	1877	254	12852	74	138	0	200
1693316904.005		13355	11491	56	1638	170	12836	74	138	0	200
1693316904.052		8987	7427	31	1423	106	8774	74	138	0	200
1693316904.098		8966	6894	33	1950	89	8766	74	138	0	200
1693316904.146		8515	7022	78	1317	98	8263	74	138	0	200
1693316904.193		8826	7324	31	1376	95	8632	74	138	0	200
1693316904.238		8897	7312	34	1449	102	8660	74	138	0	200
1693316904.286		8983	7217	47	1624	95	8777	74	138	0	200
1693316904.332		9280	7402	78	1695	105	9015	74	138	0	200
1693316904.378		13479	11447	61	1873	98	13216	74	138	0	200
1693316904.426		13594	11192	28	2249	125	13315	74	138	0	200
1693316904.471		12245	10400	52	1647	146	11842	74	138	0	200
1693316904.519		13536	11677	81	1667	111	13144	74	138	0	200
1693316904.564		10049	8627	51	1284	87	9753	74	138	0	200
1693316904.612		9380	7882	46	1394	58	9199	74	138	0	200
1693316904.658		8803	7285	52	1361	105	8573	74	138	0	200
1693316904.704		8959	7391	50	1422	96	8731	74	138	0	200
1693316904.751		12904	10882	42	1810	170	12563	74	138	0	200
1693316904.796		13659	11645	47	1843	124	13396	74	138	0	200
1693316904.843		13309	11464	36	1723	86	13106	74	138	0	200
1693316904.889		13962	12097	30	1704	131	13667	74	138	0	200
1693316904.935		13711	11640	53	1883	135	13394	74	138	0	200
1693316904.981		12786	10759	65	1856	106	12524	74	138	0	200
1693316905.027		12464	10646	32	1693	93	12265	74	138	0	200
1693316905.073		12174	10393	95	1566	120	11865	74	138	0	200
1693316905.118		9948	8210	37	1615	86	9745	74	138	0	200
1693316905.164		10159	8157	30	1848	124	9909	74	138	0	200
1693316905.211		8916	7476	53	1299	88	8678	74	138	0	200
1693316905.256		8503	7093	83	1284	43	8301	74	138	0	200
1693316905.303		9311	7833	26	1390	62	9132	74	138	0	200
1693316905.348		10225	8566	29	1496	134	9976	74	138	0	200
1693316905.394		9836	8229	34	1465	108	9604	74	138	0	200
1693316905.440		13496	10805	54	2505	132	13187	74	138	0	200
1693316905.484		13198	11093	45	1914	146	12803	74	138	0	200
1693316905.531		13298	11447	70	1662	119	12942	74	138	0	200
1693316905.577		8796	7324	99	1268	105	8510	74	138	0	200
1693316905.622		11583	9972	47	1446	118	11305	74	138	0	200
1693316905.668		8632	7216	29	1297	90	8434	74	138	0	200
1693316905.713		8536	7141	50	1266	79	8319	74	138	0	200
1693316905.758		13223	11278	40	1791	114	12941	74	138	0	200
1693316905.804		13598	11498	32	1971	97	13385	74	138	0	200
1693316905.849		12730	10796	66	1730	138	12427	74	138	0	200
1693316905.893		13416	11403	79	1798	136	13044	74	138	0	200
1693316905.940		13250	11317	58	1769	106	12973	74	138	0	200
1693316905.985		12305	10315	36	1829	125	12058	74	138	0	200
1693316906.030		12609	11024	35	1451	99	12401	74	138	0	200
1693316906.075		10040	8416	37	1500	87	9855	74	138	0	200
1693316906.120		6729	4361	95	2140	133	6397	74	138	0	200
1693316906.165		12986	11060	41	1774	111	12720	74	138	0	200
1693316906.210		9424	7871	29	1429	95	9237	74	138	0	200
1693316906.255		8566	7083	26	1399	58	8400	74	138	0	200
1693316906.300		9218	7717	38	1341	122	8985	74	138	0	200
1693316906.345		10681	8579	46	1969	87	10441	74	138	0	200
1693316906.390		12150	10359	54	1619	118	11877	74	138	0	200
1693316906.435		9635	7743	56	1708	128	9353	74	138	0	200
1693316906.479		10954	9485	36	1358	75	10686	74	138	0	200
1693316906.524		13171	11504	59	1461	147	12831	74	138	0	200
1693316906.568		8894	7474	30	1312	78	8720	74	138	0	200
1693316906.613		9985	8230	28	1626	101	9789	74	138	0	200
1693316906.658		13254	10964	36	2032	222	12877	74	138	0	200
1693316906.703		12307	10189	38	1962	118	12039	74	138	0	200
1693316906.746		6690	4661	62	1835	132	6368	74	138	0	200
1693316906.792		14098	12137	46	1764	151	13802	74	138	0	200
1693316906.836		12404	10347	33	1906	118	12169	74	138	0	200
1693316906.881		14165	12074	53	1988	50	13940	74	138	0	200
1693316906.925		12905	10774	34	1933	164	12569	74	138	0	200
1693316906.969		14383	12099	61	2117	106	14075	74	138	0	200
1693316907.014		12901	10976	36	1789	100	12685	74	138	0	200
1693316907.058		11613	10075	58	1373	107	11360	74	138	0	200
1693316907.102		8345	6914	89	1267	75	8104	74	138	0	200
1693316907.147		10761	9070	42	1550	99	10521	74	138	0	200
1693316907.190		11172	9480	67	1507	118	10873	74	138	0	200
1693316907.235		11744	9915	60	1642	127	11441	74	138	0	200
1693316907.279		10208	8580	52	1477	99	9931	74	138	0	200
1693316907.323		8584	6985	49	1474	76	8388	74	138	0	200
1693316907.367		12814	10959	43	1696	116	12507	74	138	0	200
1693316907.410		11139	9241	40	1783	75	10928	74	138	0	200
1693316907.455		9741	8216	37	1402	86	9520	74	138	0	200
1693316907.499		13714	11684	28	1872	130	13388	74	138	0	200
1693316907.542		12744	10936	32	1709	67	12514	74	138	0	200
1693316907.587		11775	10121	40	1492	122	11520	74	138	0	200
1693316907.630		10062	8772	37	1166	87	9856	74	138	0	200
1693316907.675		11959	10335	49	1485	90	11749	74	138	0	200
1693316907.718		13389	10713	55	2471	150	13097	74	138	0	200
1693316907.762		6716	5139	56	1419	102	6409	74	138	0	200
1693316907.805		13903	12115	58	1562	168	13332	74	138	0	200
1693316907.849		12798	11019	54	1555	170	12492	74	138	0	200
1693316907.893		13331	11559	40	1590	142	13003	74	138	0	200
1693316907.936		13110	10818	35	2097	160	12779	74	138	0	200
1693316907.980		12374	10428	51	1762	133	12079	74	138	0	200
1693316908.024		12366	10552	27	1661	126	12075	74	138	0	200
1693316908.066		9024	7539	32	1383	70	8830	74	138	0	200
1693316908.111		8657	7249	30	1275	103	8459	74	138	0	200
1693316908.154		12600	11080	40	1404	76	12212	74	138	0	200
1693316908.197		8552	7150	28	1312	62	8379	74	138	0	200
1693316908.241		9077	7370	89	1511	107	8794	74	138	0	200
1693316908.284		8676	6930	63	1567	116	8398	74	138	0	200
1693316908.327		10402	8818	38	1451	95	10116	74	138	0	200
1693316908.371		9292	7854	60	1294	84	9045	74	138	0	200
1693316908.413		10578	8973	39	1454	112	10321	74	138	0	200
1693316908.457		9433	7554	39	1755	85	9220	74	138	0	200
1693316908.500		13410	11193	77	2007	133	13044	74	138	0	200
1693316908.542		12451	10603	41	1708	99	12174	74	138	0	200
1693316908.586		11783	10052	32	1597	102	11568	74	138	0	200
1693316908.628		6446	4417	86	1811	132	6113	74	138	0	200
1693316908.672		12610	10771	36	1697	106	12363	74	138	0	200
1693316908.715		9781	8044	35	1600	102	9577	74	138	0	200
1693316908.758		12112	10298	49	1635	130	11815	74	138	0	200
1693316908.800		11932	10271	66	1497	98	11652	74	138	0	200
1693316908.843		12732	10665	41	1866	160	12378	74	138	0	200
1693316908.887		13154	10964	41	2014	135	12810	74	138	0	200
1693316908.929		14369	12308	44	1878	139	13801	74	138	0	200
1693316908.973		13485	11398	39	1953	95	13199	74	138	0	200
1693316909.015		12357	10495	62	1679	121	12037	74	138	0	200
1693316909.058		11836	10144	25	1560	107	11573	74	138	0	200
1693316909.101		8891	7323	31	1480	57	8743	74	138	0	200
1693316909.143		9400	7857	43	1398	102	9176	74	138	0	200
1693316909.186		9877	7837	48	1888	104	9633	74	138	0	200
1693316909.229		9290	7887	66	1274	63	9062	74	138	0	200
1693316909.271		8030	6471	24	1458	77	7867	74	138	0	200
1693316909.314		8963	6082	25	2743	113	8731	74	138	0	200
1693316909.356		9538	7967	68	1414	89	9282	74	138	0	200
1693316909.399		10657	8899	75	1599	84	10402	74	138	0	200
1693316909.441		9660	7901	34	1605	120	9406	74	138	0	200
1693316909.484		9876	8015	44	1710	107	9642	74	138	0	200
1693316909.526		12631	10615	40	1786	190	12249	74	138	0	200
1693316909.568		13053	11376	36	1516	125	12779	74	138	0	200
1693316909.611		8928	7349	47	1460	72	8731	74	138	0	200
1693316909.652		9607	8006	34	1483	84	9368	74	138	0	200
1693316909.694		8961	7356	19	1468	118	8755	74	138	0	200
1693316909.737		10601	8957	31	1537	76	10425	74	138	0	200
1693316909.779		12263	10415	31	1675	142	11986	74	138	0	200
1693316909.821		13435	11391	87	1826	131	13053	74	138	0	200
1693316909.864		13159	11313	33	1691	122	12878	74	138	0	200
1693316909.906		14259	12119	41	1935	164	13926	74	138	0	200
1693316909.948		13678	11684	35	1801	158	13355	74	138	0	200
1693316909.989		12925	11175	31	1598	121	12632	74	138	0	200
1693316910.032		13531	11592	42	1745	152	13198	74	138	0	200
1693316910.074		9202	7599	34	1452	117	8968	74	138	0	200
1693316910.115		8962	7418	101	1341	102	8666	74	138	0	200
1693316910.158		9362	7482	33	1760	87	9156	74	138	0	200
1693316910.200		9080	7682	31	1289	78	8912	74	138	0	200
1693316910.240		7788	6357	38	1293	100	7591	74	138	0	200
1693316910.282		9044	7586	36	1324	98	8777	74	138	0	200
1693316910.325		9378	7378	29	1845	126	9155	74	138	0	200
1693316910.366		13274	11178	31	1944	121	13004	74	138	0	200
1693316910.408		12872	11085	35	1642	110	12601	74	138	0	200
1693316910.450		9172	7414	41	1613	104	8903	74	138	0	200
1693316910.492		12472	10508	36	1805	123	12223	74	138	0	200
1693316910.533		12702	10701	55	1827	119	12343	74	138	0	200
1693316910.575		13523	11508	58	1835	122	13219	74	138	0	200
1693316910.617		6136	4396	50	1593	97	5901	74	138	0	200
1693316910.657		8908	7604	60	1148	96	8686	74	138	0	200
1693316910.699		9320	7740	36	1444	100	9082	74	138	0	200
1693316910.741		9817	8205	30	1502	80	9629	74	138	0	200
1693316910.783		13207	11352	56	1696	103	12968	74	138	0	200
1693316910.824		13652	11546	32	1893	181	13356	74	138	0	200
1693316910.865		13753	11723	34	1850	146	13469	74	138	0	200
1693316910.907		12666	10497	65	1967	137	12330	74	138	0	200
1693316910.947		13102	11399	38	1501	164	12769	74	138	0	200
1693316910.989		13193	11365	34	1689	105	12921	74	138	0	200
1693316911.031		12673	10961	38	1565	109	12277	74	138	0	200
1693316911.071		9561	7972	54	1399	136	9292	74	138	0	200
1693316911.113		10755	9085	42	1541	87	10534	74	138	0	200
1693316911.153		8961	7473	36	1324	128	8715	74	138	0	200
1693316911.195		8055	6394	35	1500	126	7823	74	138	0	200
1693316911.237		12709	10805	54	1744	106	12401	74	138	0	200
1693316911.278		8874	7327	33	1423	91	8676	74	138	0	200
1693316911.318		9032	7113	42	1784	93	8830	74	138	0	200
1693316911.360		10974	9329	40	1502	103	10727	74	138	0	200
1693316911.401		12084	10318	43	1563	160	11785	74	138	0	200
1693316911.442		5491	3943	45	1402	101	5242	74	138	0	200
1693316911.483		9479	7752	37	1605	85	9268	74	138	0	200
1693316911.524		10198	8322	32	1720	124	9962	74	138	0	200
1693316911.566		24581	19741	83	4588	169	24171	74	138	0	200
1693316911.604		6186	4662	40	1365	119	5892	74	138	0	200
1693316911.646		9993	8188	44	1630	131	9715	74	138	0	200
1693316911.687		10548	8618	60	1746	124	10255	74	138	0	200
1693316911.728		8583	6941	20	1529	93	8370	74	138	0	200
1693316911.769		12877	11288	34	1421	134	12633	74	138	0	200
1693316911.808		12201	10414	91	1586	110	11916	74	138	0	200
1693316911.850		13112	11591	39	1401	81	12925	74	138	0	200
1693316911.891		13803	11648	32	1969	154	13534	74	138	0	200
1693316911.930		12485	10616	22	1711	136	12211	74	138	0	200
1693316911.971		13114	10965	75	2023	51	12869	74	138	0	200
1693316912.013		11636	9978	35	1488	135	11383	74	138	0	200
1693316912.053		13038	11221	35	1660	122	12665	74	138	0	200
1693316912.094		8632	7148	40	1381	63	8463	74	138	0	200
1693316912.134		9363	7563	27	1687	86	9182	74	138	0	200
1693316912.175		9833	8216	29	1452	136	9574	74	138	0	200
1693316912.214		12554	10907	38	1522	87	12306	74	138	0	200
1693316912.255		8125	6917	47	1063	98	7882	74	138	0	200
1693316912.296		8800	7328	61	1327	84	8561	74	138	0	200
1693316912.336		8935	6899	31	1909	96	8743	74	138	0	200
1693316912.377		9079	7528	43	1422	86	8884	74	138	0	200
1693316912.417		8601	7048	36	1432	85	8359	74	138	0	200
1693316912.456		9222	7706	28	1387	101	9016	74	138	0	200
1693316912.496		11099	9507	47	1445	100	10868	74	138	0	200
1693316912.538		11875	10283	40	1452	100	11600	74	138	0	200
1693316912.577		12331	10496	53	1677	105	12018	74	138	0	200
1693316912.618		8683	7047	50	1461	125	8408	74	138	0	200
1693316912.658		12070	10464	60	1430	116	11772	74	138	0	200
1693316912.697		11871	10045	120	1591	115	11524	74	138	0	200
1693316912.737		7023	5120	88	1673	142	6673	74	138	0	200
1693316912.778		6572	4739	39	1660	134	6203	74	138	0	200
1693316912.818		6990	5029	56	1761	144	6617	74	138	0	200
1693316912.859		6975	4861	68	1918	128	6616	74	138	0	200
1693316912.898		9448	7613	79	1638	118	9127	74	138	0	200
1693316912.938		8539	6331	35	2050	123	8233	74	138	0	200
1693316912.978		7054	5063	72	1805	114	6722	74	138	0	200
1693316913.018		12424	10618	74	1613	119	12114	74	138	0	200
1693316913.057		13589	11655	24	1777	133	13289	74	138	0	200
1693316913.098		12906	10697	64	2021	124	12612	74	138	0	200
1693316913.138		14086	12025	32	1916	113	13827	74	138	0	200
1693316913.178		10410	8533	41	1675	161	10043	74	138	0	200
1693316913.217		6094	4218	41	1737	98	5839	74	138	0	200
1693316913.256		6838	5051	40	1615	132	6513	74	138	0	200
1693316913.297		6297	4626	86	1474	111	5982	74	138	0	200
1693316913.337		10871	9012	42	1731	86	10657	74	138	0	200
1693316913.376		12378	10428	71	1757	122	12061	74	138	0	200
1693316913.416		7128	5009	57	1940	122	6810	74	138	0	200
1693316913.456		7003	4983	44	1863	113	6721	74	138	0	200
1693316913.495		8123	6461	74	1477	111	7813	74	138	0	200
1693316913.535		6636	4609	52	1855	120	6320	74	138	0	200
1693316913.574		14100	12481	63	1435	121	13469	74	138	0	200
1693316913.614		12238	10323	52	1739	124	11939	74	138	0	200
1693316913.653		6800	4719	61	1877	143	6406	74	138	0	200
1693316913.692		6588	4687	53	1728	120	6286	74	138	0	200
1693316913.731		6287	4480	57	1626	124	5994	74	138	0	200
1693316913.772		7796	5964	54	1642	136	7438	74	138	0	200
1693316913.811		7107	5060	45	1893	109	6829	74	138	0	200
1693316913.850		6858	4910	65	1733	150	6481	74	138	0	200
1693316913.890		11605	9750	43	1712	100	11312	74	138	0	200
1693316913.929		6830	4820	88	1790	132	6412	74	138	0	200
1693316913.968		7030	5070	84	1669	207	6593	74	138	0	200
1693316914.006		8113	6061	67	1843	142	7755	74	138	0	200
1693316914.047		6480	4551	46	1772	111	6213	74	138	0	200
1693316914.086		6452	4742	34	1544	132	6012	74	138	0	200
1693316914.124		5136	3603	39	1383	111	4885	74	138	0	200
1693316914.163		5056	3411	56	1497	92	4816	74	138	0	200
1693316914.203		5296	3635	68	1451	142	4981	74	138	0	200
1693316914.243		5282	3680	33	1435	134	4956	74	138	0	200
1693316914.281		4779	3104	62	1531	82	4528	74	138	0	200
1693316914.321		4916	3272	40	1518	86	4709	74	138	0	200
1693316914.360		5252	3654	73	1417	108	4953	74	138	0	200
1693316914.398		9048	7339	72	1538	99	8714	74	138	0	200
1693316914.437		9539	7787	28	1614	110	9311	74	138	0	200
1693316914.477		9538	7960	33	1447	98	9320	74	138	0	200
1693316914.516		9955	8440	79	1330	106	9667	74	138	0	200
1693316914.555		13227	11495	55	1538	139	12878	74	138	0	200
1693316914.593		9020	7558	53	1303	106	8796	74	138	0	200
1693316914.632		9257	7779	33	1356	89	9058	74	138	0	200
1693316914.671		9371	7437	37	1796	101	9130	74	138	0	200
1693316914.710		9191	7200	43	1848	100	8935	74	138	0	200
1693316914.748		12381	10375	55	1826	125	12113	74	138	0	200
1693316914.787		12653	10936	44	1557	116	12410	74	138	0	200
1693316914.826		12370	10918	37	1327	88	12154	74	138	0	200
1693316914.865		13347	11646	35	1581	85	13154	74	138	0	200
1693316914.903		13494	11544	128	1712	110	13082	74	138	0	200
1693316914.941		13274	11358	36	1756	124	12986	74	138	0	200
1693316914.981		13760	12082	40	1546	92	13492	74	138	0	200
1693316915.020		10293	8819	40	1308	126	10030	74	138	0	200
1693316915.058		12345	10499	40	1674	132	12078	74	138	0	200
1693316915.097		12142	10330	38	1672	102	11907	74	138	0	200
1693316915.135		9599	8159	38	1295	107	9318	74	138	0	200
1693316915.173		8647	7082	37	1425	103	8414	74	138	0	200
1693316915.212		9811	8226	43	1465	77	9626	74	138	0	200
1693316915.251		9986	8430	33	1420	103	9744	74	138	0	200
1693316915.289		8650	7202	30	1323	95	8452	74	138	0	200
1693316915.328		9305	7116	32	2066	91	9081	74	138	0	200
1693316915.366		11321	9757	35	1396	133	11025	74	138	0	200
1693316915.403		8913	7370	37	1416	90	8614	74	138	0	200
1693316915.442		9954	8310	25	1476	143	9674	74	138	0	200
1693316915.481		9870	8317	60	1377	116	9602	74	138	0	200
1693316915.519		10139	8253	37	1757	92	9894	74	138	0	200
1693316915.558		11412	9804	39	1468	101	11163	74	138	0	200
1693316915.596		13451	11737	68	1537	109	12998	74	138	0	200
1693316915.634		8919	7505	27	1300	87	8713	74	138	0	200
1693316915.673		9751	8154	36	1468	93	9522	74	138	0	200
1693316915.710		8929	7304	42	1470	113	8694	74	138	0	200
1693316915.749		11006	9273	45	1592	96	10781	74	138	0	200
1693316915.787		12512	10627	28	1736	121	12284	74	138	0	200
1693316915.825		13005	11428	51	1413	113	12754	74	138	0	200
1693316915.863		13149	11712	41	1300	96	12929	74	138	0	200
1693316915.901		14590	12710	30	1748	102	14315	74	138	0	200
1693316915.939		14703	12872	45	1654	132	14403	74	138	0	200
1693316915.976		12900	11280	63	1422	135	12574	74	138	0	200
1693316916.015		12877	11194	35	1558	90	12655	74	138	0	200
1693316916.053		9785	8262	33	1379	111	9501	74	138	0	200
1693316916.091		13070	11230	32	1668	140	12747	74	138	0	200
1693316916.129		9587	8078	28	1389	92	9368	74	138	0	200
1693316916.167		8812	7385	24	1306	97	8597	74	138	0	200
1693316916.205		11885	10318	58	1405	104	11610	74	138	0	200
1693316916.243		8892	7421	28	1368	75	8725	74	138	0	200
1693316916.281		7812	6349	28	1329	106	7570	74	138	0	200
1693316916.318		8471	7005	76	1313	77	8255	74	138	0	200
1693316916.356		10720	9039	31	1558	92	10511	74	138	0	200
1693316916.394		13230	11472	78	1545	135	12898	74	138	0	200
1693316916.432		10453	8713	60	1580	100	10200	74	138	0	200
1693316916.470		9271	7713	48	1402	108	8981	74	138	0	200
1693316916.508		10440	8379	97	1862	102	10151	74	138	0	200
1693316916.545		9760	8188	32	1439	101	9531	74	138	0	200
1693316916.583		11940	10140	39	1655	106	11709	74	138	0	200
1693316916.620		12836	11318	43	1377	98	12608	74	138	0	200
1693316916.658		11855	10199	81	1468	107	11544	74	138	0	200
1693316916.695		11051	9401	33	1513	104	10812	74	138	0	200
1693316916.733		8778	7245	25	1402	106	8581	74	138	0	200
1693316916.771		13883	12146	50	1577	110	13550	74	138	0	200
1693316916.808		12545	10731	33	1668	113	12312	74	138	0	200
1693316916.846		13043	11366	54	1523	100	12811	74	138	0	200
1693316916.883		12929	11149	38	1627	115	12691	74	138	0	200
1693316916.921		15771	11347	33	4312	79	15560	74	138	0	200
1693316916.958		13629	11767	47	1669	146	13311	74	138	0	200
1693316916.996		13966	12081	35	1747	103	13705	74	138	0	200
1693316917.032		11051	9305	36	1606	104	10810	74	138	0	200
1693316917.071		13009	11180	39	1617	173	12683	74	138	0	200
1693316917.107		12889	11356	27	1406	100	12667	74	138	0	200
1693316917.144		9753	8185	28	1430	110	9465	74	138	0	200
1693316917.183		10509	8946	34	1429	100	10272	74	138	0	200
1693316917.220		9708	8146	59	1399	104	9456	74	138	0	200
1693316917.257		7723	6291	48	1283	101	7471	74	138	0	200
1693316917.294		8952	7550	25	1265	112	8751	74	138	0	200
1693316917.332		8474	6954	26	1373	121	8266	74	138	0	200
1693316917.369		8905	7397	46	1392	70	8723	74	138	0	200
1693316917.406		8574	7126	59	1302	87	8352	74	138	0	200
1693316917.442		9155	7672	23	1364	96	8950	74	138	0	200
1693316917.480		8867	7520	30	1222	95	8654	74	138	0	200
1693316917.518		10014	8427	35	1443	109	9798	74	138	0	200
1693316917.555		10127	8342	27	1631	127	9879	74	138	0	200
1693316917.592		12150	10279	58	1694	119	11880	74	138	0	200
1693316917.629		12112	10628	94	1291	99	11849	74	138	0	200
1693316917.666		9277	7662	43	1470	102	9056	74	138	0	200
1693316917.703		8393	6850	39	1418	86	8185	74	138	0	200
1693316917.740		10107	8381	47	1542	137	9836	74	138	0	200
1693316917.777		13267	11753	46	1353	115	12879	74	138	0	200
1693316917.814		12653	11192	36	1333	92	12459	74	138	0	200
1693316917.851		12909	11126	19	1661	103	12721	74	138	0	200
1693316917.887		12875	11084	34	1619	138	12607	74	138	0	200
1693316917.925		12941	11286	35	1524	96	12730	74	138	0	200
1693316917.961		13754	11814	57	1710	173	13404	74	138	0	200
1693316917.998		13141	11356	59	1581	145	12795	74	138	0	200
1693316918.034		9554	7900	68	1494	92	9276	74	138	0	200
1693316918.072		10041	8191	45	1659	146	9746	74	138	0	200
1693316918.109		13411	11716	34	1561	100	12946	74	138	0	200
1693316918.146		12219	10732	45	1350	92	11923	74	138	0	200
1693316918.181		8285	6808	28	1330	119	8050	74	138	0	200
1693316918.219		7488	6003	62	1326	97	7259	74	138	0	200
1693316918.255		10267	8681	34	1439	113	10032	74	138	0	200
1693316918.291		10571	9188	34	1253	96	10348	74	138	0	200
1693316918.329		8248	6712	35	1399	102	8047	74	138	0	200
1693316918.366		8371	7035	38	1207	91	8178	74	138	0	200
1693316918.402		8305	6949	29	1251	76	8141	74	138	0	200
1693316918.439		8877	7392	29	1371	85	8687	74	138	0	200
1693316918.476		10525	8844	39	1548	94	10307	74	138	0	200
1693316918.512		9943	8365	36	1419	123	9688	74	138	0	200
1693316918.549		10633	8614	39	1841	139	10339	74	138	0	200
1693316918.585		13293	11466	80	1622	125	12956	74	138	0	200
1693316918.622		12225	10253	41	1812	119	11959	74	138	0	200
1693316918.658		11874	10111	25	1629	109	11663	74	138	0	200
1693316918.695		11364	9753	31	1482	98	11159	74	138	0	200
1693316918.731		8780	7228	32	1398	122	8530	74	138	0	200
1693316918.769		14273	12157	97	1887	132	13802	74	138	0	200
1693316918.804		13622	11919	36	1551	116	13339	74	138	0	200
1693316918.839		12641	10969	42	1523	107	12422	74	138	0	200
1693316918.877		12353	10753	72	1407	121	12066	74	138	0	200
1693316918.912		12375	10846	78	1357	94	12115	74	138	0	200
1693316918.949		13449	11519	56	1758	116	13090	74	138	0	200
1693316918.986		13302	11029	65	2065	143	12989	74	138	0	200
1693316919.022		12779	10962	42	1652	123	12491	74	138	0	200
1693316919.058		8853	7403	39	1325	86	8578	74	138	0	200
1693316919.094		13616	11527	36	1933	120	13146	74	138	0	200
1693316919.130		12137	10636	100	1310	91	11844	74	138	0	200
1693316919.167		8881	7474	44	1281	82	8660	74	138	0	200
1693316919.203		9049	7129	33	1788	99	8843	74	138	0	200
1693316919.238		8816	7351	43	1342	80	8617	74	138	0	200
1693316919.275		8118	6589	26	1400	103	7924	74	138	0	200
1693316919.311		9055	7329	29	1583	114	8842	74	138	0	200
1693316919.348		11687	9431	30	2097	129	11423	74	138	0	200
1693316919.384		12735	11062	27	1536	110	12526	74	138	0	200
1693316919.419		5635	4018	72	1421	124	5334	74	138	0	200
1693316919.456		9779	8010	54	1607	108	9515	74	138	0	200
1693316919.492		11035	8862	66	1961	146	10725	74	138	0	200
1693316919.528		10926	9195	30	1587	114	10669	74	138	0	200
1693316919.563		10318	8519	56	1661	82	10087	74	138	0	200
1693316919.599		11849	9971	41	1711	126	11594	74	138	0	200
1693316919.635		6029	4410	94	1411	114	5680	74	138	0	200
1693316919.672		8946	7452	26	1396	72	8783	74	138	0	200
1693316919.708		8611	7311	27	1166	107	8420	74	138	0	200
1693316919.743		8726	7076	39	1485	126	8473	74	138	0	200
1693316919.779		13296	11422	46	1729	99	13072	74	138	0	200
1693316919.814		12240	10790	50	1296	104	11991	74	138	0	200
1693316919.851		12120	10517	39	1467	97	11892	74	138	0	200
1693316919.887		13198	11220	77	1779	122	12857	74	138	0	200
1693316919.923		13032	11160	64	1683	125	12688	74	138	0	200
1693316919.958		13048	11425	57	1444	122	12687	74	138	0	200
1693316919.994		13398	11801	37	1434	126	13114	74	138	0	200
1693316920.030		10744	9185	38	1436	85	10542	74	138	0	200
1693316920.066		9634	8090	36	1388	120	9378	74	138	0	200
1693316920.101		13081	11394	37	1551	99	12798	74	138	0	200
1693316920.137		5613	4083	33	1354	143	5269	74	138	0	200
1693316920.173		8020	6444	42	1430	104	7760	74	138	0	200
1693316920.208		8730	7289	33	1312	96	8534	74	138	0	200
1693316920.244		8153	6684	28	1336	105	7925	74	138	0	200
1693316920.280		9078	7353	28	1565	132	8821	74	138	0	200
1693316920.315		10533	8880	35	1523	95	10325	74	138	0	200
1693316920.351		5945	4465	207	1156	117	5475	74	138	0	200
1693316920.386		8198	6632	35	1427	104	7958	74	138	0	200
1693316920.422		11971	10386	61	1412	112	11677	74	138	0	200
1693316920.457		9935	8375	35	1429	96	9674	74	138	0	200
1693316920.493		10470	8544	38	1763	125	10214	74	138	0	200
1693316920.528		9269	7843	50	1270	106	9026	74	138	0	200
1693316920.564		10005	8393	38	1441	133	9758	74	138	0	200
1693316920.599		11832	10081	54	1522	175	11523	74	138	0	200
1693316920.635		12842	11133	32	1591	86	12647	74	138	0	200
1693316920.670		8626	7170	31	1341	84	8426	74	138	0	200
1693316920.705		8909	7696	34	1072	107	8693	74	138	0	200
1693316920.741		8852	7294	27	1442	89	8663	74	138	0	200
1693316920.776		12910	11173	31	1589	117	12676	74	138	0	200
1693316920.811		11941	10155	47	1605	134	11642	74	138	0	200
1693316920.847		12230	10654	37	1433	106	11984	74	138	0	200
1693316920.882		12857	11213	55	1468	121	12512	74	138	0	200
1693316920.917		13238	11304	36	1812	86	13005	74	138	0	200
1693316920.953		13660	12020	103	1436	101	13311	74	138	0	200
1693316920.987		13303	11435	53	1671	144	12960	74	138	0	200
1693316921.023		12766	10825	30	1564	347	12231	74	138	0	200
1693316921.058		9560	8036	34	1396	94	9336	74	138	0	200
1693316921.093		10199	8544	26	1522	107	9977	74	138	0	200
1693316921.128		13327	11800	41	1381	105	12971	74	138	0	200
1693316921.164		9360	7824	41	1421	74	9166	74	138	0	200
1693316921.198		8470	7100	29	1251	90	8288	74	138	0	200
1693316921.233		9841	8377	26	1336	102	9655	74	138	0	200
1693316921.269		5219	3734	33	1357	95	4954	74	138	0	200
1693316921.304		8836	7194	23	1528	91	8598	74	138	0	200
1693316921.339		8243	6723	46	1384	90	8011	74	138	0	200
1693316921.373		13329	11499	54	1678	98	13040	74	138	0	200
1693316921.409		15735	11791	70	3724	150	15317	74	138	0	200
1693316921.443		15420	12453	57	2775	135	15040	74	138	0	200
1693316921.479		11082	7499	67	3403	113	10755	74	138	0	200
1693316921.514		18211	13582	36	4284	309	17645	74	138	0	200
1693316921.549		16097	12807	55	3087	148	15653	74	138	0	200
1693316921.583		15176	12349	86	2622	119	14487	74	138	0	200
1693316921.619		13719	11629	69	1860	161	13342	74	138	0	200
1693316921.654		13963	12028	54	1734	147	13616	74	138	0	200
1693316921.689		13121	11162	84	1759	116	12793	74	138	0	200
1693316921.724		10603	9104	36	1374	89	10377	74	138	0	200
1693316921.758		9186	7610	33	1433	110	8906	74	138	0	200
1693316921.792		13352	11809	63	1384	96	13109	74	138	0	200
1693316921.828		12555	10517	39	1882	117	12312	74	138	0	200
1693316921.863		12048	10193	44	1691	120	11809	74	138	0	200
1693316921.898		13153	11263	51	1729	110	12865	74	138	0	200
1693316921.932		12670	10607	40	1849	174	12337	74	138	0	200
1693316921.967		12821	10960	62	1666	133	12523	74	138	0	200
1693316922.002		13164	11453	59	1540	112	12866	74	138	0	200
1693316922.037		10263	8709	74	1375	105	9983	74	138	0	200
1693316922.071		12321	10715	67	1447	92	11900	74	138	0	200
1693316922.106		12111	10431	32	1539	109	11836	74	138	0	200
1693316922.140		12109	10520	44	1417	128	11870	74	138	0	200
1693316922.174		9456	7863	67	1405	121	9187	74	138	0	200
1693316922.210		9931	8322	33	1487	89	9715	74	138	0	200
1693316922.243		8836	7261	111	1361	103	8560	74	138	0	200
1693316922.278		8848	7382	32	1338	96	8616	74	138	0	200
1693316922.313		8522	7260	45	1154	63	8352	74	138	0	200
1693316922.348		8654	7147	40	1368	99	8456	74	138	0	200
1693316922.382		11621	10000	30	1462	129	11359	74	138	0	200
1693316922.417		12937	11281	53	1493	110	12515	74	138	0	200
1693316922.452		8477	6771	31	1546	129	8258	74	138	0	200
1693316922.486		10768	9254	51	1362	101	10516	74	138	0	200
1693316922.521		10889	9474	35	1273	107	10668	74	138	0	200
1693316922.554		9263	7672	34	1466	91	9050	74	138	0	200
1693316922.589		9797	8349	51	1270	127	9470	74	138	0	200
1693316922.624		13483	11718	31	1581	153	12964	74	138	0	200
1693316922.658		11323	9862	30	1330	101	11123	74	138	0	200
1693316922.692		8524	7132	28	1255	109	8276	74	138	0	200
1693316922.727		8308	6754	46	1408	100	8060	74	138	0	200
1693316922.761		12712	11034	34	1527	117	12432	74	138	0	200
1693316922.796		12218	10626	33	1458	101	11995	74	138	0	200
1693316922.830		12662	10770	33	1741	118	12357	74	138	0	200
1693316922.863		11903	10118	30	1645	110	11683	74	138	0	200
1693316922.897		11829	10401	32	1289	107	11616	74	138	0	200
1693316922.933		12927	11507	27	1289	104	12726	74	138	0	200
1693316922.967		6520	4784	77	1530	129	6200	74	138	0	200
1693316923.000		13347	11395	49	1738	165	12960	74	138	0	200
1693316923.035		12730	10259	67	2285	119	12423	74	138	0	200
1693316923.070		7681	4711	46	2786	138	7328	74	138	0	200
1693316923.104		6168	4561	48	1445	114	5833	74	138	0	200
1693316923.138		6723	4950	64	1621	88	6396	74	138	0	200
1693316923.172		6562	4578	40	1824	120	6257	74	138	0	200
1693316923.206		5650	3922	77	1556	95	5345	74	138	0	200
1693316923.240		4927	3420	89	1331	87	4596	74	138	0	200
1693316923.273		5564	3976	50	1443	95	5315	74	138	0	200
1693316923.308		6311	4747	56	1354	154	5846	74	138	0	200
1693316923.343		4416	3042	29	1247	98	4217	74	138	0	200
1693316923.377		11174	9264	89	1691	130	10861	74	138	0	200
1693316923.411		10082	8377	274	1332	99	9622	74	138	0	200
1693316923.445		10124	8565	87	1353	119	9818	74	138	0	200
1693316923.479		12629	10980	48	1501	100	12377	74	138	0	200
1693316923.513		12341	10552	45	1599	145	11762	74	138	0	200
1693316923.547		12548	10622	57	1736	133	12207	74	138	0	200
1693316923.580		12666	10870	61	1590	145	12031	74	138	0	200
1693316923.614		6783	4935	67	1649	132	6450	74	138	0	200
1693316923.648		6556	4909	48	1475	124	6216	74	138	0	200
1693316923.682		6213	4539	32	1525	117	5934	74	138	0	200
1693316923.716		12108	10460	39	1501	108	11825	74	138	0	200
1693316923.750		12054	10262	113	1560	119	11727	74	138	0	200
1693316923.784		15240	12690	108	2326	116	14305	74	138	0	200
1693316923.818		14131	12152	33	1822	124	13856	74	138	0	200
1693316923.850		7067	4924	103	1909	131	6682	74	138	0	200
1693316923.885		6623	4863	33	1611	116	6314	74	138	0	200
1693316923.919		6898	4668	32	2080	118	6618	74	138	0	200
1693316923.952		6299	4422	57	1710	110	5995	74	138	0	200
1693316923.987		7027	4869	47	1992	119	6688	74	138	0	200
1693316924.020		12622	10755	40	1685	142	12291	74	138	0	200
1693316924.053		10800	9035	29	1627	109	10570	74	138	0	200
1693316924.088		12626	10777	39	1698	112	12347	74	138	0	200
1693316924.120		12905	11187	60	1514	144	12571	74	138	0	200
1693316924.155		11831	10082	51	1591	107	11562	74	138	0	200
1693316924.188		11473	10169	37	1137	130	11210	74	138	0	200
1693316924.222		11891	10272	36	1478	105	11625	74	138	0	200
1693316924.256		11465	9565	36	1740	124	11200	74	138	0	200
1693316924.291		11551	9867	64	1515	105	11228	74	138	0	200
1693316924.323		5790	3961	41	1667	121	5528	74	138	0	200
1693316924.357		6146	4551	53	1429	113	5848	74	138	0	200
1693316924.390		6082	4323	38	1608	113	5811	74	138	0	200
1693316924.424		10849	9069	54	1623	103	10594	74	138	0	200
1693316924.457		5434	3578	28	1676	152	5145	74	138	0	200
1693316924.491		7184	5236	80	1731	137	6823	74	138	0	200
1693316924.524		5908	4234	108	1472	94	5589	74	138	0	200
1693316924.558		5510	3765	42	1585	118	5244	74	138	0	200
1693316924.591		5099	3413	28	1549	109	4856	74	138	0	200
1693316924.625		5450	4212	38	1112	88	5170	74	138	0	200
1693316924.658		6760	5018	38	1595	109	6427	74	138	0	200
1693316924.691		4660	3202	48	1288	122	4381	74	138	0	200
1693316924.725		4386	3038	52	1198	98	4106	74	138	0	200
1693316924.757		4975	3431	32	1420	92	4764	74	138	0	200
1693316924.792		6427	4653	87	1581	106	6052	74	138	0	200
1693316924.825		6700	5097	40	1448	115	6434	74	138	0	200
