2023-08-29 13:47:43,421 [INFO] root tankworker.py:153	Log file created
2023-08-29 13:47:43,422 [INFO] root tankworker.py:157	Logging handler <FileHandler /var/loadtest/tank_errors.log (WARNING)> added
2023-08-29 13:47:43,423 [INFO] root tankworker.py:157	Logging handler <StreamHandler <stdout> (INFO)> added
2023-08-29 13:47:43,424 [INFO] root tankworker.py:157	Logging handler <StreamHandler <stderr> (NOTSET)> added
2023-08-29 13:47:43,460 [INFO] root tankworker.py:69	Created a folder for the test. /var/loadtest/logs/2023-08-29_13-47-43.280873
2023-08-29 13:47:43,465 [INFO] yandextank.core.tankcore tankcore.py:254	Configuring plugins...
2023-08-29 13:47:43,466 [INFO] yandextank.core.tankcore tankcore.py:205	Loading plugins...
2023-08-29 13:47:43,467 [INFO] yandextank.core.tankcore tankcore.py:215	Trying to import module: autostop
2023-08-29 13:47:43,468 [INFO] yandextank.core.tankcore tankcore.py:216	Path: yandextank.plugins.Autostop
2023-08-29 13:47:43,469 [INFO] yandextank.core.tankcore tankcore.py:215	Trying to import module: console
2023-08-29 13:47:43,469 [INFO] yandextank.core.tankcore tankcore.py:216	Path: yandextank.plugins.Console
2023-08-29 13:47:43,470 [INFO] yandextank.core.tankcore tankcore.py:215	Trying to import module: json_report
2023-08-29 13:47:43,471 [INFO] yandextank.core.tankcore tankcore.py:216	Path: yandextank.plugins.JsonReport
2023-08-29 13:47:43,478 [INFO] yandextank.core.tankcore tankcore.py:215	Trying to import module: phantom
2023-08-29 13:47:43,479 [INFO] yandextank.core.tankcore tankcore.py:216	Path: yandextank.plugins.Phantom
2023-08-29 13:47:43,480 [INFO] yandextank.core.tankcore tankcore.py:215	Trying to import module: rcheck
2023-08-29 13:47:43,481 [INFO] yandextank.core.tankcore tankcore.py:216	Path: yandextank.plugins.ResourceCheck
2023-08-29 13:47:43,481 [INFO] yandextank.core.tankcore tankcore.py:215	Trying to import module: shellexec
2023-08-29 13:47:43,482 [INFO] yandextank.core.tankcore tankcore.py:216	Path: yandextank.plugins.ShellExec
2023-08-29 13:47:43,483 [INFO] yandextank.core.tankcore tankcore.py:215	Trying to import module: rcassert
2023-08-29 13:47:43,483 [INFO] yandextank.core.tankcore tankcore.py:216	Path: yandextank.plugins.RCAssert
2023-08-29 13:47:43,484 [INFO] yandextank.core.tankcore tankcore.py:215	Trying to import module: overload
2023-08-29 13:47:43,485 [INFO] yandextank.core.tankcore tankcore.py:216	Path: yandextank.plugins.DataUploader
2023-08-29 13:47:43,523 [INFO] yandextank.common.util util.py:578	Testing connection to resolved address 192.168.65.2 and port 8080
2023-08-29 13:47:43,538 [INFO] yandextank.plugins.Phantom.utils utils.py:277	Resolved host.docker.internal into 192.168.65.2:8080
2023-08-29 13:47:43,539 [INFO] yandextank.stepper.main main.py:197	Configuring StepperWrapper...
2023-08-29 13:47:43,543 [INFO] yandextank.stepper.main main.py:251	Using cached stpd-file: /var/loadtest/logs/_92b860d5b1b303c28f25be687787e189.stpd
2023-08-29 13:47:43,548 [INFO] yandextank.stepper.main main.py:254	rps_schedule is set. Overriding cached instances param from config: 1000
2023-08-29 13:47:43,575 [INFO] yandextank.core.tankcore tankcore.py:268	Preparing test...
2023-08-29 13:47:43,649 [INFO] yandextank.common.interfaces plugin.py:38	Checking tank resources...
2023-08-29 13:47:43,728 [INFO] root plugin.py:585	Using OVERLOAD backend
2023-08-29 13:47:43,733 [INFO] yandextank.plugins.DataUploader.plugin plugin.py:703	Read authentication token from token.txt, token length is 32 bytes
2023-08-29 13:47:43,780 [INFO] yandextank.plugins.DataUploader.client client.py:81	Proxy not set
2023-08-29 13:47:43,781 [INFO] yandextank.plugins.DataUploader.plugin plugin.py:728	Detected target: host.docker.internal
2023-08-29 13:47:44,213 [INFO] yandextank.plugins.DataUploader.plugin plugin.py:877	Job created: 638412
2023-08-29 13:47:44,325 [INFO] yandextank.plugins.DataUploader.plugin plugin.py:547	Locking targets: ['host.docker.internal']
2023-08-29 13:47:44,329 [INFO] yandextank.plugins.DataUploader.plugin plugin.py:549	Locked targets: ['host.docker.internal']
2023-08-29 13:47:44,727 [INFO] yandextank.core.tankcore tankcore.py:278	Starting test...
2023-08-29 13:47:44,743 [INFO] yandextank.aggregator.tank_aggregator tank_aggregator.py:65	using verbose histogram
2023-08-29 13:47:44,769 [INFO] yandextank.core.tankcore tankcore.py:285	Plugin plugin_autostop required 0.000019 seconds to start
2023-08-29 13:47:44,774 [INFO] yandextank.core.tankcore tankcore.py:285	Plugin plugin_console required 0.000008 seconds to start
2023-08-29 13:47:44,775 [INFO] yandextank.core.tankcore tankcore.py:285	Plugin plugin_json_report required 0.000006 seconds to start
2023-08-29 13:47:44,797 [INFO] yandextank.core.tankcore tankcore.py:285	Plugin plugin_phantom required 0.020320 seconds to start
2023-08-29 13:47:44,798 [INFO] yandextank.core.tankcore tankcore.py:285	Plugin plugin_rcheck required 0.000016 seconds to start
2023-08-29 13:47:44,799 [INFO] yandextank.core.tankcore tankcore.py:285	Plugin plugin_shellexec required 0.000015 seconds to start
2023-08-29 13:47:44,800 [INFO] yandextank.core.tankcore tankcore.py:285	Plugin plugin_rcassert required 0.000008 seconds to start
2023-08-29 13:47:44,803 [INFO] yandextank.plugins.DataUploader.plugin plugin.py:456	Status sender thread started
2023-08-29 13:47:44,806 [INFO] yandextank.plugins.DataUploader.plugin plugin.py:475	Data Uploader thread started
2023-08-29 13:47:44,809 [INFO] yandextank.plugins.DataUploader.plugin plugin.py:475	Monitoring Uploader thread started
2023-08-29 13:47:44,810 [INFO] yandextank.plugins.DataUploader.plugin plugin.py:360	Web link: https://overload.yandex.net/638412
2023-08-29 13:47:45,083 [INFO] yandextank.core.tankcore tankcore.py:285	Plugin plugin_overload required 0.281889 seconds to start
2023-08-29 13:47:45,085 [INFO] yandextank.core.tankcore tankcore.py:294	Waiting for test to finish...
2023-08-29 13:47:45,086 [INFO] yandextank.core.tankcore tankcore.py:295	Artifacts dir: /var/loadtest/logs/2023-08-29_13-47-43.280873
2023-08-29 13:48:45,069 [INFO] yandextank.plugins.Phantom.plugin plugin.py:155	Phantom done its work with exit code: 0
2023-08-29 13:48:45,072 [INFO] yandextank.core.tankcore tankcore.py:331	Finishing test...
2023-08-29 13:48:45,074 [INFO] yandextank.core.tankcore tankcore.py:334	Stopping load generator and aggregator
2023-08-29 13:48:45,075 [INFO] yandextank.aggregator.tank_aggregator tank_aggregator.py:126	Closing stats reader
2023-08-29 13:48:45,076 [INFO] yandextank.aggregator.tank_aggregator tank_aggregator.py:129	Waiting for gun drain to finish
2023-08-29 13:48:45,468 [INFO] yandextank.aggregator.tank_aggregator tank_aggregator.py:131	Waiting for stats drain to finish
2023-08-29 13:48:45,810 [INFO] yandextank.aggregator.tank_aggregator tank_aggregator.py:133	Collecting remaining data
2023-08-29 13:48:45,843 [INFO] yandextank.aggregator.tank_aggregator tank_aggregator.py:111	Timestamps without stats:
2023-08-29 13:48:45,853 [INFO] yandextank.aggregator.tank_aggregator tank_aggregator.py:113	1693316923
2023-08-29 13:48:45,870 [INFO] yandextank.aggregator.tank_aggregator tank_aggregator.py:113	1693316924
2023-08-29 13:48:45,882 [INFO] yandextank.core.tankcore tankcore.py:338	Stopping monitoring
2023-08-29 13:48:46,341 [INFO] yandextank.plugins.DataUploader.plugin plugin.py:540	Unlocking targets: ['host.docker.internal']
2023-08-29 13:48:46,348 [INFO] yandextank.plugins.DataUploader.plugin plugin.py:542	host.docker.internal
2023-08-29 13:48:46,358 [INFO] yandextank.core.tankcore tankcore.py:361	Post-processing test...
2023-08-29 13:48:46,370 [INFO] yandextank.plugins.DataUploader.plugin plugin.py:412	Waiting for sender threads to join.
2023-08-29 13:48:46,372 [INFO] yandextank.plugins.DataUploader.plugin plugin.py:480	Monitoring Uploader queue returned None
2023-08-29 13:48:46,375 [INFO] yandextank.plugins.DataUploader.plugin plugin.py:500	Closing Monitoring Uploader thread
2023-08-29 13:48:46,385 [INFO] yandextank.plugins.DataUploader.plugin plugin.py:480	Data Uploader queue returned None
2023-08-29 13:48:46,386 [INFO] yandextank.plugins.DataUploader.plugin plugin.py:500	Closing Data Uploader thread
2023-08-29 13:48:46,388 [INFO] yandextank.plugins.DataUploader.plugin plugin.py:418	Web link: https://overload.yandex.net/638412
2023-08-29 13:48:46,600 [INFO] yandextank.common.util util.py:816	Trying to clean up
2023-08-29 13:48:46,606 [INFO] yandextank.core.tankcore tankcore.py:562	Cleaning up plugin plugin_autostop
2023-08-29 13:48:46,610 [INFO] yandextank.core.tankcore tankcore.py:562	Cleaning up plugin plugin_console
2023-08-29 13:48:46,613 [INFO] yandextank.core.tankcore tankcore.py:562	Cleaning up plugin plugin_json_report
2023-08-29 13:48:46,615 [INFO] yandextank.core.tankcore tankcore.py:562	Cleaning up plugin plugin_phantom
2023-08-29 13:48:46,618 [INFO] yandextank.core.tankcore tankcore.py:562	Cleaning up plugin plugin_rcheck
2023-08-29 13:48:46,619 [INFO] yandextank.core.tankcore tankcore.py:562	Cleaning up plugin plugin_shellexec
2023-08-29 13:48:46,621 [INFO] yandextank.core.tankcore tankcore.py:562	Cleaning up plugin plugin_rcassert
2023-08-29 13:48:46,623 [INFO] yandextank.core.tankcore tankcore.py:562	Cleaning up plugin plugin_overload
2023-08-29 13:48:46,624 [INFO] yandextank.plugins.DataUploader.plugin plugin.py:540	Unlocking targets: ['host.docker.internal']
2023-08-29 13:48:46,626 [INFO] yandextank.plugins.DataUploader.plugin plugin.py:542	host.docker.internal
2023-08-29 13:48:46,752 [INFO] yandextank.core.tankcore tankcore.py:630	Releasing lock: /var/lock/lunapark_r4xe3z8a.lock
2023-08-29 13:48:46,781 [INFO] yandextank.core.tankcore tankcore.py:405	Artifacts dir: /var/loadtest/logs/2023-08-29_13-47-43.280873
2023-08-29 13:48:46,784 [INFO] yandextank.core.tankcore tankcore.py:461	File not found to collect: validation_error.yaml
2023-08-29 13:48:46,785 [INFO] yandextank.core.tankcore tankcore.py:466	File already exists: /var/loadtest/logs/2023-08-29_13-47-43.280873/answ_rbppfm3l.log
2023-08-29 13:48:46,787 [INFO] yandextank.core.tankcore tankcore.py:466	File already exists: /var/loadtest/logs/2023-08-29_13-47-43.280873/phout_zjqlfqri.log
2023-08-29 13:48:46,789 [INFO] yandextank.core.tankcore tankcore.py:466	File already exists: /var/loadtest/logs/2023-08-29_13-47-43.280873/phantom_stat_1eui8wvm.log
2023-08-29 13:48:46,791 [INFO] yandextank.core.tankcore tankcore.py:466	File already exists: /var/loadtest/logs/2023-08-29_13-47-43.280873/phantom_wtzhr4g8.log
2023-08-29 13:48:46,792 [INFO] yandextank.core.tankcore tankcore.py:466	File already exists: /var/loadtest/logs/2023-08-29_13-47-43.280873/phantom_m_3rynxw.conf
2023-08-29 13:48:46,793 [INFO] yandextank.core.tankcore tankcore.py:466	File already exists: /var/loadtest/logs/2023-08-29_13-47-43.280873/phantom_stdout_stderr_xl0i26y7.log
