2023-08-29 14:57:39,514 [INFO] root tankworker.py:153	Log file created
2023-08-29 14:57:39,515 [INFO] root tankworker.py:157	Logging handler <FileHandler /var/loadtest/tank_errors.log (WARNING)> added
2023-08-29 14:57:39,516 [INFO] root tankworker.py:157	Logging handler <StreamHandler <stdout> (INFO)> added
2023-08-29 14:57:39,517 [INFO] root tankworker.py:157	Logging handler <StreamHandler <stderr> (NOTSET)> added
2023-08-29 14:57:39,546 [INFO] root tankworker.py:69	Created a folder for the test. /var/loadtest/logs/2023-08-29_14-57-39.371188
2023-08-29 14:57:39,551 [INFO] yandextank.core.tankcore tankcore.py:254	Configuring plugins...
2023-08-29 14:57:39,552 [INFO] yandextank.core.tankcore tankcore.py:205	Loading plugins...
2023-08-29 14:57:39,553 [INFO] yandextank.core.tankcore tankcore.py:215	Trying to import module: autostop
2023-08-29 14:57:39,554 [INFO] yandextank.core.tankcore tankcore.py:216	Path: yandextank.plugins.Autostop
2023-08-29 14:57:39,556 [INFO] yandextank.core.tankcore tankcore.py:215	Trying to import module: console
2023-08-29 14:57:39,557 [INFO] yandextank.core.tankcore tankcore.py:216	Path: yandextank.plugins.Console
2023-08-29 14:57:39,558 [INFO] yandextank.core.tankcore tankcore.py:215	Trying to import module: json_report
2023-08-29 14:57:39,558 [INFO] yandextank.core.tankcore tankcore.py:216	Path: yandextank.plugins.JsonReport
2023-08-29 14:57:39,564 [INFO] yandextank.core.tankcore tankcore.py:215	Trying to import module: phantom
2023-08-29 14:57:39,565 [INFO] yandextank.core.tankcore tankcore.py:216	Path: yandextank.plugins.Phantom
2023-08-29 14:57:39,566 [INFO] yandextank.core.tankcore tankcore.py:215	Trying to import module: rcheck
2023-08-29 14:57:39,567 [INFO] yandextank.core.tankcore tankcore.py:216	Path: yandextank.plugins.ResourceCheck
2023-08-29 14:57:39,567 [INFO] yandextank.core.tankcore tankcore.py:215	Trying to import module: shellexec
2023-08-29 14:57:39,568 [INFO] yandextank.core.tankcore tankcore.py:216	Path: yandextank.plugins.ShellExec
2023-08-29 14:57:39,569 [INFO] yandextank.core.tankcore tankcore.py:215	Trying to import module: rcassert
2023-08-29 14:57:39,569 [INFO] yandextank.core.tankcore tankcore.py:216	Path: yandextank.plugins.RCAssert
2023-08-29 14:57:39,570 [INFO] yandextank.core.tankcore tankcore.py:215	Trying to import module: overload
2023-08-29 14:57:39,571 [INFO] yandextank.core.tankcore tankcore.py:216	Path: yandextank.plugins.DataUploader
2023-08-29 14:57:39,600 [INFO] yandextank.common.util util.py:578	Testing connection to resolved address 192.168.65.2 and port 8080
2023-08-29 14:57:39,615 [INFO] yandextank.plugins.Phantom.utils utils.py:277	Resolved host.docker.internal into 192.168.65.2:8080
2023-08-29 14:57:39,616 [INFO] yandextank.stepper.main main.py:197	Configuring StepperWrapper...
2023-08-29 14:57:39,618 [INFO] yandextank.stepper.main main.py:336	Making stpd-file: /var/loadtest/logs/_7efe82b4c7cced3a2de80dd0412e5e22.stpd
2023-08-29 14:57:39,625 [INFO] yandextank.stepper.config config.py:126	Using UriStyleGenerator ammo reader
2023-08-29 14:57:43,251 [INFO] yandextank.core.tankcore tankcore.py:268	Preparing test...
2023-08-29 14:57:43,315 [INFO] yandextank.common.interfaces plugin.py:38	Checking tank resources...
2023-08-29 14:57:43,390 [INFO] root plugin.py:585	Using OVERLOAD backend
2023-08-29 14:57:43,394 [INFO] yandextank.plugins.DataUploader.plugin plugin.py:703	Read authentication token from token.txt, token length is 32 bytes
2023-08-29 14:57:43,437 [INFO] yandextank.plugins.DataUploader.client client.py:81	Proxy not set
2023-08-29 14:57:43,439 [INFO] yandextank.plugins.DataUploader.plugin plugin.py:728	Detected target: host.docker.internal
2023-08-29 14:57:44,065 [INFO] yandextank.plugins.DataUploader.plugin plugin.py:877	Job created: 638431
2023-08-29 14:57:44,182 [INFO] yandextank.plugins.DataUploader.plugin plugin.py:547	Locking targets: ['host.docker.internal']
2023-08-29 14:57:44,186 [INFO] yandextank.plugins.DataUploader.plugin plugin.py:549	Locked targets: ['host.docker.internal']
2023-08-29 14:57:44,604 [INFO] yandextank.core.tankcore tankcore.py:278	Starting test...
2023-08-29 14:57:44,621 [INFO] yandextank.aggregator.tank_aggregator tank_aggregator.py:65	using verbose histogram
2023-08-29 14:57:44,650 [INFO] yandextank.core.tankcore tankcore.py:285	Plugin plugin_autostop required 0.000020 seconds to start
2023-08-29 14:57:44,652 [INFO] yandextank.core.tankcore tankcore.py:285	Plugin plugin_console required 0.000015 seconds to start
2023-08-29 14:57:44,654 [INFO] yandextank.core.tankcore tankcore.py:285	Plugin plugin_json_report required 0.000025 seconds to start
2023-08-29 14:57:44,677 [INFO] yandextank.core.tankcore tankcore.py:285	Plugin plugin_phantom required 0.021069 seconds to start
2023-08-29 14:57:44,678 [INFO] yandextank.core.tankcore tankcore.py:285	Plugin plugin_rcheck required 0.000014 seconds to start
2023-08-29 14:57:44,679 [INFO] yandextank.core.tankcore tankcore.py:285	Plugin plugin_shellexec required 0.000014 seconds to start
2023-08-29 14:57:44,680 [INFO] yandextank.core.tankcore tankcore.py:285	Plugin plugin_rcassert required 0.000009 seconds to start
2023-08-29 14:57:44,682 [INFO] yandextank.plugins.DataUploader.plugin plugin.py:456	Status sender thread started
2023-08-29 14:57:44,684 [INFO] yandextank.plugins.DataUploader.plugin plugin.py:475	Data Uploader thread started
2023-08-29 14:57:44,687 [INFO] yandextank.plugins.DataUploader.plugin plugin.py:475	Monitoring Uploader thread started
2023-08-29 14:57:44,688 [INFO] yandextank.plugins.DataUploader.plugin plugin.py:360	Web link: https://overload.yandex.net/638431
2023-08-29 14:57:44,888 [INFO] yandextank.core.tankcore tankcore.py:285	Plugin plugin_overload required 0.207222 seconds to start
2023-08-29 14:57:44,890 [INFO] yandextank.core.tankcore tankcore.py:294	Waiting for test to finish...
2023-08-29 14:57:44,891 [INFO] yandextank.core.tankcore tankcore.py:295	Artifacts dir: /var/loadtest/logs/2023-08-29_14-57-39.371188
2023-08-29 14:59:15,511 [WARNING] root tankworker.py:118	Interrupting
2023-08-29 14:59:15,537 [ERROR] yandextank.common.util util.py:846	Test interrupted:
<class 'KeyboardInterrupt'>: 
  File "/usr/local/lib/python3.8/dist-packages/yandextank/core/tankworker.py", line 79, in run
    self.retcode = self.core.wait_for_finish()

  File "/usr/local/lib/python3.8/dist-packages/yandextank/core/tankcore.py", line 308, in wait_for_finish
    retcode = plugin.is_test_finished()

  File "/usr/local/lib/python3.8/dist-packages/yandextank/plugins/Console/plugin.py", line 87, in is_test_finished
    self.__console_view = self.screen.render_screen().encode('utf-8')

  File "/usr/local/lib/python3.8/dist-packages/yandextank/plugins/Console/screen.py", line 416, in render_screen
    left_lines = self.__render_left_panel()

  File "/usr/local/lib/python3.8/dist-packages/yandextank/plugins/Console/screen.py", line 369, in __render_left_panel
    left_block.render()

  File "/usr/local/lib/python3.8/dist-packages/yandextank/plugins/Console/screen.py", line 559, in render
    self.top.render(expected_width=expected_width)

  File "/usr/local/lib/python3.8/dist-packages/yandextank/plugins/Console/screen.py", line 560, in render
    self.bottom.render(expected_width=expected_width)

  File "/usr/local/lib/python3.8/dist-packages/yandextank/plugins/Console/screen.py", line 526, in render
    self.left.render(expected_width=expected_width)

  File "/usr/local/lib/python3.8/dist-packages/yandextank/plugins/Console/screen.py", line 695, in render
    data = self.__calc_percentiles()

  File "/usr/local/lib/python3.8/dist-packages/yandextank/plugins/Console/screen.py", line 675, in __calc_percentiles
    last_1m = last_1m.add(data, fill_value=0)

  File "/usr/local/lib/python3.8/dist-packages/pandas/core/ops/__init__.py", line 165, in flex_wrapper
    return self._binop(other, op, level=level, fill_value=fill_value)

  File "/usr/local/lib/python3.8/dist-packages/pandas/core/series.py", line 2723, in _binop
    this, other = self.align(other, level=level, join="outer", copy=False)

  File "/usr/local/lib/python3.8/dist-packages/pandas/core/series.py", line 4220, in align
    return super().align(

  File "/usr/local/lib/python3.8/dist-packages/pandas/core/generic.py", line 8825, in align
    return self._align_series(

  File "/usr/local/lib/python3.8/dist-packages/pandas/core/generic.py", line 8938, in _align_series
    left = self._reindex_indexer(join_index, lidx, copy)

  File "/usr/local/lib/python3.8/dist-packages/pandas/core/series.py", line 4193, in _reindex_indexer
    return self._constructor(new_values, index=new_index)

  File "/usr/local/lib/python3.8/dist-packages/pandas/core/series.py", line 366, in __init__
    data = SingleBlockManager.from_array(data, index)

  File "/usr/local/lib/python3.8/dist-packages/pandas/core/internals/managers.py", line 1582, in from_array
    block = make_block(array, placement=slice(0, len(index)), ndim=1)

  File "/usr/local/lib/python3.8/dist-packages/pandas/core/internals/blocks.py", line 2744, in make_block
    klass = get_block_type(values, dtype)

  File "/usr/local/lib/python3.8/dist-packages/pandas/core/internals/blocks.py", line 2709, in get_block_type
    elif is_interval_dtype(dtype) or is_period_dtype(dtype):

  File "/usr/local/lib/python3.8/dist-packages/pandas/core/dtypes/common.py", line 496, in is_period_dtype
    return PeriodDtype.is_dtype(arr_or_dtype)

  File "/usr/local/lib/python3.8/dist-packages/pandas/core/dtypes/dtypes.py", line 942, in is_dtype
    return super().is_dtype(dtype)

  File "/usr/local/lib/python3.8/dist-packages/pandas/core/dtypes/base.py", line 280, in is_dtype
    if isinstance(dtype, (ABCSeries, ABCIndexClass, ABCDataFrame, np.dtype)):

  File "/usr/local/lib/python3.8/dist-packages/pandas/core/dtypes/generic.py", line 32, in _check
    return getattr(inst, attr, "_typ") in comp

2023-08-29 14:59:15,541 [INFO] yandextank.core.tankcore tankcore.py:331	Finishing test...
2023-08-29 14:59:15,544 [INFO] yandextank.core.tankcore tankcore.py:334	Stopping load generator and aggregator
2023-08-29 14:59:15,546 [INFO] yandextank.plugins.Phantom.plugin plugin.py:172	Terminating phantom process with PID 49
2023-08-29 14:59:16,150 [INFO] yandextank.aggregator.tank_aggregator tank_aggregator.py:126	Closing stats reader
2023-08-29 14:59:16,152 [INFO] yandextank.aggregator.tank_aggregator tank_aggregator.py:129	Waiting for gun drain to finish
2023-08-29 14:59:16,372 [INFO] yandextank.aggregator.tank_aggregator tank_aggregator.py:131	Waiting for stats drain to finish
2023-08-29 14:59:16,395 [INFO] yandextank.aggregator.tank_aggregator tank_aggregator.py:133	Collecting remaining data
2023-08-29 14:59:16,405 [INFO] yandextank.aggregator.tank_aggregator tank_aggregator.py:111	Timestamps without stats:
2023-08-29 14:59:16,411 [INFO] yandextank.aggregator.tank_aggregator tank_aggregator.py:113	1693321154
2023-08-29 14:59:16,419 [INFO] yandextank.aggregator.tank_aggregator tank_aggregator.py:113	1693321155
2023-08-29 14:59:16,426 [INFO] yandextank.core.tankcore tankcore.py:338	Stopping monitoring
2023-08-29 14:59:16,548 [INFO] yandextank.plugins.DataUploader.plugin plugin.py:500	Closing Data Uploader thread
2023-08-29 14:59:16,798 [INFO] yandextank.plugins.DataUploader.plugin plugin.py:540	Unlocking targets: ['host.docker.internal']
2023-08-29 14:59:16,800 [INFO] yandextank.plugins.DataUploader.plugin plugin.py:542	host.docker.internal
2023-08-29 14:59:16,803 [INFO] yandextank.core.tankcore tankcore.py:361	Post-processing test...
2023-08-29 14:59:16,812 [INFO] yandextank.plugins.DataUploader.plugin plugin.py:412	Waiting for sender threads to join.
2023-08-29 14:59:16,813 [INFO] yandextank.plugins.DataUploader.plugin plugin.py:480	Monitoring Uploader queue returned None
2023-08-29 14:59:16,814 [INFO] yandextank.plugins.DataUploader.plugin plugin.py:500	Closing Monitoring Uploader thread
2023-08-29 14:59:16,815 [INFO] yandextank.plugins.DataUploader.plugin plugin.py:418	Web link: https://overload.yandex.net/638431
2023-08-29 14:59:17,070 [INFO] yandextank.common.util util.py:816	Trying to clean up
2023-08-29 14:59:17,073 [INFO] yandextank.core.tankcore tankcore.py:562	Cleaning up plugin plugin_autostop
2023-08-29 14:59:17,077 [INFO] yandextank.core.tankcore tankcore.py:562	Cleaning up plugin plugin_console
2023-08-29 14:59:17,080 [INFO] yandextank.core.tankcore tankcore.py:562	Cleaning up plugin plugin_json_report
2023-08-29 14:59:17,081 [INFO] yandextank.core.tankcore tankcore.py:562	Cleaning up plugin plugin_phantom
2023-08-29 14:59:17,081 [INFO] yandextank.core.tankcore tankcore.py:562	Cleaning up plugin plugin_rcheck
2023-08-29 14:59:17,082 [INFO] yandextank.core.tankcore tankcore.py:562	Cleaning up plugin plugin_shellexec
2023-08-29 14:59:17,084 [INFO] yandextank.core.tankcore tankcore.py:562	Cleaning up plugin plugin_rcassert
2023-08-29 14:59:17,084 [INFO] yandextank.core.tankcore tankcore.py:562	Cleaning up plugin plugin_overload
2023-08-29 14:59:17,085 [INFO] yandextank.plugins.DataUploader.plugin plugin.py:540	Unlocking targets: ['host.docker.internal']
2023-08-29 14:59:17,087 [INFO] yandextank.plugins.DataUploader.plugin plugin.py:542	host.docker.internal
2023-08-29 14:59:17,265 [INFO] yandextank.core.tankcore tankcore.py:630	Releasing lock: /var/lock/lunapark_t6cva9f3.lock
2023-08-29 14:59:17,320 [INFO] yandextank.core.tankcore tankcore.py:405	Artifacts dir: /var/loadtest/logs/2023-08-29_14-57-39.371188
2023-08-29 14:59:17,322 [INFO] yandextank.core.tankcore tankcore.py:461	File not found to collect: validation_error.yaml
2023-08-29 14:59:17,323 [INFO] yandextank.core.tankcore tankcore.py:466	File already exists: /var/loadtest/logs/2023-08-29_14-57-39.371188/answ_2kins269.log
2023-08-29 14:59:17,329 [INFO] yandextank.core.tankcore tankcore.py:466	File already exists: /var/loadtest/logs/2023-08-29_14-57-39.371188/phout_sd7ouo40.log
2023-08-29 14:59:17,332 [INFO] yandextank.core.tankcore tankcore.py:466	File already exists: /var/loadtest/logs/2023-08-29_14-57-39.371188/phantom_stat_4sh2u26a.log
2023-08-29 14:59:17,333 [INFO] yandextank.core.tankcore tankcore.py:466	File already exists: /var/loadtest/logs/2023-08-29_14-57-39.371188/phantom_cuojknic.log
2023-08-29 14:59:17,335 [INFO] yandextank.core.tankcore tankcore.py:466	File already exists: /var/loadtest/logs/2023-08-29_14-57-39.371188/phantom_sq93jcaz.conf
2023-08-29 14:59:17,336 [INFO] yandextank.core.tankcore tankcore.py:466	File already exists: /var/loadtest/logs/2023-08-29_14-57-39.371188/phantom_stdout_stderr_5tgvrsgb.log
