"2023-08-27 19:38:46.927 +0000" : {
  "main_scheduler" : {
    "bqs" : {
      "00056" : {
        "mmconts" : [0, 291, 335],
        "acts" : [343, 338],
        "tstate" : { "idle" : 959416, "run" : 51854, "locked" : 2637, "mmap" : 0 }
      },
      "00057" : {
        "mmconts" : [0, 292, 335],
        "acts" : [7, 6],
        "tstate" : { "idle" : 758242, "run" : 30126, "locked" : 101, "mmap" : 222880 }
      },
      "00058" : {
        "mmconts" : [0, 292, 335],
        "acts" : [342, 338],
        "tstate" : { "idle" : 934440, "run" : 71399, "locked" : 3578, "mmap" : 341 }
      }
    }
  },
  "benchmark_io" : {
    "simple_times" : {
      "mcount" : {
        "mcount" : { "167 -- 265" : 1, "41 -- 65" : 1, "10 -- 16" : 1, "6 -- 10" : 3 }
      }
    },
    "stream_method" : {
      "conns" : [6, 5],
      "in" : [828, 808],
      "out" : [444, 433],
      "mmtasks" : [0, 0, 2],
      "load" : 0.076,
      "mcount" : {
        "mcount" : { "Success" : 6 }
      },
      "http_proto0" : {
        "mcount" : {
          "mcount" : { "OK" : 6 }
        }
      },
      "source_log" : {
        "delta" : [0, 0, 8933]
      },
      "loggers" : {
        "brief_logger" : {
          "records" : [6, 5],
          "out" : [354, 343]
        }
      }
    }
  }
},
"2023-08-27 19:38:47.927 +0000" : {
  "main_scheduler" : {
    "bqs" : {
      "00056" : {
        "mmconts" : [335, 335, 335],
        "acts" : [8, 8],
        "tstate" : { "idle" : 988618, "run" : 10179, "locked" : 0, "mmap" : 0 }
      },
      "00057" : {
        "mmconts" : [335, 335, 335],
        "acts" : [3, 3],
        "tstate" : { "idle" : 994948, "run" : 3168, "locked" : 0, "mmap" : 0 }
      },
      "00058" : {
        "mmconts" : [335, 335, 335],
        "acts" : [6, 6],
        "tstate" : { "idle" : 994701, "run" : 3419, "locked" : 0, "mmap" : 0 }
      }
    }
  },
  "benchmark_io" : {
    "simple_times" : {
      "mcount" : {
        "mcount" : { "25 -- 41" : 2, "16 -- 25" : 1, "10 -- 16" : 1, "6 -- 10" : 1 }
      }
    },
    "stream_method" : {
      "conns" : [5, 5],
      "in" : [690, 691],
      "out" : [370, 370],
      "mmtasks" : [0, 0, 1],
      "load" : 0.028,
      "mcount" : {
        "mcount" : { "Success" : 5 }
      },
      "http_proto0" : {
        "mcount" : {
          "mcount" : { "OK" : 5 }
        }
      },
      "source_log" : {
        "delta" : [0, 0, 0]
      },
      "loggers" : {
        "brief_logger" : {
          "records" : [5, 5],
          "out" : [294, 295]
        }
      }
    }
  }
},
"2023-08-27 19:38:48.928 +0000" : {
  "main_scheduler" : {
    "bqs" : {
      "00056" : {
        "mmconts" : [335, 335, 335],
        "acts" : [8, 7],
        "tstate" : { "idle" : 991899, "run" : 8324, "locked" : 0, "mmap" : 0 }
      },
      "00057" : {
        "mmconts" : [335, 335, 335],
        "acts" : [7, 6],
        "tstate" : { "idle" : 995682, "run" : 4537, "locked" : 0, "mmap" : 0 }
      },
      "00058" : {
        "mmconts" : [335, 335, 335],
        "acts" : [7, 6],
        "tstate" : { "idle" : 996145, "run" : 4071, "locked" : 0, "mmap" : 0 }
      }
    }
  },
  "benchmark_io" : {
    "simple_times" : {
      "mcount" : {
        "mcount" : { "25 -- 41" : 2, "16 -- 25" : 2, "10 -- 16" : 2 }
      }
    },
    "stream_method" : {
      "conns" : [6, 5],
      "in" : [828, 827],
      "out" : [444, 443],
      "mmtasks" : [0, 0, 1],
      "load" : 0.025,
      "mcount" : {
        "mcount" : { "Success" : 6 }
      },
      "http_proto0" : {
        "mcount" : {
          "mcount" : { "OK" : 6 }
        }
      },
      "source_log" : {
        "delta" : [0, 0, 0]
      },
      "loggers" : {
        "brief_logger" : {
          "records" : [6, 6],
          "out" : [353, 353]
        }
      }
    }
  }
},
"2023-08-27 19:38:49.927 +0000" : {
  "main_scheduler" : {
    "bqs" : {
      "00056" : {
        "mmconts" : [335, 335, 335],
        "acts" : [8, 8],
        "tstate" : { "idle" : 992915, "run" : 6276, "locked" : 0, "mmap" : 0 }
      },
      "00057" : {
        "mmconts" : [335, 335, 335],
        "acts" : [10, 10],
        "tstate" : { "idle" : 992643, "run" : 6563, "locked" : 0, "mmap" : 0 }
      },
      "00058" : {
        "mmconts" : [335, 335, 335],
        "acts" : [7, 7],
        "tstate" : { "idle" : 994224, "run" : 4980, "locked" : 0, "mmap" : 0 }
      }
    }
  },
  "benchmark_io" : {
    "simple_times" : {
      "mcount" : {
        "mcount" : { "16 -- 25" : 4, "10 -- 16" : 3 }
      }
    },
    "stream_method" : {
      "conns" : [7, 7],
      "in" : [966, 966],
      "out" : [518, 518],
      "mmtasks" : [0, 0, 1],
      "load" : 0.026,
      "mcount" : {
        "mcount" : { "Success" : 7 }
      },
      "http_proto0" : {
        "mcount" : {
          "mcount" : { "OK" : 7 }
        }
      },
      "source_log" : {
        "delta" : [0, 0, 0]
      },
      "loggers" : {
        "brief_logger" : {
          "records" : [7, 7],
          "out" : [412, 412]
        }
      }
    }
  }
},
"2023-08-27 19:38:50.927 +0000" : {
  "main_scheduler" : {
    "bqs" : {
      "00056" : {
        "mmconts" : [335, 335, 335],
        "acts" : [7, 6],
        "tstate" : { "idle" : 994190, "run" : 5858, "locked" : 0, "mmap" : 0 }
      },
      "00057" : {
        "mmconts" : [335, 335, 335],
        "acts" : [7, 6],
        "tstate" : { "idle" : 996639, "run" : 3394, "locked" : 0, "mmap" : 0 }
      },
      "00058" : {
        "mmconts" : [335, 335, 335],
        "acts" : [10, 9],
        "tstate" : { "idle" : 994623, "run" : 5410, "locked" : 0, "mmap" : 0 }
      }
    }
  },
  "benchmark_io" : {
    "simple_times" : {
      "mcount" : {
        "mcount" : { "25 -- 41" : 1, "16 -- 25" : 2, "10 -- 16" : 4 }
      }
    },
    "stream_method" : {
      "conns" : [7, 6],
      "in" : [966, 965],
      "out" : [518, 517],
      "mmtasks" : [0, 0, 1],
      "load" : 0.022,
      "mcount" : {
        "mcount" : { "Success" : 7 }
      },
      "http_proto0" : {
        "mcount" : {
          "mcount" : { "OK" : 7 }
        }
      },
      "source_log" : {
        "delta" : [0, 0, 0]
      },
      "loggers" : {
        "brief_logger" : {
          "records" : [7, 7],
          "out" : [411, 411]
        }
      }
    }
  }
},
"2023-08-27 19:38:51.927 +0000" : {
  "main_scheduler" : {
    "bqs" : {
      "00056" : {
        "mmconts" : [335, 335, 335],
        "acts" : [11, 11],
        "tstate" : { "idle" : 993258, "run" : 6669, "locked" : 0, "mmap" : 0 }
      },
      "00057" : {
        "mmconts" : [335, 335, 335],
        "acts" : [7, 7],
        "tstate" : { "idle" : 995224, "run" : 4676, "locked" : 0, "mmap" : 0 }
      },
      "00058" : {
        "mmconts" : [335, 335, 335],
        "acts" : [7, 7],
        "tstate" : { "idle" : 996089, "run" : 3811, "locked" : 0, "mmap" : 0 }
      }
    }
  },
  "benchmark_io" : {
    "simple_times" : {
      "mcount" : {
        "mcount" : { "25 -- 41" : 1, "16 -- 25" : 2, "10 -- 16" : 4 }
      }
    },
    "stream_method" : {
      "conns" : [7, 7],
      "in" : [966, 966],
      "out" : [518, 518],
      "mmtasks" : [0, 0, 1],
      "load" : 0.027,
      "mcount" : {
        "mcount" : { "Success" : 7 }
      },
      "http_proto0" : {
        "mcount" : {
          "mcount" : { "OK" : 7 }
        }
      },
      "source_log" : {
        "delta" : [0, 0, 0]
      },
      "loggers" : {
        "brief_logger" : {
          "records" : [7, 6],
          "out" : [412, 411]
        }
      }
    }
  }
},
"2023-08-27 19:38:52.928 +0000" : {
  "main_scheduler" : {
    "bqs" : {
      "00056" : {
        "mmconts" : [335, 335, 335],
        "acts" : [8, 7],
        "tstate" : { "idle" : 996135, "run" : 4613, "locked" : 0, "mmap" : 0 }
      },
      "00057" : {
        "mmconts" : [335, 335, 335],
        "acts" : [10, 9],
        "tstate" : { "idle" : 996070, "run" : 4677, "locked" : 0, "mmap" : 0 }
      },
      "00058" : {
        "mmconts" : [335, 335, 335],
        "acts" : [10, 9],
        "tstate" : { "idle" : 995691, "run" : 5055, "locked" : 0, "mmap" : 0 }
      }
    }
  },
  "benchmark_io" : {
    "simple_times" : {
      "mcount" : {
        "mcount" : { "25 -- 41" : 1, "10 -- 16" : 4, "6 -- 10" : 3 }
      }
    },
    "stream_method" : {
      "conns" : [8, 7],
      "in" : [1104, 1103],
      "out" : [592, 591],
      "mmtasks" : [0, 0, 1],
      "load" : 0.031,
      "mcount" : {
        "mcount" : { "Success" : 8 }
      },
      "http_proto0" : {
        "mcount" : {
          "mcount" : { "OK" : 8 }
        }
      },
      "source_log" : {
        "delta" : [0, 0, 0]
      },
      "loggers" : {
        "brief_logger" : {
          "records" : [8, 7],
          "out" : [460, 459]
        }
      }
    }
  }
},
"2023-08-27 19:38:53.928 +0000" : {
  "main_scheduler" : {
    "bqs" : {
      "00056" : {
        "mmconts" : [334, 334, 335],
        "acts" : [11, 10],
        "tstate" : { "idle" : 995040, "run" : 5180, "locked" : 0, "mmap" : 0 }
      },
      "00057" : {
        "mmconts" : [333, 334, 335],
        "acts" : [10, 9],
        "tstate" : { "idle" : 991646, "run" : 8543, "locked" : 0, "mmap" : 32 }
      },
      "00058" : {
        "mmconts" : [334, 334, 335],
        "acts" : [7, 6],
        "tstate" : { "idle" : 997052, "run" : 3169, "locked" : 0, "mmap" : 0 }
      }
    }
  },
  "benchmark_io" : {
    "simple_times" : {
      "mcount" : {
        "mcount" : { "10 -- 16" : 6, "6 -- 10" : 1, "4 -- 6" : 1 }
      }
    },
    "stream_method" : {
      "conns" : [8, 7],
      "in" : [1104, 1103],
      "out" : [592, 591],
      "mmtasks" : [0, 0, 1],
      "load" : 0.033,
      "mcount" : {
        "mcount" : { "Success" : 8 }
      },
      "http_proto0" : {
        "mcount" : {
          "mcount" : { "OK" : 8 }
        }
      },
      "source_log" : {
        "delta" : [0, 0, 0]
      },
      "loggers" : {
        "brief_logger" : {
          "records" : [8, 7],
          "out" : [466, 465]
        }
      }
    }
  }
},
"2023-08-27 19:38:54.927 +0000" : {
  "main_scheduler" : {
    "bqs" : {
      "00056" : {
        "mmconts" : [331, 332, 334],
        "acts" : [11, 11],
        "tstate" : { "idle" : 993041, "run" : 6209, "locked" : 0, "mmap" : 0 }
      },
      "00057" : {
        "mmconts" : [331, 332, 333],
        "acts" : [7, 7],
        "tstate" : { "idle" : 996009, "run" : 3289, "locked" : 0, "mmap" : 0 }
      },
      "00058" : {
        "mmconts" : [331, 332, 334],
        "acts" : [10, 10],
        "tstate" : { "idle" : 994577, "run" : 4722, "locked" : 0, "mmap" : 0 }
      }
    }
  },
  "benchmark_io" : {
    "simple_times" : {
      "mcount" : {
        "mcount" : { "10 -- 16" : 8 }
      }
    },
    "stream_method" : {
      "conns" : [8, 8],
      "in" : [1104, 1104],
      "out" : [592, 592],
      "mmtasks" : [0, 0, 1],
      "load" : 0.030,
      "mcount" : {
        "mcount" : { "Success" : 8 }
      },
      "http_proto0" : {
        "mcount" : {
          "mcount" : { "OK" : 8 }
        }
      },
      "source_log" : {
        "delta" : [0, 0, 0]
      },
      "loggers" : {
        "brief_logger" : {
          "records" : [8, 8],
          "out" : [469, 469]
        }
      }
    }
  }
},
"2023-08-27 19:38:55.927 +0000" : {
  "main_scheduler" : {
    "bqs" : {
      "00056" : {
        "mmconts" : [328, 329, 331],
        "acts" : [11, 11],
        "tstate" : { "idle" : 992521, "run" : 7348, "locked" : 0, "mmap" : 0 }
      },
      "00057" : {
        "mmconts" : [328, 329, 331],
        "acts" : [10, 10],
        "tstate" : { "idle" : 995164, "run" : 4674, "locked" : 0, "mmap" : 0 }
      },
      "00058" : {
        "mmconts" : [328, 329, 331],
        "acts" : [10, 10],
        "tstate" : { "idle" : 994210, "run" : 5630, "locked" : 0, "mmap" : 0 }
      }
    }
  },
  "benchmark_io" : {
    "simple_times" : {
      "mcount" : {
        "mcount" : { "16 -- 25" : 2, "10 -- 16" : 7 }
      }
    },
    "stream_method" : {
      "conns" : [9, 9],
      "in" : [1242, 1242],
      "out" : [666, 666],
      "mmtasks" : [0, 0, 1],
      "load" : 0.031,
      "mcount" : {
        "mcount" : { "Success" : 9 }
      },
      "http_proto0" : {
        "mcount" : {
          "mcount" : { "OK" : 9 }
        }
      },
      "source_log" : {
        "delta" : [0, 0, 0]
      },
      "loggers" : {
        "brief_logger" : {
          "records" : [9, 9],
          "out" : [531, 531]
        }
      }
    }
  }
},
"2023-08-27 19:38:56.927 +0000" : {
  "main_scheduler" : {
    "bqs" : {
      "00056" : {
        "mmconts" : [325, 326, 328],
        "acts" : [11, 10],
        "tstate" : { "idle" : 994179, "run" : 6262, "locked" : 0, "mmap" : 0 }
      },
      "00057" : {
        "mmconts" : [324, 326, 328],
        "acts" : [13, 12],
        "tstate" : { "idle" : 994514, "run" : 5909, "locked" : 0, "mmap" : 0 }
      },
      "00058" : {
        "mmconts" : [325, 326, 328],
        "acts" : [10, 9],
        "tstate" : { "idle" : 994563, "run" : 5858, "locked" : 0, "mmap" : 0 }
      }
    }
  },
  "benchmark_io" : {
    "simple_times" : {
      "mcount" : {
        "mcount" : { "25 -- 41" : 1, "10 -- 16" : 9 }
      }
    },
    "stream_method" : {
      "conns" : [10, 9],
      "in" : [1380, 1379],
      "out" : [740, 739],
      "mmtasks" : [0, 0, 1],
      "load" : 0.028,
      "mcount" : {
        "mcount" : { "Success" : 10 }
      },
      "http_proto0" : {
        "mcount" : {
          "mcount" : { "OK" : 10 }
        }
      },
      "source_log" : {
        "delta" : [0, 0, 0]
      },
      "loggers" : {
        "brief_logger" : {
          "records" : [10, 9],
          "out" : [586, 585]
        }
      }
    }
  }
},
"2023-08-27 19:38:57.927 +0000" : {
  "main_scheduler" : {
    "bqs" : {
      "00056" : {
        "mmconts" : [322, 323, 325],
        "acts" : [11, 10],
        "tstate" : { "idle" : 994029, "run" : 6189, "locked" : 0, "mmap" : 0 }
      },
      "00057" : {
        "mmconts" : [321, 322, 324],
        "acts" : [10, 9],
        "tstate" : { "idle" : 994003, "run" : 6224, "locked" : 0, "mmap" : 0 }
      },
      "00058" : {
        "mmconts" : [322, 323, 325],
        "acts" : [11, 10],
        "tstate" : { "idle" : 995012, "run" : 5217, "locked" : 0, "mmap" : 0 }
      }
    }
  },
  "benchmark_io" : {
    "simple_times" : {
      "mcount" : {
        "mcount" : { "10 -- 16" : 5, "6 -- 10" : 4 }
      }
    },
    "stream_method" : {
      "conns" : [9, 8],
      "in" : [1242, 1241],
      "out" : [666, 665],
      "mmtasks" : [0, 0, 1],
      "load" : 0.037,
      "mcount" : {
        "mcount" : { "Success" : 9 }
      },
      "http_proto0" : {
        "mcount" : {
          "mcount" : { "OK" : 9 }
        }
      },
      "source_log" : {
        "delta" : [0, 0, 0]
      },
      "loggers" : {
        "brief_logger" : {
          "records" : [9, 8],
          "out" : [520, 519]
        }
      }
    }
  }
},
"2023-08-27 19:38:58.927 +0000" : {
  "main_scheduler" : {
    "bqs" : {
      "00056" : {
        "mmconts" : [318, 320, 322],
        "acts" : [14, 14],
        "tstate" : { "idle" : 992705, "run" : 7265, "locked" : 0, "mmap" : 0 }
      },
      "00057" : {
        "mmconts" : [318, 319, 321],
        "acts" : [10, 10],
        "tstate" : { "idle" : 995078, "run" : 4902, "locked" : 0, "mmap" : 0 }
      },
      "00058" : {
        "mmconts" : [318, 319, 322],
        "acts" : [12, 12],
        "tstate" : { "idle" : 993780, "run" : 6198, "locked" : 0, "mmap" : 0 }
      }
    }
  },
  "benchmark_io" : {
    "simple_times" : {
      "mcount" : {
        "mcount" : { "10 -- 16" : 9, "6 -- 10" : 2 }
      }
    },
    "stream_method" : {
      "conns" : [11, 11],
      "in" : [1518, 1518],
      "out" : [814, 814],
      "mmtasks" : [0, 0, 1],
      "load" : 0.030,
      "mcount" : {
        "mcount" : { "Success" : 11 }
      },
      "http_proto0" : {
        "mcount" : {
          "mcount" : { "OK" : 11 }
        }
      },
      "source_log" : {
        "delta" : [0, 0, 0]
      },
      "loggers" : {
        "brief_logger" : {
          "records" : [11, 11],
          "out" : [640, 640]
        }
      }
    }
  }
},
"2023-08-27 19:38:59.927 +0000" : {
  "main_scheduler" : {
    "bqs" : {
      "00056" : {
        "mmconts" : [315, 316, 318],
        "acts" : [11, 11],
        "tstate" : { "idle" : 994696, "run" : 5112, "locked" : 0, "mmap" : 0 }
      },
      "00057" : {
        "mmconts" : [314, 316, 318],
        "acts" : [13, 13],
        "tstate" : { "idle" : 993954, "run" : 5841, "locked" : 0, "mmap" : 0 }
      },
      "00058" : {
        "mmconts" : [315, 316, 318],
        "acts" : [10, 10],
        "tstate" : { "idle" : 995291, "run" : 4503, "locked" : 0, "mmap" : 0 }
      }
    }
  },
  "benchmark_io" : {
    "simple_times" : {
      "mcount" : {
        "mcount" : { "10 -- 16" : 9, "6 -- 10" : 1 }
      }
    },
    "stream_method" : {
      "conns" : [10, 10],
      "in" : [1380, 1380],
      "out" : [740, 740],
      "mmtasks" : [0, 0, 1],
      "load" : 0.028,
      "mcount" : {
        "mcount" : { "Success" : 10 }
      },
      "http_proto0" : {
        "mcount" : {
          "mcount" : { "OK" : 10 }
        }
      },
      "source_log" : {
        "delta" : [0, 0, 0]
      },
      "loggers" : {
        "brief_logger" : {
          "records" : [10, 10],
          "out" : [578, 578]
        }
      }
    }
  }
},
"2023-08-27 19:39:00.927 +0000" : {
  "main_scheduler" : {
    "bqs" : {
      "00056" : {
        "mmconts" : [311, 313, 315],
        "acts" : [14, 14],
        "tstate" : { "idle" : 992024, "run" : 7969, "locked" : 0, "mmap" : 0 }
      },
      "00057" : {
        "mmconts" : [311, 312, 314],
        "acts" : [10, 9],
        "tstate" : { "idle" : 994082, "run" : 5937, "locked" : 0, "mmap" : 0 }
      },
      "00058" : {
        "mmconts" : [311, 312, 315],
        "acts" : [13, 12],
        "tstate" : { "idle" : 993941, "run" : 6080, "locked" : 0, "mmap" : 0 }
      }
    }
  },
  "benchmark_io" : {
    "simple_times" : {
      "mcount" : {
        "mcount" : { "16 -- 25" : 2, "10 -- 16" : 8, "6 -- 10" : 1 }
      }
    },
    "stream_method" : {
      "conns" : [11, 10],
      "in" : [1518, 1517],
      "out" : [814, 813],
      "mmtasks" : [0, 0, 1],
      "load" : 0.029,
      "mcount" : {
        "mcount" : { "Success" : 11 }
      },
      "http_proto0" : {
        "mcount" : {
          "mcount" : { "OK" : 11 }
        }
      },
      "source_log" : {
        "delta" : [0, 0, 0]
      },
      "loggers" : {
        "brief_logger" : {
          "records" : [11, 10],
          "out" : [646, 645]
        }
      }
    }
  }
},
"2023-08-27 19:39:01.927 +0000" : {
  "main_scheduler" : {
    "bqs" : {
      "00056" : {
        "mmconts" : [307, 309, 311],
        "acts" : [14, 14],
        "tstate" : { "idle" : 991035, "run" : 8803, "locked" : 0, "mmap" : 0 }
      },
      "00057" : {
        "mmconts" : [307, 308, 311],
        "acts" : [13, 13],
        "tstate" : { "idle" : 991852, "run" : 7978, "locked" : 0, "mmap" : 0 }
      },
      "00058" : {
        "mmconts" : [307, 309, 311],
        "acts" : [13, 13],
        "tstate" : { "idle" : 994074, "run" : 5755, "locked" : 0, "mmap" : 0 }
      }
    }
  },
  "benchmark_io" : {
    "simple_times" : {
      "mcount" : {
        "mcount" : { "25 -- 41" : 2, "10 -- 16" : 10 }
      }
    },
    "stream_method" : {
      "conns" : [12, 12],
      "in" : [1656, 1656],
      "out" : [888, 888],
      "mmtasks" : [0, 0, 1],
      "load" : 0.027,
      "mcount" : {
        "mcount" : { "Success" : 12 }
      },
      "http_proto0" : {
        "mcount" : {
          "mcount" : { "OK" : 12 }
        }
      },
      "source_log" : {
        "delta" : [0, 0, 0]
      },
      "loggers" : {
        "brief_logger" : {
          "records" : [12, 12],
          "out" : [699, 699]
        }
      }
    }
  }
},
"2023-08-27 19:39:02.927 +0000" : {
  "main_scheduler" : {
    "bqs" : {
      "00056" : {
        "mmconts" : [303, 305, 307],
        "acts" : [14, 14],
        "tstate" : { "idle" : 992758, "run" : 6821, "locked" : 0, "mmap" : 0 }
      },
      "00057" : {
        "mmconts" : [303, 304, 307],
        "acts" : [13, 13],
        "tstate" : { "idle" : 994064, "run" : 5491, "locked" : 0, "mmap" : 0 }
      },
      "00058" : {
        "mmconts" : [303, 305, 307],
        "acts" : [13, 13],
        "tstate" : { "idle" : 994198, "run" : 5356, "locked" : 0, "mmap" : 0 }
      }
    }
  },
  "benchmark_io" : {
    "simple_times" : {
      "mcount" : {
        "mcount" : { "10 -- 16" : 9, "6 -- 10" : 1, "4 -- 6" : 2 }
      }
    },
    "stream_method" : {
      "conns" : [12, 12],
      "in" : [1656, 1656],
      "out" : [888, 888],
      "mmtasks" : [0, 0, 1],
      "load" : 0.033,
      "mcount" : {
        "mcount" : { "Success" : 12 }
      },
      "http_proto0" : {
        "mcount" : {
          "mcount" : { "OK" : 12 }
        }
      },
      "source_log" : {
        "delta" : [0, 0, 0]
      },
      "loggers" : {
        "brief_logger" : {
          "records" : [12, 12],
          "out" : [691, 691]
        }
      }
    }
  }
},
"2023-08-27 19:39:03.927 +0000" : {
  "main_scheduler" : {
    "bqs" : {
      "00056" : {
        "mmconts" : [299, 301, 303],
        "acts" : [14, 13],
        "tstate" : { "idle" : 994018, "run" : 6342, "locked" : 0, "mmap" : 0 }
      },
      "00057" : {
        "mmconts" : [299, 300, 303],
        "acts" : [13, 12],
        "tstate" : { "idle" : 995376, "run" : 4986, "locked" : 0, "mmap" : 0 }
      },
      "00058" : {
        "mmconts" : [299, 301, 303],
        "acts" : [13, 12],
        "tstate" : { "idle" : 994829, "run" : 5534, "locked" : 0, "mmap" : 0 }
      }
    }
  },
  "benchmark_io" : {
    "simple_times" : {
      "mcount" : {
        "mcount" : { "10 -- 16" : 12 }
      }
    },
    "stream_method" : {
      "conns" : [12, 11],
      "in" : [1656, 1655],
      "out" : [888, 887],
      "mmtasks" : [0, 0, 1],
      "load" : 0.027,
      "mcount" : {
        "mcount" : { "Success" : 12 }
      },
      "http_proto0" : {
        "mcount" : {
          "mcount" : { "OK" : 12 }
        }
      },
      "source_log" : {
        "delta" : [0, 0, 0]
      },
      "loggers" : {
        "brief_logger" : {
          "records" : [12, 11],
          "out" : [700, 699]
        }
      }
    }
  }
},
"2023-08-27 19:39:04.928 +0000" : {
  "main_scheduler" : {
    "bqs" : {
      "00056" : {
        "mmconts" : [295, 297, 299],
        "acts" : [14, 13],
        "tstate" : { "idle" : 994041, "run" : 6536, "locked" : 0, "mmap" : 0 }
      },
      "00057" : {
        "mmconts" : [294, 296, 299],
        "acts" : [16, 15],
        "tstate" : { "idle" : 993992, "run" : 6583, "locked" : 0, "mmap" : 0 }
      },
      "00058" : {
        "mmconts" : [295, 296, 299],
        "acts" : [13, 12],
        "tstate" : { "idle" : 994976, "run" : 5599, "locked" : 0, "mmap" : 0 }
      }
    }
  },
  "benchmark_io" : {
    "simple_times" : {
      "mcount" : {
        "mcount" : { "10 -- 16" : 9, "6 -- 10" : 1, "4 -- 6" : 3 }
      }
    },
    "stream_method" : {
      "conns" : [13, 12],
      "in" : [1794, 1792],
      "out" : [962, 961],
      "mmtasks" : [0, 0, 1],
      "load" : 0.033,
      "mcount" : {
        "mcount" : { "Success" : 13 }
      },
      "http_proto0" : {
        "mcount" : {
          "mcount" : { "OK" : 13 }
        }
      },
      "source_log" : {
        "delta" : [0, 0, 0]
      },
      "loggers" : {
        "brief_logger" : {
          "records" : [13, 12],
          "out" : [747, 746]
        }
      }
    }
  }
},
"2023-08-27 19:39:05.927 +0000" : {
  "main_scheduler" : {
    "bqs" : {
      "00056" : {
        "mmconts" : [291, 292, 295],
        "acts" : [14, 14],
        "tstate" : { "idle" : 993108, "run" : 5988, "locked" : 0, "mmap" : 0 }
      },
      "00057" : {
        "mmconts" : [290, 292, 294],
        "acts" : [13, 13],
        "tstate" : { "idle" : 994087, "run" : 5041, "locked" : 0, "mmap" : 0 }
      },
      "00058" : {
        "mmconts" : [290, 292, 295],
        "acts" : [16, 16],
        "tstate" : { "idle" : 992640, "run" : 6487, "locked" : 0, "mmap" : 0 }
      }
    }
  },
  "benchmark_io" : {
    "simple_times" : {
      "mcount" : {
        "mcount" : { "10 -- 16" : 11, "6 -- 10" : 2 }
      }
    },
    "stream_method" : {
      "conns" : [13, 13],
      "in" : [1794, 1795],
      "out" : [962, 962],
      "mmtasks" : [0, 0, 1],
      "load" : 0.028,
      "mcount" : {
        "mcount" : { "Success" : 13 }
      },
      "http_proto0" : {
        "mcount" : {
          "mcount" : { "OK" : 13 }
        }
      },
      "source_log" : {
        "delta" : [0, 0, 0]
      },
      "loggers" : {
        "brief_logger" : {
          "records" : [13, 13],
          "out" : [755, 755]
        }
      }
    }
  }
},
"2023-08-27 19:39:06.927 +0000" : {
  "main_scheduler" : {
    "bqs" : {
      "00056" : {
        "mmconts" : [286, 288, 291],
        "acts" : [17, 16],
        "tstate" : { "idle" : 992124, "run" : 8261, "locked" : 0, "mmap" : 0 }
      },
      "00057" : {
        "mmconts" : [286, 287, 290],
        "acts" : [13, 12],
        "tstate" : { "idle" : 993859, "run" : 6520, "locked" : 0, "mmap" : 0 }
      },
      "00058" : {
        "mmconts" : [286, 288, 290],
        "acts" : [13, 12],
        "tstate" : { "idle" : 994957, "run" : 5422, "locked" : 0, "mmap" : 0 }
      }
    }
  },
  "benchmark_io" : {
    "simple_times" : {
      "mcount" : {
        "mcount" : { "10 -- 16" : 9, "6 -- 10" : 4 }
      }
    },
    "stream_method" : {
      "conns" : [13, 12],
      "in" : [1794, 1793],
      "out" : [962, 961],
      "mmtasks" : [0, 0, 1],
      "load" : 0.031,
      "mcount" : {
        "mcount" : { "Success" : 13 }
      },
      "http_proto0" : {
        "mcount" : {
          "mcount" : { "OK" : 13 }
        }
      },
      "source_log" : {
        "delta" : [0, 0, 0]
      },
      "loggers" : {
        "brief_logger" : {
          "records" : [13, 12],
          "out" : [749, 748]
        }
      }
    }
  }
},
"2023-08-27 19:39:07.927 +0000" : {
  "main_scheduler" : {
    "bqs" : {
      "00056" : {
        "mmconts" : [282, 283, 286],
        "acts" : [14, 14],
        "tstate" : { "idle" : 993196, "run" : 6789, "locked" : 0, "mmap" : 0 }
      },
      "00057" : {
        "mmconts" : [281, 283, 286],
        "acts" : [16, 16],
        "tstate" : { "idle" : 993325, "run" : 6671, "locked" : 0, "mmap" : 0 }
      },
      "00058" : {
        "mmconts" : [281, 283, 286],
        "acts" : [16, 16],
        "tstate" : { "idle" : 993280, "run" : 6717, "locked" : 0, "mmap" : 0 }
      }
    }
  },
  "benchmark_io" : {
    "simple_times" : {
      "mcount" : {
        "mcount" : { "10 -- 16" : 5, "6 -- 10" : 7, "4 -- 6" : 2 }
      }
    },
    "stream_method" : {
      "conns" : [14, 14],
      "in" : [1932, 1931],
      "out" : [1036, 1035],
      "mmtasks" : [0, 0, 1],
      "load" : 0.032,
      "mcount" : {
        "mcount" : { "Success" : 14 }
      },
      "http_proto0" : {
        "mcount" : {
          "mcount" : { "OK" : 14 }
        }
      },
      "source_log" : {
        "delta" : [0, 0, 0]
      },
      "loggers" : {
        "brief_logger" : {
          "records" : [14, 13],
          "out" : [796, 795]
        }
      }
    }
  }
},
"2023-08-27 19:39:08.927 +0000" : {
  "main_scheduler" : {
    "bqs" : {
      "00056" : {
        "mmconts" : [277, 279, 282],
        "acts" : [17, 16],
        "tstate" : { "idle" : 991781, "run" : 8360, "locked" : 0, "mmap" : 0 }
      },
      "00057" : {
        "mmconts" : [276, 278, 281],
        "acts" : [16, 15],
        "tstate" : { "idle" : 993661, "run" : 6442, "locked" : 0, "mmap" : 0 }
      },
      "00058" : {
        "mmconts" : [276, 278, 281],
        "acts" : [16, 15],
        "tstate" : { "idle" : 992387, "run" : 7715, "locked" : 0, "mmap" : 0 }
      }
    }
  },
  "benchmark_io" : {
    "simple_times" : {
      "mcount" : {
        "mcount" : { "10 -- 16" : 6, "6 -- 10" : 6, "4 -- 6" : 3 }
      }
    },
    "stream_method" : {
      "conns" : [15, 14],
      "in" : [2070, 2069],
      "out" : [1110, 1109],
      "mmtasks" : [0, 0, 1],
      "load" : 0.036,
      "mcount" : {
        "mcount" : { "Success" : 15 }
      },
      "http_proto0" : {
        "mcount" : {
          "mcount" : { "OK" : 15 }
        }
      },
      "source_log" : {
        "delta" : [0, 0, 0]
      },
      "loggers" : {
        "brief_logger" : {
          "records" : [15, 15],
          "out" : [852, 852]
        }
      }
    }
  }
},
"2023-08-27 19:39:09.927 +0000" : {
  "main_scheduler" : {
    "bqs" : {
      "00056" : {
        "mmconts" : [272, 274, 277],
        "acts" : [17, 17],
        "tstate" : { "idle" : 992137, "run" : 7781, "locked" : 0, "mmap" : 0 }
      },
      "00057" : {
        "mmconts" : [271, 273, 276],
        "acts" : [16, 16],
        "tstate" : { "idle" : 993912, "run" : 6011, "locked" : 0, "mmap" : 0 }
      },
      "00058" : {
        "mmconts" : [272, 273, 276],
        "acts" : [14, 14],
        "tstate" : { "idle" : 994411, "run" : 5513, "locked" : 0, "mmap" : 0 }
      }
    }
  },
  "benchmark_io" : {
    "simple_times" : {
      "mcount" : {
        "mcount" : { "10 -- 16" : 5, "6 -- 10" : 9 }
      }
    },
    "stream_method" : {
      "conns" : [14, 14],
      "in" : [1932, 1932],
      "out" : [1036, 1036],
      "mmtasks" : [0, 0, 1],
      "load" : 0.028,
      "mcount" : {
        "mcount" : { "Success" : 14 }
      },
      "http_proto0" : {
        "mcount" : {
          "mcount" : { "OK" : 14 }
        }
      },
      "source_log" : {
        "delta" : [0, 0, 0]
      },
      "loggers" : {
        "brief_logger" : {
          "records" : [14, 13],
          "out" : [796, 795]
        }
      }
    }
  }
},
"2023-08-27 19:39:10.928 +0000" : {
  "main_scheduler" : {
    "bqs" : {
      "00056" : {
        "mmconts" : [267, 269, 272],
        "acts" : [17, 16],
        "tstate" : { "idle" : 993104, "run" : 7303, "locked" : 0, "mmap" : 0 }
      },
      "00057" : {
        "mmconts" : [266, 268, 271],
        "acts" : [16, 15],
        "tstate" : { "idle" : 994279, "run" : 6124, "locked" : 0, "mmap" : 0 }
      },
      "00058" : {
        "mmconts" : [266, 269, 272],
        "acts" : [18, 17],
        "tstate" : { "idle" : 993690, "run" : 6712, "locked" : 0, "mmap" : 0 }
      }
    }
  },
  "benchmark_io" : {
    "simple_times" : {
      "mcount" : {
        "mcount" : { "10 -- 16" : 9, "6 -- 10" : 7 }
      }
    },
    "stream_method" : {
      "conns" : [16, 15],
      "in" : [2208, 2207],
      "out" : [1184, 1183],
      "mmtasks" : [0, 0, 1],
      "load" : 0.029,
      "mcount" : {
        "mcount" : { "Success" : 16 }
      },
      "http_proto0" : {
        "mcount" : {
          "mcount" : { "OK" : 16 }
        }
      },
      "source_log" : {
        "delta" : [0, 0, 0]
      },
      "loggers" : {
        "brief_logger" : {
          "records" : [16, 15],
          "out" : [918, 917]
        }
      }
    }
  }
},
"2023-08-27 19:39:11.927 +0000" : {
  "main_scheduler" : {
    "bqs" : {
      "00056" : {
        "mmconts" : [262, 264, 267],
        "acts" : [17, 17],
        "tstate" : { "idle" : 992134, "run" : 6970, "locked" : 0, "mmap" : 0 }
      },
      "00057" : {
        "mmconts" : [261, 263, 266],
        "acts" : [16, 16],
        "tstate" : { "idle" : 992930, "run" : 6194, "locked" : 0, "mmap" : 0 }
      },
      "00058" : {
        "mmconts" : [261, 263, 266],
        "acts" : [16, 16],
        "tstate" : { "idle" : 992570, "run" : 6555, "locked" : 0, "mmap" : 0 }
      }
    }
  },
  "benchmark_io" : {
    "simple_times" : {
      "mcount" : {
        "mcount" : { "10 -- 16" : 6, "6 -- 10" : 9 }
      }
    },
    "stream_method" : {
      "conns" : [15, 15],
      "in" : [2070, 2071],
      "out" : [1110, 1110],
      "mmtasks" : [0, 0, 1],
      "load" : 0.031,
      "mcount" : {
        "mcount" : { "Success" : 15 }
      },
      "http_proto0" : {
        "mcount" : {
          "mcount" : { "OK" : 15 }
        }
      },
      "source_log" : {
        "delta" : [0, 0, 0]
      },
      "loggers" : {
        "brief_logger" : {
          "records" : [15, 15],
          "out" : [853, 853]
        }
      }
    }
  }
},
"2023-08-27 19:39:12.927 +0000" : {
  "main_scheduler" : {
    "bqs" : {
      "00056" : {
        "mmconts" : [256, 258, 262],
        "acts" : [20, 19],
        "tstate" : { "idle" : 990313, "run" : 10417, "locked" : 0, "mmap" : 0 }
      },
      "00057" : {
        "mmconts" : [256, 258, 261],
        "acts" : [16, 15],
        "tstate" : { "idle" : 995008, "run" : 5709, "locked" : 0, "mmap" : 0 }
      },
      "00058" : {
        "mmconts" : [256, 258, 261],
        "acts" : [16, 15],
        "tstate" : { "idle" : 995051, "run" : 5665, "locked" : 0, "mmap" : 0 }
      }
    }
  },
  "benchmark_io" : {
    "simple_times" : {
      "mcount" : {
        "mcount" : { "10 -- 16" : 6, "6 -- 10" : 9, "4 -- 6" : 1 }
      }
    },
    "stream_method" : {
      "conns" : [16, 15],
      "in" : [2208, 2206],
      "out" : [1184, 1183],
      "mmtasks" : [0, 0, 1],
      "load" : 0.029,
      "mcount" : {
        "mcount" : { "Success" : 16 }
      },
      "http_proto0" : {
        "mcount" : {
          "mcount" : { "OK" : 16 }
        }
      },
      "source_log" : {
        "delta" : [0, 0, 0]
      },
      "loggers" : {
        "brief_logger" : {
          "records" : [16, 15],
          "out" : [907, 906]
        }
      }
    }
  }
},
"2023-08-27 19:39:13.927 +0000" : {
  "main_scheduler" : {
    "bqs" : {
      "00056" : {
        "mmconts" : [251, 253, 256],
        "acts" : [17, 17],
        "tstate" : { "idle" : 991231, "run" : 8163, "locked" : 0, "mmap" : 0 }
      },
      "00057" : {
        "mmconts" : [250, 252, 256],
        "acts" : [19, 19],
        "tstate" : { "idle" : 992203, "run" : 7185, "locked" : 0, "mmap" : 0 }
      },
      "00058" : {
        "mmconts" : [250, 253, 256],
        "acts" : [19, 19],
        "tstate" : { "idle" : 992221, "run" : 7167, "locked" : 0, "mmap" : 0 }
      }
    }
  },
  "benchmark_io" : {
    "simple_times" : {
      "mcount" : {
        "mcount" : { "10 -- 16" : 13, "4 -- 6" : 4 }
      }
    },
    "stream_method" : {
      "conns" : [17, 17],
      "in" : [2346, 2347],
      "out" : [1258, 1258],
      "mmtasks" : [0, 0, 1],
      "load" : 0.031,
      "mcount" : {
        "mcount" : { "Success" : 17 }
      },
      "http_proto0" : {
        "mcount" : {
          "mcount" : { "OK" : 17 }
        }
      },
      "source_log" : {
        "delta" : [0, 0, 0]
      },
      "loggers" : {
        "brief_logger" : {
          "records" : [17, 17],
          "out" : [979, 979]
        }
      }
    }
  }
},
"2023-08-27 19:39:14.926 +0000" : {
  "main_scheduler" : {
    "bqs" : {
      "00056" : {
        "mmconts" : [245, 247, 251],
        "acts" : [20, 20],
        "tstate" : { "idle" : 991545, "run" : 8157, "locked" : 0, "mmap" : 0 }
      },
      "00057" : {
        "mmconts" : [244, 247, 250],
        "acts" : [19, 19],
        "tstate" : { "idle" : 992111, "run" : 7596, "locked" : 0, "mmap" : 0 }
      },
      "00058" : {
        "mmconts" : [245, 247, 250],
        "acts" : [16, 16],
        "tstate" : { "idle" : 993379, "run" : 6328, "locked" : 0, "mmap" : 0 }
      }
    }
  },
  "benchmark_io" : {
    "simple_times" : {
      "mcount" : {
        "mcount" : { "10 -- 16" : 14, "6 -- 10" : 2, "4 -- 6" : 1 }
      }
    },
    "stream_method" : {
      "conns" : [17, 17],
      "in" : [2346, 2346],
      "out" : [1258, 1258],
      "mmtasks" : [0, 0, 1],
      "load" : 0.030,
      "mcount" : {
        "mcount" : { "Success" : 17 }
      },
      "http_proto0" : {
        "mcount" : {
          "mcount" : { "OK" : 17 }
        }
      },
      "source_log" : {
        "delta" : [0, 0, 0]
      },
      "loggers" : {
        "brief_logger" : {
          "records" : [17, 17],
          "out" : [983, 983]
        }
      }
    }
  }
},
"2023-08-27 19:39:15.927 +0000" : {
  "main_scheduler" : {
    "bqs" : {
      "00056" : {
        "mmconts" : [239, 242, 245],
        "acts" : [20, 19],
        "tstate" : { "idle" : 992945, "run" : 7913, "locked" : 0, "mmap" : 0 }
      },
      "00057" : {
        "mmconts" : [239, 241, 244],
        "acts" : [16, 15],
        "tstate" : { "idle" : 994530, "run" : 6327, "locked" : 0, "mmap" : 0 }
      },
      "00058" : {
        "mmconts" : [239, 241, 245],
        "acts" : [19, 18],
        "tstate" : { "idle" : 994100, "run" : 6757, "locked" : 0, "mmap" : 0 }
      }
    }
  },
  "benchmark_io" : {
    "simple_times" : {
      "mcount" : {
        "mcount" : { "10 -- 16" : 11, "6 -- 10" : 6 }
      }
    },
    "stream_method" : {
      "conns" : [17, 16],
      "in" : [2346, 2343],
      "out" : [1258, 1256],
      "mmtasks" : [0, 0, 1],
      "load" : 0.026,
      "mcount" : {
        "mcount" : { "Success" : 17 }
      },
      "http_proto0" : {
        "mcount" : {
          "mcount" : { "OK" : 17 }
        }
      },
      "source_log" : {
        "delta" : [0, 0, 0]
      },
      "loggers" : {
        "brief_logger" : {
          "records" : [17, 16],
          "out" : [972, 970]
        }
      }
    }
  }
},
"2023-08-27 19:39:16.927 +0000" : {
  "main_scheduler" : {
    "bqs" : {
      "00056" : {
        "mmconts" : [233, 236, 239],
        "acts" : [20, 20],
        "tstate" : { "idle" : 990783, "run" : 8681, "locked" : 0, "mmap" : 0 }
      },
      "00057" : {
        "mmconts" : [233, 235, 239],
        "acts" : [19, 19],
        "tstate" : { "idle" : 992332, "run" : 7130, "locked" : 0, "mmap" : 0 }
      },
      "00058" : {
        "mmconts" : [233, 236, 239],
        "acts" : [19, 19],
        "tstate" : { "idle" : 992239, "run" : 7223, "locked" : 0, "mmap" : 0 }
      }
    }
  },
  "benchmark_io" : {
    "simple_times" : {
      "mcount" : {
        "mcount" : { "10 -- 16" : 9, "6 -- 10" : 9 }
      }
    },
    "stream_method" : {
      "conns" : [18, 18],
      "in" : [2484, 2485],
      "out" : [1332, 1332],
      "mmtasks" : [0, 0, 1],
      "load" : 0.031,
      "mcount" : {
        "mcount" : { "Success" : 18 }
      },
      "http_proto0" : {
        "mcount" : {
          "mcount" : { "OK" : 18 }
        }
      },
      "source_log" : {
        "delta" : [0, 0, 0]
      },
      "loggers" : {
        "brief_logger" : {
          "records" : [18, 18],
          "out" : [1029, 1029]
        }
      }
    }
  }
},
"2023-08-27 19:39:17.927 +0000" : {
  "main_scheduler" : {
    "bqs" : {
      "00056" : {
        "mmconts" : [227, 230, 233],
        "acts" : [20, 19],
        "tstate" : { "idle" : 992739, "run" : 7766, "locked" : 0, "mmap" : 0 }
      },
      "00057" : {
        "mmconts" : [227, 229, 233],
        "acts" : [19, 18],
        "tstate" : { "idle" : 992966, "run" : 7535, "locked" : 0, "mmap" : 0 }
      },
      "00058" : {
        "mmconts" : [227, 230, 233],
        "acts" : [19, 18],
        "tstate" : { "idle" : 993567, "run" : 6934, "locked" : 0, "mmap" : 0 }
      }
    }
  },
  "benchmark_io" : {
    "simple_times" : {
      "mcount" : {
        "mcount" : { "10 -- 16" : 6, "6 -- 10" : 12 }
      }
    },
    "stream_method" : {
      "conns" : [18, 17],
      "in" : [2484, 2482],
      "out" : [1332, 1331],
      "mmtasks" : [0, 0, 1],
      "load" : 0.031,
      "mcount" : {
        "mcount" : { "Success" : 18 }
      },
      "http_proto0" : {
        "mcount" : {
          "mcount" : { "OK" : 18 }
        }
      },
      "source_log" : {
        "delta" : [0, 0, 0]
      },
      "loggers" : {
        "brief_logger" : {
          "records" : [18, 17],
          "out" : [1021, 1020]
        }
      }
    }
  }
},
"2023-08-27 19:39:18.927 +0000" : {
  "main_scheduler" : {
    "bqs" : {
      "00056" : {
        "mmconts" : [225, 225, 227],
        "acts" : [8, 8],
        "tstate" : { "idle" : 995558, "run" : 3899, "locked" : 0, "mmap" : 0 }
      },
      "00057" : {
        "mmconts" : [214, 221, 227],
        "acts" : [40, 40],
        "tstate" : { "idle" : 986045, "run" : 13419, "locked" : 0, "mmap" : 0 }
      },
      "00058" : {
        "mmconts" : [224, 224, 227],
        "acts" : [10, 10],
        "tstate" : { "idle" : 995314, "run" : 4150, "locked" : 0, "mmap" : 0 }
      }
    }
  },
  "benchmark_io" : {
    "simple_times" : {
      "mcount" : {
        "mcount" : { "10 -- 16" : 5, "6 -- 10" : 7, "4 -- 6" : 6 }
      }
    },
    "stream_method" : {
      "conns" : [18, 18],
      "in" : [2484, 2485],
      "out" : [1332, 1332],
      "mmtasks" : [0, 0, 1],
      "load" : 0.035,
      "mcount" : {
        "mcount" : { "Success" : 18 }
      },
      "http_proto0" : {
        "mcount" : {
          "mcount" : { "OK" : 18 }
        }
      },
      "source_log" : {
        "delta" : [0, 0, 0]
      },
      "loggers" : {
        "brief_logger" : {
          "records" : [18, 18],
          "out" : [1018, 1018]
        }
      }
    }
  }
},
"2023-08-27 19:39:19.927 +0000" : {
  "main_scheduler" : {
    "bqs" : {
      "00056" : {
        "mmconts" : [225, 225, 225],
        "acts" : [2, 1],
        "tstate" : { "idle" : 998069, "run" : 2313, "locked" : 0, "mmap" : 0 }
      },
      "00057" : {
        "mmconts" : [195, 204, 214],
        "acts" : [58, 57],
        "tstate" : { "idle" : 981131, "run" : 19249, "locked" : 0, "mmap" : 0 }
      },
      "00058" : {
        "mmconts" : [224, 224, 224],
        "acts" : [1, 0],
        "tstate" : { "idle" : 999004, "run" : 1376, "locked" : 0, "mmap" : 0 }
      }
    }
  },
  "benchmark_io" : {
    "simple_times" : {
      "mcount" : {
        "mcount" : { "10 -- 16" : 8, "6 -- 10" : 11 }
      }
    },
    "stream_method" : {
      "conns" : [19, 18],
      "in" : [2622, 2620],
      "out" : [1406, 1405],
      "mmtasks" : [0, 0, 1],
      "load" : 0.030,
      "mcount" : {
        "mcount" : { "Success" : 19 }
      },
      "http_proto0" : {
        "mcount" : {
          "mcount" : { "OK" : 19 }
        }
      },
      "source_log" : {
        "delta" : [0, 0, 0]
      },
      "loggers" : {
        "brief_logger" : {
          "records" : [19, 18],
          "out" : [1084, 1083]
        }
      }
    }
  }
},
"2023-08-27 19:39:20.927 +0000" : {
  "main_scheduler" : {
    "bqs" : {
      "00056" : {
        "mmconts" : [223, 224, 225],
        "acts" : [8, 8],
        "tstate" : { "idle" : 995449, "run" : 4496, "locked" : 0, "mmap" : 0 }
      },
      "00057" : {
        "mmconts" : [183, 186, 195],
        "acts" : [37, 37],
        "tstate" : { "idle" : 986818, "run" : 13139, "locked" : 0, "mmap" : 0 }
      },
      "00058" : {
        "mmconts" : [218, 222, 224],
        "acts" : [19, 19],
        "tstate" : { "idle" : 992026, "run" : 7931, "locked" : 0, "mmap" : 0 }
      }
    }
  },
  "benchmark_io" : {
    "simple_times" : {
      "mcount" : {
        "mcount" : { "10 -- 16" : 19, "4 -- 6" : 1 }
      }
    },
    "stream_method" : {
      "conns" : [20, 20],
      "in" : [2760, 2760],
      "out" : [1480, 1480],
      "mmtasks" : [0, 0, 1],
      "load" : 0.032,
      "mcount" : {
        "mcount" : { "Success" : 20 }
      },
      "http_proto0" : {
        "mcount" : {
          "mcount" : { "OK" : 20 }
        }
      },
      "source_log" : {
        "delta" : [0, 0, 0]
      },
      "loggers" : {
        "brief_logger" : {
          "records" : [20, 20],
          "out" : [1160, 1160]
        }
      }
    }
  }
},
"2023-08-27 19:39:21.927 +0000" : {
  "main_scheduler" : {
    "bqs" : {
      "00056" : {
        "mmconts" : [222, 222, 223],
        "acts" : [6, 5],
        "tstate" : { "idle" : 996580, "run" : 3501, "locked" : 0, "mmap" : 0 }
      },
      "00057" : {
        "mmconts" : [183, 183, 183],
        "acts" : [1, 0],
        "tstate" : { "idle" : 998612, "run" : 1470, "locked" : 0, "mmap" : 0 }
      },
      "00058" : {
        "mmconts" : [200, 208, 218],
        "acts" : [55, 54],
        "tstate" : { "idle" : 980516, "run" : 19567, "locked" : 0, "mmap" : 0 }
      }
    }
  },
  "benchmark_io" : {
    "simple_times" : {
      "mcount" : {
        "mcount" : { "10 -- 16" : 15, "6 -- 10" : 1, "4 -- 6" : 3 }
      }
    },
    "stream_method" : {
      "conns" : [19, 18],
      "in" : [2622, 2621],
      "out" : [1406, 1405],
      "mmtasks" : [0, 0, 1],
      "load" : 0.032,
      "mcount" : {
        "mcount" : { "Success" : 19 }
      },
      "http_proto0" : {
        "mcount" : {
          "mcount" : { "OK" : 19 }
        }
      },
      "source_log" : {
        "delta" : [0, 0, 0]
      },
      "loggers" : {
        "brief_logger" : {
          "records" : [19, 18],
          "out" : [1095, 1094]
        }
      }
    }
  }
},
"2023-08-27 19:39:22.927 +0000" : {
  "main_scheduler" : {
    "bqs" : {
      "00056" : {
        "mmconts" : [211, 216, 222],
        "acts" : [34, 33],
        "tstate" : { "idle" : 988216, "run" : 11881, "locked" : 0, "mmap" : 0 }
      },
      "00057" : {
        "mmconts" : [183, 183, 183],
        "acts" : [1, 0],
        "tstate" : { "idle" : 998712, "run" : 1369, "locked" : 0, "mmap" : 0 }
      },
      "00058" : {
        "mmconts" : [190, 195, 200],
        "acts" : [31, 30],
        "tstate" : { "idle" : 990005, "run" : 10075, "locked" : 0, "mmap" : 0 }
      }
    }
  },
  "benchmark_io" : {
    "simple_times" : {
      "mcount" : {
        "mcount" : { "10 -- 16" : 16, "6 -- 10" : 5 }
      }
    },
    "stream_method" : {
      "conns" : [21, 20],
      "in" : [2898, 2897],
      "out" : [1554, 1553],
      "mmtasks" : [0, 0, 1],
      "load" : 0.026,
      "mcount" : {
        "mcount" : { "Success" : 21 }
      },
      "http_proto0" : {
        "mcount" : {
          "mcount" : { "OK" : 21 }
        }
      },
      "source_log" : {
        "delta" : [0, 0, 0]
      },
      "loggers" : {
        "brief_logger" : {
          "records" : [21, 20],
          "out" : [1206, 1205]
        }
      }
    }
  }
},
"2023-08-27 19:39:23.927 +0000" : {
  "main_scheduler" : {
    "bqs" : {
      "00056" : {
        "mmconts" : [198, 205, 211],
        "acts" : [41, 40],
        "tstate" : { "idle" : 984746, "run" : 15261, "locked" : 0, "mmap" : 0 }
      },
      "00057" : {
        "mmconts" : [183, 183, 183],
        "acts" : [1, 0],
        "tstate" : { "idle" : 998476, "run" : 1531, "locked" : 0, "mmap" : 0 }
      },
      "00058" : {
        "mmconts" : [183, 185, 190],
        "acts" : [22, 21],
        "tstate" : { "idle" : 991459, "run" : 8548, "locked" : 0, "mmap" : 0 }
      }
    }
  },
  "benchmark_io" : {
    "simple_times" : {
      "mcount" : {
        "mcount" : { "10 -- 16" : 10, "6 -- 10" : 5, "4 -- 6" : 5 }
      }
    },
    "stream_method" : {
      "conns" : [20, 20],
      "in" : [2760, 2760],
      "out" : [1480, 1480],
      "mmtasks" : [0, 0, 1],
      "load" : 0.037,
      "mcount" : {
        "mcount" : { "Success" : 20 }
      },
      "http_proto0" : {
        "mcount" : {
          "mcount" : { "OK" : 20 }
        }
      },
      "source_log" : {
        "delta" : [0, 0, 0]
      },
      "loggers" : {
        "brief_logger" : {
          "records" : [20, 19],
          "out" : [1142, 1141]
        }
      }
    }
  }
},
"2023-08-27 19:39:24.927 +0000" : {
  "main_scheduler" : {
    "bqs" : {
      "00056" : {
        "mmconts" : [181, 188, 198],
        "acts" : [53, 53],
        "tstate" : { "idle" : 981288, "run" : 18258, "locked" : 0, "mmap" : 0 }
      },
      "00057" : {
        "mmconts" : [181, 182, 183],
        "acts" : [8, 8],
        "tstate" : { "idle" : 996323, "run" : 3224, "locked" : 0, "mmap" : 0 }
      },
      "00058" : {
        "mmconts" : [181, 182, 183],
        "acts" : [7, 7],
        "tstate" : { "idle" : 996282, "run" : 3265, "locked" : 0, "mmap" : 0 }
      }
    }
  },
  "benchmark_io" : {
    "simple_times" : {
      "mcount" : {
        "mcount" : { "10 -- 16" : 17, "6 -- 10" : 1, "4 -- 6" : 3 }
      }
    },
    "stream_method" : {
      "conns" : [21, 21],
      "in" : [2898, 2899],
      "out" : [1554, 1554],
      "mmtasks" : [0, 0, 1],
      "load" : 0.029,
      "mcount" : {
        "mcount" : { "Success" : 21 }
      },
      "http_proto0" : {
        "mcount" : {
          "mcount" : { "OK" : 21 }
        }
      },
      "source_log" : {
        "delta" : [0, 0, 0]
      },
      "loggers" : {
        "brief_logger" : {
          "records" : [21, 21],
          "out" : [1210, 1210]
        }
      }
    }
  }
},
"2023-08-27 19:39:25.927 +0000" : {
  "main_scheduler" : {
    "bqs" : {
      "00056" : {
        "mmconts" : [174, 177, 181],
        "acts" : [23, 22],
        "tstate" : { "idle" : 991308, "run" : 9126, "locked" : 0, "mmap" : 0 }
      },
      "00057" : {
        "mmconts" : [173, 177, 181],
        "acts" : [24, 23],
        "tstate" : { "idle" : 991087, "run" : 9348, "locked" : 0, "mmap" : 0 }
      },
      "00058" : {
        "mmconts" : [174, 177, 181],
        "acts" : [22, 21],
        "tstate" : { "idle" : 991812, "run" : 8624, "locked" : 0, "mmap" : 0 }
      }
    }
  },
  "benchmark_io" : {
    "simple_times" : {
      "mcount" : {
        "mcount" : { "10 -- 16" : 13, "6 -- 10" : 8, "4 -- 6" : 1 }
      }
    },
    "stream_method" : {
      "conns" : [22, 21],
      "in" : [3036, 3034],
      "out" : [1628, 1627],
      "mmtasks" : [0, 0, 1],
      "load" : 0.030,
      "mcount" : {
        "mcount" : { "Success" : 22 }
      },
      "http_proto0" : {
        "mcount" : {
          "mcount" : { "OK" : 22 }
        }
      },
      "source_log" : {
        "delta" : [0, 0, 0]
      },
      "loggers" : {
        "brief_logger" : {
          "records" : [22, 21],
          "out" : [1263, 1262]
        }
      }
    }
  }
},
"2023-08-27 19:39:26.927 +0000" : {
  "main_scheduler" : {
    "bqs" : {
      "00056" : {
        "mmconts" : [167, 170, 174],
        "acts" : [23, 23],
        "tstate" : { "idle" : 990646, "run" : 8859, "locked" : 0, "mmap" : 98 }
      },
      "00057" : {
        "mmconts" : [166, 169, 173],
        "acts" : [22, 22],
        "tstate" : { "idle" : 992236, "run" : 7298, "locked" : 0, "mmap" : 65 }
      },
      "00058" : {
        "mmconts" : [166, 170, 174],
        "acts" : [25, 25],
        "tstate" : { "idle" : 991172, "run" : 8322, "locked" : 0, "mmap" : 104 }
      }
    }
  },
  "benchmark_io" : {
    "simple_times" : {
      "mcount" : {
        "mcount" : { "10 -- 16" : 8, "6 -- 10" : 13, "4 -- 6" : 1 }
      }
    },
    "stream_method" : {
      "conns" : [22, 22],
      "in" : [3036, 3037],
      "out" : [1628, 1628],
      "mmtasks" : [0, 0, 1],
      "load" : 0.032,
      "mcount" : {
        "mcount" : { "Success" : 22 }
      },
      "http_proto0" : {
        "mcount" : {
          "mcount" : { "OK" : 22 }
        }
      },
      "source_log" : {
        "delta" : [0, 0, 0]
      },
      "loggers" : {
        "brief_logger" : {
          "records" : [22, 22],
          "out" : [1246, 1246]
        }
      }
    }
  }
},
"2023-08-27 19:39:27.927 +0000" : {
  "main_scheduler" : {
    "bqs" : {
      "00056" : {
        "mmconts" : [159, 163, 167],
        "acts" : [26, 25],
        "tstate" : { "idle" : 989800, "run" : 9711, "locked" : 0, "mmap" : 631 }
      },
      "00057" : {
        "mmconts" : [159, 162, 166],
        "acts" : [22, 21],
        "tstate" : { "idle" : 990027, "run" : 9581, "locked" : 0, "mmap" : 535 }
      },
      "00058" : {
        "mmconts" : [159, 162, 166],
        "acts" : [22, 21],
        "tstate" : { "idle" : 991821, "run" : 7771, "locked" : 0, "mmap" : 551 }
      }
    }
  },
  "benchmark_io" : {
    "simple_times" : {
      "mcount" : {
        "mcount" : { "10 -- 16" : 14, "6 -- 10" : 8 }
      }
    },
    "stream_method" : {
      "conns" : [22, 21],
      "in" : [3036, 3035],
      "out" : [1628, 1627],
      "mmtasks" : [0, 0, 1],
      "load" : 0.027,
      "mcount" : {
        "mcount" : { "Success" : 22 }
      },
      "http_proto0" : {
        "mcount" : {
          "mcount" : { "OK" : 22 }
        }
      },
      "source_log" : {
        "delta" : [0, 0, 0]
      },
      "loggers" : {
        "brief_logger" : {
          "records" : [22, 21],
          "out" : [1259, 1258]
        }
      }
    }
  }
},
"2023-08-27 19:39:28.927 +0000" : {
  "main_scheduler" : {
    "bqs" : {
      "00056" : {
        "mmconts" : [152, 155, 159],
        "acts" : [23, 23],
        "tstate" : { "idle" : 991023, "run" : 7951, "locked" : 0, "mmap" : 523 }
      },
      "00057" : {
        "mmconts" : [151, 154, 159],
        "acts" : [25, 25],
        "tstate" : { "idle" : 991433, "run" : 7528, "locked" : 0, "mmap" : 536 }
      },
      "00058" : {
        "mmconts" : [151, 155, 159],
        "acts" : [25, 25],
        "tstate" : { "idle" : 990017, "run" : 8838, "locked" : 0, "mmap" : 642 }
      }
    }
  },
  "benchmark_io" : {
    "simple_times" : {
      "mcount" : {
        "mcount" : { "10 -- 16" : 12, "6 -- 10" : 11 }
      }
    },
    "stream_method" : {
      "conns" : [23, 23],
      "in" : [3174, 3175],
      "out" : [1702, 1702],
      "mmtasks" : [0, 0, 1],
      "load" : 0.027,
      "mcount" : {
        "mcount" : { "Success" : 23 }
      },
      "http_proto0" : {
        "mcount" : {
          "mcount" : { "OK" : 23 }
        }
      },
      "source_log" : {
        "delta" : [0, 0, 0]
      },
      "loggers" : {
        "brief_logger" : {
          "records" : [23, 23],
          "out" : [1305, 1305]
        }
      }
    }
  }
},
"2023-08-27 19:39:29.927 +0000" : {
  "main_scheduler" : {
    "bqs" : {
      "00056" : {
        "mmconts" : [144, 147, 152],
        "acts" : [26, 25],
        "tstate" : { "idle" : 990482, "run" : 9458, "locked" : 0, "mmap" : 562 }
      },
      "00057" : {
        "mmconts" : [143, 147, 151],
        "acts" : [25, 24],
        "tstate" : { "idle" : 990511, "run" : 9419, "locked" : 0, "mmap" : 576 }
      },
      "00058" : {
        "mmconts" : [144, 147, 151],
        "acts" : [22, 21],
        "tstate" : { "idle" : 991812, "run" : 8151, "locked" : 0, "mmap" : 544 }
      }
    }
  },
  "benchmark_io" : {
    "simple_times" : {
      "mcount" : {
        "mcount" : { "10 -- 16" : 5, "6 -- 10" : 10, "4 -- 6" : 8 }
      }
    },
    "stream_method" : {
      "conns" : [23, 22],
      "in" : [3174, 3172],
      "out" : [1702, 1701],
      "mmtasks" : [0, 0, 1],
      "load" : 0.041,
      "mcount" : {
        "mcount" : { "Success" : 23 }
      },
      "http_proto0" : {
        "mcount" : {
          "mcount" : { "OK" : 23 }
        }
      },
      "source_log" : {
        "delta" : [0, 0, 0]
      },
      "loggers" : {
        "brief_logger" : {
          "records" : [23, 22],
          "out" : [1297, 1296]
        }
      }
    }
  }
},
"2023-08-27 19:39:30.927 +0000" : {
  "main_scheduler" : {
    "bqs" : {
      "00056" : {
        "mmconts" : [136, 140, 144],
        "acts" : [26, 26],
        "tstate" : { "idle" : 990036, "run" : 9076, "locked" : 0, "mmap" : 670 }
      },
      "00057" : {
        "mmconts" : [136, 139, 143],
        "acts" : [23, 23],
        "tstate" : { "idle" : 991830, "run" : 7464, "locked" : 0, "mmap" : 485 }
      },
      "00058" : {
        "mmconts" : [136, 139, 144],
        "acts" : [25, 25],
        "tstate" : { "idle" : 990542, "run" : 8670, "locked" : 0, "mmap" : 567 }
      }
    }
  },
  "benchmark_io" : {
    "simple_times" : {
      "mcount" : {
        "mcount" : { "10 -- 16" : 9, "6 -- 10" : 14 }
      }
    },
    "stream_method" : {
      "conns" : [23, 23],
      "in" : [3174, 3174],
      "out" : [1702, 1702],
      "mmtasks" : [0, 0, 1],
      "load" : 0.028,
      "mcount" : {
        "mcount" : { "Success" : 23 }
      },
      "http_proto0" : {
        "mcount" : {
          "mcount" : { "OK" : 23 }
        }
      },
      "source_log" : {
        "delta" : [0, 0, 0]
      },
      "loggers" : {
        "brief_logger" : {
          "records" : [23, 23],
          "out" : [1302, 1302]
        }
      }
    }
  }
},
"2023-08-27 19:39:31.927 +0000" : {
  "main_scheduler" : {
    "bqs" : {
      "00056" : {
        "mmconts" : [128, 132, 136],
        "acts" : [26, 26],
        "tstate" : { "idle" : 989468, "run" : 9800, "locked" : 0, "mmap" : 548 }
      },
      "00057" : {
        "mmconts" : [128, 131, 136],
        "acts" : [24, 24],
        "tstate" : { "idle" : 991371, "run" : 7874, "locked" : 0, "mmap" : 570 }
      },
      "00058" : {
        "mmconts" : [128, 131, 136],
        "acts" : [25, 25],
        "tstate" : { "idle" : 991008, "run" : 8216, "locked" : 0, "mmap" : 590 }
      }
    }
  },
  "benchmark_io" : {
    "simple_times" : {
      "mcount" : {
        "mcount" : { "10 -- 16" : 11, "6 -- 10" : 12, "4 -- 6" : 1 }
      }
    },
    "stream_method" : {
      "conns" : [24, 24],
      "in" : [3312, 3312],
      "out" : [1776, 1776],
      "mmtasks" : [0, 0, 1],
      "load" : 0.029,
      "mcount" : {
        "mcount" : { "Success" : 24 }
      },
      "http_proto0" : {
        "mcount" : {
          "mcount" : { "OK" : 24 }
        }
      },
      "source_log" : {
        "delta" : [0, 0, 0]
      },
      "loggers" : {
        "brief_logger" : {
          "records" : [24, 24],
          "out" : [1362, 1362]
        }
      }
    }
  }
},
"2023-08-27 19:39:32.927 +0000" : {
  "main_scheduler" : {
    "bqs" : {
      "00056" : {
        "mmconts" : [120, 124, 128],
        "acts" : [26, 25],
        "tstate" : { "idle" : 991564, "run" : 8673, "locked" : 0, "mmap" : 585 }
      },
      "00057" : {
        "mmconts" : [119, 123, 128],
        "acts" : [28, 27],
        "tstate" : { "idle" : 991469, "run" : 8726, "locked" : 0, "mmap" : 629 }
      },
      "00058" : {
        "mmconts" : [120, 123, 128],
        "acts" : [25, 24],
        "tstate" : { "idle" : 989407, "run" : 10855, "locked" : 0, "mmap" : 562 }
      }
    }
  },
  "benchmark_io" : {
    "simple_times" : {
      "mcount" : {
        "mcount" : { "10 -- 16" : 9, "6 -- 10" : 16 }
      }
    },
    "stream_method" : {
      "conns" : [25, 24],
      "in" : [3450, 3447],
      "out" : [1850, 1848],
      "mmtasks" : [0, 0, 1],
      "load" : 0.027,
      "mcount" : {
        "mcount" : { "Success" : 25 }
      },
      "http_proto0" : {
        "mcount" : {
          "mcount" : { "OK" : 25 }
        }
      },
      "source_log" : {
        "delta" : [0, 0, 0]
      },
      "loggers" : {
        "brief_logger" : {
          "records" : [25, 24],
          "out" : [1411, 1409]
        }
      }
    }
  }
},
"2023-08-27 19:39:33.927 +0000" : {
  "main_scheduler" : {
    "bqs" : {
      "00056" : {
        "mmconts" : [112, 115, 120],
        "acts" : [26, 26],
        "tstate" : { "idle" : 989301, "run" : 9950, "locked" : 0, "mmap" : 571 }
      },
      "00057" : {
        "mmconts" : [111, 115, 119],
        "acts" : [25, 25],
        "tstate" : { "idle" : 990031, "run" : 9214, "locked" : 0, "mmap" : 577 }
      },
      "00058" : {
        "mmconts" : [112, 115, 120],
        "acts" : [27, 27],
        "tstate" : { "idle" : 989940, "run" : 9319, "locked" : 0, "mmap" : 563 }
      }
    }
  },
  "benchmark_io" : {
    "simple_times" : {
      "mcount" : {
        "mcount" : { "10 -- 16" : 6, "6 -- 10" : 11, "4 -- 6" : 7 }
      }
    },
    "stream_method" : {
      "conns" : [25, 25],
      "in" : [3312, 3312],
      "out" : [1850, 1850],
      "mmtasks" : [0, 0, 1],
      "load" : 0.039,
      "mcount" : {
        "mcount" : { "Success" : 24 }
      },
      "http_proto0" : {
        "mcount" : {
          "mcount" : { "OK" : 24 }
        }
      },
      "source_log" : {
        "delta" : [0, 0, 0]
      },
      "loggers" : {
        "brief_logger" : {
          "records" : [24, 24],
          "out" : [1357, 1357]
        }
      }
    }
  }
},
"2023-08-27 19:39:34.927 +0000" : {
  "main_scheduler" : {
    "bqs" : {
      "00056" : {
        "mmconts" : [103, 107, 112],
        "acts" : [29, 29],
        "tstate" : { "idle" : 987398, "run" : 11828, "locked" : 0, "mmap" : 679 }
      },
      "00057" : {
        "mmconts" : [103, 107, 111],
        "acts" : [25, 25],
        "tstate" : { "idle" : 989186, "run" : 10123, "locked" : 0, "mmap" : 595 }
      },
      "00058" : {
        "mmconts" : [103, 107, 112],
        "acts" : [26, 26],
        "tstate" : { "idle" : 988735, "run" : 10478, "locked" : 0, "mmap" : 691 }
      }
    }
  },
  "benchmark_io" : {
    "simple_times" : {
      "mcount" : {
        "mcount" : { "10 -- 16" : 14, "6 -- 10" : 5, "4 -- 6" : 7 }
      }
    },
    "stream_method" : {
      "conns" : [25, 25],
      "in" : [3588, 3588],
      "out" : [1850, 1850],
      "mmtasks" : [0, 0, 1],
      "load" : 0.036,
      "mcount" : {
        "mcount" : { "Success" : 26 }
      },
      "http_proto0" : {
        "mcount" : {
          "mcount" : { "OK" : 26 }
        }
      },
      "source_log" : {
        "delta" : [0, 0, 0]
      },
      "loggers" : {
        "brief_logger" : {
          "records" : [26, 26],
          "out" : [1487, 1487]
        }
      }
    }
  }
},
"2023-08-27 19:39:35.927 +0000" : {
  "main_scheduler" : {
    "bqs" : {
      "00056" : {
        "mmconts" : [97, 99, 103],
        "acts" : [20, 20],
        "tstate" : { "idle" : 990015, "run" : 8955, "locked" : 0, "mmap" : 470 }
      },
      "00057" : {
        "mmconts" : [91, 98, 103],
        "acts" : [37, 37],
        "tstate" : { "idle" : 985762, "run" : 12789, "locked" : 0, "mmap" : 888 }
      },
      "00058" : {
        "mmconts" : [96, 98, 103],
        "acts" : [22, 22],
        "tstate" : { "idle" : 989743, "run" : 9142, "locked" : 0, "mmap" : 555 }
      }
    }
  },
  "benchmark_io" : {
    "simple_times" : {
      "mcount" : {
        "mcount" : { "10 -- 16" : 5, "6 -- 10" : 12, "4 -- 6" : 8 }
      }
    },
    "stream_method" : {
      "conns" : [25, 25],
      "in" : [3450, 3451],
      "out" : [1850, 1851],
      "mmtasks" : [0, 0, 1],
      "load" : 0.039,
      "mcount" : {
        "mcount" : { "Success" : 25 }
      },
      "http_proto0" : {
        "mcount" : {
          "mcount" : { "OK" : 25 }
        }
      },
      "source_log" : {
        "delta" : [0, 0, 0]
      },
      "loggers" : {
        "brief_logger" : {
          "records" : [25, 25],
          "out" : [1410, 1410]
        }
      }
    }
  }
},
"2023-08-27 19:39:36.927 +0000" : {
  "main_scheduler" : {
    "bqs" : {
      "00056" : {
        "mmconts" : [87, 93, 97],
        "acts" : [33, 32],
        "tstate" : { "idle" : 987997, "run" : 11336, "locked" : 0, "mmap" : 818 }
      },
      "00057" : {
        "mmconts" : [80, 82, 91],
        "acts" : [34, 33],
        "tstate" : { "idle" : 989228, "run" : 10160, "locked" : 0, "mmap" : 767 }
      },
      "00058" : {
        "mmconts" : [91, 95, 96],
        "acts" : [16, 15],
        "tstate" : { "idle" : 993655, "run" : 6087, "locked" : 0, "mmap" : 413 }
      }
    }
  },
  "benchmark_io" : {
    "simple_times" : {
      "mcount" : {
        "mcount" : { "10 -- 16" : 7, "6 -- 10" : 18, "4 -- 6" : 1 }
      }
    },
    "stream_method" : {
      "conns" : [26, 25],
      "in" : [3588, 3587],
      "out" : [1924, 1923],
      "mmtasks" : [0, 0, 1],
      "load" : 0.030,
      "mcount" : {
        "mcount" : { "Success" : 26 }
      },
      "http_proto0" : {
        "mcount" : {
          "mcount" : { "OK" : 26 }
        }
      },
      "source_log" : {
        "delta" : [0, 0, 0]
      },
      "loggers" : {
        "brief_logger" : {
          "records" : [26, 25],
          "out" : [1466, 1465]
        }
      }
    }
  }
},
"2023-08-27 19:39:37.927 +0000" : {
  "main_scheduler" : {
    "bqs" : {
      "00056" : {
        "mmconts" : [77, 81, 87],
        "acts" : [31, 31],
        "tstate" : { "idle" : 988354, "run" : 10781, "locked" : 0, "mmap" : 692 }
      },
      "00057" : {
        "mmconts" : [77, 79, 80],
        "acts" : [10, 10],
        "tstate" : { "idle" : 995769, "run" : 3841, "locked" : 0, "mmap" : 213 }
      },
      "00058" : {
        "mmconts" : [77, 83, 91],
        "acts" : [43, 43],
        "tstate" : { "idle" : 984983, "run" : 13805, "locked" : 0, "mmap" : 1034 }
      }
    }
  },
  "benchmark_io" : {
    "simple_times" : {
      "mcount" : {
        "mcount" : { "10 -- 16" : 4, "6 -- 10" : 23 }
      }
    },
    "stream_method" : {
      "conns" : [27, 27],
      "in" : [3726, 3726],
      "out" : [1998, 1998],
      "mmtasks" : [0, 0, 1],
      "load" : 0.032,
      "mcount" : {
        "mcount" : { "Success" : 27 }
      },
      "http_proto0" : {
        "mcount" : {
          "mcount" : { "OK" : 27 }
        }
      },
      "source_log" : {
        "delta" : [0, 0, 0]
      },
      "loggers" : {
        "brief_logger" : {
          "records" : [27, 27],
          "out" : [1507, 1507]
        }
      }
    }
  }
},
"2023-08-27 19:39:38.927 +0000" : {
  "main_scheduler" : {
    "bqs" : {
      "00056" : {
        "mmconts" : [68, 72, 77],
        "acts" : [29, 28],
        "tstate" : { "idle" : 990410, "run" : 9523, "locked" : 0, "mmap" : 661 }
      },
      "00057" : {
        "mmconts" : [68, 72, 77],
        "acts" : [28, 27],
        "tstate" : { "idle" : 990754, "run" : 9120, "locked" : 0, "mmap" : 732 }
      },
      "00058" : {
        "mmconts" : [68, 72, 77],
        "acts" : [28, 27],
        "tstate" : { "idle" : 991318, "run" : 8638, "locked" : 0, "mmap" : 650 }
      }
    }
  },
  "benchmark_io" : {
    "simple_times" : {
      "mcount" : {
        "mcount" : { "10 -- 16" : 6, "6 -- 10" : 21 }
      }
    },
    "stream_method" : {
      "conns" : [27, 26],
      "in" : [3726, 3723],
      "out" : [1998, 1996],
      "mmtasks" : [0, 0, 1],
      "load" : 0.029,
      "mcount" : {
        "mcount" : { "Success" : 27 }
      },
      "http_proto0" : {
        "mcount" : {
          "mcount" : { "OK" : 27 }
        }
      },
      "source_log" : {
        "delta" : [0, 0, 0]
      },
      "loggers" : {
        "brief_logger" : {
          "records" : [27, 26],
          "out" : [1514, 1512]
        }
      }
    }
  }
},
"2023-08-27 19:39:39.927 +0000" : {
  "main_scheduler" : {
    "bqs" : {
      "00056" : {
        "mmconts" : [59, 63, 68],
        "acts" : [29, 29],
        "tstate" : { "idle" : 988381, "run" : 10359, "locked" : 0, "mmap" : 634 }
      },
      "00057" : {
        "mmconts" : [58, 63, 68],
        "acts" : [31, 31],
        "tstate" : { "idle" : 988381, "run" : 10281, "locked" : 0, "mmap" : 702 }
      },
      "00058" : {
        "mmconts" : [60, 63, 68],
        "acts" : [25, 25],
        "tstate" : { "idle" : 990566, "run" : 8158, "locked" : 0, "mmap" : 640 }
      }
    }
  },
  "benchmark_io" : {
    "simple_times" : {
      "mcount" : {
        "mcount" : { "10 -- 16" : 5, "6 -- 10" : 15, "4 -- 6" : 7 }
      }
    },
    "stream_method" : {
      "conns" : [27, 27],
      "in" : [3726, 3728],
      "out" : [1998, 1999],
      "mmtasks" : [0, 0, 1],
      "load" : 0.032,
      "mcount" : {
        "mcount" : { "Success" : 27 }
      },
      "http_proto0" : {
        "mcount" : {
          "mcount" : { "OK" : 27 }
        }
      },
      "source_log" : {
        "delta" : [0, 0, 0]
      },
      "loggers" : {
        "brief_logger" : {
          "records" : [27, 27],
          "out" : [1514, 1514]
        }
      }
    }
  }
},
"2023-08-27 19:39:40.927 +0000" : {
  "main_scheduler" : {
    "bqs" : {
      "00056" : {
        "mmconts" : [47, 53, 59],
        "acts" : [38, 37],
        "tstate" : { "idle" : 986761, "run" : 12590, "locked" : 0, "mmap" : 854 }
      },
      "00057" : {
        "mmconts" : [46, 53, 58],
        "acts" : [37, 36],
        "tstate" : { "idle" : 987339, "run" : 11924, "locked" : 0, "mmap" : 939 }
      },
      "00058" : {
        "mmconts" : [56, 56, 60],
        "acts" : [13, 12],
        "tstate" : { "idle" : 994411, "run" : 5494, "locked" : 0, "mmap" : 298 }
      }
    }
  },
  "benchmark_io" : {
    "simple_times" : {
      "mcount" : {
        "mcount" : { "10 -- 16" : 6, "6 -- 10" : 13, "4 -- 6" : 9 }
      }
    },
    "stream_method" : {
      "conns" : [28, 27],
      "in" : [3864, 3863],
      "out" : [2072, 2071],
      "mmtasks" : [0, 0, 1],
      "load" : 0.034,
      "mcount" : {
        "mcount" : { "Success" : 28 }
      },
      "http_proto0" : {
        "mcount" : {
          "mcount" : { "OK" : 28 }
        }
      },
      "source_log" : {
        "delta" : [0, 0, 0]
      },
      "loggers" : {
        "brief_logger" : {
          "records" : [28, 27],
          "out" : [1575, 1574]
        }
      }
    }
  }
},
"2023-08-27 19:39:41.927 +0000" : {
  "main_scheduler" : {
    "bqs" : {
      "00056" : {
        "mmconts" : [45, 45, 47],
        "acts" : [8, 7],
        "tstate" : { "idle" : 996607, "run" : 3557, "locked" : 0, "mmap" : 154 }
      },
      "00057" : {
        "mmconts" : [38, 41, 46],
        "acts" : [25, 24],
        "tstate" : { "idle" : 991250, "run" : 8519, "locked" : 0, "mmap" : 575 }
      },
      "00058" : {
        "mmconts" : [38, 48, 56],
        "acts" : [55, 54],
        "tstate" : { "idle" : 981927, "run" : 17060, "locked" : 0, "mmap" : 1355 }
      }
    }
  },
  "benchmark_io" : {
    "simple_times" : {
      "mcount" : {
        "mcount" : { "10 -- 16" : 5, "6 -- 10" : 22, "4 -- 6" : 1 }
      }
    },
    "stream_method" : {
      "conns" : [28, 27],
      "in" : [3864, 3862],
      "out" : [2072, 2071],
      "mmtasks" : [0, 0, 1],
      "load" : 0.029,
      "mcount" : {
        "mcount" : { "Success" : 28 }
      },
      "http_proto0" : {
        "mcount" : {
          "mcount" : { "OK" : 28 }
        }
      },
      "source_log" : {
        "delta" : [0, 0, 0]
      },
      "loggers" : {
        "brief_logger" : {
          "records" : [28, 27],
          "out" : [1572, 1571]
        }
      }
    }
  }
},
"2023-08-27 19:39:42.927 +0000" : {
  "main_scheduler" : {
    "bqs" : {
      "00056" : {
        "mmconts" : [28, 36, 45],
        "acts" : [54, 54],
        "tstate" : { "idle" : 980335, "run" : 18195, "locked" : 0, "mmap" : 1300 }
      },
      "00057" : {
        "mmconts" : [27, 33, 38],
        "acts" : [34, 34],
        "tstate" : { "idle" : 988778, "run" : 10298, "locked" : 0, "mmap" : 729 }
      },
      "00058" : {
        "mmconts" : [38, 38, 38],
        "acts" : [1, 1],
        "tstate" : { "idle" : 998503, "run" : 1303, "locked" : 0, "mmap" : 0 }
      }
    }
  },
  "benchmark_io" : {
    "simple_times" : {
      "mcount" : {
        "mcount" : { "10 -- 16" : 5, "6 -- 10" : 23 }
      }
    },
    "stream_method" : {
      "conns" : [28, 28],
      "in" : [3864, 3864],
      "out" : [2072, 2072],
      "mmtasks" : [0, 0, 1],
      "load" : 0.026,
      "mcount" : {
        "mcount" : { "Success" : 28 }
      },
      "http_proto0" : {
        "mcount" : {
          "mcount" : { "OK" : 28 }
        }
      },
      "source_log" : {
        "delta" : [0, 0, 0]
      },
      "loggers" : {
        "brief_logger" : {
          "records" : [28, 28],
          "out" : [1562, 1562]
        }
      }
    }
  }
},
"2023-08-27 19:39:43.927 +0000" : {
  "main_scheduler" : {
    "bqs" : {
      "00056" : {
        "mmconts" : [19, 21, 28],
        "acts" : [28, 27],
        "tstate" : { "idle" : 990121, "run" : 9392, "locked" : 0, "mmap" : 635 }
      },
      "00057" : {
        "mmconts" : [18, 20, 27],
        "acts" : [28, 27],
        "tstate" : { "idle" : 990336, "run" : 9115, "locked" : 0, "mmap" : 698 }
      },
      "00058" : {
        "mmconts" : [27, 35, 38],
        "acts" : [35, 34],
        "tstate" : { "idle" : 988423, "run" : 10881, "locked" : 0, "mmap" : 846 }
      }
    }
  },
  "benchmark_io" : {
    "simple_times" : {
      "mcount" : {
        "mcount" : { "10 -- 16" : 7, "6 -- 10" : 22 }
      }
    },
    "stream_method" : {
      "conns" : [29, 28],
      "in" : [4002, 4001],
      "out" : [2146, 2145],
      "mmtasks" : [0, 0, 1],
      "load" : 0.030,
      "mcount" : {
        "mcount" : { "Success" : 29 }
      },
      "http_proto0" : {
        "mcount" : {
          "mcount" : { "OK" : 29 }
        }
      },
      "source_log" : {
        "delta" : [0, 0, 0]
      },
      "loggers" : {
        "brief_logger" : {
          "records" : [29, 28],
          "out" : [1631, 1630]
        }
      }
    }
  }
},
"2023-08-27 19:39:44.927 +0000" : {
  "main_scheduler" : {
    "bqs" : {
      "00056" : {
        "mmconts" : [12, 16, 19],
        "acts" : [23, 23],
        "tstate" : { "idle" : 987637, "run" : 11566, "locked" : 0, "mmap" : 490 }
      },
      "00057" : {
        "mmconts" : [11, 15, 18],
        "acts" : [22, 22],
        "tstate" : { "idle" : 991187, "run" : 7972, "locked" : 0, "mmap" : 532 }
      },
      "00058" : {
        "mmconts" : [11, 16, 27],
        "acts" : [48, 48],
        "tstate" : { "idle" : 982499, "run" : 15986, "locked" : 0, "mmap" : 1205 }
      }
    }
  },
  "benchmark_io" : {
    "simple_times" : {
      "mcount" : {
        "mcount" : { "10 -- 16" : 13, "6 -- 10" : 10, "4 -- 6" : 7 }
      }
    },
    "stream_method" : {
      "conns" : [30, 30],
      "in" : [4140, 4141],
      "out" : [2220, 2220],
      "mmtasks" : [0, 0, 1],
      "load" : 0.032,
      "mcount" : {
        "mcount" : { "Success" : 30 }
      },
      "http_proto0" : {
        "mcount" : {
          "mcount" : { "OK" : 30 }
        }
      },
      "source_log" : {
        "delta" : [0, 0, 0]
      },
      "loggers" : {
        "brief_logger" : {
          "records" : [30, 30],
          "out" : [1701, 1701]
        }
      }
    }
  }
},
"2023-08-27 19:39:45.901 +0000" : {
  "main_scheduler" : {
    "bqs" : {
      "00056" : {
        "mmconts" : [2, 7, 12],
        "acts" : [31, 31],
        "tstate" : { "idle" : 961824, "run" : 11194, "locked" : 0, "mmap" : 793 }
      },
      "00057" : {
        "mmconts" : [1, 6, 11],
        "acts" : [29, 29],
        "tstate" : { "idle" : 962774, "run" : 10240, "locked" : 0, "mmap" : 803 }
      },
      "00058" : {
        "mmconts" : [1, 6, 11],
        "acts" : [31, 31],
        "tstate" : { "idle" : 962210, "run" : 10774, "locked" : 0, "mmap" : 833 }
      }
    }
  },
  "benchmark_io" : {
    "simple_times" : {
      "mcount" : {
        "mcount" : { "10 -- 16" : 19, "6 -- 10" : 8, "4 -- 6" : 2 }
      }
    },
    "stream_method" : {
      "conns" : [29, 29],
      "in" : [4002, 4109],
      "out" : [2146, 2203],
      "mmtasks" : [0, 0, 1],
      "load" : 0.027,
      "mcount" : {
        "mcount" : { "Success" : 29 }
      },
      "http_proto0" : {
        "mcount" : {
          "mcount" : { "OK" : 29 }
        }
      },
      "source_log" : {
        "delta" : [0, 0, 0]
      },
      "loggers" : {
        "brief_logger" : {
          "records" : [29, 29],
          "out" : [1662, 1706]
        }
      }
    }
  }
}