1693165126.120		50898	11783	2140	16499	20476	27786	74	138	0	200
1693165125.931		243845	241229	107	2364	145	243280	74	138	0	200
1693165126.316		15690	13055	109	2401	125	15260	74	138	0	200
1693165126.508		8242	5241	71	2678	252	7519	74	138	0	200
1693165126.696		7102	4584	42	2379	97	6776	74	138	0	200
1693165126.883		7545	5184	54	2107	200	7091	74	138	0	200
1693165127.067		8916	5654	80	3045	137	8462	74	138	0	200
1693165127.248		17633	13370	69	4026	168	16991	74	138	0	200
1693165127.427		33047	27841	105	4784	317	32330	74	138	0	200
1693165127.604		14888	11930	73	2728	157	14429	74	138	0	200
1693165127.778		33652	29177	100	4125	250	32883	74	138	0	200
1693165127.950		23862	18931	73	4624	234	23314	74	138	0	200
1693165128.120		12230	9562	45	2512	111	11914	74	138	0	200
1693165128.288		33786	29172	161	4058	395	32807	74	138	0	200
1693165128.454		18474	13904	83	4357	130	18039	74	138	0	200
1693165128.618		11293	9107	50	2017	119	10912	74	138	0	200
1693165128.781		33227	29193	94	3705	235	32539	74	138	0	200
1693165128.941		16811	13086	80	3412	233	16282	74	138	0	200
1693165129.100		23586	18995	80	4295	216	23107	74	138	0	200
1693165129.258		12409	9921	47	2319	122	12049	74	138	0	200
1693165129.414		17756	14182	81	3272	221	17268	74	138	0	200
1693165129.568		22030	18132	64	3666	168	21595	74	138	0	200
1693165129.721		12521	10074	69	2271	107	12193	74	138	0	200
1693165129.872		15630	12736	53	2569	272	15109	74	138	0	200
1693165130.021		33875	29268	90	4295	222	33152	74	138	0	200
1693165130.170		25100	21331	58	3595	116	24662	74	138	0	200
1693165130.318		12097	9814	51	2088	144	11747	74	138	0	200
1693165130.463		15755	13253	67	2340	95	15352	74	138	0	200
1693165130.607		18819	15424	56	3153	186	18431	74	138	0	200
1693165130.750		12312	10112	44	2007	149	11933	74	138	0	200
1693165130.893		12535	10369	58	1985	123	12218	74	138	0	200
1693165131.033		13674	10967	37	2511	159	13290	74	138	0	200
1693165131.173		28259	25133	61	2918	147	27768	74	138	0	200
1693165131.311		16259	13425	126	2550	158	15720	74	138	0	200
1693165131.449		11853	9655	66	1999	133	11474	74	138	0	200
1693165131.585		25148	21401	86	3401	260	24565	74	138	0	200
1693165131.721		11733	9488	71	2036	138	11353	74	138	0	200
1693165131.856		20592	17098	69	3146	279	19856	74	138	0	200
1693165131.988		12564	10069	32	2310	153	12232	74	138	0	200
1693165132.120		31096	26639	93	4104	260	30457	74	138	0	200
1693165132.253		6678	4784	48	1710	136	6343	74	138	0	200
1693165132.383		6663	4444	48	2056	115	6350	74	138	0	200
1693165132.513		6777	4665	54	1933	125	6454	74	138	0	200
1693165132.640		12521	9925	45	2465	86	12228	74	138	0	200
1693165132.768		12140	9768	57	2161	154	11772	74	138	0	200
1693165132.895		11879	10141	46	1569	123	11365	74	138	0	200
1693165133.022		12268	10198	119	1825	126	11850	74	138	0	200
1693165133.147		12175	10010	55	1950	160	11810	74	138	0	200
1693165133.272		11566	9491	46	1887	142	11213	74	138	0	200
1693165133.395		12053	10097	68	1779	109	11734	74	138	0	200
1693165133.517		12855	10455	50	2200	150	12513	74	138	0	200
1693165133.641		11130	9187	131	1689	123	10680	74	138	0	200
1693165133.762		6419	4539	68	1704	108	6105	74	138	0	200
1693165133.881		7928	5718	44	2024	142	7614	74	138	0	200
1693165134.001		11534	9341	40	1864	289	11047	74	138	0	200
1693165134.122		11678	9539	50	1978	111	11344	74	138	0	200
1693165134.240		12154	10065	46	1916	127	11823	74	138	0	200
1693165134.357		12293	10212	42	1890	149	11961	74	138	0	200
1693165134.474		13552	11206	94	2109	143	13077	74	138	0	200
1693165134.590		11794	8991	51	2607	145	11480	74	138	0	200
1693165134.706		13774	10634	57	2925	158	13286	74	138	0	200
1693165134.821		15500	13008	77	2293	122	15114	74	138	0	200
1693165134.937		12872	10333	72	2307	160	12457	74	138	0	200
1693165135.050		16669	13068	63	3342	196	16111	74	138	0	200
1693165135.164		13250	10376	87	2648	139	12817	74	138	0	200
1693165135.276		13266	11129	38	1971	128	12891	74	138	0	200
1693165135.389		16793	14119	56	2464	154	16372	74	138	0	200
1693165135.499		13751	11103	85	2419	144	13345	74	138	0	200
1693165135.610		11954	10047	48	1713	146	11583	74	138	0	200
1693165135.721		13919	10658	85	2981	195	13431	74	138	0	200
1693165135.830		12817	10461	47	2187	122	12357	74	138	0	200
1693165135.940		15377	13169	62	1988	158	14993	74	138	0	200
1693165136.049		11774	9439	78	2102	155	11432	74	138	0	200
1693165136.157		14854	12147	46	2515	146	14469	74	138	0	200
1693165136.264		12598	10351	35	2045	167	12256	74	138	0	200
1693165136.371		12632	10453	78	1976	125	12154	74	138	0	200
1693165136.478		10579	8333	38	2097	111	10317	74	138	0	200
1693165136.584		11169	8779	48	2211	131	10869	74	138	0	200
1693165136.691		27222	22279	114	4500	329	26519	74	138	0	200
1693165136.795		12296	9988	73	2084	151	11922	74	138	0	200
1693165136.901		11726	9589	53	1940	144	11349	74	138	0	200
1693165137.004		6802	4621	66	1967	148	6444	74	138	0	200
1693165137.108		13293	10594	52	2526	121	12966	74	138	0	200
1693165137.212		13875	10962	82	2679	152	13478	74	138	0	200
1693165137.315		6724	4526	72	1997	129	6344	74	138	0	200
1693165137.417		6794	4206	39	2411	138	6507	74	138	0	200
1693165137.519		6728	4568	74	1974	112	6232	74	138	0	200
1693165137.620		13341	10574	78	2543	146	12947	74	138	0	200
1693165137.722		13459	10532	108	2638	181	12999	74	138	0	200
1693165137.821		13522	10952	62	2334	174	13079	74	138	0	200
1693165137.922		13161	10498	55	2435	173	12725	74	138	0	200
1693165138.021		10614	8647	38	1830	99	10278	74	138	0	200
1693165138.121		13394	10629	54	2564	147	13052	74	138	0	200
1693165138.220		14347	11485	48	2650	164	13896	74	138	0	200
1693165138.318		11743	9396	41	2166	140	11394	74	138	0	200
1693165138.416		15433	12986	38	2263	146	15115	74	138	0	200
1693165138.514		10043	8172	34	1716	121	9725	74	138	0	200
1693165138.612		10155	8049	55	1943	108	9885	74	138	0	200
1693165138.709		10899	8242	53	2406	198	10512	74	138	0	200
1693165138.806		12222	10140	51	1879	152	11626	74	138	0	200
1693165138.901		11772	9504	51	2089	128	11498	74	138	0	200
1693165138.998		11101	8846	62	2053	140	10744	74	138	0	200
1693165139.093		10229	8358	40	1721	110	9953	74	138	0	200
1693165139.189		11983	9796	48	2023	116	11703	74	138	0	200
1693165139.284		11325	9551	55	1572	147	10987	74	138	0	200
1693165139.378		15570	13202	44	2186	138	15062	74	138	0	200
1693165139.471		10840	8678	32	2046	84	10622	74	138	0	200
1693165139.565		10491	8264	63	2033	131	10068	74	138	0	200
1693165139.659		11035	8672	36	2211	116	10732	74	138	0	200
1693165139.752		11054	9447	36	1525	46	10877	74	138	0	200
1693165139.844		12243	9806	53	2240	144	11857	74	138	0	200
1693165139.937		12184	9884	131	2031	138	11786	74	138	0	200
1693165140.029		15697	13028	133	2397	139	15105	74	138	0	200
1693165140.121		10216	8306	55	1732	123	9922	74	138	0	200
1693165140.212		13115	10982	75	1930	128	12647	74	138	0	200
1693165140.304		11911	9635	59	2092	125	11583	74	138	0	200
1693165140.394		16527	13943	43	2390	151	16074	74	138	0	200
1693165140.485		11700	9077	52	2417	154	11255	74	138	0	200
1693165140.575		14738	11504	60	2986	188	14348	74	138	0	200
1693165140.665		18486	15613	68	2693	112	18126	74	138	0	200
1693165140.754		12174	10058	49	1943	124	11837	74	138	0	200
1693165140.844		15801	13203	63	2381	154	15367	74	138	0	200
1693165140.933		11617	9277	76	2115	149	11257	74	138	0	200
1693165141.021		12044	9342	76	2488	138	11670	74	138	0	200
1693165141.110		13921	9345	80	4237	259	13397	74	138	0	200
1693165141.198		29576	24029	108	5113	326	28849	74	138	0	200
1693165141.286		10968	8744	40	2057	127	10692	74	138	0	200
1693165141.374		12158	9919	58	2034	147	11707	74	138	0	200
1693165141.461		11663	9319	31	2140	173	11302	74	138	0	200
1693165141.548		12103	9441	64	2497	101	11776	74	138	0	200
1693165141.634		10992	8342	46	2450	154	10659	74	138	0	200
1693165141.721		35930	31582	75	4093	180	35453	74	138	0	200
1693165141.808		11076	9068	44	1835	129	10762	74	138	0	200
1693165141.893		11447	9577	59	1692	119	10999	74	138	0	200
1693165141.980		8869	6978	37	1728	126	8613	74	138	0	200
1693165142.064		10289	8074	54	2023	138	10005	74	138	0	200
1693165142.149		12581	9964	56	2386	175	12205	74	138	0	200
1693165142.235		12528	9656	68	2601	203	12088	74	138	0	200
1693165142.319		11360	9353	82	1799	126	10983	74	138	0	200
1693165142.404		11045	9150	58	1735	102	10743	74	138	0	200
1693165142.488		11620	9337	53	2056	174	11198	74	138	0	200
1693165142.571		5504	3717	36	1637	114	5243	74	138	0	200
1693165142.656		6071	4235	334	1391	111	5500	74	138	0	200
1693165142.738		10958	8813	34	2003	108	10703	74	138	0	200
1693165142.821		11340	9461	75	1696	108	11024	74	138	0	200
1693165142.905		11466	9527	62	1771	106	11169	74	138	0	200
1693165142.987		11502	9722	56	1604	120	11207	74	138	0	200
1693165143.069		11987	10143	65	1643	136	11624	74	138	0	200
1693165143.152		11027	9160	59	1698	110	10724	74	138	0	200
1693165143.235		12085	10103	46	1790	146	11762	74	138	0	200
1693165143.315		12456	10115	59	2140	142	12128	74	138	0	200
1693165143.398		11301	9333	57	1807	104	11012	74	138	0	200
1693165143.478		11623	9699	47	1764	113	11354	74	138	0	200
1693165143.559		11782	9807	47	1796	132	11454	74	138	0	200
1693165143.640		11540	9880	40	1517	103	11251	74	138	0	200
1693165143.722		11799	9815	158	1687	139	11389	74	138	0	200
1693165143.801		11806	9902	41	1738	125	11496	74	138	0	200
1693165143.882		11686	9825	75	1677	109	11358	74	138	0	200
1693165143.961		6355	4583	83	1566	123	6026	74	138	0	200
1693165144.041		6260	4169	74	1868	149	5866	74	138	0	200
1693165144.122		6495	4459	34	1866	136	6181	74	138	0	200
1693165144.200		6338	4660	40	1510	128	6030	74	138	0	200
1693165144.280		11646	9538	65	1897	146	11297	74	138	0	200
1693165144.359		11558	9560	35	1842	121	11259	74	138	0	200
1693165144.437		10752	8811	32	1710	199	10400	74	138	0	200
1693165144.516		11956	9791	52	1998	115	11653	74	138	0	200
1693165144.595		11926	10048	46	1720	112	11578	74	138	0	200
1693165144.672		11051	9322	91	1509	129	10690	74	138	0	200
1693165144.750		10720	9095	40	1503	82	10477	74	138	0	200
1693165144.828		11520	9457	38	1891	134	11207	74	138	0	200
1693165144.906		14778	12135	47	2403	193	14355	74	138	0	200
1693165144.983		11867	9573	100	2025	169	11459	74	138	0	200
1693165145.060		12146	9825	42	2146	133	11841	74	138	0	200
1693165145.137		11154	9128	53	1829	144	10810	74	138	0	200
1693165145.214		10310	8574	39	1573	124	10030	74	138	0	200
1693165145.290		8834	7306	29	1399	100	8609	74	138	0	200
1693165145.367		11529	9613	133	1646	137	11113	74	138	0	200
1693165145.443		14914	13045	38	1729	102	14620	74	138	0	200
1693165145.519		10700	8638	40	1894	128	10383	74	138	0	200
1693165145.596		11111	8811	42	2118	140	10809	74	138	0	200
1693165145.671		10157	8352	37	1630	138	9854	74	138	0	200
1693165145.746		11567	9244	39	2174	110	11292	74	138	0	200
1693165145.822		11612	9633	70	1768	141	11278	74	138	0	200
1693165145.896		14123	11813	38	2159	113	13724	74	138	0	200
1693165145.972		9384	7546	60	1671	107	9077	74	138	0	200
1693165146.046		9002	7093	34	1770	105	8767	74	138	0	200
1693165146.121		11686	9275	43	2235	133	11411	74	138	0	200
1693165146.195		11166	9306	53	1690	117	10863	74	138	0	200
1693165146.271		9905	7900	55	1797	153	9610	74	138	0	200
1693165146.344		12054	9949	51	1910	144	11703	74	138	0	200
1693165146.418		13730	11184	53	2357	136	13351	74	138	0	200
1693165146.491		10487	8274	35	1973	205	10108	74	138	0	200
1693165146.565		11331	9017	66	2089	159	10945	74	138	0	200
1693165146.639		9687	7505	59	1972	151	9352	74	138	0	200
1693165146.712		12054	9781	65	1980	228	11618	74	138	0	200
1693165146.785		10506	8822	51	1493	140	10198	74	138	0	200
1693165146.858		12888	10252	119	2288	229	12375	74	138	0	200
1693165146.931		11352	9293	49	1875	135	11044	74	138	0	200
1693165147.003		8763	6969	33	1638	123	8516	74	138	0	200
1693165147.077		9469	7583	59	1716	111	9199	74	138	0	200
1693165147.148		11246	9057	38	2005	146	10915	74	138	0	200
1693165147.220		9916	7710	32	2045	129	9623	74	138	0	200
1693165147.292		9890	7901	33	1849	107	9642	74	138	0	200
1693165147.365		11982	9968	54	1812	148	11638	74	138	0	200
1693165147.436		13290	11018	64	2074	134	12850	74	138	0	200
1693165147.507		10163	8332	42	1681	108	9893	74	138	0	200
1693165147.579		12067	9483	57	2379	148	11723	74	138	0	200
1693165147.650		6236	4000	49	2068	119	5836	74	138	0	200
1693165147.721		9432	7468	45	1804	115	9118	74	138	0	200
1693165147.792		6128	4201	47	1737	143	5821	74	138	0	200
1693165147.863		6708	4509	64	1959	176	6331	74	138	0	200
1693165147.934		5964	4306	61	1490	107	5650	74	138	0	200
1693165148.005		5416	3455	50	1779	132	5128	74	138	0	200
1693165148.074		6415	4086	76	2095	158	6044	74	138	0	200
1693165148.145		7518	4799	80	2485	154	6995	74	138	0	200
1693165148.215		7179	5012	47	1984	136	6860	74	138	0	200
1693165148.284		10799	8126	64	2387	222	10360	74	138	0	200
1693165148.355		10264	8230	33	1882	119	9993	74	138	0	200
1693165148.424		11184	9278	107	1660	139	10747	74	138	0	200
1693165148.494		9563	7695	32	1721	115	9304	74	138	0	200
1693165148.564		8780	6959	53	1657	111	8508	74	138	0	200
1693165148.632		9625	7556	40	1894	135	9338	74	138	0	200
1693165148.701		11561	9073	82	2229	177	11205	74	138	0	200
1693165148.770		12529	9502	56	2773	198	12126	74	138	0	200
1693165148.840		9702	6703	25	2840	134	9455	74	138	0	200
1693165148.908		11687	9645	42	1872	128	11364	74	138	0	200
1693165148.976		9831	8025	47	1650	109	9521	74	138	0	200
1693165149.044		9172	7395	60	1587	130	8868	74	138	0	200
1693165149.112		8941	7084	32	1703	122	8704	74	138	0	200
1693165149.181		11594	9624	44	1794	132	11274	74	138	0	200
1693165149.249		9916	7894	40	1852	130	9631	74	138	0	200
1693165149.316		8578	6914	35	1497	132	8277	74	138	0	200
1693165149.385		13163	10899	33	2110	121	12656	74	138	0	200
1693165149.452		11418	9610	34	1652	122	11139	74	138	0	200
1693165149.519		10000	8244	49	1605	102	9690	74	138	0	200
1693165149.587		9351	7724	36	1476	115	9125	74	138	0	200
1693165149.655		9174	7097	83	1858	136	8867	74	138	0	200
1693165149.721		9218	7448	41	1595	134	8938	74	138	0	200
1693165149.788		15780	13440	40	2217	83	15510	74	138	0	200
1693165149.855		11612	9650	68	1741	153	11274	74	138	0	200
1693165149.923		12439	10059	47	2204	129	12115	74	138	0	200
1693165149.989		11896	9887	63	1808	138	11608	74	138	0	200
1693165150.055		12005	10104	43	1718	140	11701	74	138	0	200
1693165150.121		10844	8639	31	2008	166	10545	74	138	0	200
1693165150.188		10092	8053	93	1830	116	9710	74	138	0	200
1693165150.253		9695	7438	38	2129	90	9443	74	138	0	200
1693165150.319		9452	7764	43	1557	88	9213	74	138	0	200
1693165150.385		11825	9859	52	1808	106	11372	74	138	0	200
1693165150.451		13149	10823	37	2141	148	12661	74	138	0	200
1693165150.517		10007	8107	36	1735	129	9689	74	138	0	200
1693165150.583		10088	8379	41	1557	111	9775	74	138	0	200
1693165150.648		8966	7281	43	1560	82	8721	74	138	0	200
1693165150.713		11330	9445	41	1732	112	11054	74	138	0	200
1693165150.778		9073	7376	42	1544	111	8840	74	138	0	200
1693165150.843		11540	9322	38	1987	193	11216	74	138	0	200
1693165150.908		12714	10222	57	2301	134	12335	74	138	0	200
1693165150.973		9643	7904	74	1558	107	9316	74	138	0	200
1693165151.038		8343	6717	44	1496	86	8117	74	138	0	200
1693165151.103		10326	8448	35	1733	110	10072	74	138	0	200
1693165151.167		10114	8453	41	1553	67	9812	74	138	0	200
1693165151.231		9698	7972	47	1547	132	9435	74	138	0	200
1693165151.295		9725	7629	69	1876	151	9414	74	138	0	200
1693165151.359		11335	9343	42	1832	118	11067	74	138	0	200
1693165151.423		11604	9713	38	1745	108	11137	74	138	0	200
1693165151.487		8966	7101	40	1692	133	8714	74	138	0	200
1693165151.551		10105	7932	28	2042	103	9836	74	138	0	200
1693165151.615		9621	7677	57	1751	136	9297	74	138	0	200
1693165151.680		10973	8568	96	2173	136	10545	74	138	0	200
1693165151.742		11740	10009	45	1593	93	11419	74	138	0	200
1693165151.806		9608	7695	35	1744	134	9345	74	138	0	200
1693165151.869		11529	9586	100	1707	136	11050	74	138	0	200
1693165151.933		11446	9731	59	1568	88	11194	74	138	0	200
1693165151.995		7687	5755	28	1794	110	7456	74	138	0	200
1693165152.059		9027	7292	30	1601	104	8787	74	138	0	200
1693165152.121		11299	9063	42	2054	140	11018	74	138	0	200
1693165152.184		11751	10179	41	1383	148	11443	74	138	0	200
1693165152.246		8780	7186	35	1482	77	8559	74	138	0	200
1693165152.309		8512	6958	39	1420	95	8268	74	138	0	200
1693165152.371		11571	9599	48	1782	142	11270	74	138	0	200
1693165152.434		12232	10483	45	1612	92	11873	74	138	0	200
1693165152.497		10219	7839	43	2226	111	9931	74	138	0	200
1693165152.558		9325	7375	58	1763	129	9057	74	138	0	200
1693165152.621		9076	7227	56	1665	128	8809	74	138	0	200
1693165152.682		9507	7379	28	1987	113	9257	74	138	0	200
1693165152.745		11766	9207	84	2353	122	11398	74	138	0	200
1693165152.806		5731	4145	50	1428	108	5447	74	138	0	200
1693165152.868		6477	4521	82	1705	169	6084	74	138	0	200
1693165152.930		6306	4526	39	1573	168	5925	74	138	0	200
1693165152.991		6076	4351	55	1549	121	5770	74	138	0	200
1693165153.053		5989	4223	68	1582	116	5647	74	138	0	200
1693165153.114		6015	4054	53	1758	150	5697	74	138	0	200
1693165153.175		11354	9410	47	1756	141	11027	74	138	0	200
1693165153.236		11284	9560	52	1578	94	11020	74	138	0	200
1693165153.298		11803	9985	66	1643	109	11511	74	138	0	200
1693165153.358		13121	10245	128	2596	152	12657	74	138	0	200
1693165153.418		11705	9712	75	1807	111	11363	74	138	0	200
1693165153.479		11603	9728	47	1673	155	11266	74	138	0	200
1693165153.540		10842	8989	35	1729	89	10612	74	138	0	200
1693165153.600		10825	9011	39	1657	118	10547	74	138	0	200
1693165153.661		10638	8841	64	1587	146	10334	74	138	0	200
1693165153.721		11857	9969	41	1719	128	11552	74	138	0	200
1693165153.781		12007	9547	43	2283	134	11715	74	138	0	200
1693165153.841		12000	9860	195	1803	142	11538	74	138	0	200
1693165153.902		11799	9944	48	1683	124	11476	74	138	0	200
1693165153.961		11296	9300	59	1820	117	10969	74	138	0	200
1693165154.021		12171	10319	33	1700	119	11902	74	138	0	200
1693165154.081		10370	8350	86	1818	116	10063	74	138	0	200
1693165154.141		11180	9287	33	1743	117	10888	74	138	0	200
1693165154.202		11511	9537	76	1725	173	11129	74	138	0	200
1693165154.260		6762	4711	59	1833	159	6388	74	138	0	200
1693165154.320		6585	4531	34	1845	175	6246	74	138	0	200
1693165154.380		11363	9375	54	1792	142	10995	74	138	0	200
1693165154.438		11612	9769	48	1614	181	11235	74	138	0	200
1693165154.497		11136	9087	43	1887	119	10859	74	138	0	200
1693165154.557		6341	4329	112	1727	173	5931	74	138	0	200
1693165154.615		11171	9056	54	1948	113	10863	74	138	0	200
1693165154.674		11683	9703	31	1831	118	11420	74	138	0	200
1693165154.734		11500	9703	68	1583	146	11172	74	138	0	200
1693165154.793		11429	9489	72	1732	136	11080	74	138	0	200
1693165154.851		12161	10239	55	1774	93	11893	74	138	0	200
1693165154.909		12980	10195	42	2583	160	12625	74	138	0	200
1693165154.968		11699	9125	40	2379	155	11332	74	138	0	200
1693165155.026		10766	9016	37	1609	104	10504	74	138	0	200
1693165155.085		9110	7355	65	1571	119	8770	74	138	0	200
1693165155.143		9761	7888	28	1712	133	9471	74	138	0	200
1693165155.202		8926	7048	33	1761	84	8698	74	138	0	200
1693165155.260		8637	6771	28	1696	142	8370	74	138	0	200
1693165155.318		9533	7387	77	1929	140	9214	74	138	0	200
1693165155.375		11712	9943	27	1662	80	11491	74	138	0	200
1693165155.434		11280	9253	33	1821	173	10925	74	138	0	200
1693165155.491		12188	10480	35	1562	111	11909	74	138	0	200
1693165155.548		11403	9542	31	1718	112	11178	74	138	0	200
1693165155.607		10679	8920	31	1631	97	10473	74	138	0	200
1693165155.664		8244	6542	29	1597	76	8046	74	138	0	200
1693165155.721		10611	8677	34	1775	125	10335	74	138	0	200
1693165155.779		11199	9208	38	1801	152	10833	74	138	0	200
1693165155.836		11748	9971	46	1613	118	11464	74	138	0	200
1693165155.893		12073	10468	37	1460	108	11792	74	138	0	200
1693165155.950		12027	10135	53	1717	122	11672	74	138	0	200
1693165156.007		7659	5976	90	1460	133	7314	74	138	0	200
1693165156.064		10003	8243	44	1619	97	9779	74	138	0	200
1693165156.121		8386	6583	50	1604	149	8058	74	138	0	200
1693165156.179		11363	9461	55	1731	116	11000	74	138	0	200
1693165156.236		8282	6494	52	1631	105	8047	74	138	0	200
1693165156.292		9090	7050	37	1874	129	8812	74	138	0	200
1693165156.348		12321	10055	86	2013	167	11910	74	138	0	200
1693165156.404		7417	4778	30	2443	166	7061	74	138	0	200
1693165156.461		11172	9266	42	1711	153	10831	74	138	0	200
1693165156.517		10643	8315	72	2116	140	10296	74	138	0	200
1693165156.575		11479	9569	39	1739	132	11191	74	138	0	200
1693165156.630		10192	7932	49	2074	137	9857	74	138	0	200
1693165156.686		12081	9994	49	1881	157	11759	74	138	0	200
1693165156.742		11775	9863	36	1764	112	11451	74	138	0	200
1693165156.799		8943	7316	57	1444	126	8643	74	138	0	200
1693165156.854		9784	8134	60	1463	127	9481	74	138	0	200
1693165156.910		11647	9489	30	2014	114	11263	74	138	0	200
1693165156.966		11709	9883	35	1655	136	11428	74	138	0	200
1693165157.021		9781	8163	47	1475	96	9553	74	138	0	200
1693165157.077		9324	7613	37	1566	108	9084	74	138	0	200
1693165157.134		12083	10279	41	1656	107	11812	74	138	0	200
1693165157.188		9270	7618	26	1510	116	9024	74	138	0	200
1693165157.244		9437	7294	42	1968	133	9136	74	138	0	200
1693165157.300		9209	7348	39	1698	124	8926	74	138	0	200
1693165157.354		10072	8267	49	1618	138	9787	74	138	0	200
1693165157.410		11922	9825	55	1932	110	11639	74	138	0	200
1693165157.465		11834	10062	58	1580	134	10998	74	138	0	200
1693165157.521		10375	8805	39	1416	115	10115	74	138	0	200
1693165157.575		8233	6494	35	1597	107	8007	74	138	0	200
1693165157.630		8250	6548	120	1463	119	7866	74	138	0	200
1693165157.684		9275	7586	38	1526	125	8928	74	138	0	200
1693165157.740		8313	6349	29	1849	86	8135	74	138	0	200
1693165157.795		8093	6627	52	1331	83	7847	74	138	0	200
1693165157.849		8443	6809	28	1483	123	8193	74	138	0	200
1693165157.904		10811	8823	42	1834	112	10450	74	138	0	200
1693165157.959		11280	9508	42	1603	127	10948	74	138	0	200
1693165158.012		9113	6796	63	2131	123	8805	74	138	0	200
1693165158.067		8756	7264	46	1337	109	8518	74	138	0	200
1693165158.121		9337	7577	38	1595	127	9064	74	138	0	200
1693165158.175		11121	9331	61	1596	133	10793	74	138	0	200
1693165158.230		11365	9716	43	1478	128	11047	74	138	0	200
1693165158.284		8461	6736	39	1585	101	8206	74	138	0	200
1693165158.339		9352	7409	67	1769	107	9061	74	138	0	200
1693165158.393		9068	7242	38	1694	94	8838	74	138	0	200
1693165158.446		12089	10064	57	1860	108	11663	74	138	0	200
1693165158.500		11517	9868	65	1490	94	11245	74	138	0	200
1693165158.554		5919	4086	53	1674	106	5645	74	138	0	200
1693165158.608		5870	3888	50	1806	126	5579	74	138	0	200
1693165158.662		5418	3626	89	1571	132	5092	74	138	0	200
1693165158.714		5403	3270	40	1913	180	5032	74	138	0	200
1693165158.768		9609	7810	47	1617	135	9323	74	138	0	200
1693165158.821		5037	3256	101	1547	133	4703	74	138	0	200
1693165158.875		5348	3740	39	1455	114	5102	74	138	0	200
1693165158.928		11249	9211	55	1846	137	10936	74	138	0	200
1693165158.981		11425	9797	31	1466	131	11020	74	138	0	200
1693165159.035		8092	6679	37	1268	108	7881	74	138	0	200
1693165159.088		7372	5983	33	1256	100	7162	74	138	0	200
1693165159.142		8747	6994	41	1568	144	8458	74	138	0	200
1693165159.195		8206	6581	33	1484	108	7947	74	138	0	200
1693165159.247		8264	6445	31	1626	162	8000	74	138	0	200
1693165159.300		9570	7798	50	1599	123	9234	74	138	0	200
1693165159.353		11585	9242	51	2161	131	11273	74	138	0	200
1693165159.406		9167	7927	29	1100	111	8942	74	138	0	200
1693165159.459		10967	9148	39	1622	158	10632	74	138	0	200
1693165159.511		11423	9246	52	1968	157	11097	74	138	0	200
1693165159.565		12159	10368	39	1647	105	11848	74	138	0	200
1693165159.616		8099	6515	35	1420	129	7765	74	138	0	200
1693165159.669		7637	6011	108	1395	123	7305	74	138	0	200
1693165159.721		11757	9664	70	1887	136	11408	74	138	0	200
1693165159.773		8401	6698	29	1550	124	8138	74	138	0	200
1693165159.826		9518	7890	89	1416	123	9206	74	138	0	200
1693165159.878		12351	10288	101	1813	149	11976	74	138	0	200
1693165159.931		10948	9075	95	1658	120	10604	74	138	0	200
1693165159.982		6142	4228	64	1694	156	5747	74	138	0	200
1693165160.035		11131	9335	64	1571	161	10758	74	138	0	200
1693165160.086		11194	9212	87	1743	152	10818	74	138	0	200
1693165160.138		11637	9613	47	1855	122	11251	74	138	0	200
1693165160.190		11047	9229	66	1618	134	10669	74	138	0	200
1693165160.243		10902	9032	32	1698	140	10594	74	138	0	200
1693165160.294		11210	9348	40	1696	126	10903	74	138	0	200
1693165160.347		11146	9426	41	1555	124	10856	74	138	0	200
1693165160.398		11278	9575	49	1530	124	10978	74	138	0	200
1693165160.449		11922	10013	49	1698	162	11263	74	138	0	200
1693165160.500		11090	9271	106	1596	117	10723	74	138	0	200
1693165160.552		11000	9089	58	1710	143	10648	74	138	0	200
1693165160.604		11050	9126	58	1728	138	10742	74	138	0	200
1693165160.656		11091	9179	79	1705	128	10751	74	138	0	200
1693165160.706		11243	9577	40	1496	130	10918	74	138	0	200
1693165160.757		11541	9564	83	1740	154	11147	74	138	0	200
1693165160.809		10896	9053	43	1678	122	10579	74	138	0	200
1693165160.860		11069	9111	37	1812	109	10772	74	138	0	200
1693165160.912		11212	9269	46	1763	134	10869	74	138	0	200
1693165160.962		12286	10059	94	1989	144	11883	74	138	0	200
1693165161.014		6723	4660	92	1825	146	6314	74	138	0	200
1693165161.065		5805	3989	34	1651	131	5515	74	138	0	200
1693165161.115		6137	4539	69	1416	113	5799	74	138	0	200
1693165161.167		6204	4273	116	1683	132	5807	74	138	0	200
1693165161.216		10661	8905	47	1586	123	10343	74	138	0	200
1693165161.267		10696	8936	58	1582	120	10370	74	138	0	200
1693165161.318		10473	8853	43	1459	118	10166	74	138	0	200
1693165161.368		10613	8961	52	1493	107	10322	74	138	0	200
1693165161.419		11158	9282	60	1705	111	10869	74	138	0	200
1693165161.470		11552	9564	36	1814	138	11197	74	138	0	200
1693165161.521		11062	9138	52	1730	142	10727	74	138	0	200
1693165161.570		10699	8729	39	1822	109	10420	74	138	0	200
1693165161.621		10835	8958	30	1720	127	10557	74	138	0	200
1693165161.671		10370	8665	35	1561	109	10115	74	138	0	200
1693165161.722		11299	9293	64	1811	131	10952	74	138	0	200
1693165161.771		11114	9023	58	1898	135	10782	74	138	0	200
1693165161.821		10807	9108	53	1515	131	10478	74	138	0	200
1693165161.871		11736	9117	35	2488	96	11476	74	138	0	200
1693165161.923		10978	9196	38	1615	129	10646	74	138	0	200
1693165161.971		10623	8932	38	1539	114	10323	74	138	0	200
1693165162.021		9967	8539	31	1288	109	9733	74	138	0	200
1693165162.071		10837	9026	47	1636	128	10546	74	138	0	200
1693165162.121		10421	8336	69	1902	114	10133	74	138	0	200
1693165162.171		10828	9145	55	1519	109	10554	74	138	0	200
1693165162.221		9964	8292	31	1546	95	9763	74	138	0	200
1693165162.271		9823	8108	36	1588	91	9628	74	138	0	200
1693165162.320		10367	8594	44	1612	117	10121	74	138	0	200
1693165162.369		10530	8686	50	1678	116	10261	74	138	0	200
1693165162.419		11034	8868	51	1789	326	10562	74	138	0	200
1693165162.468		11897	9791	51	1938	117	11557	74	138	0	200
1693165162.518		10842	9076	38	1618	110	10573	74	138	0	200
1693165162.568		10530	8862	76	1495	97	10258	74	138	0	200
1693165162.616		10396	8719	33	1521	123	10130	74	138	0	200
1693165162.666		10073	8561	50	1366	96	9837	74	138	0	200
1693165162.715		11294	9705	49	1425	115	10969	74	138	0	200
1693165162.764		10300	8806	30	1357	107	10088	74	138	0	200
1693165162.814		10595	8882	31	1570	112	10374	74	138	0	200
1693165162.862		10171	5692	39	4304	136	9888	74	138	0	200
1693165162.912		10548	8772	60	1608	108	10281	74	138	0	200
1693165162.961		11104	9416	50	1510	128	10759	74	138	0	200
1693165163.009		10941	8789	37	1967	148	10644	74	138	0	200
1693165163.058		6416	4493	51	1760	112	6110	74	138	0	200
1693165163.107		6558	4681	71	1686	120	6210	74	138	0	200
1693165163.156		6736	4741	71	1767	157	6330	74	138	0	200
1693165163.205		6332	4389	148	1684	111	5936	74	138	0	200
1693165163.254		5944	4291	41	1488	124	5614	74	138	0	200
1693165163.303		6512	4262	56	2060	134	6185	74	138	0	200
1693165163.350		5987	4071	43	1758	115	5667	74	138	0	200
1693165163.399		6865	4846	76	1823	120	6520	74	138	0	200
1693165163.447		8152	5897	90	2043	122	7810	74	138	0	200
1693165163.496		5987	4302	42	1535	108	5687	74	138	0	200
1693165163.545		10977	9203	54	1607	113	10672	74	138	0	200
1693165163.593		10894	8994	65	1714	121	10567	74	138	0	200
1693165163.641		10761	8993	110	1554	104	10409	74	138	0	200
1693165163.690		10927	9038	92	1661	136	10559	74	138	0	200
1693165163.737		10654	8928	31	1581	114	10381	74	138	0	200
1693165163.785		10728	9019	72	1523	114	10414	74	138	0	200
1693165163.834		11141	9429	43	1550	119	10847	74	138	0	200
1693165163.881		11436	9462	35	1831	108	11148	74	138	0	200
1693165163.929		11138	9296	47	1648	147	10766	74	138	0	200
1693165163.977		11071	9241	44	1664	122	10755	74	138	0	200
1693165164.025		11178	9520	61	1477	120	10864	74	138	0	200
1693165164.073		10841	9192	55	1479	115	10557	74	138	0	200
1693165164.122		10691	8998	39	1545	109	10446	74	138	0	200
1693165164.169		10613	8829	38	1632	114	10341	74	138	0	200
1693165164.218		11012	9218	45	1631	118	10725	74	138	0	200
1693165164.264		10812	9015	39	1640	118	10513	74	138	0	200
1693165164.312		10858	9257	49	1448	104	10577	74	138	0	200
1693165164.360		10528	8690	54	1690	94	10279	74	138	0	200
1693165164.407		10750	8863	44	1709	134	10476	74	138	0	200
1693165164.455		11591	9470	26	1970	125	11311	74	138	0	200
1693165164.502		11510	9635	57	1712	106	11220	74	138	0	200
1693165164.551		10908	9279	52	1489	88	10664	74	138	0	200
1693165164.597		11566	9668	105	1688	105	11233	74	138	0	200
1693165164.644		10030	8498	48	1404	80	9773	74	138	0	200
1693165164.692		6021	4298	32	1567	124	5734	74	138	0	200
1693165164.739		5784	3928	38	1699	119	5511	74	138	0	200
1693165164.786		6393	4136	58	2066	133	6067	74	138	0	200
1693165164.833		12441	9324	81	2851	185	12035	74	138	0	200
1693165164.881		12779	10500	50	1783	446	12161	74	138	0	200
1693165164.927		11377	8929	231	2066	151	10868	74	138	0	200
1693165164.974		11638	9547	42	1897	152	11298	74	138	0	200
1693165165.021		6454	4553	123	1618	160	6000	74	138	0	200
1693165165.068		6421	4639	86	1545	151	6037	74	138	0	200
1693165165.115		8247	6171	48	1889	139	7895	74	138	0	200
1693165165.163		10913	9267	38	1485	123	10624	74	138	0	200
1693165165.209		11413	9146	40	2105	122	11139	74	138	0	200
1693165165.256		11435	9806	39	1473	117	11157	74	138	0	200
1693165165.303		11710	10039	84	1473	114	11393	74	138	0	200
1693165165.350		11696	9946	71	1541	138	11351	74	138	0	200
1693165165.397		11386	9317	61	1867	141	11038	74	138	0	200
1693165165.442		10089	8002	47	1906	134	9798	74	138	0	200
1693165165.489		11882	9474	29	2185	194	11502	74	138	0	200
1693165165.535		11869	10084	35	1635	115	11571	74	138	0	200
1693165165.582		9042	7680	31	1258	73	8847	74	138	0	200
1693165165.628		10130	8467	42	1503	118	9856	74	138	0	200
1693165165.675		10642	8465	69	1977	131	10334	74	138	0	200
1693165165.721		10361	8773	28	1476	84	10151	74	138	0	200
1693165165.767		7955	6463	38	1353	101	7727	74	138	0	200
1693165165.814		9376	7653	33	1585	105	9127	74	138	0	200
1693165165.861		11992	10099	39	1751	103	11731	74	138	0	200
1693165165.906		9653	7834	35	1659	125	9389	74	138	0	200
1693165165.952		11285	9445	39	1682	119	10998	74	138	0	200
1693165165.998		12184	9869	81	2122	112	11661	74	138	0	200
1693165166.044		8217	6676	37	1388	116	7939	74	138	0	200
1693165166.091		8763	7200	264	1204	95	8337	74	138	0	200
1693165166.137		7781	6229	66	1377	109	7534	74	138	0	200
1693165166.182		11254	9310	35	1766	143	10956	74	138	0	200
1693165166.228		8241	6681	31	1422	107	7953	74	138	0	200
1693165166.274		8125	6473	71	1469	112	7840	74	138	0	200
1693165166.320		9974	8289	33	1559	93	9729	74	138	0	200
1693165166.367		5408	3780	37	1476	115	5170	74	138	0	200
1693165166.411		10741	9064	63	1515	99	10469	74	138	0	200
1693165166.457		10360	8984	36	1223	117	10094	74	138	0	200
1693165166.503		12133	10066	43	1883	141	11808	74	138	0	200
1693165166.548		12092	10275	66	1633	118	11681	74	138	0	200
1693165166.594		8077	6625	28	1321	103	7849	74	138	0	200
1693165166.641		7388	5830	34	1409	115	7161	74	138	0	200
1693165166.685		8670	6871	85	1596	118	8344	74	138	0	200
1693165166.732		11419	9818	45	1424	132	10964	74	138	0	200
1693165166.776		7581	6184	34	1257	106	7326	74	138	0	200
1693165166.821		7678	6227	30	1328	93	7459	74	138	0	200
1693165166.867		8038	6459	28	1452	99	7843	74	138	0	200
1693165166.912		8466	7024	42	1287	113	8227	74	138	0	200
1693165166.957		10965	9088	41	1716	120	10688	74	138	0	200
1693165167.004		11188	9141	54	1855	138	10862	74	138	0	200
1693165167.049		11308	9303	45	1832	128	11000	74	138	0	200
1693165167.094		11156	9285	52	1709	110	10856	74	138	0	200
1693165167.139		6812	4976	56	1641	139	6472	74	138	0	200
1693165167.183		11143	9381	36	1585	141	10802	74	138	0	200
1693165167.229		10726	8946	79	1582	119	10420	74	138	0	200
1693165167.274		10769	8643	26	1977	123	10531	74	138	0	200
1693165167.318		9636	7988	48	1502	98	9396	74	138	0	200
1693165167.364		7423	5877	29	1417	100	7230	74	138	0	200
1693165167.408		12131	10379	46	1583	123	11827	74	138	0	200
1693165167.454		9553	8016	37	1367	133	9270	74	138	0	200
1693165167.498		11109	9336	42	1617	114	10810	74	138	0	200
1693165167.542		11296	9644	36	1484	132	10991	74	138	0	200
1693165167.587		10642	8930	38	1557	117	10391	74	138	0	200
1693165167.632		8446	6990	26	1355	75	8268	74	138	0	200
1693165167.676		8156	6710	58	1268	120	7890	74	138	0	200
1693165167.721		10739	9049	42	1505	143	10431	74	138	0	200
1693165167.767		11009	9191	41	1679	98	10730	74	138	0	200
1693165167.810		12286	10646	49	1463	128	11954	74	138	0	200
1693165167.856		8835	7248	49	1434	104	8583	74	138	0	200
1693165167.899		8095	6348	25	1618	104	7859	74	138	0	200
1693165167.945		9369	7660	79	1523	107	9091	74	138	0	200
1693165167.988		11893	9920	44	1800	129	11562	74	138	0	200
1693165168.033		11635	9793	49	1675	118	11330	74	138	0	200
1693165168.077		8815	7350	54	1308	103	8580	74	138	0	200
1693165168.121		10484	8819	40	1480	145	10180	74	138	0	200
1693165168.165		10620	8992	40	1461	127	10321	74	138	0	200
1693165168.211		10700	9031	57	1484	128	10398	74	138	0	200
1693165168.254		8481	7122	32	1234	93	8279	74	138	0	200
1693165168.298		9725	8180	227	1214	104	9298	74	138	0	200
1693165168.342		8499	7025	50	1324	100	8265	74	138	0	200
1693165168.386		9324	7557	64	1543	160	9004	74	138	0	200
1693165168.430		10568	8957	59	1457	95	10310	74	138	0	200
1693165168.474		10310	8505	50	1634	121	9973	74	138	0	200
1693165168.519		11917	9751	45	2003	118	11598	74	138	0	200
1693165168.562		10359	8906	33	1339	81	10164	74	138	0	200
1693165168.606		8941	7312	51	1470	108	8698	74	138	0	200
1693165168.650		10607	8624	58	1811	114	10315	74	138	0	200
1693165168.694		9247	7698	36	1414	99	9011	74	138	0	200
1693165168.739		8442	6820	31	1479	112	8223	74	138	0	200
1693165168.781		10249	8797	44	1294	114	9997	74	138	0	200
1693165168.825		8008	6272	29	1624	83	7811	74	138	0	200
1693165168.869		8304	6760	30	1419	95	8112	74	138	0	200
1693165168.912		10692	9047	42	1480	123	10381	74	138	0	200
1693165168.956		8798	7250	69	1359	120	8504	74	138	0	200
1693165169.001		11151	9339	43	1623	146	10817	74	138	0	200
1693165169.043		11117	9345	36	1607	129	10804	74	138	0	200
1693165169.088		8487	6788	58	1544	97	8262	74	138	0	200
1693165169.131		10887	9262	48	1465	112	10594	74	138	0	200
1693165169.174		11553	9783	40	1613	117	11256	74	138	0	200
1693165169.218		10980	9077	42	1760	101	10703	74	138	0	200
1693165169.261		5684	3931	59	1571	123	5392	74	138	0	200
1693165169.304		7196	4988	53	2022	133	6860	74	138	0	200
1693165169.348		6587	4565	53	1853	116	6270	74	138	0	200
1693165169.390		6297	4387	65	1716	129	5984	74	138	0	200
1693165169.434		6337	4539	62	1602	134	5999	74	138	0	200
1693165169.477		6962	4944	42	1849	127	6640	74	138	0	200
1693165169.520		6539	4523	55	1809	152	6171	74	138	0	200
1693165169.564		6656	4764	32	1710	150	6314	74	138	0	200
1693165169.606		6750	4450	80	2082	138	6409	74	138	0	200
1693165169.649		7052	4294	39	2569	150	6703	74	138	0	200
1693165169.692		5689	4118	63	1394	114	5396	74	138	0	200
1693165169.735		6758	4665	38	1891	164	6454	74	138	0	200
1693165169.778		5888	4143	40	1568	137	5557	74	138	0	200
1693165169.821		4545	3103	62	1278	102	4251	74	138	0	200
1693165169.865		6025	3764	61	2070	130	5714	74	138	0	200
1693165169.907		5794	4132	48	1457	157	5433	74	138	0	200
1693165169.950		11295	9252	39	1830	174	10911	74	138	0	200
1693165169.993		11220	9475	39	1595	111	10934	74	138	0	200
1693165170.036		11244	9543	67	1517	117	10922	74	138	0	200
1693165170.078		9001	7380	45	1465	111	8746	74	138	0	200
1693165170.121		10370	8227	32	1994	117	10096	74	138	0	200
1693165170.165		10583	8832	83	1551	117	10284	74	138	0	200
1693165170.206		8852	7310	35	1391	116	8602	74	138	0	200
1693165170.250		8073	6258	64	1647	104	7819	74	138	0	200
1693165170.293		9652	8135	47	1362	108	9386	74	138	0	200
1693165170.335		10958	9207	87	1534	130	10628	74	138	0	200
1693165170.377		9802	8321	35	1362	84	9587	74	138	0	200
1693165170.420		9840	8103	52	1553	132	9494	74	138	0	200
1693165170.462		9392	7891	29	1335	137	9122	74	138	0	200
1693165170.504		11629	9566	39	1917	107	11332	74	138	0	200
1693165170.547		11074	9198	71	1682	123	10746	74	138	0	200
1693165170.590		11905	9555	50	2157	143	11573	74	138	0	200
1693165170.632		8005	6581	42	1279	103	7792	74	138	0	200
1693165170.674		9129	7536	45	1475	73	8921	74	138	0	200
1693165170.716		8807	7307	32	1339	129	8547	74	138	0	200
1693165170.758		7661	6340	42	1194	85	7432	74	138	0	200
1693165170.800		7297	5656	30	1509	102	7074	74	138	0	200
1693165170.842		9440	7525	43	1717	155	9071	74	138	0	200
1693165170.885		7924	6472	36	1321	95	7685	74	138	0	200
1693165170.927		8297	6901	32	1232	132	8047	74	138	0	200
1693165170.969		8009	6501	34	1378	96	7788	74	138	0	200
1693165171.012		11703	9870	53	1650	130	11377	74	138	0	200
1693165171.053		11265	9244	32	1867	122	11008	74	138	0	200
1693165171.096		8658	6933	58	1542	125	8398	74	138	0	200
1693165171.137		9405	7621	49	1629	106	9152	74	138	0	200
1693165171.179		8379	6852	34	1405	88	8155	74	138	0	200
1693165171.221		7885	6546	29	1195	115	7639	74	138	0	200
1693165171.263		7787	6309	23	1356	99	7585	74	138	0	200
1693165171.304		7750	6332	30	1280	108	7548	74	138	0	200
1693165171.346		10607	8924	36	1535	112	10347	74	138	0	200
1693165171.388		8690	7230	37	1334	89	8412	74	138	0	200
1693165171.430		8740	7320	49	1252	119	8469	74	138	0	200
1693165171.471		8539	6913	37	1435	154	8258	74	138	0	200
1693165171.514		11282	9526	75	1575	106	10971	74	138	0	200
1693165171.555		11015	9285	50	1561	119	10693	74	138	0	200
1693165171.597		10915	9371	53	1361	130	10617	74	138	0	200
1693165171.638		6129	4405	39	1580	105	5841	74	138	0	200
1693165171.680		12387	10290	56	1908	133	12077	74	138	0	200
1693165171.721		11496	9769	81	1525	121	11142	74	138	0	200
1693165171.763		10719	9002	36	1591	90	10447	74	138	0	200
1693165171.804		11329	9623	52	1515	139	10972	74	138	0	200
1693165171.846		8594	7168	28	1284	114	8347	74	138	0	200
1693165171.887		10964	8883	74	1705	302	10472	74	138	0	200
1693165171.928		10463	8648	53	1633	129	10153	74	138	0	200
1693165171.970		10149	7529	57	2436	127	9838	74	138	0	200
1693165172.011		10992	9469	38	1380	105	10732	74	138	0	200
1693165172.052		11039	9348	60	1506	125	10716	74	138	0	200
1693165172.094		9016	7365	37	1509	105	8780	74	138	0	200
1693165172.135		10411	8841	40	1438	92	10169	74	138	0	200
1693165172.176		9441	7994	52	1254	141	9110	74	138	0	200
1693165172.218		9051	7372	29	1533	117	8798	74	138	0	200
1693165172.258		7996	6495	31	1384	86	7803	74	138	0	200
1693165172.300		7948	6493	39	1318	98	7715	74	138	0	200
1693165172.341		8312	6901	33	1289	89	8089	74	138	0	200
1693165172.382		7421	5906	33	1400	82	7223	74	138	0	200
1693165172.424		9961	8391	37	1415	118	9717	74	138	0	200
1693165172.464		10562	8615	47	1748	152	10257	74	138	0	200
1693165172.506		11310	9528	33	1648	101	11068	74	138	0	200
1693165172.547		10511	8659	39	1698	115	10246	74	138	0	200
1693165172.588		11677	9386	81	2082	128	11327	74	138	0	200
1693165172.628		11136	9543	53	1439	101	10737	74	138	0	200
1693165172.668		7492	5996	30	1351	115	7276	74	138	0	200
1693165172.709		7900	6182	31	1574	113	7660	74	138	0	200
1693165172.751		8032	6581	31	1338	82	7853	74	138	0	200
1693165172.792		7677	6376	29	1148	124	7440	74	138	0	200
1693165172.832		7449	6063	22	1274	90	7258	74	138	0	200
1693165172.873		7397	6171	27	1115	84	7230	74	138	0	200
1693165172.914		8687	7305	29	1242	111	8448	74	138	0	200
1693165172.954		11884	10049	41	1681	113	11588	74	138	0	200
1693165172.994		11909	10210	39	1541	119	11651	74	138	0	200
1693165173.036		11483	9625	50	1649	159	11142	74	138	0	200
1693165173.076		11618	9775	37	1667	139	11309	74	138	0	200
1693165173.116		11401	9577	47	1651	126	11101	74	138	0	200
1693165173.157		8052	6537	95	1311	109	7754	74	138	0	200
1693165173.198		8489	6743	70	1526	150	8150	74	138	0	200
1693165173.238		7837	6640	31	1079	87	7621	74	138	0	200
1693165173.278		7993	6490	33	1363	107	7757	74	138	0	200
1693165173.318		7903	6548	35	1227	93	7680	74	138	0	200
1693165173.359		7653	6274	60	1238	81	7427	74	138	0	200
1693165173.399		8695	7219	49	1299	128	8434	74	138	0	200
1693165173.440		11641	9586	68	1832	155	11211	74	138	0	200
1693165173.480		5599	3864	79	1486	170	5245	74	138	0	200
1693165173.520		6511	4706	54	1609	142	6215	74	138	0	200
1693165173.560		6674	4762	74	1682	156	6272	74	138	0	200
1693165173.601		6269	4359	44	1719	147	5970	74	138	0	200
1693165173.641		6591	4665	318	1439	169	5965	74	138	0	200
1693165173.681		6296	4358	96	1689	153	5936	74	138	0	200
1693165173.721		6160	4668	56	1288	148	5805	74	138	0	200
1693165173.762		5574	3936	64	1437	137	5259	74	138	0	200
1693165173.801		5764	3914	40	1697	113	5488	74	138	0	200
1693165173.841		5965	4132	31	1691	111	5671	74	138	0	200
1693165173.882		7295	5269	112	1739	175	6868	74	138	0	200
1693165173.923		6580	4453	57	1907	163	6228	74	138	0	200
1693165173.961		5958	4322	65	1442	129	5603	74	138	0	200
1693165174.001		6276	4610	52	1465	149	5951	74	138	0	200
1693165174.041		6494	4604	52	1656	182	6105	74	138	0	200
1693165174.081		6221	4294	93	1727	107	5880	74	138	0	200
1693165174.121		7311	5249	46	1859	157	6949	74	138	0	200
1693165174.161		6249	4299	61	1736	153	5891	74	138	0	200
1693165174.201		6230	4484	50	1581	115	5955	74	138	0	200
1693165174.242		10761	9035	145	1428	153	10322	74	138	0	200
1693165174.280		10744	8923	40	1662	119	10459	74	138	0	200
1693165174.320		10783	8631	29	2004	119	10536	74	138	0	200
1693165174.360		9794	8043	88	1546	117	9484	74	138	0	200
1693165174.400		11946	9747	64	1990	145	11602	74	138	0	200
1693165174.439		11221	9324	50	1719	128	10881	74	138	0	200
1693165174.479		11489	9547	150	1661	131	11077	74	138	0	200
1693165174.519		11350	9291	53	1838	168	10989	74	138	0	200
1693165174.559		6075	4407	43	1508	117	5780	74	138	0	200
1693165174.598		11729	9795	60	1740	134	11408	74	138	0	200
1693165174.638		10980	9183	68	1588	141	10625	74	138	0	200
1693165174.677		8792	7046	67	1576	103	8495	74	138	0	200
1693165174.716		11786	9790	86	1774	136	11366	74	138	0	200
1693165174.757		6373	4182	54	1998	139	6061	74	138	0	200
1693165174.795		11117	9254	102	1647	114	10777	74	138	0	200
1693165174.835		10766	9062	77	1501	126	10433	74	138	0	200
1693165174.874		11126	9065	96	1819	146	10738	74	138	0	200
1693165174.913		11584	9755	51	1657	121	11273	74	138	0	200
1693165174.954		11850	9914	46	1708	182	11485	74	138	0	200
1693165174.992		7954	5981	65	1760	148	7573	74	138	0	200
1693165175.031		6910	4904	82	1803	121	6564	74	138	0	200
1693165175.070		6192	4277	68	1703	144	5820	74	138	0	200
1693165175.111		7142	5206	70	1718	148	6772	74	138	0	200
1693165175.149		6817	5117	65	1501	134	6477	74	138	0	200
1693165175.188		6355	4726	43	1456	130	6047	74	138	0	200
1693165175.228		7075	5086	50	1813	126	6749	74	138	0	200
1693165175.266		7452	4955	71	2293	133	7102	74	138	0	200
1693165175.306		6382	4350	66	1832	134	6045	74	138	0	200
1693165175.345		6509	4498	125	1759	127	6109	74	138	0	200
1693165175.385		5805	4056	43	1595	111	5536	74	138	0	200
1693165175.423		5700	4151	98	1336	115	5383	74	138	0	200
1693165175.462		6429	4620	167	1537	105	6042	74	138	0	200
1693165175.502		5709	3958	118	1538	95	5378	74	138	0	200
1693165175.540		11727	9648	72	1868	139	11370	74	138	0	200
1693165175.580		10812	9103	73	1486	150	10414	74	138	0	200
1693165175.619		5980	4195	42	1635	108	5715	74	138	0	200
1693165175.656		7513	5920	32	1457	104	7308	74	138	0	200
1693165175.696		11644	9899	95	1540	110	11305	74	138	0	200
1693165175.734		9992	8292	28	1577	95	9781	74	138	0	200
1693165175.774		10026	8253	34	1625	114	9787	74	138	0	200
1693165175.812		11989	9955	56	1857	121	11690	74	138	0	200
1693165175.850		9981	7925	31	1934	91	9743	74	138	0	200
1693165175.889		7761	6325	41	1303	92	7528	74	138	0	200
1693165175.928		7736	6200	86	1349	101	7410	74	138	0	200
1693165175.967		8143	6842	46	1151	104	7910	74	138	0	200
1693165176.005		8551	6862	95	1451	143	8200	74	138	0	200
1693165176.044		11538	9880	31	1471	156	11246	74	138	0	200
1693165176.083		10989	9426	215	1239	109	10574	74	138	0	200
1693165176.122		7730	6317	29	1288	96	7538	74	138	0	200
1693165176.160		5378	4018	34	1175	151	5086	74	138	0	200
1693165176.198		8955	7490	26	1336	103	8755	74	138	0	200
1693165176.238		7737	6334	41	1254	108	7500	74	138	0	200
1693165176.275		6736	5437	25	1175	99	6530	74	138	0	200
1693165176.314		8133	6606	24	1364	139	7889	74	138	0	200
1693165176.352		11056	9189	45	1702	120	10782	74	138	0	200
1693165176.391		7988	6510	27	1351	100	7787	74	138	0	200
1693165176.429		9039	7597	41	1297	104	8527	74	138	0	200
1693165176.467		12005	10246	38	1576	145	11689	74	138	0	200
1693165176.506		8599	7079	33	1407	80	8396	74	138	0	200
1693165176.544		11084	9329	31	1604	120	10816	74	138	0	200
1693165176.582		12172	10425	41	1581	125	11711	74	138	0	200
1693165176.621		7863	6492	31	1237	103	7639	74	138	0	200
1693165176.659		8827	7251	36	1421	119	8556	74	138	0	200
1693165176.698		11714	9893	52	1646	123	11326	74	138	0	200
1693165176.737		8610	7122	56	1332	100	8322	74	138	0	200
1693165176.774		7353	5877	24	1385	67	7164	74	138	0	200
1693165176.813		7962	6394	43	1475	50	7777	74	138	0	200
1693165176.850		7822	6423	37	1267	95	7592	74	138	0	200
1693165176.888		9546	7900	32	1533	81	9332	74	138	0	200
1693165176.927		7095	5619	34	1345	97	6872	74	138	0	200
1693165176.964		8545	7094	63	1269	119	7569	74	138	0	200
1693165177.002		8532	6610	43	1777	102	8283	74	138	0	200
1693165177.041		12164	9946	47	2004	167	11741	74	138	0	200
1693165177.078		11257	9574	32	1557	94	11001	74	138	0	200
1693165177.117		8046	6517	37	1372	120	7788	74	138	0	200
1693165177.155		7696	6189	40	1399	68	7454	74	138	0	200
1693165177.192		7473	5812	29	1522	110	7254	74	138	0	200
1693165177.230		7597	6145	27	1332	93	7400	74	138	0	200
1693165177.269		7571	5995	38	1421	117	7279	74	138	0	200
1693165177.307		6728	5279	32	1330	87	6513	74	138	0	200
1693165177.345		7439	6086	26	1237	90	7240	74	138	0	200
1693165177.382		7601	6183	53	1310	55	7405	74	138	0	200
1693165177.420		9783	7716	35	1925	107	9540	74	138	0	200
1693165177.458		8932	7212	44	1550	126	8648	74	138	0	200
1693165177.495		8965	7319	34	1516	96	8738	74	138	0	200
1693165177.533		7955	6513	56	1257	129	7662	74	138	0	200
1693165177.572		11306	9540	31	1613	122	10982	74	138	0	200
1693165177.609		11179	9537	35	1477	130	10882	74	138	0	200
1693165177.646		7535	6171	24	1229	111	7302	74	138	0	200
1693165177.684		7682	6283	29	1277	93	7485	74	138	0	200
1693165177.721		8161	6740	35	1294	92	7928	74	138	0	200
1693165177.759		7731	6376	30	1240	85	7517	74	138	0	200
1693165177.796		7698	6283	29	1292	94	7469	74	138	0	200
1693165177.834		7649	6175	29	1339	106	7453	74	138	0	200
1693165177.871		8037	6699	35	1203	100	7794	74	138	0	200
1693165177.909		7977	6741	30	1129	77	7774	74	138	0	200
1693165177.946		8643	6916	36	1586	105	8402	74	138	0	200
1693165177.984		7734	6136	83	1408	107	7439	74	138	0	200
1693165178.022		10757	9144	39	1471	103	10468	74	138	0	200
1693165178.059		11286	9281	57	1770	178	10898	74	138	0	200
1693165178.097		11033	9295	65	1560	113	10745	74	138	0	200
1693165178.135		9339	7675	62	1489	113	9070	74	138	0	200
1693165178.171		7852	6371	45	1334	102	7630	74	138	0	200
1693165178.208		7616	6188	25	1311	92	7411	74	138	0	200
1693165178.247		7037	5583	41	1326	87	6800	74	138	0	200
1693165178.283		7795	6327	33	1353	82	7584	74	138	0	200
1693165178.320		7490	6155	34	1193	108	7250	74	138	0	200
1693165178.358		7422	6044	25	1312	41	7291	74	138	0	200
1693165178.395		7095	5695	30	1294	76	6873	74	138	0	200
1693165178.432		8669	6943	38	1581	107	8439	74	138	0	200
1693165178.469		8672	6572	59	1946	95	8419	74	138	0	200
1693165178.506		9021	6923	27	1969	102	8793	74	138	0	200
1693165178.543		11275	9472	37	1667	99	10968	74	138	0	200
1693165178.581		14066	11770	66	1716	514	13382	74	138	0	200
1693165178.618		12325	10480	46	1651	148	12029	74	138	0	200
1693165178.656		9172	7754	35	1273	110	8882	74	138	0	200
1693165178.693		7892	6429	22	1344	97	7688	74	138	0	200
1693165178.730		7766	5919	30	1719	98	7549	74	138	0	200
1693165178.767		7759	6326	25	1296	112	7547	74	138	0	200
1693165178.803		7584	6154	46	1290	94	7342	74	138	0	200
1693165178.840		7744	6232	64	1362	86	7528	74	138	0	200
1693165178.878		7701	6239	24	1325	113	7473	74	138	0	200
1693165178.914		6827	5501	27	1224	75	6622	74	138	0	200
1693165178.952		9160	7234	30	1744	152	8885	74	138	0	200
1693165178.988		8055	6467	54	1419	115	7678	74	138	0	200
1693165179.024		8539	6949	69	1386	135	8240	74	138	0	200
1693165179.062		11537	9776	48	1586	127	11193	74	138	0	200
1693165179.099		10911	9252	41	1518	100	10679	74	138	0	200
1693165179.135		9621	7901	52	1547	121	9355	74	138	0	200
1693165179.173		9969	8202	24	1622	121	9727	74	138	0	200
1693165179.209		7761	6407	57	1209	88	7515	74	138	0	200
1693165179.245		7484	6058	28	1318	80	7286	74	138	0	200
1693165179.282		7609	6196	27	1281	105	7396	74	138	0	200
1693165179.319		7481	5981	21	1402	77	7300	74	138	0	200
1693165179.355		7670	6113	28	1431	98	7459	74	138	0	200
1693165179.392		8847	7285	33	1430	99	8618	74	138	0	200
1693165179.430		7969	6458	39	1370	102	7750	74	138	0	200
1693165179.466		8197	6625	28	1457	87	7991	74	138	0	200
1693165179.502		8920	6897	35	1883	105	8697	74	138	0	200
1693165179.539		8919	7101	32	1684	102	8681	74	138	0	200
1693165179.575		11799	9653	41	1979	126	11520	74	138	0	200
1693165179.612		11079	9184	31	1755	109	10797	74	138	0	200
1693165179.648		10485	8790	39	1576	80	10269	74	138	0	200
1693165179.685		5020	3293	95	1531	101	4731	74	138	0	200
1693165179.722		5323	3681	51	1480	111	4987	74	138	0	200
1693165179.758		4175	2966	36	1078	95	3961	74	138	0	200
1693165179.794		4976	3300	50	1505	121	4706	74	138	0	200
1693165179.831		5577	4059	40	1372	106	5276	74	138	0	200
1693165179.867		5473	3689	77	1587	120	5164	74	138	0	200
1693165179.903		5145	3511	73	1433	128	4830	74	138	0	200
1693165179.941		6045	4209	50	1675	111	5750	74	138	0	200
1693165179.976		6648	4439	36	2039	134	6349	74	138	0	200
1693165180.012		5830	4099	70	1525	136	5486	74	138	0	200
1693165180.049		5958	4513	48	1282	115	5539	74	138	0	200
1693165180.085		5984	4261	37	1579	107	5522	74	138	0	200
1693165180.121		5996	4332	64	1484	116	5676	74	138	0	200
1693165180.157		4760	3432	74	1152	102	4474	74	138	0	200
1693165180.194		4685	3312	49	1224	100	4355	74	138	0	200
1693165180.230		5132	3409	34	1581	108	4905	74	138	0	200
1693165180.266		4723	3210	29	1366	118	4475	74	138	0	200
1693165180.302		6586	5306	40	1158	82	6394	74	138	0	200
1693165180.338		10648	8964	31	1530	123	10419	74	138	0	200
1693165180.374		8737	7236	26	1399	76	8542	74	138	0	200
1693165180.411		7637	6063	34	1437	103	7415	74	138	0	200
1693165180.447		8473	7032	34	1318	89	8236	74	138	0	200
1693165180.483		13505	7072	102	6209	122	13185	74	138	0	200
1693165180.519		10836	8288	35	2382	131	10562	74	138	0	200
1693165180.555		10905	8967	52	1789	97	10645	74	138	0	200
1693165180.591		10573	8836	38	1560	139	10309	74	138	0	200
1693165180.627		11580	10036	32	1404	108	11336	74	138	0	200
1693165180.663		8191	6711	46	1385	49	7979	74	138	0	200
1693165180.700		9645	8182	86	1262	115	9325	74	138	0	200
1693165180.735		8349	6873	31	1375	70	8170	74	138	0	200
1693165180.772		8229	6053	38	2030	108	7995	74	138	0	200
1693165180.807		8251	6625	39	1483	104	8014	74	138	0	200
1693165180.842		7575	6164	33	1267	111	7350	74	138	0	200
1693165180.879		7791	6198	25	1463	105	7569	74	138	0	200
1693165180.914		7932	6604	40	1198	90	7694	74	138	0	200
1693165180.950		8644	6803	45	1692	104	8417	74	138	0	200
1693165180.986		7815	6148	64	1492	111	7551	74	138	0	200
1693165181.021		8377	6722	54	1498	103	8121	74	138	0	200
1693165181.057		11115	9374	33	1583	125	10732	74	138	0	200
1693165181.093		11775	9744	59	1812	160	11426	74	138	0	200
1693165181.129		7716	6128	48	1440	100	7498	74	138	0	200
1693165181.164		9999	8090	36	1749	124	9676	74	138	0	200
1693165181.200		8205	6592	27	1488	98	7977	74	138	0	200
1693165181.236		7714	6189	36	1386	103	7499	74	138	0	200
1693165181.271		7923	6410	26	1386	101	7708	74	138	0	200
1693165181.307		8207	6465	38	1585	119	7958	74	138	0	200
1693165181.343		8932	7324	42	1459	107	8635	74	138	0	200
1693165181.378		5153	3890	49	1115	99	4849	74	138	0	200
1693165181.414		7710	6241	31	1345	93	7521	74	138	0	200
1693165181.449		8692	7132	28	1441	91	8478	74	138	0	200
1693165181.485		8731	7106	31	1480	114	8502	74	138	0	200
1693165181.521		8139	6441	44	1547	107	7869	74	138	0	200
1693165181.556		9680	7812	71	1654	143	9352	74	138	0	200
1693165181.591		10965	9369	46	1420	130	10698	74	138	0	200
1693165181.628		11247	9670	33	1453	91	11041	74	138	0	200
1693165181.662		8722	7110	32	1459	121	8472	74	138	0	200
1693165181.698		10970	9139	36	1666	129	10614	74	138	0	200
1693165181.733		7907	6510	31	1258	108	7677	74	138	0	200
1693165181.768		8703	6334	26	2242	101	8497	74	138	0	200
1693165181.804		7619	6258	31	1221	109	7406	74	138	0	200
1693165181.839		8005	6675	109	1113	108	7689	74	138	0	200
1693165181.874		8361	6836	47	1396	82	8078	74	138	0	200
1693165181.910		7931	6323	40	1474	94	7728	74	138	0	200
1693165181.946		8040	6163	30	1731	116	7800	74	138	0	200
1693165181.981		8163	6523	66	1454	120	7904	74	138	0	200
1693165182.016		8392	6937	35	1356	64	8207	74	138	0	200
1693165182.051		11709	9750	37	1797	125	11405	74	138	0	200
1693165182.086		11321	9375	40	1777	129	11037	74	138	0	200
1693165182.121		10682	8962	30	1596	94	10484	74	138	0	200
1693165182.156		8970	7288	37	1554	91	8721	74	138	0	200
1693165182.193		7843	6334	26	1364	119	7628	74	138	0	200
1693165182.227		7701	6292	22	1303	84	7500	74	138	0	200
1693165182.262		7745	6258	33	1353	101	7518	74	138	0	200
1693165182.297		8003	6716	31	1170	86	7797	74	138	0	200
1693165182.332		7694	6113	40	1448	93	7503	74	138	0	200
1693165182.368		7406	5899	53	1376	78	7192	74	138	0	200
1693165182.403		8490	6951	80	1334	125	8187	74	138	0	200
1693165182.437		8304	6870	31	1307	96	8056	74	138	0	200
1693165182.473		8546	6694	46	1679	127	8285	74	138	0	200
1693165182.507		9558	7468	34	1973	83	9332	74	138	0	200
1693165182.543		8148	6762	39	1246	101	7933	74	138	0	200
1693165182.578		10853	9091	48	1587	127	10542	74	138	0	200
1693165182.612		11169	9559	33	1455	122	10911	74	138	0	200
1693165182.648		8068	5776	23	2211	58	7917	74	138	0	200
1693165182.682		7799	6367	44	1284	104	7569	74	138	0	200
1693165182.717		7985	6248	25	1634	78	7783	74	138	0	200
1693165182.752		7774	6290	79	1310	95	7536	74	138	0	200
1693165182.787		7383	6037	39	1221	86	7196	74	138	0	200
1693165182.822		7640	6208	70	1277	85	7420	74	138	0	200
1693165182.857		7413	6032	25	1272	84	7213	74	138	0	200
1693165182.891		7899	6631	31	1141	96	7712	74	138	0	200
1693165182.926		8405	6740	69	1481	115	7734	74	138	0	200
1693165182.961		11683	9974	49	1530	130	11363	74	138	0	200
1693165182.995		7440	5969	45	1333	93	7220	74	138	0	200
1693165183.030		7739	6381	33	1184	141	7485	74	138	0	200
1693165183.065		10879	9100	66	1594	119	10579	74	138	0	200
1693165183.103		11530	9714	53	1638	125	11179	74	138	0	200
1693165183.134		10907	9138	54	1605	110	10631	74	138	0	200
1693165183.169		7524	6000	40	1371	113	7300	74	138	0	200
1693165183.205		7987	6593	23	1284	87	7807	74	138	0	200
1693165183.239		8022	6593	69	1253	107	7755	74	138	0	200
1693165183.273		7494	5912	46	1436	100	7261	74	138	0	200
1693165183.307		8134	6523	33	1461	117	7905	74	138	0	200
1693165183.342		7674	6307	22	1267	78	7482	74	138	0	200
1693165183.377		7631	6196	30	1298	107	7410	74	138	0	200
1693165183.411		8132	6611	21	1407	93	7928	74	138	0	200
1693165183.447		8680	6353	82	2114	131	8388	74	138	0	200
1693165183.480		8861	6964	43	1761	93	8637	74	138	0	200
1693165183.515		8480	6540	68	1742	130	8202	74	138	0	200
1693165183.549		8138	6679	33	1331	95	7912	74	138	0	200
1693165183.585		8023	6512	68	1351	92	7768	74	138	0	200
1693165183.619		10556	8527	55	1837	137	10250	74	138	0	200
1693165183.652		11802	10119	39	1458	186	11437	74	138	0	200
1693165183.687		11393	9767	32	1489	105	11074	74	138	0	200
1693165183.721		6989	5522	57	1317	93	6738	74	138	0	200
1693165183.756		7917	6473	32	1302	110	7688	74	138	0	200
1693165183.790		7572	6213	52	1202	105	7347	74	138	0	200
1693165183.825		7739	6280	26	1321	112	7520	74	138	0	200
1693165183.859		8073	6476	29	1461	107	7856	74	138	0	200
1693165183.893		9672	8051	54	1466	101	9403	74	138	0	200
1693165183.927		9817	8001	36	1653	127	9524	74	138	0	200
1693165183.961		4925	3183	80	1542	120	4631	74	138	0	200
1693165183.996		5072	3728	48	1180	116	4808	74	138	0	200
1693165184.030		5924	3941	91	1723	169	5546	74	138	0	200
1693165184.065		5338	3671	37	1516	114	5078	74	138	0	200
1693165184.099		6243	4338	47	1724	134	5866	74	138	0	200
1693165184.133		5970	4279	62	1501	128	5636	74	138	0	200
1693165184.167		5380	3788	45	1422	125	5083	74	138	0	200
1693165184.202		8389	6800	79	1395	115	8046	74	138	0	200
1693165184.236		9330	7518	28	1667	117	9092	74	138	0	200
1693165184.270		9149	7771	30	1271	77	8944	74	138	0	200
1693165184.304		8327	6619	52	1575	81	8091	74	138	0	200
1693165184.337		6993	5510	38	1352	93	6798	74	138	0	200
1693165184.372		10862	9176	66	1500	120	10554	74	138	0	200
1693165184.406		10447	8925	47	1369	106	10162	74	138	0	200
1693165184.441		8743	7192	35	1415	101	8511	74	138	0	200
1693165184.474		10748	8969	34	1652	93	10522	74	138	0	200
1693165184.508		11425	9647	47	1617	114	11148	74	138	0	200
1693165184.543		10807	9070	81	1552	104	10510	74	138	0	200
1693165184.576		9560	7616	36	1781	127	9287	74	138	0	200
1693165184.611		11591	9629	41	1764	157	11242	74	138	0	200
1693165184.643		11229	9513	85	1518	113	10836	74	138	0	200
1693165184.677		10368	8642	95	1536	95	10036	74	138	0	200
1693165184.712		10358	8661	94	1481	122	10044	74	138	0	200
1693165184.746		8651	7101	55	1390	105	8384	74	138	0	200
1693165184.780		10687	8928	54	1588	117	10411	74	138	0	200
1693165184.813		10579	8884	35	1562	98	10347	74	138	0	200
1693165184.848		8556	7118	31	1302	105	8338	74	138	0	200
1693165184.881		10382	8523	104	1648	107	10063	74	138	0	200
1693165184.914		11162	9135	42	1858	127	10889	74	138	0	200
1693165184.948		11729	9227	42	2345	115	11444	74	138	0	200
1693165184.982		11779	9843	43	1783	110	11500	74	138	0	200
1693165185.016		11795	9872	63	1723	137	11463	74	138	0	200
1693165185.050		11823	9766	69	1816	172	11454	74	138	0	200
1693165185.083		11560	9573	55	1812	120	11215	74	138	0	200
1693165185.118		11627	9790	47	1675	115	11337	74	138	0	200
1693165185.152		11373	9551	74	1621	127	11025	74	138	0	200
1693165185.184		10916	9212	32	1565	107	10666	74	138	0	200
1693165185.219		10481	8775	31	1547	128	10235	74	138	0	200
1693165185.252		9938	8240	37	1580	81	9714	74	138	0	200
1693165185.286		9133	7420	38	1559	116	8881	74	138	0	200
1693165185.319		11454	9090	65	2152	147	11142	74	138	0	200
1693165185.354		10882	9304	38	1434	106	10627	74	138	0	200
1693165185.386		9450	7932	65	1367	86	9201	74	138	0	200
1693165185.420		9743	8156	45	1409	133	9460	74	138	0	200
1693165185.453		10681	9042	59	1463	117	10370	74	138	0	200
1693165185.487		10897	9176	44	1572	105	10629	74	138	0	200
1693165185.521		10006	8196	37	1659	114	9738	74	138	0	200
1693165185.554		9934	8153	58	1588	135	9631	74	138	0	200
1693165185.588		10235	8547	44	1499	145	9951	74	138	0	200
1693165185.621		11231	9603	67	1464	97	10930	74	138	0	200
1693165185.654		12652	11009	39	1476	128	12309	74	138	0	200
1693165185.689		10814	9100	70	1542	102	10541	74	138	0	200
1693165185.722		10970	9253	65	1527	125	10555	74	138	0	200
1693165185.755		9697	8126	40	1417	114	9409	74	138	0	200
1693165185.788		5797	3990	49	1643	115	5520	74	138	0	200
1693165185.822		6083	4139	34	1795	115	5805	74	138	0	200
1693165185.855		11194	9618	40	1419	117	10902	74	138	0	200
1693165185.888		10790	8875	77	1731	107	10485	74	138	0	200
