2023-08-27 19:38:44,431 [INFO] root tankworker.py:153	Log file created
2023-08-27 19:38:44,432 [INFO] root tankworker.py:157	Logging handler <FileHandler /var/loadtest/tank_errors.log (WARNING)> added
2023-08-27 19:38:44,433 [INFO] root tankworker.py:157	Logging handler <StreamHandler <stdout> (INFO)> added
2023-08-27 19:38:44,433 [INFO] root tankworker.py:157	Logging handler <StreamHandler <stderr> (NOTSET)> added
2023-08-27 19:38:44,467 [INFO] root tankworker.py:69	Created a folder for the test. /var/loadtest/logs/2023-08-27_19-38-44.287506
2023-08-27 19:38:44,472 [INFO] yandextank.core.tankcore tankcore.py:254	Configuring plugins...
2023-08-27 19:38:44,473 [INFO] yandextank.core.tankcore tankcore.py:205	Loading plugins...
2023-08-27 19:38:44,474 [INFO] yandextank.core.tankcore tankcore.py:215	Trying to import module: autostop
2023-08-27 19:38:44,475 [INFO] yandextank.core.tankcore tankcore.py:216	Path: yandextank.plugins.Autostop
2023-08-27 19:38:44,478 [INFO] yandextank.core.tankcore tankcore.py:215	Trying to import module: console
2023-08-27 19:38:44,479 [INFO] yandextank.core.tankcore tankcore.py:216	Path: yandextank.plugins.Console
2023-08-27 19:38:44,480 [INFO] yandextank.core.tankcore tankcore.py:215	Trying to import module: json_report
2023-08-27 19:38:44,480 [INFO] yandextank.core.tankcore tankcore.py:216	Path: yandextank.plugins.JsonReport
2023-08-27 19:38:44,486 [INFO] yandextank.core.tankcore tankcore.py:215	Trying to import module: phantom
2023-08-27 19:38:44,487 [INFO] yandextank.core.tankcore tankcore.py:216	Path: yandextank.plugins.Phantom
2023-08-27 19:38:44,488 [INFO] yandextank.core.tankcore tankcore.py:215	Trying to import module: rcheck
2023-08-27 19:38:44,489 [INFO] yandextank.core.tankcore tankcore.py:216	Path: yandextank.plugins.ResourceCheck
2023-08-27 19:38:44,489 [INFO] yandextank.core.tankcore tankcore.py:215	Trying to import module: shellexec
2023-08-27 19:38:44,490 [INFO] yandextank.core.tankcore tankcore.py:216	Path: yandextank.plugins.ShellExec
2023-08-27 19:38:44,491 [INFO] yandextank.core.tankcore tankcore.py:215	Trying to import module: rcassert
2023-08-27 19:38:44,492 [INFO] yandextank.core.tankcore tankcore.py:216	Path: yandextank.plugins.RCAssert
2023-08-27 19:38:44,493 [INFO] yandextank.core.tankcore tankcore.py:215	Trying to import module: overload
2023-08-27 19:38:44,493 [INFO] yandextank.core.tankcore tankcore.py:216	Path: yandextank.plugins.DataUploader
2023-08-27 19:38:44,544 [INFO] yandextank.common.util util.py:578	Testing connection to resolved address 192.168.65.2 and port 8080
2023-08-27 19:38:44,556 [INFO] yandextank.plugins.Phantom.utils utils.py:277	Resolved host.docker.internal into 192.168.65.2:8080
2023-08-27 19:38:44,557 [INFO] yandextank.stepper.main main.py:197	Configuring StepperWrapper...
2023-08-27 19:38:44,561 [INFO] yandextank.stepper.main main.py:251	Using cached stpd-file: /var/loadtest/logs/_92b860d5b1b303c28f25be687787e189.stpd
2023-08-27 19:38:44,569 [INFO] yandextank.stepper.main main.py:254	rps_schedule is set. Overriding cached instances param from config: 1000
2023-08-27 19:38:44,587 [INFO] yandextank.core.tankcore tankcore.py:268	Preparing test...
2023-08-27 19:38:44,656 [INFO] yandextank.common.interfaces plugin.py:38	Checking tank resources...
2023-08-27 19:38:44,735 [INFO] root plugin.py:585	Using OVERLOAD backend
2023-08-27 19:38:44,740 [INFO] yandextank.plugins.DataUploader.plugin plugin.py:703	Read authentication token from token.txt, token length is 32 bytes
2023-08-27 19:38:44,785 [INFO] yandextank.plugins.DataUploader.client client.py:81	Proxy not set
2023-08-27 19:38:44,786 [INFO] yandextank.plugins.DataUploader.plugin plugin.py:728	Detected target: host.docker.internal
2023-08-27 19:38:45,275 [INFO] yandextank.plugins.DataUploader.plugin plugin.py:877	Job created: 637005
2023-08-27 19:38:45,417 [INFO] yandextank.plugins.DataUploader.plugin plugin.py:547	Locking targets: ['host.docker.internal']
2023-08-27 19:38:45,421 [INFO] yandextank.plugins.DataUploader.plugin plugin.py:549	Locked targets: ['host.docker.internal']
2023-08-27 19:38:45,809 [INFO] yandextank.core.tankcore tankcore.py:278	Starting test...
2023-08-27 19:38:45,817 [INFO] yandextank.aggregator.tank_aggregator tank_aggregator.py:65	using verbose histogram
2023-08-27 19:38:45,839 [INFO] yandextank.core.tankcore tankcore.py:285	Plugin plugin_autostop required 0.000012 seconds to start
2023-08-27 19:38:45,841 [INFO] yandextank.core.tankcore tankcore.py:285	Plugin plugin_console required 0.000008 seconds to start
2023-08-27 19:38:45,842 [INFO] yandextank.core.tankcore tankcore.py:285	Plugin plugin_json_report required 0.000008 seconds to start
2023-08-27 19:38:45,863 [INFO] yandextank.core.tankcore tankcore.py:285	Plugin plugin_phantom required 0.019431 seconds to start
2023-08-27 19:38:45,864 [INFO] yandextank.core.tankcore tankcore.py:285	Plugin plugin_rcheck required 0.000021 seconds to start
2023-08-27 19:38:45,865 [INFO] yandextank.core.tankcore tankcore.py:285	Plugin plugin_shellexec required 0.000025 seconds to start
2023-08-27 19:38:45,866 [INFO] yandextank.core.tankcore tankcore.py:285	Plugin plugin_rcassert required 0.000012 seconds to start
2023-08-27 19:38:45,869 [INFO] yandextank.plugins.DataUploader.plugin plugin.py:456	Status sender thread started
2023-08-27 19:38:45,872 [INFO] yandextank.plugins.DataUploader.plugin plugin.py:475	Data Uploader thread started
2023-08-27 19:38:45,874 [INFO] yandextank.plugins.DataUploader.plugin plugin.py:475	Monitoring Uploader thread started
2023-08-27 19:38:45,875 [INFO] yandextank.plugins.DataUploader.plugin plugin.py:360	Web link: https://overload.yandex.net/637005
2023-08-27 19:38:46,132 [INFO] yandextank.core.tankcore tankcore.py:285	Plugin plugin_overload required 0.264700 seconds to start
2023-08-27 19:38:46,138 [INFO] yandextank.core.tankcore tankcore.py:294	Waiting for test to finish...
2023-08-27 19:38:46,139 [INFO] yandextank.core.tankcore tankcore.py:295	Artifacts dir: /var/loadtest/logs/2023-08-27_19-38-44.287506
2023-08-27 19:39:46,081 [INFO] yandextank.plugins.Phantom.plugin plugin.py:155	Phantom done its work with exit code: 0
2023-08-27 19:39:46,084 [INFO] yandextank.core.tankcore tankcore.py:331	Finishing test...
2023-08-27 19:39:46,086 [INFO] yandextank.core.tankcore tankcore.py:334	Stopping load generator and aggregator
2023-08-27 19:39:46,087 [INFO] yandextank.aggregator.tank_aggregator tank_aggregator.py:126	Closing stats reader
2023-08-27 19:39:46,088 [INFO] yandextank.aggregator.tank_aggregator tank_aggregator.py:129	Waiting for gun drain to finish
2023-08-27 19:39:46,916 [INFO] yandextank.aggregator.tank_aggregator tank_aggregator.py:131	Waiting for stats drain to finish
2023-08-27 19:39:46,920 [INFO] yandextank.aggregator.tank_aggregator tank_aggregator.py:133	Collecting remaining data
2023-08-27 19:39:46,932 [INFO] yandextank.aggregator.tank_aggregator tank_aggregator.py:111	Timestamps without stats:
2023-08-27 19:39:46,936 [INFO] yandextank.aggregator.tank_aggregator tank_aggregator.py:113	1693165184
2023-08-27 19:39:46,949 [INFO] yandextank.aggregator.tank_aggregator tank_aggregator.py:113	1693165185
2023-08-27 19:39:46,956 [INFO] yandextank.core.tankcore tankcore.py:338	Stopping monitoring
2023-08-27 19:39:47,415 [INFO] yandextank.plugins.DataUploader.plugin plugin.py:540	Unlocking targets: ['host.docker.internal']
2023-08-27 19:39:47,422 [INFO] yandextank.plugins.DataUploader.plugin plugin.py:542	host.docker.internal
2023-08-27 19:39:47,429 [INFO] yandextank.core.tankcore tankcore.py:361	Post-processing test...
2023-08-27 19:39:47,439 [INFO] yandextank.plugins.DataUploader.plugin plugin.py:412	Waiting for sender threads to join.
2023-08-27 19:39:47,440 [INFO] yandextank.plugins.DataUploader.plugin plugin.py:480	Monitoring Uploader queue returned None
2023-08-27 19:39:47,442 [INFO] yandextank.plugins.DataUploader.plugin plugin.py:500	Closing Monitoring Uploader thread
2023-08-27 19:39:47,468 [INFO] yandextank.plugins.DataUploader.plugin plugin.py:480	Data Uploader queue returned None
2023-08-27 19:39:47,472 [INFO] yandextank.plugins.DataUploader.plugin plugin.py:500	Closing Data Uploader thread
2023-08-27 19:39:47,476 [INFO] yandextank.plugins.DataUploader.plugin plugin.py:418	Web link: https://overload.yandex.net/637005
2023-08-27 19:39:47,731 [INFO] yandextank.common.util util.py:816	Trying to clean up
2023-08-27 19:39:47,735 [INFO] yandextank.core.tankcore tankcore.py:562	Cleaning up plugin plugin_autostop
2023-08-27 19:39:47,738 [INFO] yandextank.core.tankcore tankcore.py:562	Cleaning up plugin plugin_console
2023-08-27 19:39:47,744 [INFO] yandextank.core.tankcore tankcore.py:562	Cleaning up plugin plugin_json_report
2023-08-27 19:39:47,747 [INFO] yandextank.core.tankcore tankcore.py:562	Cleaning up plugin plugin_phantom
2023-08-27 19:39:47,749 [INFO] yandextank.core.tankcore tankcore.py:562	Cleaning up plugin plugin_rcheck
2023-08-27 19:39:47,751 [INFO] yandextank.core.tankcore tankcore.py:562	Cleaning up plugin plugin_shellexec
2023-08-27 19:39:47,752 [INFO] yandextank.core.tankcore tankcore.py:562	Cleaning up plugin plugin_rcassert
2023-08-27 19:39:47,754 [INFO] yandextank.core.tankcore tankcore.py:562	Cleaning up plugin plugin_overload
2023-08-27 19:39:47,756 [INFO] yandextank.plugins.DataUploader.plugin plugin.py:540	Unlocking targets: ['host.docker.internal']
2023-08-27 19:39:47,757 [INFO] yandextank.plugins.DataUploader.plugin plugin.py:542	host.docker.internal
2023-08-27 19:39:48,181 [INFO] yandextank.core.tankcore tankcore.py:630	Releasing lock: /var/lock/lunapark_c0ew5j03.lock
2023-08-27 19:39:48,210 [INFO] yandextank.core.tankcore tankcore.py:405	Artifacts dir: /var/loadtest/logs/2023-08-27_19-38-44.287506
2023-08-27 19:39:48,215 [INFO] yandextank.core.tankcore tankcore.py:461	File not found to collect: validation_error.yaml
2023-08-27 19:39:48,217 [INFO] yandextank.core.tankcore tankcore.py:466	File already exists: /var/loadtest/logs/2023-08-27_19-38-44.287506/answ_75ewohua.log
2023-08-27 19:39:48,219 [INFO] yandextank.core.tankcore tankcore.py:466	File already exists: /var/loadtest/logs/2023-08-27_19-38-44.287506/phout_mndgi4rc.log
2023-08-27 19:39:48,221 [INFO] yandextank.core.tankcore tankcore.py:466	File already exists: /var/loadtest/logs/2023-08-27_19-38-44.287506/phantom_stat_ga9fp_zl.log
2023-08-27 19:39:48,223 [INFO] yandextank.core.tankcore tankcore.py:466	File already exists: /var/loadtest/logs/2023-08-27_19-38-44.287506/phantom_f4l4kq0o.log
2023-08-27 19:39:48,224 [INFO] yandextank.core.tankcore tankcore.py:466	File already exists: /var/loadtest/logs/2023-08-27_19-38-44.287506/phantom_1urnvb4o.conf
2023-08-27 19:39:48,225 [INFO] yandextank.core.tankcore tankcore.py:466	File already exists: /var/loadtest/logs/2023-08-27_19-38-44.287506/phantom_stdout_stderr_gxjmoxxu.log
