"2023-08-27 19:28:54.851 +0000" : {
  "main_scheduler" : {
    "bqs" : {
      "00056" : {
        "mmconts" : [0, 301, 335],
        "acts" : [343, 338],
        "tstate" : { "idle" : 982905, "run" : 26975, "locked" : 3548, "mmap" : 542 }
      },
      "00057" : {
        "mmconts" : [0, 302, 335],
        "acts" : [8, 7],
        "tstate" : { "idle" : 820502, "run" : 26088, "locked" : 2427, "mmap" : 161972 }
      },
      "00058" : {
        "mmconts" : [0, 302, 335],
        "acts" : [341, 337],
        "tstate" : { "idle" : 839842, "run" : 168888, "locked" : 257, "mmap" : 252 }
      }
    }
  },
  "benchmark_io" : {
    "simple_times" : {
      "mcount" : {
        "mcount" : { "167 -- 265" : 1, "16 -- 25" : 1, "10 -- 16" : 3, "6 -- 10" : 1 }
      }
    },
    "stream_method" : {
      "conns" : [0, 0],
      "in" : [0, 0],
      "out" : [0, 0],
      "mmtasks" : [0, 0, 1],
      "load" : 0.794,
      "mcount" : {
        "mcount" : { "Protocol error" : 6 }
      },
      "http_proto0" : {
        "mcount" : {
          "mcount" : { }
        }
      },
      "source_log" : {
        "delta" : [0, 0, 8763]
      },
      "loggers" : {
        "brief_logger" : {
          "records" : [6, 5],
          "out" : [290, 280]
        }
      }
    }
  }
},
"2023-08-27 19:28:55.851 +0000" : {
  "main_scheduler" : {
    "bqs" : {
      "00056" : {
        "mmconts" : [335, 335, 335],
        "acts" : [7, 7],
        "tstate" : { "idle" : 981174, "run" : 18495, "locked" : 0, "mmap" : 0 }
      },
      "00057" : {
        "mmconts" : [335, 335, 335],
        "acts" : [3, 3],
        "tstate" : { "idle" : 992202, "run" : 6930, "locked" : 0, "mmap" : 0 }
      },
      "00058" : {
        "mmconts" : [335, 335, 335],
        "acts" : [6, 6],
        "tstate" : { "idle" : 989344, "run" : 9810, "locked" : 0, "mmap" : 0 }
      }
    }
  },
  "benchmark_io" : {
    "simple_times" : {
      "mcount" : {
        "mcount" : { "41 -- 65" : 1, "25 -- 41" : 2, "16 -- 25" : 1, "10 -- 16" : 1 }
      }
    },
    "stream_method" : {
      "conns" : [0, 0],
      "in" : [0, 0],
      "out" : [0, 0],
      "mmtasks" : [0, 0, 1],
      "load" : 0.316,
      "mcount" : {
        "mcount" : { "Protocol error" : 5 }
      },
      "http_proto0" : {
        "mcount" : {
          "mcount" : { }
        }
      },
      "source_log" : {
        "delta" : [0, 0, 0]
      },
      "loggers" : {
        "brief_logger" : {
          "records" : [5, 4],
          "out" : [244, 243]
        }
      }
    }
  }
},
"2023-08-27 19:28:56.850 +0000" : {
  "main_scheduler" : {
    "bqs" : {
      "00056" : {
        "mmconts" : [335, 335, 335],
        "acts" : [8, 8],
        "tstate" : { "idle" : 976649, "run" : 22474, "locked" : 0, "mmap" : 0 }
      },
      "00057" : {
        "mmconts" : [335, 335, 335],
        "acts" : [7, 7],
        "tstate" : { "idle" : 983650, "run" : 15448, "locked" : 0, "mmap" : 0 }
      },
      "00058" : {
        "mmconts" : [335, 335, 335],
        "acts" : [7, 7],
        "tstate" : { "idle" : 987839, "run" : 11239, "locked" : 0, "mmap" : 0 }
      }
    }
  },
  "benchmark_io" : {
    "simple_times" : {
      "mcount" : {
        "mcount" : { "41 -- 65" : 1, "25 -- 41" : 1, "16 -- 25" : 2, "10 -- 16" : 2 }
      }
    },
    "stream_method" : {
      "conns" : [0, 0],
      "in" : [0, 0],
      "out" : [0, 0],
      "mmtasks" : [0, 0, 1],
      "load" : 0.257,
      "mcount" : {
        "mcount" : { "Protocol error" : 6 }
      },
      "http_proto0" : {
        "mcount" : {
          "mcount" : { }
        }
      },
      "source_log" : {
        "delta" : [0, 0, 0]
      },
      "loggers" : {
        "brief_logger" : {
          "records" : [6, 6],
          "out" : [294, 295]
        }
      }
    }
  }
},
"2023-08-27 19:28:57.850 +0000" : {
  "main_scheduler" : {
    "bqs" : {
      "00056" : {
        "mmconts" : [335, 335, 335],
        "acts" : [8, 7],
        "tstate" : { "idle" : 989394, "run" : 10889, "locked" : 0, "mmap" : 0 }
      },
      "00057" : {
        "mmconts" : [335, 335, 335],
        "acts" : [10, 9],
        "tstate" : { "idle" : 983123, "run" : 17132, "locked" : 0, "mmap" : 0 }
      },
      "00058" : {
        "mmconts" : [335, 335, 335],
        "acts" : [7, 6],
        "tstate" : { "idle" : 982546, "run" : 17708, "locked" : 0, "mmap" : 0 }
      }
    }
  },
  "benchmark_io" : {
    "simple_times" : {
      "mcount" : {
        "mcount" : { "41 -- 65" : 1, "25 -- 41" : 3, "16 -- 25" : 2, "10 -- 16" : 1 }
      }
    },
    "stream_method" : {
      "conns" : [0, 0],
      "in" : [0, 0],
      "out" : [0, 0],
      "mmtasks" : [0, 0, 1],
      "load" : 0.250,
      "mcount" : {
        "mcount" : { "Protocol error" : 7 }
      },
      "http_proto0" : {
        "mcount" : {
          "mcount" : { }
        }
      },
      "source_log" : {
        "delta" : [0, 0, 0]
      },
      "loggers" : {
        "brief_logger" : {
          "records" : [7, 6],
          "out" : [342, 341]
        }
      }
    }
  }
},
"2023-08-27 19:28:58.851 +0000" : {
  "main_scheduler" : {
    "bqs" : {
      "00056" : {
        "mmconts" : [335, 335, 335],
        "acts" : [11, 10],
        "tstate" : { "idle" : 986028, "run" : 14125, "locked" : 0, "mmap" : 0 }
      },
      "00057" : {
        "mmconts" : [335, 335, 335],
        "acts" : [10, 9],
        "tstate" : { "idle" : 988468, "run" : 11678, "locked" : 0, "mmap" : 0 }
      },
      "00058" : {
        "mmconts" : [335, 335, 335],
        "acts" : [4, 3],
        "tstate" : { "idle" : 994421, "run" : 5722, "locked" : 0, "mmap" : 0 }
      }
    }
  },
  "benchmark_io" : {
    "simple_times" : {
      "mcount" : {
        "mcount" : { "25 -- 41" : 1, "16 -- 25" : 3, "10 -- 16" : 3 }
      }
    },
    "stream_method" : {
      "conns" : [0, 0],
      "in" : [0, 0],
      "out" : [0, 0],
      "mmtasks" : [0, 0, 1],
      "load" : 0.252,
      "mcount" : {
        "mcount" : { "Protocol error" : 7 }
      },
      "http_proto0" : {
        "mcount" : {
          "mcount" : { }
        }
      },
      "source_log" : {
        "delta" : [0, 0, 0]
      },
      "loggers" : {
        "brief_logger" : {
          "records" : [7, 7],
          "out" : [341, 341]
        }
      }
    }
  }
},
"2023-08-27 19:28:59.850 +0000" : {
  "main_scheduler" : {
    "bqs" : {
      "00056" : {
        "mmconts" : [335, 335, 335],
        "acts" : [8, 8],
        "tstate" : { "idle" : 991433, "run" : 8072, "locked" : 0, "mmap" : 0 }
      },
      "00057" : {
        "mmconts" : [335, 335, 335],
        "acts" : [7, 7],
        "tstate" : { "idle" : 989984, "run" : 9496, "locked" : 0, "mmap" : 0 }
      },
      "00058" : {
        "mmconts" : [335, 335, 335],
        "acts" : [10, 10],
        "tstate" : { "idle" : 985787, "run" : 13694, "locked" : 0, "mmap" : 0 }
      }
    }
  },
  "benchmark_io" : {
    "simple_times" : {
      "mcount" : {
        "mcount" : { "25 -- 41" : 2, "16 -- 25" : 2, "10 -- 16" : 3 }
      }
    },
    "stream_method" : {
      "conns" : [0, 0],
      "in" : [0, 0],
      "out" : [0, 0],
      "mmtasks" : [0, 0, 1],
      "load" : 0.248,
      "mcount" : {
        "mcount" : { "Protocol error" : 7 }
      },
      "http_proto0" : {
        "mcount" : {
          "mcount" : { }
        }
      },
      "source_log" : {
        "delta" : [0, 0, 0]
      },
      "loggers" : {
        "brief_logger" : {
          "records" : [7, 7],
          "out" : [341, 341]
        }
      }
    }
  }
},
"2023-08-27 19:29:00.850 +0000" : {
  "main_scheduler" : {
    "bqs" : {
      "00056" : {
        "mmconts" : [335, 335, 335],
        "acts" : [14, 14],
        "tstate" : { "idle" : 984737, "run" : 15093, "locked" : 0, "mmap" : 0 }
      },
      "00057" : {
        "mmconts" : [335, 335, 335],
        "acts" : [13, 13],
        "tstate" : { "idle" : 981060, "run" : 18774, "locked" : 0, "mmap" : 0 }
      },
      "00058" : {
        "mmconts" : [335, 335, 335],
        "acts" : [1, 1],
        "tstate" : { "idle" : 998519, "run" : 1316, "locked" : 0, "mmap" : 0 }
      }
    }
  },
  "benchmark_io" : {
    "simple_times" : {
      "mcount" : {
        "mcount" : { "25 -- 41" : 2, "16 -- 25" : 1, "10 -- 16" : 4, "6 -- 10" : 1 }
      }
    },
    "stream_method" : {
      "conns" : [0, 0],
      "in" : [0, 0],
      "out" : [0, 0],
      "mmtasks" : [0, 0, 1],
      "load" : 0.285,
      "mcount" : {
        "mcount" : { "Protocol error" : 8 }
      },
      "http_proto0" : {
        "mcount" : {
          "mcount" : { }
        }
      },
      "source_log" : {
        "delta" : [0, 0, 0]
      },
      "loggers" : {
        "brief_logger" : {
          "records" : [8, 8],
          "out" : [387, 387]
        }
      }
    }
  }
},
"2023-08-27 19:29:01.850 +0000" : {
  "main_scheduler" : {
    "bqs" : {
      "00056" : {
        "mmconts" : [333, 334, 335],
        "acts" : [14, 13],
        "tstate" : { "idle" : 980698, "run" : 19518, "locked" : 0, "mmap" : 108 }
      },
      "00057" : {
        "mmconts" : [333, 334, 335],
        "acts" : [13, 12],
        "tstate" : { "idle" : 984163, "run" : 16159, "locked" : 0, "mmap" : 0 }
      },
      "00058" : {
        "mmconts" : [335, 335, 335],
        "acts" : [1, 0],
        "tstate" : { "idle" : 998874, "run" : 1449, "locked" : 0, "mmap" : 0 }
      }
    }
  },
  "benchmark_io" : {
    "simple_times" : {
      "mcount" : {
        "mcount" : { "16 -- 25" : 1, "10 -- 16" : 5, "6 -- 10" : 2 }
      }
    },
    "stream_method" : {
      "conns" : [0, 0],
      "in" : [0, 0],
      "out" : [0, 0],
      "mmtasks" : [0, 0, 1],
      "load" : 0.382,
      "mcount" : {
        "mcount" : { "Protocol error" : 8 }
      },
      "http_proto0" : {
        "mcount" : {
          "mcount" : { }
        }
      },
      "source_log" : {
        "delta" : [0, 0, 0]
      },
      "loggers" : {
        "brief_logger" : {
          "records" : [8, 7],
          "out" : [382, 381]
        }
      }
    }
  }
},
"2023-08-27 19:29:02.850 +0000" : {
  "main_scheduler" : {
    "bqs" : {
      "00056" : {
        "mmconts" : [329, 330, 333],
        "acts" : [14, 14],
        "tstate" : { "idle" : 985215, "run" : 14688, "locked" : 0, "mmap" : 0 }
      },
      "00057" : {
        "mmconts" : [329, 331, 333],
        "acts" : [13, 13],
        "tstate" : { "idle" : 982033, "run" : 17903, "locked" : 0, "mmap" : 0 }
      },
      "00058" : {
        "mmconts" : [335, 335, 335],
        "acts" : [1, 1],
        "tstate" : { "idle" : 998455, "run" : 1480, "locked" : 0, "mmap" : 0 }
      }
    }
  },
  "benchmark_io" : {
    "simple_times" : {
      "mcount" : {
        "mcount" : { "16 -- 25" : 2, "10 -- 16" : 6 }
      }
    },
    "stream_method" : {
      "conns" : [0, 0],
      "in" : [0, 0],
      "out" : [0, 0],
      "mmtasks" : [0, 0, 1],
      "load" : 0.314,
      "mcount" : {
        "mcount" : { "Protocol error" : 8 }
      },
      "http_proto0" : {
        "mcount" : {
          "mcount" : { }
        }
      },
      "source_log" : {
        "delta" : [0, 0, 0]
      },
      "loggers" : {
        "brief_logger" : {
          "records" : [8, 7],
          "out" : [388, 387]
        }
      }
    }
  }
},
"2023-08-27 19:29:03.850 +0000" : {
  "main_scheduler" : {
    "bqs" : {
      "00056" : {
        "mmconts" : [324, 326, 329],
        "acts" : [17, 16],
        "tstate" : { "idle" : 976863, "run" : 23165, "locked" : 0, "mmap" : 0 }
      },
      "00057" : {
        "mmconts" : [325, 326, 329],
        "acts" : [13, 12],
        "tstate" : { "idle" : 981547, "run" : 18464, "locked" : 0, "mmap" : 0 }
      },
      "00058" : {
        "mmconts" : [335, 335, 335],
        "acts" : [1, 0],
        "tstate" : { "idle" : 998463, "run" : 1547, "locked" : 0, "mmap" : 0 }
      }
    }
  },
  "benchmark_io" : {
    "simple_times" : {
      "mcount" : {
        "mcount" : { "25 -- 41" : 2, "16 -- 25" : 2, "10 -- 16" : 4, "6 -- 10" : 1 }
      }
    },
    "stream_method" : {
      "conns" : [0, 0],
      "in" : [0, 0],
      "out" : [0, 0],
      "mmtasks" : [0, 0, 1],
      "load" : 0.284,
      "mcount" : {
        "mcount" : { "Protocol error" : 9 }
      },
      "http_proto0" : {
        "mcount" : {
          "mcount" : { }
        }
      },
      "source_log" : {
        "delta" : [0, 0, 0]
      },
      "loggers" : {
        "brief_logger" : {
          "records" : [9, 9],
          "out" : [435, 435]
        }
      }
    }
  }
},
"2023-08-27 19:29:04.850 +0000" : {
  "main_scheduler" : {
    "bqs" : {
      "00056" : {
        "mmconts" : [319, 321, 324],
        "acts" : [17, 16],
        "tstate" : { "idle" : 980813, "run" : 19325, "locked" : 0, "mmap" : 0 }
      },
      "00057" : {
        "mmconts" : [320, 322, 325],
        "acts" : [16, 15],
        "tstate" : { "idle" : 984122, "run" : 15998, "locked" : 0, "mmap" : 0 }
      },
      "00058" : {
        "mmconts" : [335, 335, 335],
        "acts" : [1, 0],
        "tstate" : { "idle" : 998956, "run" : 1163, "locked" : 0, "mmap" : 0 }
      }
    }
  },
  "benchmark_io" : {
    "simple_times" : {
      "mcount" : {
        "mcount" : { "16 -- 25" : 1, "10 -- 16" : 7, "6 -- 10" : 2 }
      }
    },
    "stream_method" : {
      "conns" : [0, 0],
      "in" : [0, 0],
      "out" : [0, 0],
      "mmtasks" : [0, 0, 1],
      "load" : 0.313,
      "mcount" : {
        "mcount" : { "Protocol error" : 10 }
      },
      "http_proto0" : {
        "mcount" : {
          "mcount" : { }
        }
      },
      "source_log" : {
        "delta" : [0, 0, 0]
      },
      "loggers" : {
        "brief_logger" : {
          "records" : [10, 9],
          "out" : [477, 476]
        }
      }
    }
  }
},
"2023-08-27 19:29:05.851 +0000" : {
  "main_scheduler" : {
    "bqs" : {
      "00056" : {
        "mmconts" : [315, 317, 319],
        "acts" : [15, 14],
        "tstate" : { "idle" : 986273, "run" : 13908, "locked" : 0, "mmap" : 0 }
      },
      "00057" : {
        "mmconts" : [315, 317, 320],
        "acts" : [16, 15],
        "tstate" : { "idle" : 983593, "run" : 16590, "locked" : 0, "mmap" : 0 }
      },
      "00058" : {
        "mmconts" : [335, 335, 335],
        "acts" : [1, 0],
        "tstate" : { "idle" : 998898, "run" : 1286, "locked" : 0, "mmap" : 0 }
      }
    }
  },
  "benchmark_io" : {
    "simple_times" : {
      "mcount" : {
        "mcount" : { "25 -- 41" : 1, "10 -- 16" : 7, "6 -- 10" : 1 }
      }
    },
    "stream_method" : {
      "conns" : [0, 0],
      "in" : [0, 0],
      "out" : [0, 0],
      "mmtasks" : [0, 0, 1],
      "load" : 0.318,
      "mcount" : {
        "mcount" : { "Protocol error" : 9 }
      },
      "http_proto0" : {
        "mcount" : {
          "mcount" : { }
        }
      },
      "source_log" : {
        "delta" : [0, 0, 0]
      },
      "loggers" : {
        "brief_logger" : {
          "records" : [9, 8],
          "out" : [433, 432]
        }
      }
    }
  }
},
"2023-08-27 19:29:06.851 +0000" : {
  "main_scheduler" : {
    "bqs" : {
      "00056" : {
        "mmconts" : [309, 312, 315],
        "acts" : [19, 18],
        "tstate" : { "idle" : 980295, "run" : 19925, "locked" : 0, "mmap" : 0 }
      },
      "00057" : {
        "mmconts" : [310, 312, 315],
        "acts" : [16, 15],
        "tstate" : { "idle" : 984406, "run" : 15813, "locked" : 0, "mmap" : 0 }
      },
      "00058" : {
        "mmconts" : [335, 335, 335],
        "acts" : [1, 0],
        "tstate" : { "idle" : 999015, "run" : 1204, "locked" : 0, "mmap" : 0 }
      }
    }
  },
  "benchmark_io" : {
    "simple_times" : {
      "mcount" : {
        "mcount" : { "16 -- 25" : 2, "10 -- 16" : 9 }
      }
    },
    "stream_method" : {
      "conns" : [0, 0],
      "in" : [0, 0],
      "out" : [0, 0],
      "mmtasks" : [0, 0, 1],
      "load" : 0.275,
      "mcount" : {
        "mcount" : { "Protocol error" : 11 }
      },
      "http_proto0" : {
        "mcount" : {
          "mcount" : { }
        }
      },
      "source_log" : {
        "delta" : [0, 0, 0]
      },
      "loggers" : {
        "brief_logger" : {
          "records" : [11, 10],
          "out" : [533, 532]
        }
      }
    }
  }
},
"2023-08-27 19:29:07.851 +0000" : {
  "main_scheduler" : {
    "bqs" : {
      "00056" : {
        "mmconts" : [304, 306, 309],
        "acts" : [17, 17],
        "tstate" : { "idle" : 981473, "run" : 18478, "locked" : 0, "mmap" : 0 }
      },
      "00057" : {
        "mmconts" : [305, 307, 310],
        "acts" : [16, 16],
        "tstate" : { "idle" : 982857, "run" : 17115, "locked" : 0, "mmap" : 0 }
      },
      "00058" : {
        "mmconts" : [335, 335, 335],
        "acts" : [1, 1],
        "tstate" : { "idle" : 998755, "run" : 1218, "locked" : 0, "mmap" : 0 }
      }
    }
  },
  "benchmark_io" : {
    "simple_times" : {
      "mcount" : {
        "mcount" : { "10 -- 16" : 9, "6 -- 10" : 1 }
      }
    },
    "stream_method" : {
      "conns" : [0, 0],
      "in" : [0, 0],
      "out" : [0, 0],
      "mmtasks" : [0, 0, 1],
      "load" : 0.307,
      "mcount" : {
        "mcount" : { "Protocol error" : 10 }
      },
      "http_proto0" : {
        "mcount" : {
          "mcount" : { }
        }
      },
      "source_log" : {
        "delta" : [0, 0, 0]
      },
      "loggers" : {
        "brief_logger" : {
          "records" : [10, 9],
          "out" : [483, 482]
        }
      }
    }
  }
},
"2023-08-27 19:29:08.850 +0000" : {
  "main_scheduler" : {
    "bqs" : {
      "00056" : {
        "mmconts" : [299, 301, 304],
        "acts" : [17, 17],
        "tstate" : { "idle" : 979889, "run" : 19857, "locked" : 0, "mmap" : 0 }
      },
      "00057" : {
        "mmconts" : [299, 301, 305],
        "acts" : [19, 19],
        "tstate" : { "idle" : 979282, "run" : 20450, "locked" : 0, "mmap" : 0 }
      },
      "00058" : {
        "mmconts" : [335, 335, 335],
        "acts" : [1, 1],
        "tstate" : { "idle" : 998247, "run" : 1484, "locked" : 0, "mmap" : 0 }
      }
    }
  },
  "benchmark_io" : {
    "simple_times" : {
      "mcount" : {
        "mcount" : { "16 -- 25" : 2, "10 -- 16" : 9 }
      }
    },
    "stream_method" : {
      "conns" : [0, 0],
      "in" : [0, 0],
      "out" : [0, 0],
      "mmtasks" : [0, 0, 1],
      "load" : 0.294,
      "mcount" : {
        "mcount" : { "Protocol error" : 11 }
      },
      "http_proto0" : {
        "mcount" : {
          "mcount" : { }
        }
      },
      "source_log" : {
        "delta" : [0, 0, 0]
      },
      "loggers" : {
        "brief_logger" : {
          "records" : [11, 11],
          "out" : [531, 531]
        }
      }
    }
  }
},
"2023-08-27 19:29:09.850 +0000" : {
  "main_scheduler" : {
    "bqs" : {
      "00056" : {
        "mmconts" : [293, 295, 299],
        "acts" : [20, 20],
        "tstate" : { "idle" : 979593, "run" : 20032, "locked" : 0, "mmap" : 0 }
      },
      "00057" : {
        "mmconts" : [293, 296, 299],
        "acts" : [19, 19],
        "tstate" : { "idle" : 979983, "run" : 19634, "locked" : 0, "mmap" : 0 }
      },
      "00058" : {
        "mmconts" : [335, 335, 335],
        "acts" : [1, 1],
        "tstate" : { "idle" : 998265, "run" : 1351, "locked" : 0, "mmap" : 0 }
      }
    }
  },
  "benchmark_io" : {
    "simple_times" : {
      "mcount" : {
        "mcount" : { "16 -- 25" : 2, "10 -- 16" : 10 }
      }
    },
    "stream_method" : {
      "conns" : [0, 0],
      "in" : [0, 0],
      "out" : [0, 0],
      "mmtasks" : [0, 0, 1],
      "load" : 0.296,
      "mcount" : {
        "mcount" : { "Protocol error" : 12 }
      },
      "http_proto0" : {
        "mcount" : {
          "mcount" : { }
        }
      },
      "source_log" : {
        "delta" : [0, 0, 0]
      },
      "loggers" : {
        "brief_logger" : {
          "records" : [12, 12],
          "out" : [580, 580]
        }
      }
    }
  }
},
"2023-08-27 19:29:10.850 +0000" : {
  "main_scheduler" : {
    "bqs" : {
      "00056" : {
        "mmconts" : [287, 289, 293],
        "acts" : [20, 20],
        "tstate" : { "idle" : 980757, "run" : 18945, "locked" : 0, "mmap" : 0 }
      },
      "00057" : {
        "mmconts" : [287, 290, 293],
        "acts" : [19, 19],
        "tstate" : { "idle" : 979336, "run" : 20365, "locked" : 0, "mmap" : 0 }
      },
      "00058" : {
        "mmconts" : [335, 335, 335],
        "acts" : [1, 1],
        "tstate" : { "idle" : 998441, "run" : 1260, "locked" : 0, "mmap" : 0 }
      }
    }
  },
  "benchmark_io" : {
    "simple_times" : {
      "mcount" : {
        "mcount" : { "16 -- 25" : 1, "10 -- 16" : 10, "6 -- 10" : 1 }
      }
    },
    "stream_method" : {
      "conns" : [0, 0],
      "in" : [0, 0],
      "out" : [0, 0],
      "mmtasks" : [0, 0, 1],
      "load" : 0.288,
      "mcount" : {
        "mcount" : { "Protocol error" : 12 }
      },
      "http_proto0" : {
        "mcount" : {
          "mcount" : { }
        }
      },
      "source_log" : {
        "delta" : [0, 0, 0]
      },
      "loggers" : {
        "brief_logger" : {
          "records" : [12, 12],
          "out" : [577, 577]
        }
      }
    }
  }
},
"2023-08-27 19:29:11.850 +0000" : {
  "main_scheduler" : {
    "bqs" : {
      "00056" : {
        "mmconts" : [281, 283, 287],
        "acts" : [20, 19],
        "tstate" : { "idle" : 981403, "run" : 18910, "locked" : 0, "mmap" : 0 }
      },
      "00057" : {
        "mmconts" : [281, 284, 287],
        "acts" : [19, 18],
        "tstate" : { "idle" : 982598, "run" : 17747, "locked" : 0, "mmap" : 0 }
      },
      "00058" : {
        "mmconts" : [335, 335, 335],
        "acts" : [1, 0],
        "tstate" : { "idle" : 999223, "run" : 1124, "locked" : 0, "mmap" : 0 }
      }
    }
  },
  "benchmark_io" : {
    "simple_times" : {
      "mcount" : {
        "mcount" : { "10 -- 16" : 5, "6 -- 10" : 6, "4 -- 6" : 1 }
      }
    },
    "stream_method" : {
      "conns" : [0, 0],
      "in" : [0, 0],
      "out" : [0, 0],
      "mmtasks" : [0, 0, 1],
      "load" : 0.375,
      "mcount" : {
        "mcount" : { "Protocol error" : 12 }
      },
      "http_proto0" : {
        "mcount" : {
          "mcount" : { }
        }
      },
      "source_log" : {
        "delta" : [0, 0, 0]
      },
      "loggers" : {
        "brief_logger" : {
          "records" : [12, 11],
          "out" : [563, 562]
        }
      }
    }
  }
},
"2023-08-27 19:29:12.850 +0000" : {
  "main_scheduler" : {
    "bqs" : {
      "00056" : {
        "mmconts" : [274, 277, 281],
        "acts" : [23, 22],
        "tstate" : { "idle" : 977222, "run" : 22802, "locked" : 0, "mmap" : 0 }
      },
      "00057" : {
        "mmconts" : [275, 278, 281],
        "acts" : [19, 19],
        "tstate" : { "idle" : 980704, "run" : 19287, "locked" : 0, "mmap" : 0 }
      },
      "00058" : {
        "mmconts" : [335, 335, 335],
        "acts" : [1, 1],
        "tstate" : { "idle" : 998557, "run" : 1432, "locked" : 0, "mmap" : 0 }
      }
    }
  },
  "benchmark_io" : {
    "simple_times" : {
      "mcount" : {
        "mcount" : { "10 -- 16" : 13 }
      }
    },
    "stream_method" : {
      "conns" : [0, 0],
      "in" : [0, 0],
      "out" : [0, 0],
      "mmtasks" : [0, 0, 1],
      "load" : 0.293,
      "mcount" : {
        "mcount" : { "Protocol error" : 13 }
      },
      "http_proto0" : {
        "mcount" : {
          "mcount" : { }
        }
      },
      "source_log" : {
        "delta" : [0, 0, 0]
      },
      "loggers" : {
        "brief_logger" : {
          "records" : [13, 13],
          "out" : [628, 628]
        }
      }
    }
  }
},
"2023-08-27 19:29:13.850 +0000" : {
  "main_scheduler" : {
    "bqs" : {
      "00056" : {
        "mmconts" : [268, 271, 274],
        "acts" : [20, 20],
        "tstate" : { "idle" : 980407, "run" : 19350, "locked" : 0, "mmap" : 0 }
      },
      "00057" : {
        "mmconts" : [268, 271, 275],
        "acts" : [22, 22],
        "tstate" : { "idle" : 978661, "run" : 21104, "locked" : 0, "mmap" : 0 }
      },
      "00058" : {
        "mmconts" : [335, 335, 335],
        "acts" : [1, 1],
        "tstate" : { "idle" : 998329, "run" : 1436, "locked" : 0, "mmap" : 0 }
      }
    }
  },
  "benchmark_io" : {
    "simple_times" : {
      "mcount" : {
        "mcount" : { "10 -- 16" : 12, "6 -- 10" : 1 }
      }
    },
    "stream_method" : {
      "conns" : [0, 0],
      "in" : [0, 0],
      "out" : [0, 0],
      "mmtasks" : [0, 0, 1],
      "load" : 0.295,
      "mcount" : {
        "mcount" : { "Protocol error" : 13 }
      },
      "http_proto0" : {
        "mcount" : {
          "mcount" : { }
        }
      },
      "source_log" : {
        "delta" : [0, 0, 0]
      },
      "loggers" : {
        "brief_logger" : {
          "records" : [13, 13],
          "out" : [625, 625]
        }
      }
    }
  }
},
"2023-08-27 19:29:14.851 +0000" : {
  "main_scheduler" : {
    "bqs" : {
      "00056" : {
        "mmconts" : [261, 264, 268],
        "acts" : [23, 22],
        "tstate" : { "idle" : 979291, "run" : 21606, "locked" : 0, "mmap" : 0 }
      },
      "00057" : {
        "mmconts" : [262, 265, 268],
        "acts" : [19, 18],
        "tstate" : { "idle" : 983371, "run" : 17522, "locked" : 0, "mmap" : 0 }
      },
      "00058" : {
        "mmconts" : [335, 335, 335],
        "acts" : [1, 0],
        "tstate" : { "idle" : 999629, "run" : 1264, "locked" : 0, "mmap" : 0 }
      }
    }
  },
  "benchmark_io" : {
    "simple_times" : {
      "mcount" : {
        "mcount" : { "10 -- 16" : 8, "6 -- 10" : 5 }
      }
    },
    "stream_method" : {
      "conns" : [0, 0],
      "in" : [0, 0],
      "out" : [0, 0],
      "mmtasks" : [0, 0, 1],
      "load" : 0.319,
      "mcount" : {
        "mcount" : { "Protocol error" : 13 }
      },
      "http_proto0" : {
        "mcount" : {
          "mcount" : { }
        }
      },
      "source_log" : {
        "delta" : [0, 0, 0]
      },
      "loggers" : {
        "brief_logger" : {
          "records" : [13, 12],
          "out" : [614, 613]
        }
      }
    }
  }
},
"2023-08-27 19:29:15.850 +0000" : {
  "main_scheduler" : {
    "bqs" : {
      "00056" : {
        "mmconts" : [254, 257, 261],
        "acts" : [23, 23],
        "tstate" : { "idle" : 977993, "run" : 21173, "locked" : 0, "mmap" : 0 }
      },
      "00057" : {
        "mmconts" : [255, 258, 262],
        "acts" : [22, 22],
        "tstate" : { "idle" : 979317, "run" : 19849, "locked" : 0, "mmap" : 0 }
      },
      "00058" : {
        "mmconts" : [335, 335, 335],
        "acts" : [1, 1],
        "tstate" : { "idle" : 998044, "run" : 1123, "locked" : 0, "mmap" : 0 }
      }
    }
  },
  "benchmark_io" : {
    "simple_times" : {
      "mcount" : {
        "mcount" : { "10 -- 16" : 14 }
      }
    },
    "stream_method" : {
      "conns" : [0, 0],
      "in" : [0, 0],
      "out" : [0, 0],
      "mmtasks" : [0, 0, 1],
      "load" : 0.262,
      "mcount" : {
        "mcount" : { "Protocol error" : 14 }
      },
      "http_proto0" : {
        "mcount" : {
          "mcount" : { }
        }
      },
      "source_log" : {
        "delta" : [0, 0, 0]
      },
      "loggers" : {
        "brief_logger" : {
          "records" : [14, 14],
          "out" : [674, 674]
        }
      }
    }
  }
},
"2023-08-27 19:29:16.851 +0000" : {
  "main_scheduler" : {
    "bqs" : {
      "00056" : {
        "mmconts" : [247, 250, 254],
        "acts" : [23, 22],
        "tstate" : { "idle" : 978970, "run" : 21581, "locked" : 0, "mmap" : 0 }
      },
      "00057" : {
        "mmconts" : [247, 251, 255],
        "acts" : [25, 24],
        "tstate" : { "idle" : 977055, "run" : 23492, "locked" : 0, "mmap" : 0 }
      },
      "00058" : {
        "mmconts" : [335, 335, 335],
        "acts" : [1, 0],
        "tstate" : { "idle" : 999340, "run" : 1206, "locked" : 0, "mmap" : 0 }
      }
    }
  },
  "benchmark_io" : {
    "simple_times" : {
      "mcount" : {
        "mcount" : { "10 -- 16" : 15 }
      }
    },
    "stream_method" : {
      "conns" : [0, 0],
      "in" : [0, 0],
      "out" : [0, 0],
      "mmtasks" : [0, 0, 1],
      "load" : 0.282,
      "mcount" : {
        "mcount" : { "Protocol error" : 15 }
      },
      "http_proto0" : {
        "mcount" : {
          "mcount" : { }
        }
      },
      "source_log" : {
        "delta" : [0, 0, 0]
      },
      "loggers" : {
        "brief_logger" : {
          "records" : [15, 14],
          "out" : [721, 720]
        }
      }
    }
  }
},
"2023-08-27 19:29:17.851 +0000" : {
  "main_scheduler" : {
    "bqs" : {
      "00056" : {
        "mmconts" : [240, 243, 247],
        "acts" : [24, 23],
        "tstate" : { "idle" : 978602, "run" : 21606, "locked" : 0, "mmap" : 0 }
      },
      "00057" : {
        "mmconts" : [240, 243, 247],
        "acts" : [22, 21],
        "tstate" : { "idle" : 981181, "run" : 19033, "locked" : 0, "mmap" : 0 }
      },
      "00058" : {
        "mmconts" : [335, 335, 335],
        "acts" : [1, 0],
        "tstate" : { "idle" : 998903, "run" : 1312, "locked" : 0, "mmap" : 0 }
      }
    }
  },
  "benchmark_io" : {
    "simple_times" : {
      "mcount" : {
        "mcount" : { "10 -- 16" : 13, "6 -- 10" : 1 }
      }
    },
    "stream_method" : {
      "conns" : [0, 0],
      "in" : [0, 0],
      "out" : [0, 0],
      "mmtasks" : [0, 0, 1],
      "load" : 0.302,
      "mcount" : {
        "mcount" : { "Protocol error" : 14 }
      },
      "http_proto0" : {
        "mcount" : {
          "mcount" : { }
        }
      },
      "source_log" : {
        "delta" : [0, 0, 0]
      },
      "loggers" : {
        "brief_logger" : {
          "records" : [14, 13],
          "out" : [671, 670]
        }
      }
    }
  }
},
"2023-08-27 19:29:18.850 +0000" : {
  "main_scheduler" : {
    "bqs" : {
      "00056" : {
        "mmconts" : [232, 235, 240],
        "acts" : [25, 25],
        "tstate" : { "idle" : 975916, "run" : 23774, "locked" : 0, "mmap" : 0 }
      },
      "00057" : {
        "mmconts" : [232, 236, 240],
        "acts" : [25, 25],
        "tstate" : { "idle" : 977586, "run" : 22102, "locked" : 0, "mmap" : 0 }
      },
      "00058" : {
        "mmconts" : [335, 335, 335],
        "acts" : [1, 1],
        "tstate" : { "idle" : 998475, "run" : 1213, "locked" : 0, "mmap" : 0 }
      }
    }
  },
  "benchmark_io" : {
    "simple_times" : {
      "mcount" : {
        "mcount" : { "10 -- 16" : 13, "6 -- 10" : 3 }
      }
    },
    "stream_method" : {
      "conns" : [0, 0],
      "in" : [0, 0],
      "out" : [0, 0],
      "mmtasks" : [0, 0, 1],
      "load" : 0.295,
      "mcount" : {
        "mcount" : { "Protocol error" : 16 }
      },
      "http_proto0" : {
        "mcount" : {
          "mcount" : { }
        }
      },
      "source_log" : {
        "delta" : [0, 0, 0]
      },
      "loggers" : {
        "brief_logger" : {
          "records" : [16, 16],
          "out" : [762, 762]
        }
      }
    }
  }
},
"2023-08-27 19:29:19.850 +0000" : {
  "main_scheduler" : {
    "bqs" : {
      "00056" : {
        "mmconts" : [227, 228, 232],
        "acts" : [17, 17],
        "tstate" : { "idle" : 984557, "run" : 15381, "locked" : 0, "mmap" : 0 }
      },
      "00057" : {
        "mmconts" : [222, 228, 232],
        "acts" : [31, 31],
        "tstate" : { "idle" : 970733, "run" : 29226, "locked" : 0, "mmap" : 0 }
      },
      "00058" : {
        "mmconts" : [335, 335, 335],
        "acts" : [1, 1],
        "tstate" : { "idle" : 998729, "run" : 1230, "locked" : 0, "mmap" : 0 }
      }
    }
  },
  "benchmark_io" : {
    "simple_times" : {
      "mcount" : {
        "mcount" : { "10 -- 16" : 13, "6 -- 10" : 2 }
      }
    },
    "stream_method" : {
      "conns" : [0, 0],
      "in" : [0, 0],
      "out" : [0, 0],
      "mmtasks" : [0, 0, 1],
      "load" : 0.301,
      "mcount" : {
        "mcount" : { "Protocol error" : 15 }
      },
      "http_proto0" : {
        "mcount" : {
          "mcount" : { }
        }
      },
      "source_log" : {
        "delta" : [0, 0, 0]
      },
      "loggers" : {
        "brief_logger" : {
          "records" : [15, 14],
          "out" : [720, 719]
        }
      }
    }
  }
},
"2023-08-27 19:29:20.850 +0000" : {
  "main_scheduler" : {
    "bqs" : {
      "00056" : {
        "mmconts" : [224, 226, 227],
        "acts" : [11, 11],
        "tstate" : { "idle" : 989128, "run" : 10366, "locked" : 0, "mmap" : 0 }
      },
      "00057" : {
        "mmconts" : [209, 214, 222],
        "acts" : [40, 40],
        "tstate" : { "idle" : 963313, "run" : 36204, "locked" : 0, "mmap" : 0 }
      },
      "00058" : {
        "mmconts" : [335, 335, 335],
        "acts" : [1, 1],
        "tstate" : { "idle" : 998230, "run" : 1286, "locked" : 0, "mmap" : 0 }
      }
    }
  },
  "benchmark_io" : {
    "simple_times" : {
      "mcount" : {
        "mcount" : { "10 -- 16" : 14, "6 -- 10" : 2 }
      }
    },
    "stream_method" : {
      "conns" : [0, 0],
      "in" : [0, 0],
      "out" : [0, 0],
      "mmtasks" : [0, 0, 1],
      "load" : 0.279,
      "mcount" : {
        "mcount" : { "Protocol error" : 16 }
      },
      "http_proto0" : {
        "mcount" : {
          "mcount" : { }
        }
      },
      "source_log" : {
        "delta" : [0, 0, 0]
      },
      "loggers" : {
        "brief_logger" : {
          "records" : [16, 16],
          "out" : [766, 766]
        }
      }
    }
  }
},
"2023-08-27 19:29:21.851 +0000" : {
  "main_scheduler" : {
    "bqs" : {
      "00056" : {
        "mmconts" : [208, 215, 224],
        "acts" : [50, 49],
        "tstate" : { "idle" : 954565, "run" : 46371, "locked" : 0, "mmap" : 0 }
      },
      "00057" : {
        "mmconts" : [208, 208, 209],
        "acts" : [4, 3],
        "tstate" : { "idle" : 996785, "run" : 4105, "locked" : 0, "mmap" : 0 }
      },
      "00058" : {
        "mmconts" : [335, 335, 335],
        "acts" : [1, 0],
        "tstate" : { "idle" : 999635, "run" : 1256, "locked" : 0, "mmap" : 0 }
      }
    }
  },
  "benchmark_io" : {
    "simple_times" : {
      "mcount" : {
        "mcount" : { "10 -- 16" : 12, "6 -- 10" : 5 }
      }
    },
    "stream_method" : {
      "conns" : [0, 0],
      "in" : [0, 0],
      "out" : [0, 0],
      "mmtasks" : [0, 0, 1],
      "load" : 0.300,
      "mcount" : {
        "mcount" : { "Protocol error" : 17 }
      },
      "http_proto0" : {
        "mcount" : {
          "mcount" : { }
        }
      },
      "source_log" : {
        "delta" : [0, 0, 0]
      },
      "loggers" : {
        "brief_logger" : {
          "records" : [17, 16],
          "out" : [807, 806]
        }
      }
    }
  }
},
"2023-08-27 19:29:22.850 +0000" : {
  "main_scheduler" : {
    "bqs" : {
      "00056" : {
        "mmconts" : [199, 203, 208],
        "acts" : [29, 29],
        "tstate" : { "idle" : 972667, "run" : 26871, "locked" : 0, "mmap" : 0 }
      },
      "00057" : {
        "mmconts" : [200, 204, 208],
        "acts" : [25, 25],
        "tstate" : { "idle" : 977753, "run" : 21786, "locked" : 0, "mmap" : 0 }
      },
      "00058" : {
        "mmconts" : [335, 335, 335],
        "acts" : [1, 1],
        "tstate" : { "idle" : 998067, "run" : 1471, "locked" : 0, "mmap" : 0 }
      }
    }
  },
  "benchmark_io" : {
    "simple_times" : {
      "mcount" : {
        "mcount" : { "10 -- 16" : 6, "6 -- 10" : 11 }
      }
    },
    "stream_method" : {
      "conns" : [0, 0],
      "in" : [0, 0],
      "out" : [0, 0],
      "mmtasks" : [0, 0, 1],
      "load" : 0.351,
      "mcount" : {
        "mcount" : { "Protocol error" : 17 }
      },
      "http_proto0" : {
        "mcount" : {
          "mcount" : { }
        }
      },
      "source_log" : {
        "delta" : [0, 0, 0]
      },
      "loggers" : {
        "brief_logger" : {
          "records" : [17, 17],
          "out" : [794, 794]
        }
      }
    }
  }
},
"2023-08-27 19:29:23.850 +0000" : {
  "main_scheduler" : {
    "bqs" : {
      "00056" : {
        "mmconts" : [191, 195, 199],
        "acts" : [26, 26],
        "tstate" : { "idle" : 974991, "run" : 24598, "locked" : 0, "mmap" : 0 }
      },
      "00057" : {
        "mmconts" : [191, 195, 200],
        "acts" : [28, 28],
        "tstate" : { "idle" : 974876, "run" : 24743, "locked" : 0, "mmap" : 0 }
      },
      "00058" : {
        "mmconts" : [335, 335, 335],
        "acts" : [1, 1],
        "tstate" : { "idle" : 998192, "run" : 1427, "locked" : 0, "mmap" : 0 }
      }
    }
  },
  "benchmark_io" : {
    "simple_times" : {
      "mcount" : {
        "mcount" : { "10 -- 16" : 10, "6 -- 10" : 7 }
      }
    },
    "stream_method" : {
      "conns" : [0, 0],
      "in" : [0, 0],
      "out" : [0, 0],
      "mmtasks" : [0, 0, 1],
      "load" : 0.308,
      "mcount" : {
        "mcount" : { "Protocol error" : 17 }
      },
      "http_proto0" : {
        "mcount" : {
          "mcount" : { }
        }
      },
      "source_log" : {
        "delta" : [0, 0, 0]
      },
      "loggers" : {
        "brief_logger" : {
          "records" : [17, 17],
          "out" : [802, 802]
        }
      }
    }
  }
},
"2023-08-27 19:29:24.850 +0000" : {
  "main_scheduler" : {
    "bqs" : {
      "00056" : {
        "mmconts" : [182, 186, 191],
        "acts" : [29, 28],
        "tstate" : { "idle" : 974932, "run" : 25364, "locked" : 0, "mmap" : 0 }
      },
      "00057" : {
        "mmconts" : [182, 186, 191],
        "acts" : [28, 27],
        "tstate" : { "idle" : 975957, "run" : 24316, "locked" : 0, "mmap" : 0 }
      },
      "00058" : {
        "mmconts" : [335, 335, 335],
        "acts" : [1, 0],
        "tstate" : { "idle" : 999215, "run" : 1058, "locked" : 0, "mmap" : 0 }
      }
    }
  },
  "benchmark_io" : {
    "simple_times" : {
      "mcount" : {
        "mcount" : { "10 -- 16" : 11, "6 -- 10" : 7 }
      }
    },
    "stream_method" : {
      "conns" : [0, 0],
      "in" : [0, 0],
      "out" : [0, 0],
      "mmtasks" : [0, 0, 1],
      "load" : 0.308,
      "mcount" : {
        "mcount" : { "Protocol error" : 18 }
      },
      "http_proto0" : {
        "mcount" : {
          "mcount" : { }
        }
      },
      "source_log" : {
        "delta" : [0, 0, 0]
      },
      "loggers" : {
        "brief_logger" : {
          "records" : [18, 17],
          "out" : [852, 851]
        }
      }
    }
  }
},
"2023-08-27 19:29:25.850 +0000" : {
  "main_scheduler" : {
    "bqs" : {
      "00056" : {
        "mmconts" : [173, 177, 182],
        "acts" : [29, 28],
        "tstate" : { "idle" : 973597, "run" : 26681, "locked" : 0, "mmap" : 0 }
      },
      "00057" : {
        "mmconts" : [173, 177, 182],
        "acts" : [28, 27],
        "tstate" : { "idle" : 975485, "run" : 24785, "locked" : 0, "mmap" : 0 }
      },
      "00058" : {
        "mmconts" : [335, 335, 335],
        "acts" : [1, 0],
        "tstate" : { "idle" : 998815, "run" : 1455, "locked" : 0, "mmap" : 0 }
      }
    }
  },
  "benchmark_io" : {
    "simple_times" : {
      "mcount" : {
        "mcount" : { "10 -- 16" : 16, "6 -- 10" : 2 }
      }
    },
    "stream_method" : {
      "conns" : [0, 0],
      "in" : [0, 0],
      "out" : [0, 0],
      "mmtasks" : [0, 0, 1],
      "load" : 0.275,
      "mcount" : {
        "mcount" : { "Protocol error" : 18 }
      },
      "http_proto0" : {
        "mcount" : {
          "mcount" : { }
        }
      },
      "source_log" : {
        "delta" : [0, 0, 0]
      },
      "loggers" : {
        "brief_logger" : {
          "records" : [18, 17],
          "out" : [862, 861]
        }
      }
    }
  }
},
"2023-08-27 19:29:26.850 +0000" : {
  "main_scheduler" : {
    "bqs" : {
      "00056" : {
        "mmconts" : [164, 168, 173],
        "acts" : [29, 29],
        "tstate" : { "idle" : 972528, "run" : 27355, "locked" : 0, "mmap" : 0 }
      },
      "00057" : {
        "mmconts" : [164, 168, 173],
        "acts" : [28, 28],
        "tstate" : { "idle" : 975746, "run" : 24137, "locked" : 0, "mmap" : 0 }
      },
      "00058" : {
        "mmconts" : [335, 335, 335],
        "acts" : [1, 1],
        "tstate" : { "idle" : 998718, "run" : 1165, "locked" : 0, "mmap" : 0 }
      }
    }
  },
  "benchmark_io" : {
    "simple_times" : {
      "mcount" : {
        "mcount" : { "10 -- 16" : 18 }
      }
    },
    "stream_method" : {
      "conns" : [0, 0],
      "in" : [0, 0],
      "out" : [0, 0],
      "mmtasks" : [0, 0, 1],
      "load" : 0.268,
      "mcount" : {
        "mcount" : { "Protocol error" : 18 }
      },
      "http_proto0" : {
        "mcount" : {
          "mcount" : { }
        }
      },
      "source_log" : {
        "delta" : [0, 0, 0]
      },
      "loggers" : {
        "brief_logger" : {
          "records" : [18, 18],
          "out" : [865, 865]
        }
      }
    }
  }
},
"2023-08-27 19:29:27.850 +0000" : {
  "main_scheduler" : {
    "bqs" : {
      "00056" : {
        "mmconts" : [154, 158, 164],
        "acts" : [32, 32],
        "tstate" : { "idle" : 972390, "run" : 27212, "locked" : 0, "mmap" : 0 }
      },
      "00057" : {
        "mmconts" : [155, 159, 164],
        "acts" : [28, 28],
        "tstate" : { "idle" : 975480, "run" : 24123, "locked" : 0, "mmap" : 0 }
      },
      "00058" : {
        "mmconts" : [335, 335, 335],
        "acts" : [1, 1],
        "tstate" : { "idle" : 998017, "run" : 1586, "locked" : 0, "mmap" : 0 }
      }
    }
  },
  "benchmark_io" : {
    "simple_times" : {
      "mcount" : {
        "mcount" : { "10 -- 16" : 14, "6 -- 10" : 5 }
      }
    },
    "stream_method" : {
      "conns" : [0, 0],
      "in" : [0, 0],
      "out" : [0, 0],
      "mmtasks" : [0, 0, 1],
      "load" : 0.275,
      "mcount" : {
        "mcount" : { "Protocol error" : 19 }
      },
      "http_proto0" : {
        "mcount" : {
          "mcount" : { }
        }
      },
      "source_log" : {
        "delta" : [0, 0, 0]
      },
      "loggers" : {
        "brief_logger" : {
          "records" : [19, 19],
          "out" : [902, 902]
        }
      }
    }
  }
},
"2023-08-27 19:29:28.850 +0000" : {
  "main_scheduler" : {
    "bqs" : {
      "00056" : {
        "mmconts" : [144, 149, 154],
        "acts" : [32, 32],
        "tstate" : { "idle" : 967216, "run" : 32496, "locked" : 0, "mmap" : 0 }
      },
      "00057" : {
        "mmconts" : [145, 149, 155],
        "acts" : [31, 31],
        "tstate" : { "idle" : 973769, "run" : 25940, "locked" : 0, "mmap" : 0 }
      },
      "00058" : {
        "mmconts" : [335, 335, 335],
        "acts" : [1, 1],
        "tstate" : { "idle" : 998560, "run" : 1150, "locked" : 0, "mmap" : 0 }
      }
    }
  },
  "benchmark_io" : {
    "simple_times" : {
      "mcount" : {
        "mcount" : { "10 -- 16" : 19, "6 -- 10" : 1 }
      }
    },
    "stream_method" : {
      "conns" : [0, 0],
      "in" : [0, 0],
      "out" : [0, 0],
      "mmtasks" : [0, 0, 1],
      "load" : 0.282,
      "mcount" : {
        "mcount" : { "Protocol error" : 20 }
      },
      "http_proto0" : {
        "mcount" : {
          "mcount" : { }
        }
      },
      "source_log" : {
        "delta" : [0, 0, 0]
      },
      "loggers" : {
        "brief_logger" : {
          "records" : [20, 20],
          "out" : [958, 958]
        }
      }
    }
  }
},
"2023-08-27 19:29:29.850 +0000" : {
  "main_scheduler" : {
    "bqs" : {
      "00056" : {
        "mmconts" : [135, 139, 144],
        "acts" : [30, 29],
        "tstate" : { "idle" : 974491, "run" : 26195, "locked" : 0, "mmap" : 0 }
      },
      "00057" : {
        "mmconts" : [135, 140, 145],
        "acts" : [31, 30],
        "tstate" : { "idle" : 974123, "run" : 26571, "locked" : 0, "mmap" : 0 }
      },
      "00058" : {
        "mmconts" : [335, 335, 335],
        "acts" : [1, 0],
        "tstate" : { "idle" : 999403, "run" : 1290, "locked" : 0, "mmap" : 0 }
      }
    }
  },
  "benchmark_io" : {
    "simple_times" : {
      "mcount" : {
        "mcount" : { "10 -- 16" : 15, "6 -- 10" : 4 }
      }
    },
    "stream_method" : {
      "conns" : [0, 0],
      "in" : [0, 0],
      "out" : [0, 0],
      "mmtasks" : [0, 0, 1],
      "load" : 0.279,
      "mcount" : {
        "mcount" : { "Protocol error" : 19 }
      },
      "http_proto0" : {
        "mcount" : {
          "mcount" : { }
        }
      },
      "source_log" : {
        "delta" : [0, 0, 0]
      },
      "loggers" : {
        "brief_logger" : {
          "records" : [19, 18],
          "out" : [905, 904]
        }
      }
    }
  }
},
"2023-08-27 19:29:30.850 +0000" : {
  "main_scheduler" : {
    "bqs" : {
      "00056" : {
        "mmconts" : [124, 129, 135],
        "acts" : [34, 34],
        "tstate" : { "idle" : 967124, "run" : 32161, "locked" : 0, "mmap" : 0 }
      },
      "00057" : {
        "mmconts" : [125, 130, 135],
        "acts" : [31, 31],
        "tstate" : { "idle" : 972998, "run" : 26281, "locked" : 0, "mmap" : 0 }
      },
      "00058" : {
        "mmconts" : [335, 335, 335],
        "acts" : [1, 1],
        "tstate" : { "idle" : 997942, "run" : 1337, "locked" : 0, "mmap" : 0 }
      }
    }
  },
  "benchmark_io" : {
    "simple_times" : {
      "mcount" : {
        "mcount" : { "10 -- 16" : 19, "6 -- 10" : 2 }
      }
    },
    "stream_method" : {
      "conns" : [0, 0],
      "in" : [0, 0],
      "out" : [0, 0],
      "mmtasks" : [0, 0, 1],
      "load" : 0.273,
      "mcount" : {
        "mcount" : { "Protocol error" : 21 }
      },
      "http_proto0" : {
        "mcount" : {
          "mcount" : { }
        }
      },
      "source_log" : {
        "delta" : [0, 0, 0]
      },
      "loggers" : {
        "brief_logger" : {
          "records" : [21, 21],
          "out" : [1006, 1006]
        }
      }
    }
  }
},
"2023-08-27 19:29:31.851 +0000" : {
  "main_scheduler" : {
    "bqs" : {
      "00056" : {
        "mmconts" : [114, 119, 124],
        "acts" : [32, 31],
        "tstate" : { "idle" : 973836, "run" : 27433, "locked" : 0, "mmap" : 0 }
      },
      "00057" : {
        "mmconts" : [115, 119, 125],
        "acts" : [31, 30],
        "tstate" : { "idle" : 975265, "run" : 26007, "locked" : 0, "mmap" : 0 }
      },
      "00058" : {
        "mmconts" : [335, 335, 335],
        "acts" : [1, 0],
        "tstate" : { "idle" : 1000118, "run" : 1154, "locked" : 0, "mmap" : 0 }
      }
    }
  },
  "benchmark_io" : {
    "simple_times" : {
      "mcount" : {
        "mcount" : { "10 -- 16" : 11, "6 -- 10" : 9 }
      }
    },
    "stream_method" : {
      "conns" : [0, 0],
      "in" : [0, 0],
      "out" : [0, 0],
      "mmtasks" : [0, 0, 1],
      "load" : 0.284,
      "mcount" : {
        "mcount" : { "Protocol error" : 20 }
      },
      "http_proto0" : {
        "mcount" : {
          "mcount" : { }
        }
      },
      "source_log" : {
        "delta" : [0, 0, 0]
      },
      "loggers" : {
        "brief_logger" : {
          "records" : [20, 19],
          "out" : [945, 943]
        }
      }
    }
  }
},
"2023-08-27 19:29:32.850 +0000" : {
  "main_scheduler" : {
    "bqs" : {
      "00056" : {
        "mmconts" : [104, 108, 114],
        "acts" : [32, 32],
        "tstate" : { "idle" : 970869, "run" : 27903, "locked" : 0, "mmap" : 0 }
      },
      "00057" : {
        "mmconts" : [104, 109, 115],
        "acts" : [34, 34],
        "tstate" : { "idle" : 967859, "run" : 30911, "locked" : 0, "mmap" : 0 }
      },
      "00058" : {
        "mmconts" : [335, 335, 335],
        "acts" : [1, 1],
        "tstate" : { "idle" : 997309, "run" : 1462, "locked" : 0, "mmap" : 0 }
      }
    }
  },
  "benchmark_io" : {
    "simple_times" : {
      "mcount" : {
        "mcount" : { "10 -- 16" : 12, "6 -- 10" : 9 }
      }
    },
    "stream_method" : {
      "conns" : [0, 0],
      "in" : [0, 0],
      "out" : [0, 0],
      "mmtasks" : [0, 0, 1],
      "load" : 0.311,
      "mcount" : {
        "mcount" : { "Protocol error" : 21 }
      },
      "http_proto0" : {
        "mcount" : {
          "mcount" : { }
        }
      },
      "source_log" : {
        "delta" : [0, 0, 0]
      },
      "loggers" : {
        "brief_logger" : {
          "records" : [21, 21],
          "out" : [994, 995]
        }
      }
    }
  }
},
"2023-08-27 19:29:33.850 +0000" : {
  "main_scheduler" : {
    "bqs" : {
      "00056" : {
        "mmconts" : [93, 98, 104],
        "acts" : [35, 34],
        "tstate" : { "idle" : 971419, "run" : 28649, "locked" : 0, "mmap" : 0 }
      },
      "00057" : {
        "mmconts" : [93, 98, 104],
        "acts" : [34, 33],
        "tstate" : { "idle" : 970807, "run" : 29259, "locked" : 0, "mmap" : 0 }
      },
      "00058" : {
        "mmconts" : [335, 335, 335],
        "acts" : [1, 0],
        "tstate" : { "idle" : 998654, "run" : 1412, "locked" : 0, "mmap" : 0 }
      }
    }
  },
  "benchmark_io" : {
    "simple_times" : {
      "mcount" : {
        "mcount" : { "10 -- 16" : 6, "6 -- 10" : 14, "4 -- 6" : 2 }
      }
    },
    "stream_method" : {
      "conns" : [0, 0],
      "in" : [0, 0],
      "out" : [0, 0],
      "mmtasks" : [0, 0, 1],
      "load" : 0.335,
      "mcount" : {
        "mcount" : { "Protocol error" : 22 }
      },
      "http_proto0" : {
        "mcount" : {
          "mcount" : { }
        }
      },
      "source_log" : {
        "delta" : [0, 0, 0]
      },
      "loggers" : {
        "brief_logger" : {
          "records" : [22, 22],
          "out" : [1024, 1024]
        }
      }
    }
  }
},
"2023-08-27 19:29:34.851 +0000" : {
  "main_scheduler" : {
    "bqs" : {
      "00056" : {
        "mmconts" : [82, 87, 93],
        "acts" : [35, 34],
        "tstate" : { "idle" : 970198, "run" : 30720, "locked" : 0, "mmap" : 65 }
      },
      "00057" : {
        "mmconts" : [82, 87, 93],
        "acts" : [34, 33],
        "tstate" : { "idle" : 971968, "run" : 28808, "locked" : 0, "mmap" : 207 }
      },
      "00058" : {
        "mmconts" : [335, 335, 335],
        "acts" : [1, 0],
        "tstate" : { "idle" : 999767, "run" : 1216, "locked" : 0, "mmap" : 0 }
      }
    }
  },
  "benchmark_io" : {
    "simple_times" : {
      "mcount" : {
        "mcount" : { "10 -- 16" : 14, "6 -- 10" : 7, "4 -- 6" : 1 }
      }
    },
    "stream_method" : {
      "conns" : [0, 0],
      "in" : [0, 0],
      "out" : [0, 0],
      "mmtasks" : [0, 0, 1],
      "load" : 0.287,
      "mcount" : {
        "mcount" : { "Protocol error" : 22 }
      },
      "http_proto0" : {
        "mcount" : {
          "mcount" : { }
        }
      },
      "source_log" : {
        "delta" : [0, 0, 0]
      },
      "loggers" : {
        "brief_logger" : {
          "records" : [22, 21],
          "out" : [1041, 1039]
        }
      }
    }
  }
},
"2023-08-27 19:29:35.850 +0000" : {
  "main_scheduler" : {
    "bqs" : {
      "00056" : {
        "mmconts" : [71, 76, 82],
        "acts" : [35, 35],
        "tstate" : { "idle" : 965684, "run" : 32300, "locked" : 0, "mmap" : 968 }
      },
      "00057" : {
        "mmconts" : [71, 76, 82],
        "acts" : [34, 34],
        "tstate" : { "idle" : 967227, "run" : 30867, "locked" : 0, "mmap" : 860 }
      },
      "00058" : {
        "mmconts" : [335, 335, 335],
        "acts" : [1, 1],
        "tstate" : { "idle" : 997747, "run" : 1206, "locked" : 0, "mmap" : 0 }
      }
    }
  },
  "benchmark_io" : {
    "simple_times" : {
      "mcount" : {
        "mcount" : { "10 -- 16" : 11, "6 -- 10" : 11 }
      }
    },
    "stream_method" : {
      "conns" : [0, 0],
      "in" : [0, 0],
      "out" : [0, 0],
      "mmtasks" : [0, 0, 1],
      "load" : 0.330,
      "mcount" : {
        "mcount" : { "Protocol error" : 22 }
      },
      "http_proto0" : {
        "mcount" : {
          "mcount" : { }
        }
      },
      "source_log" : {
        "delta" : [0, 0, 0]
      },
      "loggers" : {
        "brief_logger" : {
          "records" : [22, 22],
          "out" : [1035, 1036]
        }
      }
    }
  }
},
"2023-08-27 19:29:36.850 +0000" : {
  "main_scheduler" : {
    "bqs" : {
      "00056" : {
        "mmconts" : [66, 67, 71],
        "acts" : [17, 16],
        "tstate" : { "idle" : 983548, "run" : 16548, "locked" : 0, "mmap" : 427 }
      },
      "00057" : {
        "mmconts" : [66, 67, 71],
        "acts" : [16, 15],
        "tstate" : { "idle" : 984348, "run" : 15759, "locked" : 0, "mmap" : 425 }
      },
      "00058" : {
        "mmconts" : [322, 331, 335],
        "acts" : [40, 39],
        "tstate" : { "idle" : 961772, "run" : 37772, "locked" : 0, "mmap" : 989 }
      }
    }
  },
  "benchmark_io" : {
    "simple_times" : {
      "mcount" : {
        "mcount" : { "10 -- 16" : 22, "6 -- 10" : 1 }
      }
    },
    "stream_method" : {
      "conns" : [0, 0],
      "in" : [0, 0],
      "out" : [0, 0],
      "mmtasks" : [0, 0, 1],
      "load" : 0.275,
      "mcount" : {
        "mcount" : { "Protocol error" : 23 }
      },
      "http_proto0" : {
        "mcount" : {
          "mcount" : { }
        }
      },
      "source_log" : {
        "delta" : [0, 0, 0]
      },
      "loggers" : {
        "brief_logger" : {
          "records" : [23, 22],
          "out" : [1102, 1101]
        }
      }
    }
  }
},
"2023-08-27 19:29:37.850 +0000" : {
  "main_scheduler" : {
    "bqs" : {
      "00056" : {
        "mmconts" : [66, 66, 66],
        "acts" : [2, 2],
        "tstate" : { "idle" : 997357, "run" : 2592, "locked" : 0, "mmap" : 0 }
      },
      "00057" : {
        "mmconts" : [66, 66, 66],
        "acts" : [1, 1],
        "tstate" : { "idle" : 998780, "run" : 1156, "locked" : 0, "mmap" : 0 }
      },
      "00058" : {
        "mmconts" : [299, 310, 322],
        "acts" : [70, 70],
        "tstate" : { "idle" : 938964, "run" : 59224, "locked" : 0, "mmap" : 1747 }
      }
    }
  },
  "benchmark_io" : {
    "simple_times" : {
      "mcount" : {
        "mcount" : { "10 -- 16" : 16, "6 -- 10" : 7 }
      }
    },
    "stream_method" : {
      "conns" : [0, 0],
      "in" : [0, 0],
      "out" : [0, 0],
      "mmtasks" : [0, 0, 1],
      "load" : 0.277,
      "mcount" : {
        "mcount" : { "Protocol error" : 23 }
      },
      "http_proto0" : {
        "mcount" : {
          "mcount" : { }
        }
      },
      "source_log" : {
        "delta" : [0, 0, 0]
      },
      "loggers" : {
        "brief_logger" : {
          "records" : [23, 23],
          "out" : [1094, 1094]
        }
      }
    }
  }
},
"2023-08-27 19:29:38.850 +0000" : {
  "main_scheduler" : {
    "bqs" : {
      "00056" : {
        "mmconts" : [65, 65, 66],
        "acts" : [5, 5],
        "tstate" : { "idle" : 995026, "run" : 4406, "locked" : 0, "mmap" : 67 }
      },
      "00057" : {
        "mmconts" : [65, 65, 66],
        "acts" : [4, 4],
        "tstate" : { "idle" : 996238, "run" : 3192, "locked" : 0, "mmap" : 75 }
      },
      "00058" : {
        "mmconts" : [278, 288, 299],
        "acts" : [64, 64],
        "tstate" : { "idle" : 944061, "run" : 53797, "locked" : 0, "mmap" : 1648 }
      }
    }
  },
  "benchmark_io" : {
    "simple_times" : {
      "mcount" : {
        "mcount" : { "10 -- 16" : 11, "6 -- 10" : 12 }
      }
    },
    "stream_method" : {
      "conns" : [0, 0],
      "in" : [0, 0],
      "out" : [0, 0],
      "mmtasks" : [0, 0, 1],
      "load" : 0.300,
      "mcount" : {
        "mcount" : { "Protocol error" : 23 }
      },
      "http_proto0" : {
        "mcount" : {
          "mcount" : { }
        }
      },
      "source_log" : {
        "delta" : [0, 0, 0]
      },
      "loggers" : {
        "brief_logger" : {
          "records" : [23, 23],
          "out" : [1082, 1082]
        }
      }
    }
  }
},
"2023-08-27 19:29:39.851 +0000" : {
  "main_scheduler" : {
    "bqs" : {
      "00056" : {
        "mmconts" : [65, 65, 65],
        "acts" : [2, 1],
        "tstate" : { "idle" : 998059, "run" : 3058, "locked" : 0, "mmap" : 0 }
      },
      "00057" : {
        "mmconts" : [65, 65, 65],
        "acts" : [1, 0],
        "tstate" : { "idle" : 999978, "run" : 1134, "locked" : 0, "mmap" : 0 }
      },
      "00058" : {
        "mmconts" : [254, 265, 278],
        "acts" : [73, 72],
        "tstate" : { "idle" : 936320, "run" : 62930, "locked" : 0, "mmap" : 1861 }
      }
    }
  },
  "benchmark_io" : {
    "simple_times" : {
      "mcount" : {
        "mcount" : { "10 -- 16" : 18, "6 -- 10" : 5, "4 -- 6" : 1 }
      }
    },
    "stream_method" : {
      "conns" : [0, 0],
      "in" : [0, 0],
      "out" : [0, 0],
      "mmtasks" : [0, 0, 1],
      "load" : 0.272,
      "mcount" : {
        "mcount" : { "Protocol error" : 24 }
      },
      "http_proto0" : {
        "mcount" : {
          "mcount" : { }
        }
      },
      "source_log" : {
        "delta" : [0, 0, 0]
      },
      "loggers" : {
        "brief_logger" : {
          "records" : [24, 23],
          "out" : [1143, 1141]
        }
      }
    }
  }
},
"2023-08-27 19:29:40.850 +0000" : {
  "main_scheduler" : {
    "bqs" : {
      "00056" : {
        "mmconts" : [65, 65, 65],
        "acts" : [2, 2],
        "tstate" : { "idle" : 996914, "run" : 2496, "locked" : 0, "mmap" : 0 }
      },
      "00057" : {
        "mmconts" : [65, 65, 65],
        "acts" : [1, 1],
        "tstate" : { "idle" : 998270, "run" : 1139, "locked" : 0, "mmap" : 0 }
      },
      "00058" : {
        "mmconts" : [229, 241, 254],
        "acts" : [76, 76],
        "tstate" : { "idle" : 930208, "run" : 67147, "locked" : 0, "mmap" : 2054 }
      }
    }
  },
  "benchmark_io" : {
    "simple_times" : {
      "mcount" : {
        "mcount" : { "10 -- 16" : 16, "6 -- 10" : 9 }
      }
    },
    "stream_method" : {
      "conns" : [0, 0],
      "in" : [0, 0],
      "out" : [0, 0],
      "mmtasks" : [0, 0, 1],
      "load" : 0.286,
      "mcount" : {
        "mcount" : { "Protocol error" : 25 }
      },
      "http_proto0" : {
        "mcount" : {
          "mcount" : { }
        }
      },
      "source_log" : {
        "delta" : [0, 0, 0]
      },
      "loggers" : {
        "brief_logger" : {
          "records" : [25, 25],
          "out" : [1182, 1182]
        }
      }
    }
  }
},
"2023-08-27 19:29:41.850 +0000" : {
  "main_scheduler" : {
    "bqs" : {
      "00056" : {
        "mmconts" : [65, 65, 65],
        "acts" : [2, 2],
        "tstate" : { "idle" : 997474, "run" : 2383, "locked" : 0, "mmap" : 0 }
      },
      "00057" : {
        "mmconts" : [65, 65, 65],
        "acts" : [1, 1],
        "tstate" : { "idle" : 998617, "run" : 1243, "locked" : 0, "mmap" : 0 }
      },
      "00058" : {
        "mmconts" : [205, 217, 229],
        "acts" : [74, 74],
        "tstate" : { "idle" : 933906, "run" : 64043, "locked" : 0, "mmap" : 1911 }
      }
    }
  },
  "benchmark_io" : {
    "simple_times" : {
      "mcount" : {
        "mcount" : { "10 -- 16" : 22, "6 -- 10" : 2 }
      }
    },
    "stream_method" : {
      "conns" : [0, 0],
      "in" : [0, 0],
      "out" : [0, 0],
      "mmtasks" : [0, 0, 1],
      "load" : 0.271,
      "mcount" : {
        "mcount" : { "Protocol error" : 24 }
      },
      "http_proto0" : {
        "mcount" : {
          "mcount" : { }
        }
      },
      "source_log" : {
        "delta" : [0, 0, 0]
      },
      "loggers" : {
        "brief_logger" : {
          "records" : [24, 23],
          "out" : [1148, 1147]
        }
      }
    }
  }
},
"2023-08-27 19:29:42.850 +0000" : {
  "main_scheduler" : {
    "bqs" : {
      "00056" : {
        "mmconts" : [64, 64, 65],
        "acts" : [5, 4],
        "tstate" : { "idle" : 992366, "run" : 7741, "locked" : 0, "mmap" : 69 }
      },
      "00057" : {
        "mmconts" : [65, 65, 65],
        "acts" : [1, 0],
        "tstate" : { "idle" : 996440, "run" : 3735, "locked" : 0, "mmap" : 0 }
      },
      "00058" : {
        "mmconts" : [180, 192, 205],
        "acts" : [75, 74],
        "tstate" : { "idle" : 926929, "run" : 71292, "locked" : 0, "mmap" : 1954 }
      }
    }
  },
  "benchmark_io" : {
    "simple_times" : {
      "mcount" : {
        "mcount" : { "10 -- 16" : 21, "6 -- 10" : 5 }
      }
    },
    "stream_method" : {
      "conns" : [0, 0],
      "in" : [0, 0],
      "out" : [0, 0],
      "mmtasks" : [0, 0, 1],
      "load" : 0.275,
      "mcount" : {
        "mcount" : { "Protocol error" : 26 }
      },
      "http_proto0" : {
        "mcount" : {
          "mcount" : { }
        }
      },
      "source_log" : {
        "delta" : [0, 0, 0]
      },
      "loggers" : {
        "brief_logger" : {
          "records" : [26, 26],
          "out" : [1239, 1239]
        }
      }
    }
  }
},
"2023-08-27 19:29:43.851 +0000" : {
  "main_scheduler" : {
    "bqs" : {
      "00056" : {
        "mmconts" : [64, 64, 64],
        "acts" : [2, 1],
        "tstate" : { "idle" : 998109, "run" : 2356, "locked" : 0, "mmap" : 0 }
      },
      "00057" : {
        "mmconts" : [64, 64, 65],
        "acts" : [4, 3],
        "tstate" : { "idle" : 995821, "run" : 4575, "locked" : 0, "mmap" : 67 }
      },
      "00058" : {
        "mmconts" : [156, 167, 180],
        "acts" : [73, 72],
        "tstate" : { "idle" : 931724, "run" : 66950, "locked" : 0, "mmap" : 1789 }
      }
    }
  },
  "benchmark_io" : {
    "simple_times" : {
      "mcount" : {
        "mcount" : { "10 -- 16" : 6, "6 -- 10" : 15, "4 -- 6" : 4 }
      }
    },
    "stream_method" : {
      "conns" : [0, 0],
      "in" : [0, 0],
      "out" : [0, 0],
      "mmtasks" : [0, 0, 1],
      "load" : 0.386,
      "mcount" : {
        "mcount" : { "Protocol error" : 25 }
      },
      "http_proto0" : {
        "mcount" : {
          "mcount" : { }
        }
      },
      "source_log" : {
        "delta" : [0, 0, 0]
      },
      "loggers" : {
        "brief_logger" : {
          "records" : [25, 24],
          "out" : [1164, 1163]
        }
      }
    }
  }
},
"2023-08-27 19:29:44.850 +0000" : {
  "main_scheduler" : {
    "bqs" : {
      "00056" : {
        "mmconts" : [64, 64, 64],
        "acts" : [2, 2],
        "tstate" : { "idle" : 996601, "run" : 2735, "locked" : 0, "mmap" : 0 }
      },
      "00057" : {
        "mmconts" : [64, 64, 64],
        "acts" : [1, 1],
        "tstate" : { "idle" : 998136, "run" : 1200, "locked" : 0, "mmap" : 0 }
      },
      "00058" : {
        "mmconts" : [130, 142, 156],
        "acts" : [80, 80],
        "tstate" : { "idle" : 931766, "run" : 65440, "locked" : 0, "mmap" : 2130 }
      }
    }
  },
  "benchmark_io" : {
    "simple_times" : {
      "mcount" : {
        "mcount" : { "10 -- 16" : 13, "6 -- 10" : 13 }
      }
    },
    "stream_method" : {
      "conns" : [0, 0],
      "in" : [0, 0],
      "out" : [0, 0],
      "mmtasks" : [0, 0, 1],
      "load" : 0.290,
      "mcount" : {
        "mcount" : { "Protocol error" : 26 }
      },
      "http_proto0" : {
        "mcount" : {
          "mcount" : { }
        }
      },
      "source_log" : {
        "delta" : [0, 0, 0]
      },
      "loggers" : {
        "brief_logger" : {
          "records" : [26, 26],
          "out" : [1224, 1225]
        }
      }
    }
  }
},
"2023-08-27 19:29:45.851 +0000" : {
  "main_scheduler" : {
    "bqs" : {
      "00056" : {
        "mmconts" : [64, 64, 64],
        "acts" : [2, 1],
        "tstate" : { "idle" : 998102, "run" : 2528, "locked" : 0, "mmap" : 0 }
      },
      "00057" : {
        "mmconts" : [64, 64, 64],
        "acts" : [1, 0],
        "tstate" : { "idle" : 999269, "run" : 1362, "locked" : 0, "mmap" : 0 }
      },
      "00058" : {
        "mmconts" : [103, 116, 130],
        "acts" : [81, 80],
        "tstate" : { "idle" : 923228, "run" : 75355, "locked" : 0, "mmap" : 2048 }
      }
    }
  },
  "benchmark_io" : {
    "simple_times" : {
      "mcount" : {
        "mcount" : { "10 -- 16" : 10, "6 -- 10" : 13, "4 -- 6" : 4 }
      }
    },
    "stream_method" : {
      "conns" : [0, 0],
      "in" : [0, 0],
      "out" : [0, 0],
      "mmtasks" : [0, 0, 1],
      "load" : 0.347,
      "mcount" : {
        "mcount" : { "Protocol error" : 27 }
      },
      "http_proto0" : {
        "mcount" : {
          "mcount" : { }
        }
      },
      "source_log" : {
        "delta" : [0, 0, 0]
      },
      "loggers" : {
        "brief_logger" : {
          "records" : [27, 26],
          "out" : [1264, 1263]
        }
      }
    }
  }
},
"2023-08-27 19:29:46.850 +0000" : {
  "main_scheduler" : {
    "bqs" : {
      "00056" : {
        "mmconts" : [64, 64, 64],
        "acts" : [2, 2],
        "tstate" : { "idle" : 996507, "run" : 3123, "locked" : 0, "mmap" : 0 }
      },
      "00057" : {
        "mmconts" : [64, 64, 64],
        "acts" : [1, 1],
        "tstate" : { "idle" : 998173, "run" : 1456, "locked" : 0, "mmap" : 0 }
      },
      "00058" : {
        "mmconts" : [76, 89, 103],
        "acts" : [82, 82],
        "tstate" : { "idle" : 923407, "run" : 74020, "locked" : 0, "mmap" : 2203 }
      }
    }
  },
  "benchmark_io" : {
    "simple_times" : {
      "mcount" : {
        "mcount" : { "10 -- 16" : 25, "6 -- 10" : 2 }
      }
    },
    "stream_method" : {
      "conns" : [0, 0],
      "in" : [0, 0],
      "out" : [0, 0],
      "mmtasks" : [0, 0, 1],
      "load" : 0.269,
      "mcount" : {
        "mcount" : { "Protocol error" : 27 }
      },
      "http_proto0" : {
        "mcount" : {
          "mcount" : { }
        }
      },
      "source_log" : {
        "delta" : [0, 0, 0]
      },
      "loggers" : {
        "brief_logger" : {
          "records" : [27, 27],
          "out" : [1295, 1295]
        }
      }
    }
  }
},
"2023-08-27 19:29:47.850 +0000" : {
  "main_scheduler" : {
    "bqs" : {
      "00056" : {
        "mmconts" : [61, 63, 64],
        "acts" : [11, 11],
        "tstate" : { "idle" : 988332, "run" : 11033, "locked" : 0, "mmap" : 234 }
      },
      "00057" : {
        "mmconts" : [62, 63, 64],
        "acts" : [7, 7],
        "tstate" : { "idle" : 993638, "run" : 5778, "locked" : 0, "mmap" : 189 }
      },
      "00058" : {
        "mmconts" : [54, 63, 76],
        "acts" : [67, 67],
        "tstate" : { "idle" : 941971, "run" : 55920, "locked" : 0, "mmap" : 1714 }
      }
    }
  },
  "benchmark_io" : {
    "simple_times" : {
      "mcount" : {
        "mcount" : { "10 -- 16" : 22, "6 -- 10" : 5 }
      }
    },
    "stream_method" : {
      "conns" : [0, 0],
      "in" : [0, 0],
      "out" : [0, 0],
      "mmtasks" : [0, 0, 1],
      "load" : 0.277,
      "mcount" : {
        "mcount" : { "Protocol error" : 27 }
      },
      "http_proto0" : {
        "mcount" : {
          "mcount" : { }
        }
      },
      "source_log" : {
        "delta" : [0, 0, 0]
      },
      "loggers" : {
        "brief_logger" : {
          "records" : [27, 27],
          "out" : [1288, 1288]
        }
      }
    }
  }
},
"2023-08-27 19:29:48.850 +0000" : {
  "main_scheduler" : {
    "bqs" : {
      "00056" : {
        "mmconts" : [52, 56, 61],
        "acts" : [29, 29],
        "tstate" : { "idle" : 975959, "run" : 23334, "locked" : 0, "mmap" : 626 }
      },
      "00057" : {
        "mmconts" : [52, 57, 62],
        "acts" : [31, 31],
        "tstate" : { "idle" : 974147, "run" : 24946, "locked" : 0, "mmap" : 826 }
      },
      "00058" : {
        "mmconts" : [45, 49, 54],
        "acts" : [28, 28],
        "tstate" : { "idle" : 976939, "run" : 22234, "locked" : 0, "mmap" : 746 }
      }
    }
  },
  "benchmark_io" : {
    "simple_times" : {
      "mcount" : {
        "mcount" : { "10 -- 16" : 5, "6 -- 10" : 23 }
      }
    },
    "stream_method" : {
      "conns" : [0, 0],
      "in" : [0, 0],
      "out" : [0, 0],
      "mmtasks" : [0, 0, 1],
      "load" : 0.289,
      "mcount" : {
        "mcount" : { "Protocol error" : 28 }
      },
      "http_proto0" : {
        "mcount" : {
          "mcount" : { }
        }
      },
      "source_log" : {
        "delta" : [0, 0, 0]
      },
      "loggers" : {
        "brief_logger" : {
          "records" : [28, 28],
          "out" : [1298, 1298]
        }
      }
    }
  }
},
"2023-08-27 19:29:49.850 +0000" : {
  "main_scheduler" : {
    "bqs" : {
      "00056" : {
        "mmconts" : [43, 47, 52],
        "acts" : [29, 28],
        "tstate" : { "idle" : 976791, "run" : 22988, "locked" : 0, "mmap" : 618 }
      },
      "00057" : {
        "mmconts" : [43, 47, 52],
        "acts" : [28, 27],
        "tstate" : { "idle" : 978154, "run" : 21535, "locked" : 0, "mmap" : 705 }
      },
      "00058" : {
        "mmconts" : [35, 40, 45],
        "acts" : [31, 30],
        "tstate" : { "idle" : 975516, "run" : 24135, "locked" : 0, "mmap" : 742 }
      }
    }
  },
  "benchmark_io" : {
    "simple_times" : {
      "mcount" : {
        "mcount" : { "10 -- 16" : 11, "6 -- 10" : 17 }
      }
    },
    "stream_method" : {
      "conns" : [0, 0],
      "in" : [0, 0],
      "out" : [0, 0],
      "mmtasks" : [0, 0, 1],
      "load" : 0.281,
      "mcount" : {
        "mcount" : { "Protocol error" : 28 }
      },
      "http_proto0" : {
        "mcount" : {
          "mcount" : { }
        }
      },
      "source_log" : {
        "delta" : [0, 0, 0]
      },
      "loggers" : {
        "brief_logger" : {
          "records" : [28, 27],
          "out" : [1310, 1309]
        }
      }
    }
  }
},
"2023-08-27 19:29:50.850 +0000" : {
  "main_scheduler" : {
    "bqs" : {
      "00056" : {
        "mmconts" : [33, 38, 43],
        "acts" : [32, 32],
        "tstate" : { "idle" : 973222, "run" : 25646, "locked" : 0, "mmap" : 786 }
      },
      "00057" : {
        "mmconts" : [34, 38, 43],
        "acts" : [29, 29],
        "tstate" : { "idle" : 976743, "run" : 22268, "locked" : 0, "mmap" : 643 }
      },
      "00058" : {
        "mmconts" : [26, 30, 35],
        "acts" : [28, 28],
        "tstate" : { "idle" : 976201, "run" : 22769, "locked" : 0, "mmap" : 684 }
      }
    }
  },
  "benchmark_io" : {
    "simple_times" : {
      "mcount" : {
        "mcount" : { "10 -- 16" : 12, "6 -- 10" : 16 }
      }
    },
    "stream_method" : {
      "conns" : [0, 0],
      "in" : [0, 0],
      "out" : [0, 0],
      "mmtasks" : [0, 0, 1],
      "load" : 0.289,
      "mcount" : {
        "mcount" : { "Protocol error" : 28 }
      },
      "http_proto0" : {
        "mcount" : {
          "mcount" : { }
        }
      },
      "source_log" : {
        "delta" : [0, 0, 0]
      },
      "loggers" : {
        "brief_logger" : {
          "records" : [28, 28],
          "out" : [1313, 1313]
        }
      }
    }
  }
},
"2023-08-27 19:29:51.851 +0000" : {
  "main_scheduler" : {
    "bqs" : {
      "00056" : {
        "mmconts" : [22, 28, 33],
        "acts" : [35, 34],
        "tstate" : { "idle" : 970208, "run" : 29766, "locked" : 0, "mmap" : 868 }
      },
      "00057" : {
        "mmconts" : [22, 28, 34],
        "acts" : [36, 35],
        "tstate" : { "idle" : 969613, "run" : 30287, "locked" : 0, "mmap" : 947 }
      },
      "00058" : {
        "mmconts" : [20, 21, 26],
        "acts" : [19, 18],
        "tstate" : { "idle" : 985493, "run" : 14954, "locked" : 0, "mmap" : 400 }
      }
    }
  },
  "benchmark_io" : {
    "simple_times" : {
      "mcount" : {
        "mcount" : { "10 -- 16" : 8, "6 -- 10" : 21 }
      }
    },
    "stream_method" : {
      "conns" : [0, 0],
      "in" : [0, 0],
      "out" : [0, 0],
      "mmtasks" : [0, 0, 1],
      "load" : 0.286,
      "mcount" : {
        "mcount" : { "Protocol error" : 29 }
      },
      "http_proto0" : {
        "mcount" : {
          "mcount" : { }
        }
      },
      "source_log" : {
        "delta" : [0, 0, 0]
      },
      "loggers" : {
        "brief_logger" : {
          "records" : [29, 28],
          "out" : [1354, 1353]
        }
      }
    }
  }
},
"2023-08-27 19:29:52.850 +0000" : {
  "main_scheduler" : {
    "bqs" : {
      "00056" : {
        "mmconts" : [14, 18, 22],
        "acts" : [26, 26],
        "tstate" : { "idle" : 978313, "run" : 20143, "locked" : 0, "mmap" : 568 }
      },
      "00057" : {
        "mmconts" : [14, 18, 22],
        "acts" : [25, 25],
        "tstate" : { "idle" : 978532, "run" : 19862, "locked" : 0, "mmap" : 624 }
      },
      "00058" : {
        "mmconts" : [6, 11, 20],
        "acts" : [43, 43],
        "tstate" : { "idle" : 964982, "run" : 32833, "locked" : 0, "mmap" : 1203 }
      }
    }
  },
  "benchmark_io" : {
    "simple_times" : {
      "mcount" : {
        "mcount" : { "10 -- 16" : 8, "6 -- 10" : 22 }
      }
    },
    "stream_method" : {
      "conns" : [0, 0],
      "in" : [0, 0],
      "out" : [0, 0],
      "mmtasks" : [0, 0, 1],
      "load" : 0.291,
      "mcount" : {
        "mcount" : { "Protocol error" : 30 }
      },
      "http_proto0" : {
        "mcount" : {
          "mcount" : { }
        }
      },
      "source_log" : {
        "delta" : [0, 0, 0]
      },
      "loggers" : {
        "brief_logger" : {
          "records" : [30, 30],
          "out" : [1396, 1397]
        }
      }
    }
  }
},
"2023-08-27 19:29:53.819 +0000" : {
  "main_scheduler" : {
    "bqs" : {
      "00056" : {
        "mmconts" : [2, 8, 14],
        "acts" : [37, 38],
        "tstate" : { "idle" : 938884, "run" : 29455, "locked" : 0, "mmap" : 998 }
      },
      "00057" : {
        "mmconts" : [1, 9, 14],
        "acts" : [38, 39],
        "tstate" : { "idle" : 935706, "run" : 32645, "locked" : 0, "mmap" : 991 }
      },
      "00058" : {
        "mmconts" : [1, 2, 6],
        "acts" : [16, 16],
        "tstate" : { "idle" : 956255, "run" : 12669, "locked" : 0, "mmap" : 419 }
      }
    }
  },
  "benchmark_io" : {
    "simple_times" : {
      "mcount" : {
        "mcount" : { "10 -- 16" : 9, "6 -- 10" : 14, "4 -- 6" : 6 }
      }
    },
    "stream_method" : {
      "conns" : [0, 0],
      "in" : [0, 0],
      "out" : [0, 0],
      "mmtasks" : [0, 0, 1],
      "load" : 0.332,
      "mcount" : {
        "mcount" : { "Protocol error" : 29 }
      },
      "http_proto0" : {
        "mcount" : {
          "mcount" : { }
        }
      },
      "source_log" : {
        "delta" : [0, 0, 0]
      },
      "loggers" : {
        "brief_logger" : {
          "records" : [29, 29],
          "out" : [1354, 1397]
        }
      }
    }
  }
}