1693164533.854		181008	181008	0	0	0	5451	0	0	71	0
1693164534.043		9373	9373	0	0	0	4465	0	0	71	0
1693164534.239		13940	13940	0	0	0	9471	0	0	71	0
1693164534.430		14199	14199	0	0	0	10098	0	0	71	0
1693164534.620		16441	16441	0	0	0	12376	0	0	71	0
1693164534.806		12779	12779	0	0	0	9001	0	0	71	0
1693164534.991		25069	25069	0	0	0	15175	0	0	71	0
1693164535.172		27871	27871	0	0	0	15275	0	0	71	0
1693164535.351		26848	26848	0	0	0	15969	0	0	71	0
1693164535.528		13712	13712	0	0	0	9917	0	0	71	0
1693164535.702		41864	41864	0	0	0	36233	0	0	71	0
1693164535.873		44577	44577	0	0	0	34707	0	0	71	0
1693164536.043		14743	14743	0	0	0	10209	0	0	71	0
1693164536.212		37709	37709	0	0	0	28611	0	0	71	0
1693164536.378		16531	16531	0	0	0	10510	0	0	71	0
1693164536.542		14533	14533	0	0	0	11065	0	0	71	0
1693164536.705		19714	19714	0	0	0	14717	0	0	71	0
1693164536.865		37026	37026	0	0	0	29375	0	0	71	0
1693164537.023		45807	45807	0	0	0	31227	0	0	71	0
1693164537.181		13440	13440	0	0	0	9162	0	0	71	0
1693164537.336		23665	23665	0	0	0	17614	0	0	71	0
1693164537.492		33172	33172	0	0	0	25662	0	0	71	0
1693164537.643		17329	17329	0	0	0	13351	0	0	71	0
1693164537.795		32895	32895	0	0	0	26050	0	0	71	0
1693164537.944		22339	22339	0	0	0	16172	0	0	71	0
1693164538.094		32004	32004	0	0	0	26225	0	0	71	0
1693164538.241		13993	13993	0	0	0	10303	0	0	71	0
1693164538.386		21438	21438	0	0	0	16105	0	0	71	0
1693164538.530		20827	20827	0	0	0	14440	0	0	71	0
1693164538.674		12992	12992	0	0	0	9409	0	0	71	0
1693164538.816		13252	13252	0	0	0	9591	0	0	71	0
1693164538.957		15136	15136	0	0	0	10647	0	0	71	0
1693164539.097		32660	32660	0	0	0	26509	0	0	71	0
1693164539.235		20793	20793	0	0	0	14187	0	0	71	0
1693164539.372		12683	12683	0	0	0	8924	0	0	71	0
1693164539.509		23551	23551	0	0	0	17774	0	0	71	0
1693164539.643		12830	12830	0	0	0	8709	0	0	71	0
1693164539.779		30637	30637	0	0	0	24696	0	0	71	0
1693164539.911		14617	14617	0	0	0	10516	0	0	71	0
1693164540.043		29605	29605	0	0	0	23478	0	0	71	0
1693164540.175		14421	14421	0	0	0	9752	0	0	71	0
1693164540.305		28621	28621	0	0	0	20683	0	0	71	0
1693164540.436		11756	11756	0	0	0	8345	0	0	71	0
1693164540.564		17964	17964	0	0	0	12913	0	0	71	0
1693164540.692		14582	14582	0	0	0	10210	0	0	71	0
1693164540.818		9211	9211	0	0	0	4652	0	0	71	0
1693164540.944		7829	7829	0	0	0	4253	0	0	71	0
1693164541.070		10371	10371	0	0	0	5664	0	0	71	0
1693164541.195		9175	9175	0	0	0	4979	0	0	71	0
1693164541.318		12988	12988	0	0	0	6204	0	0	71	0
1693164541.441		17439	17439	0	0	0	11071	0	0	71	0
1693164541.563		13836	13836	0	0	0	9958	0	0	71	0
1693164541.685		14451	14451	0	0	0	9409	0	0	71	0
1693164541.804		14202	14202	0	0	0	10343	0	0	71	0
1693164541.924		16045	16045	0	0	0	11313	0	0	71	0
1693164542.044		14639	14639	0	0	0	9868	0	0	71	0
1693164542.163		13325	13325	0	0	0	9507	0	0	71	0
1693164542.280		14612	14612	0	0	0	10376	0	0	71	0
1693164542.398		13248	13248	0	0	0	9520	0	0	71	0
1693164542.513		20898	20898	0	0	0	11672	0	0	71	0
1693164542.630		12547	12547	0	0	0	9198	0	0	71	0
1693164542.744		17254	17254	0	0	0	12528	0	0	71	0
1693164542.860		14449	14449	0	0	0	10111	0	0	71	0
1693164542.974		19980	19980	0	0	0	13913	0	0	71	0
1693164543.087		40908	40908	0	0	0	30603	0	0	71	0
1693164543.200		12703	12703	0	0	0	8952	0	0	71	0
1693164543.311		16392	16392	0	0	0	12485	0	0	71	0
1693164543.422		12593	12593	0	0	0	8646	0	0	71	0
1693164543.533		13760	13760	0	0	0	8817	0	0	71	0
1693164543.645		34878	34878	0	0	0	26501	0	0	71	0
1693164543.754		8756	8756	0	0	0	4695	0	0	71	0
1693164543.863		12499	12499	0	0	0	9164	0	0	71	0
1693164543.971		19606	19606	0	0	0	13455	0	0	71	0
1693164544.080		12890	12890	0	0	0	9164	0	0	71	0
1693164544.187		8766	8766	0	0	0	4912	0	0	71	0
1693164544.295		12910	12910	0	0	0	9125	0	0	71	0
1693164544.401		7352	7352	0	0	0	3978	0	0	71	0
1693164544.508		12829	12829	0	0	0	9310	0	0	71	0
1693164544.613		13483	13483	0	0	0	9546	0	0	71	0
1693164544.718		11841	11841	0	0	0	8252	0	0	71	0
1693164544.824		14297	14297	0	0	0	9923	0	0	71	0
1693164544.927		9152	9152	0	0	0	5900	0	0	71	0
1693164545.032		13063	13063	0	0	0	9645	0	0	71	0
1693164545.135		27662	27662	0	0	0	14492	0	0	71	0
1693164545.237		12760	12760	0	0	0	9225	0	0	71	0
1693164545.339		13595	13595	0	0	0	10167	0	0	71	0
1693164545.442		13506	13506	0	0	0	10098	0	0	71	0
1693164545.543		13284	13284	0	0	0	9966	0	0	71	0
1693164545.645		12542	12542	0	0	0	8814	0	0	71	0
1693164545.745		13946	13946	0	0	0	9933	0	0	71	0
1693164545.845		13443	13443	0	0	0	10065	0	0	71	0
1693164545.945		13684	13684	0	0	0	10221	0	0	71	0
1693164546.044		13932	13932	0	0	0	9927	0	0	71	0
1693164546.143		15783	15783	0	0	0	10819	0	0	71	0
1693164546.242		13097	13097	0	0	0	9622	0	0	71	0
1693164546.339		17485	17485	0	0	0	13352	0	0	71	0
1693164546.438		12380	12380	0	0	0	8420	0	0	71	0
1693164546.536		11825	11825	0	0	0	8634	0	0	71	0
1693164546.632		10691	10691	0	0	0	7165	0	0	71	0
1693164546.729		13073	13073	0	0	0	9414	0	0	71	0
1693164546.824		17366	17366	0	0	0	13077	0	0	71	0
1693164546.921		11409	11409	0	0	0	7867	0	0	71	0
1693164547.017		13768	13768	0	0	0	8012	0	0	71	0
1693164547.112		14032	14032	0	0	0	10069	0	0	71	0
1693164547.206		12090	12090	0	0	0	9105	0	0	71	0
1693164547.301		15046	15046	0	0	0	10860	0	0	71	0
1693164547.395		11891	11891	0	0	0	7904	0	0	71	0
1693164547.489		13497	13497	0	0	0	8133	0	0	71	0
1693164547.582		12631	12631	0	0	0	9325	0	0	71	0
1693164547.675		10227	10227	0	0	0	7277	0	0	71	0
1693164547.767		15648	15648	0	0	0	11640	0	0	71	0
1693164547.861		13156	13156	0	0	0	8833	0	0	71	0
1693164547.952		12446	12446	0	0	0	8124	0	0	71	0
1693164548.045		14747	14747	0	0	0	9728	0	0	71	0
1693164548.136		14644	14644	0	0	0	10987	0	0	71	0
1693164548.226		12599	12599	0	0	0	9429	0	0	71	0
1693164548.318		17076	17076	0	0	0	13085	0	0	71	0
1693164548.409		12363	12363	0	0	0	8464	0	0	71	0
1693164548.498		11215	11215	0	0	0	7090	0	0	71	0
1693164548.589		12502	12502	0	0	0	7919	0	0	71	0
1693164548.678		23060	23060	0	0	0	17542	0	0	71	0
1693164548.768		12372	12372	0	0	0	8907	0	0	71	0
1693164548.857		15620	15620	0	0	0	11847	0	0	71	0
1693164548.945		11718	11718	0	0	0	8301	0	0	71	0
1693164549.034		17727	17727	0	0	0	12487	0	0	71	0
1693164549.121		16709	16709	0	0	0	11885	0	0	71	0
1693164549.210		13946	13946	0	0	0	10032	0	0	71	0
1693164549.296		13148	13148	0	0	0	9436	0	0	71	0
1693164549.384		12695	12695	0	0	0	8774	0	0	71	0
1693164549.472		11750	11750	0	0	0	8197	0	0	71	0
1693164549.558		11234	11234	0	0	0	7116	0	0	71	0
1693164549.645		13578	13578	0	0	0	8696	0	0	71	0
1693164549.731		10702	10702	0	0	0	7608	0	0	71	0
1693164549.817		12870	12870	0	0	0	9393	0	0	71	0
1693164549.902		9336	9336	0	0	0	6553	0	0	71	0
1693164549.987		11218	11218	0	0	0	7958	0	0	71	0
1693164550.073		17096	17096	0	0	0	12553	0	0	71	0
1693164550.158		14619	14619	0	0	0	9957	0	0	71	0
1693164550.243		12022	12022	0	0	0	8880	0	0	71	0
1693164550.327		13722	13722	0	0	0	10437	0	0	71	0
1693164550.411		12668	12668	0	0	0	9243	0	0	71	0
1693164550.495		10945	10945	0	0	0	7638	0	0	71	0
1693164550.579		11230	11230	0	0	0	7467	0	0	71	0
1693164550.662		13571	13571	0	0	0	8024	0	0	71	0
1693164550.744		12994	12994	0	0	0	9576	0	0	71	0
1693164550.827		15996	15996	0	0	0	12255	0	0	71	0
1693164550.910		11333	11333	0	0	0	8163	0	0	71	0
1693164550.993		10327	10327	0	0	0	7258	0	0	71	0
1693164551.076		10887	10887	0	0	0	7465	0	0	71	0
1693164551.158		15235	15235	0	0	0	10924	0	0	71	0
1693164551.239		12483	12483	0	0	0	8814	0	0	71	0
1693164551.321		7482	7482	0	0	0	4123	0	0	71	0
1693164551.401		7396	7396	0	0	0	3942	0	0	71	0
1693164551.483		7898	7898	0	0	0	4174	0	0	71	0
1693164551.563		7423	7423	0	0	0	3640	0	0	71	0
1693164551.645		6260	6260	0	0	0	3134	0	0	71	0
1693164551.725		8170	8170	0	0	0	4611	0	0	71	0
1693164551.804		7985	7985	0	0	0	4256	0	0	71	0
1693164551.884		15618	15618	0	0	0	11944	0	0	71	0
1693164551.964		10544	10544	0	0	0	7262	0	0	71	0
1693164552.044		12405	12405	0	0	0	8814	0	0	71	0
1693164552.124		12725	12725	0	0	0	8473	0	0	71	0
1693164552.202		12871	12871	0	0	0	9444	0	0	71	0
1693164552.281		13998	13998	0	0	0	10182	0	0	71	0
1693164552.360		14295	14295	0	0	0	10626	0	0	71	0
1693164552.439		10740	10740	0	0	0	6874	0	0	71	0
1693164552.518		10768	10768	0	0	0	7501	0	0	71	0
1693164552.596		12229	12229	0	0	0	7955	0	0	71	0
1693164552.673		12134	12134	0	0	0	7853	0	0	71	0
1693164552.751		10881	10881	0	0	0	7577	0	0	71	0
1693164552.829		15917	15917	0	0	0	12146	0	0	71	0
1693164552.907		10270	10270	0	0	0	7021	0	0	71	0
1693164552.984		11144	11144	0	0	0	7699	0	0	71	0
1693164553.060		11220	11220	0	0	0	7470	0	0	71	0
1693164553.138		14636	14636	0	0	0	10895	0	0	71	0
1693164553.213		12459	12459	0	0	0	9264	0	0	71	0
1693164553.291		14139	14139	0	0	0	10586	0	0	71	0
1693164553.367		12674	12674	0	0	0	9134	0	0	71	0
1693164553.443		11477	11477	0	0	0	7586	0	0	71	0
1693164553.519		11913	11913	0	0	0	7800	0	0	71	0
1693164553.595		11111	11111	0	0	0	7425	0	0	71	0
1693164553.670		11319	11319	0	0	0	7614	0	0	71	0
1693164553.744		9885	9885	0	0	0	7018	0	0	71	0
1693164553.820		15140	15140	0	0	0	11358	0	0	71	0
1693164553.894		9259	9259	0	0	0	6570	0	0	71	0
1693164553.970		13108	13108	0	0	0	9597	0	0	71	0
1693164554.045		8561	8561	0	0	0	4687	0	0	71	0
1693164554.118		7577	7577	0	0	0	3997	0	0	71	0
1693164554.193		8827	8827	0	0	0	4879	0	0	71	0
1693164554.268		11958	11958	0	0	0	8626	0	0	71	0
1693164554.341		12880	12880	0	0	0	9139	0	0	71	0
1693164554.414		12187	12187	0	0	0	8914	0	0	71	0
1693164554.488		12593	12593	0	0	0	8980	0	0	71	0
1693164554.562		12876	12876	0	0	0	9354	0	0	71	0
1693164554.635		12569	12569	0	0	0	9106	0	0	71	0
1693164554.708		7685	7685	0	0	0	4308	0	0	71	0
1693164554.782		12812	12812	0	0	0	9093	0	0	71	0
1693164554.855		12812	12812	0	0	0	9561	0	0	71	0
1693164554.926		12370	12370	0	0	0	9110	0	0	71	0
1693164555.000		11358	11358	0	0	0	8200	0	0	71	0
1693164555.072		13420	13420	0	0	0	10005	0	0	71	0
1693164555.143		13684	13684	0	0	0	9894	0	0	71	0
1693164555.216		12969	12969	0	0	0	9672	0	0	71	0
1693164555.288		12884	12884	0	0	0	9498	0	0	71	0
1693164555.359		12953	12953	0	0	0	9506	0	0	71	0
1693164555.430		12729	12729	0	0	0	9277	0	0	71	0
1693164555.503		13254	13254	0	0	0	10033	0	0	71	0
1693164555.574		11575	11575	0	0	0	8543	0	0	71	0
1693164555.644		12461	12461	0	0	0	9435	0	0	71	0
1693164555.715		13734	13734	0	0	0	9917	0	0	71	0
1693164555.786		13593	13593	0	0	0	9944	0	0	71	0
1693164555.857		12316	12316	0	0	0	9114	0	0	71	0
1693164555.928		12811	12811	0	0	0	9539	0	0	71	0
1693164555.998		12802	12802	0	0	0	9237	0	0	71	0
1693164556.068		11612	11612	0	0	0	8268	0	0	71	0
1693164556.138		12819	12819	0	0	0	9447	0	0	71	0
1693164556.207		13097	13097	0	0	0	9722	0	0	71	0
1693164556.278		13170	13170	0	0	0	9674	0	0	71	0
1693164556.347		13521	13521	0	0	0	10197	0	0	71	0
1693164556.416		12082	12082	0	0	0	8674	0	0	71	0
1693164556.486		14834	14834	0	0	0	9675	0	0	71	0
1693164556.556		14125	14125	0	0	0	9792	0	0	71	0
1693164556.624		11181	11181	0	0	0	7447	0	0	71	0
1693164556.693		13034	13034	0	0	0	9270	0	0	71	0
1693164556.762		12185	12185	0	0	0	8666	0	0	71	0
1693164556.831		13228	13228	0	0	0	9531	0	0	71	0
1693164556.900		9366	9366	0	0	0	6040	0	0	71	0
1693164556.968		11617	11617	0	0	0	8468	0	0	71	0
1693164557.035		10547	10547	0	0	0	7226	0	0	71	0
1693164557.104		10603	10603	0	0	0	7299	0	0	71	0
1693164557.173		11148	11148	0	0	0	7388	0	0	71	0
1693164557.240		12650	12650	0	0	0	9377	0	0	71	0
1693164557.307		10628	10628	0	0	0	7356	0	0	71	0
1693164557.375		14198	14198	0	0	0	10318	0	0	71	0
1693164557.443		11527	11527	0	0	0	8382	0	0	71	0
1693164557.510		10750	10750	0	0	0	7524	0	0	71	0
1693164557.577		10793	10793	0	0	0	7722	0	0	71	0
1693164557.645		10663	10663	0	0	0	7280	0	0	71	0
1693164557.712		11178	11178	0	0	0	7228	0	0	71	0
1693164557.779		11559	11559	0	0	0	8079	0	0	71	0
1693164557.846		12884	12884	0	0	0	9629	0	0	71	0
1693164557.912		10832	10832	0	0	0	7354	0	0	71	0
1693164557.978		9425	9425	0	0	0	6540	0	0	71	0
1693164558.044		9906	9906	0	0	0	6896	0	0	71	0
1693164558.110		11136	11136	0	0	0	7596	0	0	71	0
1693164558.176		12233	12233	0	0	0	8686	0	0	71	0
1693164558.243		12730	12730	0	0	0	9151	0	0	71	0
1693164558.309		11049	11049	0	0	0	8163	0	0	71	0
1693164558.375		13612	13612	0	0	0	9854	0	0	71	0
1693164558.441		13587	13587	0	0	0	9787	0	0	71	0
1693164558.505		10799	10799	0	0	0	7310	0	0	71	0
1693164558.572		10317	10317	0	0	0	7148	0	0	71	0
1693164558.636		10671	10671	0	0	0	7400	0	0	71	0
1693164558.702		9606	9606	0	0	0	6442	0	0	71	0
1693164558.766		10721	10721	0	0	0	7415	0	0	71	0
1693164558.831		13928	13928	0	0	0	9890	0	0	71	0
1693164558.897		9097	9097	0	0	0	6131	0	0	71	0
1693164558.962		10782	10782	0	0	0	7809	0	0	71	0
1693164559.025		13647	13647	0	0	0	10040	0	0	71	0
1693164559.091		12730	12730	0	0	0	9405	0	0	71	0
1693164559.154		12062	12062	0	0	0	8778	0	0	71	0
1693164559.219		10725	10725	0	0	0	7063	0	0	71	0
1693164559.283		10401	10401	0	0	0	7347	0	0	71	0
1693164559.347		14291	14291	0	0	0	10729	0	0	71	0
1693164559.411		10811	10811	0	0	0	7461	0	0	71	0
1693164559.474		12015	12015	0	0	0	7348	0	0	71	0
1693164559.538		11142	11142	0	0	0	7644	0	0	71	0
1693164559.602		11910	11910	0	0	0	7890	0	0	71	0
1693164559.665		10150	10150	0	0	0	7080	0	0	71	0
1693164559.730		10575	10575	0	0	0	7188	0	0	71	0
1693164559.792		10279	10279	0	0	0	7317	0	0	71	0
1693164559.855		12723	12723	0	0	0	9663	0	0	71	0
1693164559.918		9090	9090	0	0	0	6434	0	0	71	0
1693164559.982		9838	9838	0	0	0	6937	0	0	71	0
1693164560.044		10276	10276	0	0	0	7083	0	0	71	0
1693164560.108		13119	13119	0	0	0	9841	0	0	71	0
1693164560.169		12076	12076	0	0	0	9015	0	0	71	0
1693164560.232		13318	13318	0	0	0	9973	0	0	71	0
1693164560.295		11559	11559	0	0	0	8590	0	0	71	0
1693164560.358		13806	13806	0	0	0	10259	0	0	71	0
1693164560.420		10956	10956	0	0	0	7923	0	0	71	0
1693164560.482		13064	13064	0	0	0	9271	0	0	71	0
1693164560.543		11670	11670	0	0	0	8449	0	0	71	0
1693164560.605		12364	12364	0	0	0	8933	0	0	71	0
1693164560.668		12523	12523	0	0	0	7444	0	0	71	0
1693164560.730		13781	13781	0	0	0	10389	0	0	71	0
1693164560.792		10644	10644	0	0	0	7301	0	0	71	0
1693164560.853		12068	12068	0	0	0	9137	0	0	71	0
1693164560.914		9037	9037	0	0	0	6185	0	0	71	0
1693164560.976		8905	8905	0	0	0	6139	0	0	71	0
1693164561.037		9968	9968	0	0	0	6895	0	0	71	0
1693164561.099		10520	10520	0	0	0	7262	0	0	71	0
1693164561.160		12502	12502	0	0	0	9042	0	0	71	0
1693164561.221		10789	10789	0	0	0	6698	0	0	71	0
1693164561.281		12651	12651	0	0	0	9362	0	0	71	0
1693164561.341		12698	12698	0	0	0	9315	0	0	71	0
1693164561.403		13492	13492	0	0	0	9886	0	0	71	0
1693164561.464		9758	9758	0	0	0	6748	0	0	71	0
1693164561.524		9173	9173	0	0	0	5839	0	0	71	0
1693164561.584		11229	11229	0	0	0	7047	0	0	71	0
1693164561.644		10733	10733	0	0	0	7083	0	0	71	0
1693164561.705		13478	13478	0	0	0	9401	0	0	71	0
1693164561.765		13336	13336	0	0	0	9367	0	0	71	0
1693164561.825		14892	14892	0	0	0	11075	0	0	71	0
1693164561.885		12836	12836	0	0	0	9475	0	0	71	0
1693164561.945		11519	11519	0	0	0	8556	0	0	71	0
1693164562.004		10870	10870	0	0	0	7648	0	0	71	0
1693164562.064		6954	6954	0	0	0	3672	0	0	71	0
1693164562.124		9010	9010	0	0	0	4346	0	0	71	0
1693164562.184		7270	7270	0	0	0	4225	0	0	71	0
1693164562.244		7507	7507	0	0	0	4113	0	0	71	0
1693164562.302		7728	7728	0	0	0	3865	0	0	71	0
1693164562.362		7272	7272	0	0	0	4047	0	0	71	0
1693164562.420		12146	12146	0	0	0	8755	0	0	71	0
1693164562.480		9805	9805	0	0	0	6819	0	0	71	0
1693164562.539		9250	9250	0	0	0	6313	0	0	71	0
1693164562.597		11174	11174	0	0	0	7477	0	0	71	0
1693164562.656		9375	9375	0	0	0	6102	0	0	71	0
1693164562.715		9906	9906	0	0	0	5995	0	0	71	0
1693164562.774		10374	10374	0	0	0	7157	0	0	71	0
1693164562.832		9845	9845	0	0	0	6986	0	0	71	0
1693164562.892		12347	12347	0	0	0	9336	0	0	71	0
1693164562.949		10880	10880	0	0	0	7602	0	0	71	0
1693164563.009		9808	9808	0	0	0	6978	0	0	71	0
1693164563.067		8509	8509	0	0	0	5666	0	0	71	0
1693164563.125		11047	11047	0	0	0	7855	0	0	71	0
1693164563.183		11118	11118	0	0	0	7555	0	0	71	0
1693164563.241		9978	9978	0	0	0	6213	0	0	71	0
1693164563.299		12511	12511	0	0	0	7485	0	0	71	0
1693164563.356		11295	11295	0	0	0	7827	0	0	71	0
1693164563.415		13179	13179	0	0	0	9559	0	0	71	0
1693164563.471		12851	12851	0	0	0	8388	0	0	71	0
1693164563.530		10644	10644	0	0	0	7732	0	0	71	0
1693164563.588		9613	9613	0	0	0	6415	0	0	71	0
1693164563.644		9708	9708	0	0	0	6779	0	0	71	0
1693164563.701		9486	9486	0	0	0	6507	0	0	71	0
1693164563.759		9684	9684	0	0	0	6961	0	0	71	0
1693164563.816		12871	12871	0	0	0	9448	0	0	71	0
1693164563.873		13094	13094	0	0	0	9701	0	0	71	0
1693164563.930		11876	11876	0	0	0	8644	0	0	71	0
1693164563.987		10648	10648	0	0	0	7708	0	0	71	0
1693164564.044		12265	12265	0	0	0	8930	0	0	71	0
1693164564.102		11949	11949	0	0	0	8857	0	0	71	0
1693164564.159		12155	12155	0	0	0	9093	0	0	71	0
1693164564.214		9454	9454	0	0	0	6313	0	0	71	0
1693164564.272		12134	12134	0	0	0	8857	0	0	71	0
1693164564.328		11934	11934	0	0	0	8960	0	0	71	0
1693164564.385		8099	8099	0	0	0	4688	0	0	71	0
1693164564.441		6953	6953	0	0	0	3705	0	0	71	0
1693164564.498		7264	7264	0	0	0	3905	0	0	71	0
1693164564.554		7607	7607	0	0	0	4038	0	0	71	0
1693164564.609		10615	10615	0	0	0	7399	0	0	71	0
1693164564.665		10230	10230	0	0	0	7156	0	0	71	0
1693164564.722		12969	12969	0	0	0	9666	0	0	71	0
1693164564.778		12346	12346	0	0	0	8524	0	0	71	0
1693164564.833		9294	9294	0	0	0	5783	0	0	71	0
1693164564.890		7131	7131	0	0	0	4104	0	0	71	0
1693164564.945		11590	11590	0	0	0	8524	0	0	71	0
1693164565.000		12591	12591	0	0	0	9340	0	0	71	0
1693164565.056		7336	7336	0	0	0	4119	0	0	71	0
1693164565.112		12993	12993	0	0	0	9469	0	0	71	0
1693164565.168		12507	12507	0	0	0	9410	0	0	71	0
1693164565.223		12440	12440	0	0	0	9531	0	0	71	0
1693164565.278		12610	12610	0	0	0	9143	0	0	71	0
1693164565.333		12004	12004	0	0	0	8518	0	0	71	0
1693164565.388		13716	13716	0	0	0	10109	0	0	71	0
1693164565.443		13192	13192	0	0	0	9845	0	0	71	0
1693164565.498		12649	12649	0	0	0	9296	0	0	71	0
1693164565.553		12701	12701	0	0	0	9529	0	0	71	0
1693164565.608		13140	13140	0	0	0	9767	0	0	71	0
1693164565.663		14035	14035	0	0	0	9517	0	0	71	0
1693164565.717		13699	13699	0	0	0	10189	0	0	71	0
1693164565.773		13187	13187	0	0	0	9709	0	0	71	0
1693164565.826		13014	13014	0	0	0	9744	0	0	71	0
1693164565.881		13456	13456	0	0	0	9902	0	0	71	0
1693164565.936		11416	11416	0	0	0	8442	0	0	71	0
1693164565.991		12287	12287	0	0	0	9114	0	0	71	0
1693164566.044		13085	13085	0	0	0	9142	0	0	71	0
1693164566.099		12425	12425	0	0	0	9222	0	0	71	0
1693164566.153		13465	13465	0	0	0	10245	0	0	71	0
1693164566.208		13464	13464	0	0	0	9838	0	0	71	0
1693164566.261		12797	12797	0	0	0	9312	0	0	71	0
1693164566.315		13902	13902	0	0	0	9644	0	0	71	0
1693164566.369		12241	12241	0	0	0	9001	0	0	71	0
1693164566.423		13020	13020	0	0	0	9990	0	0	71	0
1693164566.477		12024	12024	0	0	0	8978	0	0	71	0
1693164566.531		12355	12355	0	0	0	9211	0	0	71	0
1693164566.585		11572	11572	0	0	0	8667	0	0	71	0
1693164566.638		13535	13535	0	0	0	9368	0	0	71	0
1693164566.692		12460	12460	0	0	0	8790	0	0	71	0
1693164566.744		12206	12206	0	0	0	9143	0	0	71	0
1693164566.798		10242	10242	0	0	0	7371	0	0	71	0
1693164566.852		10255	10255	0	0	0	7316	0	0	71	0
1693164566.905		12450	12450	0	0	0	9192	0	0	71	0
1693164566.959		9536	9536	0	0	0	6903	0	0	71	0
1693164567.012		9265	9265	0	0	0	6567	0	0	71	0
1693164567.065		9089	9089	0	0	0	6313	0	0	71	0
1693164567.118		11803	11803	0	0	0	8776	0	0	71	0
1693164567.171		11307	11307	0	0	0	8259	0	0	71	0
1693164567.224		9976	9976	0	0	0	7030	0	0	71	0
1693164567.277		11177	11177	0	0	0	8051	0	0	71	0
1693164567.330		9677	9677	0	0	0	6599	0	0	71	0
1693164567.382		12544	12544	0	0	0	9213	0	0	71	0
1693164567.434		12180	12180	0	0	0	9237	0	0	71	0
1693164567.487		12141	12141	0	0	0	9101	0	0	71	0
1693164567.539		12260	12260	0	0	0	9036	0	0	71	0
1693164567.593		10503	10503	0	0	0	7516	0	0	71	0
1693164567.644		10631	10631	0	0	0	7567	0	0	71	0
1693164567.697		12242	12242	0	0	0	8991	0	0	71	0
1693164567.750		11049	11049	0	0	0	7914	0	0	71	0
1693164567.802		12143	12143	0	0	0	8783	0	0	71	0
1693164567.853		12218	12218	0	0	0	9214	0	0	71	0
1693164567.905		12727	12727	0	0	0	9504	0	0	71	0
1693164567.958		10952	10952	0	0	0	7865	0	0	71	0
1693164568.010		11855	11855	0	0	0	8557	0	0	71	0
1693164568.062		12323	12323	0	0	0	8914	0	0	71	0
1693164568.114		11985	11985	0	0	0	8815	0	0	71	0
1693164568.165		11504	11504	0	0	0	8508	0	0	71	0
1693164568.217		12556	12556	0	0	0	9301	0	0	71	0
1693164568.270		9810	9810	0	0	0	6734	0	0	71	0
1693164568.320		13920	13920	0	0	0	6808	0	0	71	0
1693164568.372		11306	11306	0	0	0	8255	0	0	71	0
1693164568.423		13002	13002	0	0	0	9367	0	0	71	0
1693164568.476		12551	12551	0	0	0	9002	0	0	71	0
1693164568.526		12195	12195	0	0	0	9173	0	0	71	0
1693164568.578		11810	11810	0	0	0	8830	0	0	71	0
1693164568.630		11862	11862	0	0	0	8873	0	0	71	0
1693164568.681		10551	10551	0	0	0	7698	0	0	71	0
1693164568.732		10908	10908	0	0	0	7995	0	0	71	0
1693164568.783		11163	11163	0	0	0	7963	0	0	71	0
1693164568.834		11565	11565	0	0	0	8400	0	0	71	0
1693164568.886		13220	13220	0	0	0	10018	0	0	71	0
1693164568.936		11817	11817	0	0	0	8691	0	0	71	0
1693164568.988		12225	12225	0	0	0	9013	0	0	71	0
1693164569.039		11901	11901	0	0	0	8857	0	0	71	0
1693164569.090		11970	11970	0	0	0	8776	0	0	71	0
1693164569.139		12301	12301	0	0	0	8921	0	0	71	0
1693164569.191		12204	12204	0	0	0	9171	0	0	71	0
1693164569.241		12890	12890	0	0	0	9689	0	0	71	0
1693164569.291		12137	12137	0	0	0	8847	0	0	71	0
1693164569.343		12385	12385	0	0	0	8887	0	0	71	0
1693164569.393		12607	12607	0	0	0	9343	0	0	71	0
1693164569.444		7041	7041	0	0	0	3972	0	0	71	0
1693164569.493		13173	13173	0	0	0	9397	0	0	71	0
1693164569.545		12435	12435	0	0	0	9102	0	0	71	0
1693164569.595		12366	12366	0	0	0	9182	0	0	71	0
1693164569.645		9588	9588	0	0	0	6598	0	0	71	0
1693164569.695		9012	9012	0	0	0	6153	0	0	71	0
1693164569.745		8864	8864	0	0	0	5765	0	0	71	0
1693164569.795		10356	10356	0	0	0	7076	0	0	71	0
1693164569.845		13079	13079	0	0	0	9845	0	0	71	0
1693164569.894		12284	12284	0	0	0	9377	0	0	71	0
1693164569.944		11161	11161	0	0	0	8183	0	0	71	0
1693164569.995		8839	8839	0	0	0	6108	0	0	71	0
1693164570.045		10592	10592	0	0	0	7578	0	0	71	0
1693164570.095		13325	13325	0	0	0	10231	0	0	71	0
1693164570.144		11866	11866	0	0	0	6935	0	0	71	0
1693164570.193		9576	9576	0	0	0	6941	0	0	71	0
1693164570.243		13826	13826	0	0	0	10393	0	0	71	0
1693164570.292		13163	13163	0	0	0	9505	0	0	71	0
1693164570.343		13401	13401	0	0	0	9711	0	0	71	0
1693164570.392		12633	12633	0	0	0	9556	0	0	71	0
1693164570.441		12453	12453	0	0	0	9045	0	0	71	0
1693164570.491		11108	11108	0	0	0	7770	0	0	71	0
1693164570.539		10786	10786	0	0	0	7999	0	0	71	0
1693164570.589		12142	12142	0	0	0	9016	0	0	71	0
1693164570.639		11694	11694	0	0	0	8701	0	0	71	0
1693164570.687		11457	11457	0	0	0	8287	0	0	71	0
1693164570.736		12052	12052	0	0	0	8861	0	0	71	0
1693164570.786		10885	10885	0	0	0	7819	0	0	71	0
1693164570.834		10603	10603	0	0	0	7530	0	0	71	0
1693164570.883		13399	13399	0	0	0	8516	0	0	71	0
1693164570.933		12300	12300	0	0	0	9233	0	0	71	0
1693164570.981		9008	9008	0	0	0	6260	0	0	71	0
1693164571.030		12254	12254	0	0	0	9192	0	0	71	0
1693164571.080		11635	11635	0	0	0	8428	0	0	71	0
1693164571.128		12393	12393	0	0	0	9194	0	0	71	0
1693164571.176		10340	10340	0	0	0	7475	0	0	71	0
1693164571.225		9264	9264	0	0	0	6594	0	0	71	0
1693164571.273		9301	9301	0	0	0	6147	0	0	71	0
1693164571.322		9939	9939	0	0	0	6815	0	0	71	0
1693164571.371		14976	14976	0	0	0	11592	0	0	71	0
1693164571.420		12359	12359	0	0	0	9169	0	0	71	0
1693164571.467		8773	8773	0	0	0	5842	0	0	71	0
1693164571.516		10571	10571	0	0	0	7679	0	0	71	0
1693164571.565		9264	9264	0	0	0	6617	0	0	71	0
1693164571.613		9264	9264	0	0	0	6420	0	0	71	0
1693164571.660		9806	9806	0	0	0	6834	0	0	71	0
1693164571.709		13418	13418	0	0	0	9918	0	0	71	0
1693164571.756		10382	10382	0	0	0	7392	0	0	71	0
1693164571.804		10136	10136	0	0	0	7116	0	0	71	0
1693164571.852		9674	9674	0	0	0	6771	0	0	71	0
1693164571.900		11913	11913	0	0	0	8855	0	0	71	0
1693164571.948		12100	12100	0	0	0	9231	0	0	71	0
1693164571.996		9216	9216	0	0	0	6457	0	0	71	0
1693164572.044		10416	10416	0	0	0	6937	0	0	71	0
1693164572.092		10193	10193	0	0	0	7462	0	0	71	0
1693164572.140		12088	12088	0	0	0	9028	0	0	71	0
1693164572.188		10173	10173	0	0	0	7031	0	0	71	0
1693164572.236		12457	12457	0	0	0	9133	0	0	71	0
1693164572.283		12646	12646	0	0	0	9139	0	0	71	0
1693164572.331		12439	12439	0	0	0	8977	0	0	71	0
1693164572.378		12597	12597	0	0	0	9257	0	0	71	0
1693164572.426		12984	12984	0	0	0	9386	0	0	71	0
1693164572.473		11181	11181	0	0	0	8293	0	0	71	0
1693164572.520		11154	11154	0	0	0	8185	0	0	71	0
1693164572.568		10305	10305	0	0	0	7237	0	0	71	0
1693164572.616		7007	7007	0	0	0	3601	0	0	71	0
1693164572.663		7753	7753	0	0	0	4237	0	0	71	0
1693164572.710		7472	7472	0	0	0	3518	0	0	71	0
1693164572.756		7363	7363	0	0	0	3981	0	0	71	0
1693164572.803		8072	8072	0	0	0	4121	0	0	71	0
1693164572.851		8328	8328	0	0	0	4694	0	0	71	0
1693164572.897		7657	7657	0	0	0	4375	0	0	71	0
1693164572.945		7153	7153	0	0	0	4213	0	0	71	0
1693164572.991		6331	6331	0	0	0	3476	0	0	71	0
1693164573.038		6099	6099	0	0	0	3259	0	0	71	0
1693164573.085		8785	8785	0	0	0	5757	0	0	71	0
1693164573.132		11243	11243	0	0	0	7429	0	0	71	0
1693164573.180		10294	10294	0	0	0	6892	0	0	71	0
1693164573.226		8202	8202	0	0	0	5248	0	0	71	0
1693164573.272		9492	9492	0	0	0	6545	0	0	71	0
1693164573.319		10648	10648	0	0	0	7571	0	0	71	0
1693164573.366		10436	10436	0	0	0	7195	0	0	71	0
1693164573.413		10382	10382	0	0	0	7027	0	0	71	0
1693164573.458		11974	11974	0	0	0	8917	0	0	71	0
1693164573.506		8739	8739	0	0	0	5982	0	0	71	0
1693164573.551		9286	9286	0	0	0	6482	0	0	71	0
1693164573.599		8724	8724	0	0	0	6231	0	0	71	0
1693164573.644		8727	8727	0	0	0	6128	0	0	71	0
1693164573.691		7724	7724	0	0	0	5104	0	0	71	0
1693164573.738		8676	8676	0	0	0	6104	0	0	71	0
1693164573.784		9001	9001	0	0	0	6240	0	0	71	0
1693164573.830		9068	9068	0	0	0	6022	0	0	71	0
1693164573.875		9751	9751	0	0	0	6864	0	0	71	0
1693164573.922		12612	12612	0	0	0	9360	0	0	71	0
1693164573.967		11522	11522	0	0	0	8383	0	0	71	0
1693164574.013		12058	12058	0	0	0	8760	0	0	71	0
1693164574.059		12142	12142	0	0	0	8913	0	0	71	0
1693164574.105		12292	12292	0	0	0	8989	0	0	71	0
1693164574.152		12534	12534	0	0	0	9303	0	0	71	0
1693164574.197		12109	12109	0	0	0	8955	0	0	71	0
1693164574.243		12816	12816	0	0	0	9519	0	0	71	0
1693164574.289		9757	9757	0	0	0	6657	0	0	71	0
1693164574.334		11025	11025	0	0	0	7518	0	0	71	0
1693164574.381		11192	11192	0	0	0	8464	0	0	71	0
1693164574.426		12879	12879	0	0	0	9761	0	0	71	0
1693164574.471		11522	11522	0	0	0	8500	0	0	71	0
1693164574.517		11774	11774	0	0	0	8945	0	0	71	0
1693164574.564		9351	9351	0	0	0	6672	0	0	71	0
1693164574.608		8673	8673	0	0	0	5869	0	0	71	0
1693164574.655		9005	9005	0	0	0	6317	0	0	71	0
1693164574.699		14286	14286	0	0	0	10989	0	0	71	0
1693164574.745		6106	6106	0	0	0	3080	0	0	71	0
1693164574.791		6934	6934	0	0	0	3419	0	0	71	0
1693164574.835		7049	7049	0	0	0	3804	0	0	71	0
1693164574.881		7415	7415	0	0	0	4148	0	0	71	0
1693164574.927		7434	7434	0	0	0	4026	0	0	71	0
1693164574.971		11394	11394	0	0	0	8539	0	0	71	0
1693164575.016		12484	12484	0	0	0	9355	0	0	71	0
1693164575.061		13273	13273	0	0	0	9914	0	0	71	0
1693164575.107		10834	10834	0	0	0	7943	0	0	71	0
1693164575.152		12638	12638	0	0	0	9143	0	0	71	0
1693164575.196		8034	8034	0	0	0	4585	0	0	71	0
1693164575.241		7779	7779	0	0	0	4092	0	0	71	0
1693164575.287		8148	8148	0	0	0	4657	0	0	71	0
1693164575.332		8285	8285	0	0	0	4672	0	0	71	0
1693164575.376		7578	7578	0	0	0	4167	0	0	71	0
1693164575.422		6948	6948	0	0	0	3778	0	0	71	0
1693164575.465		7262	7262	0	0	0	4013	0	0	71	0
1693164575.510		7270	7270	0	0	0	3884	0	0	71	0
1693164575.556		7793	7793	0	0	0	4338	0	0	71	0
1693164575.600		12532	12532	0	0	0	9147	0	0	71	0
1693164575.644		10841	10841	0	0	0	8003	0	0	71	0
1693164575.689		12038	12038	0	0	0	8904	0	0	71	0
1693164575.733		12426	12426	0	0	0	9304	0	0	71	0
1693164575.779		12167	12167	0	0	0	9187	0	0	71	0
1693164575.822		13775	13775	0	0	0	10326	0	0	71	0
1693164575.867		12311	12311	0	0	0	8951	0	0	71	0
1693164575.912		14041	14041	0	0	0	9719	0	0	71	0
1693164575.956		12477	12477	0	0	0	9295	0	0	71	0
1693164576.000		11736	11736	0	0	0	8578	0	0	71	0
1693164576.045		11839	11839	0	0	0	8459	0	0	71	0
1693164576.089		12535	12535	0	0	0	9275	0	0	71	0
1693164576.133		13620	13620	0	0	0	9615	0	0	71	0
1693164576.177		12043	12043	0	0	0	8765	0	0	71	0
1693164576.221		12326	12326	0	0	0	8938	0	0	71	0
1693164576.265		13225	13225	0	0	0	9880	0	0	71	0
1693164576.310		7857	7857	0	0	0	4504	0	0	71	0
1693164576.354		12978	12978	0	0	0	9369	0	0	71	0
1693164576.398		13355	13355	0	0	0	9923	0	0	71	0
1693164576.441		12935	12935	0	0	0	9610	0	0	71	0
1693164576.486		12068	12068	0	0	0	8886	0	0	71	0
1693164576.530		11905	11905	0	0	0	8735	0	0	71	0
1693164576.573		12701	12701	0	0	0	9365	0	0	71	0
1693164576.617		12704	12704	0	0	0	9106	0	0	71	0
1693164576.662		12510	12510	0	0	0	9307	0	0	71	0
1693164576.704		12824	12824	0	0	0	9362	0	0	71	0
1693164576.748		12347	12347	0	0	0	9113	0	0	71	0
1693164576.792		12365	12365	0	0	0	9044	0	0	71	0
1693164576.836		13259	13259	0	0	0	9398	0	0	71	0
1693164576.880		12779	12779	0	0	0	9371	0	0	71	0
1693164576.924		12891	12891	0	0	0	9524	0	0	71	0
1693164576.966		12894	12894	0	0	0	9550	0	0	71	0
1693164577.011		12652	12652	0	0	0	9117	0	0	71	0
1693164577.054		11179	11179	0	0	0	8329	0	0	71	0
1693164577.097		12017	12017	0	0	0	8865	0	0	71	0
1693164577.141		13782	13782	0	0	0	9344	0	0	71	0
1693164577.184		12265	12265	0	0	0	9244	0	0	71	0
1693164577.227		10056	10056	0	0	0	7152	0	0	71	0
1693164577.271		10237	10237	0	0	0	7591	0	0	71	0
1693164577.314		10708	10708	0	0	0	7502	0	0	71	0
1693164577.358		11884	11884	0	0	0	7636	0	0	71	0
1693164577.400		12260	12260	0	0	0	9198	0	0	71	0
1693164577.444		12186	12186	0	0	0	9167	0	0	71	0
1693164577.487		10446	10446	0	0	0	7554	0	0	71	0
1693164577.529		9030	9030	0	0	0	6466	0	0	71	0
1693164577.573		9088	9088	0	0	0	6336	0	0	71	0
1693164577.615		9503	9503	0	0	0	6792	0	0	71	0
1693164577.658		10910	10910	0	0	0	7769	0	0	71	0
1693164577.701		12105	12105	0	0	0	9030	0	0	71	0
1693164577.745		11172	11172	0	0	0	8354	0	0	71	0
1693164577.788		8894	8894	0	0	0	6154	0	0	71	0
1693164577.830		9328	9328	0	0	0	6602	0	0	71	0
1693164577.874		9517	9517	0	0	0	6492	0	0	71	0
1693164577.916		11073	11073	0	0	0	7351	0	0	71	0
1693164577.959		12211	12211	0	0	0	9240	0	0	71	0
1693164578.002		8881	8881	0	0	0	6003	0	0	71	0
1693164578.045		8415	8415	0	0	0	5662	0	0	71	0
1693164578.088		8913	8913	0	0	0	6086	0	0	71	0
1693164578.130		10686	10686	0	0	0	7839	0	0	71	0
1693164578.173		9279	9279	0	0	0	6495	0	0	71	0
1693164578.216		8736	8736	0	0	0	6177	0	0	71	0
1693164578.257		11403	11403	0	0	0	7954	0	0	71	0
1693164578.300		10164	10164	0	0	0	6756	0	0	71	0
1693164578.343		10290	10290	0	0	0	6925	0	0	71	0
1693164578.386		11271	11271	0	0	0	7718	0	0	71	0
1693164578.428		11132	11132	0	0	0	7722	0	0	71	0
1693164578.471		12758	12758	0	0	0	9421	0	0	71	0
1693164578.512		9039	9039	0	0	0	6034	0	0	71	0
1693164578.554		9094	9094	0	0	0	6547	0	0	71	0
1693164578.597		9116	9116	0	0	0	6613	0	0	71	0
1693164578.639		8503	8503	0	0	0	5771	0	0	71	0
1693164578.682		10828	10828	0	0	0	7356	0	0	71	0
1693164578.724		12465	12465	0	0	0	9620	0	0	71	0
1693164578.765		9458	9458	0	0	0	6198	0	0	71	0
1693164578.808		12476	12476	0	0	0	8931	0	0	71	0
1693164578.851		12759	12759	0	0	0	9475	0	0	71	0
1693164578.892		13360	13360	0	0	0	10080	0	0	71	0
1693164578.935		12616	12616	0	0	0	9393	0	0	71	0
1693164578.976		12299	12299	0	0	0	9049	0	0	71	0
1693164579.019		12251	12251	0	0	0	9032	0	0	71	0
1693164579.060		12704	12704	0	0	0	9207	0	0	71	0
1693164579.102		12472	12472	0	0	0	9139	0	0	71	0
1693164579.145		12063	12063	0	0	0	8913	0	0	71	0
1693164579.186		12454	12454	0	0	0	9287	0	0	71	0
1693164579.227		11848	11848	0	0	0	8727	0	0	71	0
1693164579.269		13195	13195	0	0	0	9996	0	0	71	0
1693164579.312		6195	6195	0	0	0	3535	0	0	71	0
1693164579.353		10666	10666	0	0	0	7588	0	0	71	0
1693164579.395		12551	12551	0	0	0	9330	0	0	71	0
1693164579.436		12369	12369	0	0	0	8743	0	0	71	0
1693164579.478		12395	12395	0	0	0	9089	0	0	71	0
1693164579.519		11969	11969	0	0	0	9089	0	0	71	0
1693164579.561		9144	9144	0	0	0	6396	0	0	71	0
1693164579.604		10040	10040	0	0	0	7054	0	0	71	0
1693164579.645		8264	8264	0	0	0	5707	0	0	71	0
1693164579.686		11429	11429	0	0	0	8454	0	0	71	0
1693164579.728		11428	11428	0	0	0	8215	0	0	71	0
1693164579.769		9258	9258	0	0	0	6656	0	0	71	0
1693164579.810		8636	8636	0	0	0	6075	0	0	71	0
1693164579.852		9572	9572	0	0	0	6784	0	0	71	0
1693164579.894		10383	10383	0	0	0	6873	0	0	71	0
1693164579.934		12875	12875	0	0	0	9193	0	0	71	0
1693164579.976		12582	12582	0	0	0	9361	0	0	71	0
1693164580.018		12017	12017	0	0	0	8972	0	0	71	0
1693164580.059		7436	7436	0	0	0	4182	0	0	71	0
1693164580.099		11757	11757	0	0	0	8789	0	0	71	0
1693164580.141		11538	11538	0	0	0	8366	0	0	71	0
1693164580.182		10597	10597	0	0	0	7835	0	0	71	0
1693164580.224		11956	11956	0	0	0	8613	0	0	71	0
1693164580.265		8819	8819	0	0	0	6120	0	0	71	0
1693164580.305		9921	9921	0	0	0	6614	0	0	71	0
1693164580.347		13010	13010	0	0	0	9680	0	0	71	0
1693164580.388		10297	10297	0	0	0	7190	0	0	71	0
1693164580.429		13023	13023	0	0	0	9394	0	0	71	0
1693164580.470		12123	12123	0	0	0	9193	0	0	71	0
1693164580.510		12382	12382	0	0	0	9201	0	0	71	0
1693164580.551		9552	9552	0	0	0	6811	0	0	71	0
1693164580.591		9597	9597	0	0	0	6944	0	0	71	0
1693164580.632		8443	8443	0	0	0	5828	0	0	71	0
1693164580.673		11921	11921	0	0	0	7770	0	0	71	0
1693164580.714		11083	11083	0	0	0	7932	0	0	71	0
1693164580.755		9599	9599	0	0	0	6719	0	0	71	0
1693164580.795		8907	8907	0	0	0	6314	0	0	71	0
1693164580.836		12921	12921	0	0	0	9563	0	0	71	0
1693164580.877		13325	13325	0	0	0	9769	0	0	71	0
1693164580.917		11167	11167	0	0	0	8295	0	0	71	0
1693164580.959		12299	12299	0	0	0	9048	0	0	71	0
1693164580.999		12110	12110	0	0	0	8918	0	0	71	0
1693164581.039		9952	9952	0	0	0	7047	0	0	71	0
1693164581.080		12052	12052	0	0	0	8891	0	0	71	0
1693164581.121		12214	12214	0	0	0	8803	0	0	71	0
1693164581.161		12148	12148	0	0	0	8890	0	0	71	0
1693164581.201		10471	10471	0	0	0	7632	0	0	71	0
1693164581.242		11025	11025	0	0	0	7595	0	0	71	0
1693164581.282		12645	12645	0	0	0	9547	0	0	71	0
1693164581.322		7798	7798	0	0	0	4492	0	0	71	0
1693164581.363		11987	11987	0	0	0	8983	0	0	71	0
1693164581.403		11978	11978	0	0	0	8596	0	0	71	0
1693164581.444		12266	12266	0	0	0	9304	0	0	71	0
1693164581.483		11913	11913	0	0	0	8969	0	0	71	0
1693164581.525		12167	12167	0	0	0	9021	0	0	71	0
1693164581.565		12180	12180	0	0	0	9277	0	0	71	0
1693164581.605		11652	11652	0	0	0	8446	0	0	71	0
1693164581.644		11586	11586	0	0	0	8597	0	0	71	0
1693164581.684		11646	11646	0	0	0	8228	0	0	71	0
1693164581.724		12976	12976	0	0	0	9350	0	0	71	0
1693164581.764		12487	12487	0	0	0	9142	0	0	71	0
1693164581.805		12526	12526	0	0	0	9052	0	0	71	0
1693164581.845		12983	12983	0	0	0	9484	0	0	71	0
1693164581.885		13142	13142	0	0	0	9567	0	0	71	0
1693164581.925		13028	13028	0	0	0	9610	0	0	71	0
1693164581.964		13343	13343	0	0	0	10148	0	0	71	0
1693164582.004		7672	7672	0	0	0	4225	0	0	71	0
1693164582.044		12988	12988	0	0	0	9397	0	0	71	0
1693164582.084		12175	12175	0	0	0	8983	0	0	71	0
1693164582.124		11699	11699	0	0	0	8637	0	0	71	0
1693164582.165		12304	12304	0	0	0	8940	0	0	71	0
1693164582.204		12306	12306	0	0	0	9109	0	0	71	0
1693164582.243		12204	12204	0	0	0	8961	0	0	71	0
1693164582.284		12726	12726	0	0	0	9358	0	0	71	0
1693164582.323		7553	7553	0	0	0	4063	0	0	71	0
1693164582.362		12412	12412	0	0	0	9070	0	0	71	0
1693164582.403		12739	12739	0	0	0	9448	0	0	71	0
1693164582.442		11885	11885	0	0	0	8825	0	0	71	0
1693164582.481		12218	12218	0	0	0	8996	0	0	71	0
1693164582.521		12273	12273	0	0	0	9111	0	0	71	0
1693164582.561		12305	12305	0	0	0	9214	0	0	71	0
1693164582.601		11709	11709	0	0	0	8789	0	0	71	0
1693164582.639		12310	12310	0	0	0	9029	0	0	71	0
1693164582.680		12004	12004	0	0	0	8806	0	0	71	0
1693164582.719		9892	9892	0	0	0	7180	0	0	71	0
1693164582.758		11455	11455	0	0	0	8405	0	0	71	0
1693164582.798		8790	8790	0	0	0	6099	0	0	71	0
1693164582.837		9976	9976	0	0	0	6915	0	0	71	0
1693164582.877		11911	11911	0	0	0	8540	0	0	71	0
1693164582.916		12792	12792	0	0	0	9146	0	0	71	0
1693164582.954		10189	10189	0	0	0	5023	0	0	71	0
1693164582.993		7833	7833	0	0	0	4525	0	0	71	0
1693164583.033		6282	6282	0	0	0	3384	0	0	71	0
1693164583.073		9625	9625	0	0	0	6191	0	0	71	0
1693164583.112		12792	12792	0	0	0	9608	0	0	71	0
1693164583.150		6728	6728	0	0	0	3742	0	0	71	0
1693164583.190		7172	7172	0	0	0	3778	0	0	71	0
1693164583.230		7604	7604	0	0	0	4485	0	0	71	0
1693164583.268		6899	6899	0	0	0	3714	0	0	71	0
1693164583.307		6897	6897	0	0	0	3828	0	0	71	0
1693164583.346		6440	6440	0	0	0	3417	0	0	71	0
1693164583.385		7298	7298	0	0	0	4079	0	0	71	0
1693164583.424		7239	7239	0	0	0	4011	0	0	71	0
1693164583.464		5966	5966	0	0	0	3179	0	0	71	0
1693164583.502		7723	7723	0	0	0	4258	0	0	71	0
1693164583.542		5820	5820	0	0	0	2931	0	0	71	0
1693164583.580		7231	7231	0	0	0	3894	0	0	71	0
1693164583.618		6299	6299	0	0	0	3088	0	0	71	0
1693164583.657		12245	12245	0	0	0	7857	0	0	71	0
1693164583.697		11060	11060	0	0	0	7760	0	0	71	0
1693164583.736		8763	8763	0	0	0	6045	0	0	71	0
1693164583.774		11559	11559	0	0	0	8248	0	0	71	0
1693164583.813		9555	9555	0	0	0	6430	0	0	71	0
1693164583.851		11464	11464	0	0	0	8634	0	0	71	0
1693164583.891		11519	11519	0	0	0	7434	0	0	71	0
1693164583.928		11822	11822	0	0	0	8952	0	0	71	0
1693164583.967		11794	11794	0	0	0	8921	0	0	71	0
1693164584.006		11827	11827	0	0	0	8973	0	0	71	0
1693164584.045		12459	12459	0	0	0	9436	0	0	71	0
1693164584.084		13339	13339	0	0	0	8612	0	0	71	0
1693164584.122		12023	12023	0	0	0	8824	0	0	71	0
1693164584.160		12026	12026	0	0	0	8925	0	0	71	0
1693164584.198		9469	9469	0	0	0	6756	0	0	71	0
1693164584.237		8856	8856	0	0	0	6105	0	0	71	0
1693164584.275		8057	8057	0	0	0	5439	0	0	71	0
1693164584.315		10226	10226	0	0	0	7178	0	0	71	0
1693164584.353		10402	10402	0	0	0	7343	0	0	71	0
1693164584.391		9156	9156	0	0	0	6377	0	0	71	0
1693164584.430		10553	10553	0	0	0	6763	0	0	71	0
1693164584.468		8780	8780	0	0	0	5945	0	0	71	0
1693164584.505		11988	11988	0	0	0	8937	0	0	71	0
1693164584.544		11916	11916	0	0	0	9130	0	0	71	0
1693164584.582		9057	9057	0	0	0	6312	0	0	71	0
1693164584.621		8906	8906	0	0	0	6262	0	0	71	0
1693164584.659		7895	7895	0	0	0	5287	0	0	71	0
1693164584.697		8836	8836	0	0	0	6261	0	0	71	0
1693164584.736		8887	8887	0	0	0	6078	0	0	71	0
1693164584.774		8061	8061	0	0	0	5484	0	0	71	0
1693164584.812		9613	9613	0	0	0	6413	0	0	71	0
1693164584.849		10150	10150	0	0	0	7157	0	0	71	0
1693164584.888		8889	8889	0	0	0	5829	0	0	71	0
1693164584.925		10398	10398	0	0	0	7492	0	0	71	0
1693164584.964		12901	12901	0	0	0	9502	0	0	71	0
1693164585.002		7800	7800	0	0	0	4833	0	0	71	0
1693164585.039		11924	11924	0	0	0	8619	0	0	71	0
1693164585.078		7919	7919	0	0	0	4648	0	0	71	0
1693164585.116		7259	7259	0	0	0	4178	0	0	71	0
1693164585.154		6244	6244	0	0	0	3405	0	0	71	0
1693164585.191		7157	7157	0	0	0	3602	0	0	71	0
1693164585.229		6385	6385	0	0	0	3320	0	0	71	0
1693164585.268		6686	6686	0	0	0	3610	0	0	71	0
1693164585.305		6099	6099	0	0	0	3052	0	0	71	0
1693164585.343		6121	6121	0	0	0	2988	0	0	71	0
1693164585.380		12348	12348	0	0	0	9151	0	0	71	0
1693164585.419		11989	11989	0	0	0	8646	0	0	71	0
1693164585.457		6486	6486	0	0	0	3507	0	0	71	0
1693164585.495		7574	7574	0	0	0	4522	0	0	71	0
1693164585.531		7151	7151	0	0	0	4187	0	0	71	0
1693164585.569		12155	12155	0	0	0	8760	0	0	71	0
1693164585.607		12209	12209	0	0	0	9129	0	0	71	0
1693164585.645		12017	12017	0	0	0	8947	0	0	71	0
1693164585.682		13047	13047	0	0	0	9933	0	0	71	0
1693164585.720		13884	13884	0	0	0	9210	0	0	71	0
1693164585.758		7436	7436	0	0	0	4278	0	0	71	0
1693164585.795		7156	7156	0	0	0	4061	0	0	71	0
1693164585.833		7170	7170	0	0	0	4188	0	0	71	0
1693164585.869		7077	7077	0	0	0	3903	0	0	71	0
1693164585.907		13247	13247	0	0	0	8938	0	0	71	0
1693164585.944		13269	13269	0	0	0	9854	0	0	71	0
1693164585.983		12343	12343	0	0	0	9040	0	0	71	0
1693164586.019		12863	12863	0	0	0	9427	0	0	71	0
1693164586.058		12076	12076	0	0	0	9093	0	0	71	0
1693164586.096		10260	10260	0	0	0	6865	0	0	71	0
1693164586.131		12793	12793	0	0	0	9224	0	0	71	0
1693164586.170		11746	11746	0	0	0	8899	0	0	71	0
1693164586.206		12948	12948	0	0	0	9755	0	0	71	0
1693164586.244		12341	12341	0	0	0	9148	0	0	71	0
1693164586.282		9832	9832	0	0	0	7016	0	0	71	0
1693164586.319		12776	12776	0	0	0	9427	0	0	71	0
1693164586.355		12045	12045	0	0	0	9017	0	0	71	0
1693164586.393		11842	11842	0	0	0	8663	0	0	71	0
1693164586.430		12213	12213	0	0	0	9126	0	0	71	0
1693164586.467		13801	13801	0	0	0	10528	0	0	71	0
1693164586.504		12388	12388	0	0	0	9171	0	0	71	0
1693164586.542		13107	13107	0	0	0	9188	0	0	71	0
1693164586.578		13476	13476	0	0	0	10134	0	0	71	0
1693164586.616		11764	11764	0	0	0	8791	0	0	71	0
1693164586.652		11898	11898	0	0	0	8375	0	0	71	0
1693164586.690		14307	14307	0	0	0	10314	0	0	71	0
1693164586.726		12740	12740	0	0	0	9523	0	0	71	0
1693164586.764		13165	13165	0	0	0	9915	0	0	71	0
1693164586.800		12216	12216	0	0	0	9171	0	0	71	0
1693164586.837		11913	11913	0	0	0	8779	0	0	71	0
1693164586.874		12540	12540	0	0	0	9354	0	0	71	0
1693164586.911		12141	12141	0	0	0	9003	0	0	71	0
1693164586.947		11967	11967	0	0	0	8985	0	0	71	0
1693164586.984		13639	13639	0	0	0	10421	0	0	71	0
1693164587.022		12955	12955	0	0	0	9821	0	0	71	0
1693164587.059		12407	12407	0	0	0	9266	0	0	71	0
1693164587.095		11913	11913	0	0	0	8838	0	0	71	0
1693164587.133		13011	13011	0	0	0	9507	0	0	71	0
1693164587.169		13024	13024	0	0	0	9403	0	0	71	0
1693164587.205		11051	11051	0	0	0	8224	0	0	71	0
1693164587.243		10578	10578	0	0	0	7798	0	0	71	0
1693164587.279		9115	9115	0	0	0	6228	0	0	71	0
1693164587.315		13237	13237	0	0	0	10368	0	0	71	0
1693164587.353		11769	11769	0	0	0	8502	0	0	71	0
1693164587.389		12989	12989	0	0	0	9524	0	0	71	0
1693164587.426		11846	11846	0	0	0	8231	0	0	71	0
1693164587.463		11026	11026	0	0	0	7900	0	0	71	0
1693164587.499		12034	12034	0	0	0	9197	0	0	71	0
1693164587.536		12365	12365	0	0	0	9690	0	0	71	0
1693164587.572		8071	8071	0	0	0	5591	0	0	71	0
1693164587.609		8353	8353	0	0	0	5690	0	0	71	0
1693164587.644		8950	8950	0	0	0	6048	0	0	71	0
1693164587.681		10567	10567	0	0	0	7802	0	0	71	0
1693164587.718		14555	14555	0	0	0	6623	0	0	71	0
1693164587.755		11008	11008	0	0	0	8292	0	0	71	0
1693164587.791		8207	8207	0	0	0	5608	0	0	71	0
1693164587.826		12870	12870	0	0	0	9635	0	0	71	0
1693164587.863		13288	13288	0	0	0	9916	0	0	71	0
1693164587.900		8964	8964	0	0	0	6142	0	0	71	0
1693164587.935		9465	9465	0	0	0	6664	0	0	71	0
1693164587.972		12652	12652	0	0	0	9786	0	0	71	0
1693164588.009		12226	12226	0	0	0	9384	0	0	71	0
1693164588.044		9141	9141	0	0	0	6377	0	0	71	0
1693164588.081		8567	8567	0	0	0	5992	0	0	71	0
1693164588.118		8865	8865	0	0	0	6224	0	0	71	0
1693164588.154		9119	9119	0	0	0	6296	0	0	71	0
1693164588.190		8282	8282	0	0	0	5238	0	0	71	0
1693164588.226		9948	9948	0	0	0	7241	0	0	71	0
1693164588.261		8943	8943	0	0	0	6252	0	0	71	0
1693164588.298		9341	9341	0	0	0	6605	0	0	71	0
1693164588.335		9521	9521	0	0	0	6713	0	0	71	0
1693164588.371		9268	9268	0	0	0	6426	0	0	71	0
1693164588.406		9926	9926	0	0	0	6685	0	0	71	0
1693164588.443		10403	10403	0	0	0	7045	0	0	71	0
1693164588.478		9318	9318	0	0	0	6255	0	0	71	0
1693164588.514		12015	12015	0	0	0	9084	0	0	71	0
1693164588.551		9178	9178	0	0	0	6587	0	0	71	0
1693164588.587		8999	8999	0	0	0	6367	0	0	71	0
1693164588.623		8365	8365	0	0	0	5899	0	0	71	0
1693164588.659		8748	8748	0	0	0	6321	0	0	71	0
1693164588.694		8733	8733	0	0	0	6083	0	0	71	0
1693164588.729		9053	9053	0	0	0	6442	0	0	71	0
1693164588.765		9810	9810	0	0	0	7123	0	0	71	0
1693164588.802		8595	8595	0	0	0	6166	0	0	71	0
1693164588.838		9035	9035	0	0	0	6282	0	0	71	0
1693164588.874		8887	8887	0	0	0	5924	0	0	71	0
1693164588.909		9397	9397	0	0	0	6381	0	0	71	0
1693164588.944		10610	10610	0	0	0	7823	0	0	71	0
1693164588.980		12413	12413	0	0	0	9726	0	0	71	0
1693164589.016		12747	12747	0	0	0	9282	0	0	71	0
1693164589.052		11283	11283	0	0	0	8548	0	0	71	0
1693164589.087		12091	12091	0	0	0	8962	0	0	71	0
1693164589.123		11695	11695	0	0	0	8727	0	0	71	0
1693164589.160		11507	11507	0	0	0	8418	0	0	71	0
1693164589.195		8824	8824	0	0	0	6360	0	0	71	0
1693164589.231		8963	8963	0	0	0	6236	0	0	71	0
1693164589.267		8830	8830	0	0	0	5972	0	0	71	0
1693164589.302		10549	10549	0	0	0	7732	0	0	71	0
1693164589.337		9470	9470	0	0	0	6654	0	0	71	0
1693164589.373		8986	8986	0	0	0	5746	0	0	71	0
1693164589.408		9866	9866	0	0	0	7151	0	0	71	0
1693164589.443		9030	9030	0	0	0	6448	0	0	71	0
1693164589.480		9329	9329	0	0	0	6639	0	0	71	0
1693164589.515		11359	11359	0	0	0	8786	0	0	71	0
1693164589.550		12771	12771	0	0	0	9861	0	0	71	0
1693164589.586		8926	8926	0	0	0	6366	0	0	71	0
1693164589.621		9033	9033	0	0	0	6328	0	0	71	0
1693164589.657		8794	8794	0	0	0	6134	0	0	71	0
1693164589.691		9017	9017	0	0	0	6261	0	0	71	0
1693164589.727		9180	9180	0	0	0	6321	0	0	71	0
1693164589.763		8989	8989	0	0	0	6333	0	0	71	0
1693164589.798		8312	8312	0	0	0	5704	0	0	71	0
1693164589.834		10385	10385	0	0	0	7334	0	0	71	0
1693164589.869		9226	9226	0	0	0	6449	0	0	71	0
1693164589.903		9415	9415	0	0	0	6375	0	0	71	0
1693164589.940		10820	10820	0	0	0	7759	0	0	71	0
1693164589.974		10967	10967	0	0	0	7235	0	0	71	0
1693164590.009		12588	12588	0	0	0	9713	0	0	71	0
1693164590.045		8851	8851	0	0	0	6254	0	0	71	0
1693164590.079		11815	11815	0	0	0	9183	0	0	71	0
1693164590.116		10884	10884	0	0	0	8193	0	0	71	0
1693164590.150		9824	9824	0	0	0	7142	0	0	71	0
1693164590.185		8935	8935	0	0	0	6184	0	0	71	0
1693164590.220		8816	8816	0	0	0	6269	0	0	71	0
1693164590.256		8736	8736	0	0	0	6159	0	0	71	0
1693164590.290		8182	8182	0	0	0	5633	0	0	71	0
1693164590.326		10447	10447	0	0	0	7523	0	0	71	0
1693164590.360		11161	11161	0	0	0	7290	0	0	71	0
1693164590.395		9755	9755	0	0	0	6622	0	0	71	0
1693164590.430		9807	9807	0	0	0	7080	0	0	71	0
1693164590.465		8637	8637	0	0	0	5811	0	0	71	0
1693164590.500		10592	10592	0	0	0	7566	0	0	71	0
1693164590.536		10879	10879	0	0	0	7915	0	0	71	0
1693164590.571		12867	12867	0	0	0	10048	0	0	71	0
1693164590.606		8760	8760	0	0	0	6023	0	0	71	0
1693164590.640		8941	8941	0	0	0	6279	0	0	71	0
1693164590.676		11573	11573	0	0	0	8271	0	0	71	0
1693164590.710		10491	10491	0	0	0	7670	0	0	71	0
1693164590.744		9326	9326	0	0	0	6205	0	0	71	0
1693164590.780		9104	9104	0	0	0	6376	0	0	71	0
1693164590.815		8585	8585	0	0	0	5827	0	0	71	0
1693164590.850		9106	9106	0	0	0	6186	0	0	71	0
1693164590.884		9746	9746	0	0	0	6782	0	0	71	0
1693164590.919		13004	13004	0	0	0	9527	0	0	71	0
1693164590.953		9890	9890	0	0	0	7041	0	0	71	0
1693164590.988		11883	11883	0	0	0	8962	0	0	71	0
1693164591.023		13318	13318	0	0	0	9494	0	0	71	0
1693164591.057		9034	9034	0	0	0	6451	0	0	71	0
1693164591.092		8485	8485	0	0	0	6027	0	0	71	0
1693164591.128		9623	9623	0	0	0	6936	0	0	71	0
1693164591.161		9863	9863	0	0	0	6843	0	0	71	0
1693164591.196		8922	8922	0	0	0	6267	0	0	71	0
1693164591.230		9010	9010	0	0	0	6610	0	0	71	0
1693164591.265		8766	8766	0	0	0	6395	0	0	71	0
1693164591.300		8861	8861	0	0	0	6239	0	0	71	0
1693164591.334		10200	10200	0	0	0	7503	0	0	71	0
1693164591.370		9574	9574	0	0	0	6638	0	0	71	0
1693164591.404		9978	9978	0	0	0	6853	0	0	71	0
1693164591.438		9732	9732	0	0	0	6971	0	0	71	0
1693164591.472		9744	9744	0	0	0	6816	0	0	71	0
1693164591.508		12274	12274	0	0	0	9509	0	0	71	0
1693164591.541		12496	12496	0	0	0	9404	0	0	71	0
1693164591.576		10457	10457	0	0	0	6990	0	0	71	0
1693164591.610		10117	10117	0	0	0	7335	0	0	71	0
1693164591.644		9175	9175	0	0	0	6516	0	0	71	0
1693164591.679		9682	9682	0	0	0	6179	0	0	71	0
1693164591.713		12308	12308	0	0	0	9178	0	0	71	0
1693164591.747		10463	10463	0	0	0	7375	0	0	71	0
1693164591.782		8959	8959	0	0	0	6287	0	0	71	0
1693164591.816		8057	8057	0	0	0	5618	0	0	71	0
1693164591.852		9441	9441	0	0	0	6661	0	0	71	0
1693164591.885		8679	8679	0	0	0	5717	0	0	71	0
1693164591.920		9657	9657	0	0	0	6713	0	0	71	0
1693164591.954		9494	9494	0	0	0	6831	0	0	71	0
1693164591.988		10741	10741	0	0	0	7901	0	0	71	0
1693164592.021		11772	11772	0	0	0	8987	0	0	71	0
1693164592.057		7918	7918	0	0	0	5525	0	0	71	0
1693164592.091		9255	9255	0	0	0	6358	0	0	71	0
1693164592.124		11019	11019	0	0	0	8098	0	0	71	0
1693164592.159		10828	10828	0	0	0	8058	0	0	71	0
1693164592.193		8991	8991	0	0	0	6470	0	0	71	0
1693164592.227		9055	9055	0	0	0	6440	0	0	71	0
1693164592.260		7881	7881	0	0	0	5333	0	0	71	0
1693164592.295		9035	9035	0	0	0	6573	0	0	71	0
1693164592.330		8810	8810	0	0	0	6243	0	0	71	0
1693164592.364		8961	8961	0	0	0	6147	0	0	71	0
1693164592.397		11524	11524	0	0	0	7093	0	0	71	0
1693164592.431		10524	10524	0	0	0	6762	0	0	71	0
1693164592.466		8823	8823	0	0	0	6179	0	0	71	0
1693164592.500		8856	8856	0	0	0	6014	0	0	71	0
1693164592.533		12517	12517	0	0	0	9642	0	0	71	0
1693164592.567		10906	10906	0	0	0	8305	0	0	71	0
1693164592.601		8534	8534	0	0	0	6080	0	0	71	0
1693164592.635		9513	9513	0	0	0	6670	0	0	71	0
1693164592.668		9523	9523	0	0	0	6825	0	0	71	0
1693164592.703		8704	8704	0	0	0	6183	0	0	71	0
1693164592.736		8792	8792	0	0	0	6184	0	0	71	0
1693164592.770		9026	9026	0	0	0	6594	0	0	71	0
1693164592.804		8529	8529	0	0	0	6194	0	0	71	0
1693164592.837		7667	7667	0	0	0	5161	0	0	71	0
1693164592.871		9574	9574	0	0	0	6751	0	0	71	0
1693164592.905		9710	9710	0	0	0	6678	0	0	71	0
1693164592.939		13700	13700	0	0	0	7024	0	0	71	0
1693164592.973		11485	11485	0	0	0	8651	0	0	71	0
1693164593.006		11956	11956	0	0	0	9218	0	0	71	0
1693164593.041		12067	12067	0	0	0	9145	0	0	71	0
1693164593.075		7786	7786	0	0	0	5377	0	0	71	0
1693164593.107		11130	11130	0	0	0	8012	0	0	71	0
1693164593.142		9772	9772	0	0	0	7279	0	0	71	0
1693164593.176		10918	10918	0	0	0	7957	0	0	71	0
1693164593.208		9521	9521	0	0	0	6699	0	0	71	0
1693164593.242		9100	9100	0	0	0	6551	0	0	71	0
1693164593.276		8330	8330	0	0	0	5810	0	0	71	0
1693164593.309		8836	8836	0	0	0	6423	0	0	71	0
1693164593.344		8892	8892	0	0	0	6037	0	0	71	0
1693164593.377		10050	10050	0	0	0	7145	0	0	71	0
1693164593.410		10945	10945	0	0	0	7579	0	0	71	0
1693164593.444		9347	9347	0	0	0	6593	0	0	71	0
1693164593.478		11736	11736	0	0	0	8765	0	0	71	0
1693164593.510		10883	10883	0	0	0	7774	0	0	71	0
1693164593.545		7632	7632	0	0	0	4179	0	0	71	0
1693164593.577		5828	5828	0	0	0	2890	0	0	71	0
1693164593.611		5564	5564	0	0	0	2904	0	0	71	0
1693164593.644		5488	5488	0	0	0	2833	0	0	71	0
1693164593.678		5706	5706	0	0	0	2822	0	0	71	0
1693164593.712		6543	6543	0	0	0	3514	0	0	71	0
1693164593.744		7334	7334	0	0	0	4073	0	0	71	0
1693164593.779		6152	6152	0	0	0	3058	0	0	71	0
1693164593.812		6237	6237	0	0	0	3328	0	0	71	0
